ERROR - 2022-11-27 00:10:00 --> mysqli_sql_exception: Column 'image' cannot be null in C:\wamp64\www\ocake\system\Database\MySQLi\Connection.php:292
Stack trace:
#0 C:\wamp64\www\ocake\system\Database\MySQLi\Connection.php(292): mysqli->query('INSERT INTO `pr...', 0)
#1 C:\wamp64\www\ocake\system\Database\BaseConnection.php(666): CodeIgniter\Database\MySQLi\Connection->execute('INSERT INTO `pr...')
#2 C:\wamp64\www\ocake\system\Database\BaseConnection.php(593): CodeIgniter\Database\BaseConnection->simpleQuery('INSERT INTO `pr...')
#3 C:\wamp64\www\ocake\system\Database\BaseBuilder.php(1916): CodeIgniter\Database\BaseConnection->query('INSERT INTO `pr...', Array, false)
#4 C:\wamp64\www\ocake\system\Model.php(279): CodeIgniter\Database\BaseBuilder->insert()
#5 C:\wamp64\www\ocake\system\BaseModel.php(749): CodeIgniter\Model->doInsert(Array)
#6 C:\wamp64\www\ocake\system\Model.php(667): CodeIgniter\BaseModel->insert(Array, true)
#7 C:\wamp64\www\ocake\app\Controllers\Product.php(52): CodeIgniter\Model->insert(Array)
#8 C:\wamp64\www\ocake\system\CodeIgniter.php(927): App\Controllers\Product->add_product()
#9 C:\wamp64\www\ocake\system\CodeIgniter.php(482): CodeIgniter\CodeIgniter->runController(Object(App\Controllers\Product))
#10 C:\wamp64\www\ocake\system\CodeIgniter.php(351): CodeIgniter\CodeIgniter->handleRequest(NULL, Object(Config\Cache), false)
#11 C:\wamp64\www\ocake\public\index.php(67): CodeIgniter\CodeIgniter->run()
#12 C:\wamp64\www\ocake\system\Commands\Server\rewrite.php(46): require_once('C:\\wamp64\\www\\o...')
#13 {main}
ERROR - 2022-11-27 00:13:13 --> mysqli_sql_exception: Operand should contain 1 column(s) in C:\wamp64\www\ocake\system\Database\MySQLi\Connection.php:292
Stack trace:
#0 C:\wamp64\www\ocake\system\Database\MySQLi\Connection.php(292): mysqli->query('INSERT INTO `pr...', 0)
#1 C:\wamp64\www\ocake\system\Database\BaseConnection.php(666): CodeIgniter\Database\MySQLi\Connection->execute('INSERT INTO `pr...')
#2 C:\wamp64\www\ocake\system\Database\BaseConnection.php(593): CodeIgniter\Database\BaseConnection->simpleQuery('INSERT INTO `pr...')
#3 C:\wamp64\www\ocake\system\Database\BaseBuilder.php(1916): CodeIgniter\Database\BaseConnection->query('INSERT INTO `pr...', Array, false)
#4 C:\wamp64\www\ocake\system\Model.php(279): CodeIgniter\Database\BaseBuilder->insert()
#5 C:\wamp64\www\ocake\system\BaseModel.php(749): CodeIgniter\Model->doInsert(Array)
#6 C:\wamp64\www\ocake\system\Model.php(667): CodeIgniter\BaseModel->insert(Array, true)
#7 C:\wamp64\www\ocake\app\Controllers\Product.php(60): CodeIgniter\Model->insert(Array)
#8 C:\wamp64\www\ocake\system\CodeIgniter.php(927): App\Controllers\Product->add_product()
#9 C:\wamp64\www\ocake\system\CodeIgniter.php(482): CodeIgniter\CodeIgniter->runController(Object(App\Controllers\Product))
#10 C:\wamp64\www\ocake\system\CodeIgniter.php(351): CodeIgniter\CodeIgniter->handleRequest(NULL, Object(Config\Cache), false)
#11 C:\wamp64\www\ocake\public\index.php(67): CodeIgniter\CodeIgniter->run()
#12 C:\wamp64\www\ocake\system\Commands\Server\rewrite.php(46): require_once('C:\\wamp64\\www\\o...')
#13 {main}
CRITICAL - 2022-11-27 00:15:10 --> syntax error, unexpected 'public' (T_PUBLIC), expecting end of file
in APPPATH\Controllers\Product.php on line 170.
 1 SYSTEMPATH\Autoloader\Autoloader.php(259): CodeIgniter\Autoloader\Autoloader->includeFile('APPPATH\\Controllers\\Product.php')
 2 SYSTEMPATH\Autoloader\Autoloader.php(237): CodeIgniter\Autoloader\Autoloader->loadInNamespace('App\\Controllers\\Product')
 3 [internal function]: CodeIgniter\Autoloader\Autoloader->loadClass('App\\Controllers\\Product')
 4 [internal function]: spl_autoload_call('App\\Controllers\\Product')
 5 SYSTEMPATH\CodeIgniter.php(877): class_exists('\\App\\Controllers\\Product', true)
 6 SYSTEMPATH\CodeIgniter.php(469): CodeIgniter\CodeIgniter->startController()
 7 SYSTEMPATH\CodeIgniter.php(351): CodeIgniter\CodeIgniter->handleRequest(null, Object(Config\Cache), false)
 8 FCPATH\index.php(67): CodeIgniter\CodeIgniter->run()
 9 SYSTEMPATH\Commands\Server\rewrite.php(46): require_once('FCPATH\\index.php')
CRITICAL - 2022-11-27 00:16:44 --> Array to string conversion
in APPPATH\Controllers\Product.php on line 38.
 1 APPPATH\Controllers\Product.php(38): CodeIgniter\Debug\Exceptions->errorHandler(8, 'Array to string conversion', 'APPPATH\\Controllers\\Product.php', 38, [...])
 2 SYSTEMPATH\CodeIgniter.php(927): App\Controllers\Product->add_product()
 3 SYSTEMPATH\CodeIgniter.php(482): CodeIgniter\CodeIgniter->runController(Object(App\Controllers\Product))
 4 SYSTEMPATH\CodeIgniter.php(351): CodeIgniter\CodeIgniter->handleRequest(null, Object(Config\Cache), false)
 5 FCPATH\index.php(67): CodeIgniter\CodeIgniter->run()
 6 SYSTEMPATH\Commands\Server\rewrite.php(46): require_once('FCPATH\\index.php')
CRITICAL - 2022-11-27 00:17:09 --> Array to string conversion
in APPPATH\Controllers\Product.php on line 38.
 1 APPPATH\Controllers\Product.php(38): CodeIgniter\Debug\Exceptions->errorHandler(8, 'Array to string conversion', 'APPPATH\\Controllers\\Product.php', 38, [...])
 2 SYSTEMPATH\CodeIgniter.php(927): App\Controllers\Product->add_product()
 3 SYSTEMPATH\CodeIgniter.php(482): CodeIgniter\CodeIgniter->runController(Object(App\Controllers\Product))
 4 SYSTEMPATH\CodeIgniter.php(351): CodeIgniter\CodeIgniter->handleRequest(null, Object(Config\Cache), false)
 5 FCPATH\index.php(67): CodeIgniter\CodeIgniter->run()
 6 SYSTEMPATH\Commands\Server\rewrite.php(46): require_once('FCPATH\\index.php')
CRITICAL - 2022-11-27 00:18:45 --> Cannot use [] for reading
in APPPATH\Controllers\Product.php on line 38.
 1 [internal function]: CodeIgniter\Debug\Exceptions->shutdownHandler()
CRITICAL - 2022-11-27 00:52:48 --> The route for "/admin/product" cannot be found.
in SYSTEMPATH\HTTP\RedirectResponse.php on line 60.
 1 SYSTEMPATH\HTTP\RedirectResponse.php(60): CodeIgniter\HTTP\Exceptions\HTTPException::forInvalidRedirectRoute('/admin/product')
 2 SYSTEMPATH\Common.php(860): CodeIgniter\HTTP\RedirectResponse->route(false)
 3 APPPATH\Controllers\Product.php(46): redirect('/admin/product')
 4 SYSTEMPATH\CodeIgniter.php(927): App\Controllers\Product->add_product()
 5 SYSTEMPATH\CodeIgniter.php(482): CodeIgniter\CodeIgniter->runController(Object(App\Controllers\Product))
 6 SYSTEMPATH\CodeIgniter.php(351): CodeIgniter\CodeIgniter->handleRequest(null, Object(Config\Cache), false)
 7 FCPATH\index.php(67): CodeIgniter\CodeIgniter->run()
 8 SYSTEMPATH\Commands\Server\rewrite.php(46): require_once('FCPATH\\index.php')
CRITICAL - 2022-11-27 00:54:56 --> The route for "/admin/product" cannot be found.
in SYSTEMPATH\HTTP\RedirectResponse.php on line 60.
 1 SYSTEMPATH\HTTP\RedirectResponse.php(60): CodeIgniter\HTTP\Exceptions\HTTPException::forInvalidRedirectRoute('/admin/product')
 2 SYSTEMPATH\Common.php(860): CodeIgniter\HTTP\RedirectResponse->route(false)
 3 APPPATH\Controllers\Product.php(46): redirect('/admin/product')
 4 SYSTEMPATH\CodeIgniter.php(927): App\Controllers\Product->add_product()
 5 SYSTEMPATH\CodeIgniter.php(482): CodeIgniter\CodeIgniter->runController(Object(App\Controllers\Product))
 6 SYSTEMPATH\CodeIgniter.php(351): CodeIgniter\CodeIgniter->handleRequest(null, Object(Config\Cache), false)
 7 FCPATH\index.php(67): CodeIgniter\CodeIgniter->run()
 8 SYSTEMPATH\Commands\Server\rewrite.php(46): require_once('FCPATH\\index.php')
CRITICAL - 2022-11-27 00:55:21 --> The route for "/product" cannot be found.
in SYSTEMPATH\HTTP\RedirectResponse.php on line 60.
 1 SYSTEMPATH\HTTP\RedirectResponse.php(60): CodeIgniter\HTTP\Exceptions\HTTPException::forInvalidRedirectRoute('/product')
 2 SYSTEMPATH\Common.php(860): CodeIgniter\HTTP\RedirectResponse->route(false)
 3 APPPATH\Controllers\Product.php(46): redirect('/product')
 4 SYSTEMPATH\CodeIgniter.php(927): App\Controllers\Product->add_product()
 5 SYSTEMPATH\CodeIgniter.php(482): CodeIgniter\CodeIgniter->runController(Object(App\Controllers\Product))
 6 SYSTEMPATH\CodeIgniter.php(351): CodeIgniter\CodeIgniter->handleRequest(null, Object(Config\Cache), false)
 7 FCPATH\index.php(67): CodeIgniter\CodeIgniter->run()
 8 SYSTEMPATH\Commands\Server\rewrite.php(46): require_once('FCPATH\\index.php')
CRITICAL - 2022-11-27 00:55:44 --> The route for "index" cannot be found.
in SYSTEMPATH\HTTP\RedirectResponse.php on line 60.
 1 SYSTEMPATH\HTTP\RedirectResponse.php(60): CodeIgniter\HTTP\Exceptions\HTTPException::forInvalidRedirectRoute('index')
 2 SYSTEMPATH\Common.php(860): CodeIgniter\HTTP\RedirectResponse->route(false)
 3 APPPATH\Controllers\Product.php(46): redirect('index')
 4 SYSTEMPATH\CodeIgniter.php(927): App\Controllers\Product->add_product()
 5 SYSTEMPATH\CodeIgniter.php(482): CodeIgniter\CodeIgniter->runController(Object(App\Controllers\Product))
 6 SYSTEMPATH\CodeIgniter.php(351): CodeIgniter\CodeIgniter->handleRequest(null, Object(Config\Cache), false)
 7 FCPATH\index.php(67): CodeIgniter\CodeIgniter->run()
 8 SYSTEMPATH\Commands\Server\rewrite.php(46): require_once('FCPATH\\index.php')
CRITICAL - 2022-11-27 01:43:58 --> Invalid file: admin/cat-view.php
in SYSTEMPATH\Exceptions\FrameworkException.php on line 33.
 1 SYSTEMPATH\View\View.php(201): CodeIgniter\Exceptions\FrameworkException::forInvalidFile('admin/cat-view.php')
 2 SYSTEMPATH\Common.php(1134): CodeIgniter\View\View->render('admin/cat-view', [], true)
 3 APPPATH\Controllers\Admin.php(31): view('admin/cat-view')
 4 SYSTEMPATH\CodeIgniter.php(927): App\Controllers\Admin->category()
 5 SYSTEMPATH\CodeIgniter.php(482): CodeIgniter\CodeIgniter->runController(Object(App\Controllers\Admin))
 6 SYSTEMPATH\CodeIgniter.php(351): CodeIgniter\CodeIgniter->handleRequest(null, Object(Config\Cache), false)
 7 FCPATH\index.php(67): CodeIgniter\CodeIgniter->run()
 8 SYSTEMPATH\Commands\Server\rewrite.php(46): require_once('FCPATH\\index.php')
CRITICAL - 2022-11-27 01:46:03 --> Invalid file: admin/category.php
in SYSTEMPATH\Exceptions\FrameworkException.php on line 33.
 1 SYSTEMPATH\View\View.php(201): CodeIgniter\Exceptions\FrameworkException::forInvalidFile('admin/category.php')
 2 SYSTEMPATH\Common.php(1134): CodeIgniter\View\View->render('admin/category', [], true)
 3 APPPATH\Controllers\Admin.php(31): view('admin/category')
 4 SYSTEMPATH\CodeIgniter.php(927): App\Controllers\Admin->category()
 5 SYSTEMPATH\CodeIgniter.php(482): CodeIgniter\CodeIgniter->runController(Object(App\Controllers\Admin))
 6 SYSTEMPATH\CodeIgniter.php(351): CodeIgniter\CodeIgniter->handleRequest(null, Object(Config\Cache), false)
 7 FCPATH\index.php(67): CodeIgniter\CodeIgniter->run()
 8 SYSTEMPATH\Commands\Server\rewrite.php(46): require_once('FCPATH\\index.php')
CRITICAL - 2022-11-27 02:04:42 --> Undefined variable: product
in APPPATH\Views\category.php on line 76.
 1 APPPATH\Views\category.php(76): CodeIgniter\Debug\Exceptions->errorHandler(8, 'Undefined variable: product', 'APPPATH\\Views\\category.php', 76, [])
 2 SYSTEMPATH\View\View.php(213): include('APPPATH\\Views\\category.php')
 3 SYSTEMPATH\View\View.php(216): CodeIgniter\View\View->CodeIgniter\View\{closure}()
 4 SYSTEMPATH\Common.php(1134): CodeIgniter\View\View->render('category', [], true)
 5 APPPATH\Controllers\Admin.php(31): view('category')
 6 SYSTEMPATH\CodeIgniter.php(927): App\Controllers\Admin->category()
 7 SYSTEMPATH\CodeIgniter.php(482): CodeIgniter\CodeIgniter->runController(Object(App\Controllers\Admin))
 8 SYSTEMPATH\CodeIgniter.php(351): CodeIgniter\CodeIgniter->handleRequest(null, Object(Config\Cache), false)
 9 FCPATH\index.php(67): CodeIgniter\CodeIgniter->run()
10 SYSTEMPATH\Commands\Server\rewrite.php(46): require_once('FCPATH\\index.php')
CRITICAL - 2022-11-27 02:11:20 --> Undefined variable: product
in APPPATH\Views\category.php on line 76.
 1 APPPATH\Views\category.php(76): CodeIgniter\Debug\Exceptions->errorHandler(8, 'Undefined variable: product', 'APPPATH\\Views\\category.php', 76, [])
 2 SYSTEMPATH\View\View.php(213): include('APPPATH\\Views\\category.php')
 3 SYSTEMPATH\View\View.php(216): CodeIgniter\View\View->CodeIgniter\View\{closure}()
 4 SYSTEMPATH\Common.php(1134): CodeIgniter\View\View->render('category', [], true)
 5 APPPATH\Controllers\Admin.php(31): view('category')
 6 SYSTEMPATH\CodeIgniter.php(927): App\Controllers\Admin->category()
 7 SYSTEMPATH\CodeIgniter.php(482): CodeIgniter\CodeIgniter->runController(Object(App\Controllers\Admin))
 8 SYSTEMPATH\CodeIgniter.php(351): CodeIgniter\CodeIgniter->handleRequest(null, Object(Config\Cache), false)
 9 FCPATH\index.php(67): CodeIgniter\CodeIgniter->run()
10 SYSTEMPATH\Commands\Server\rewrite.php(46): require_once('FCPATH\\index.php')
CRITICAL - 2022-11-27 02:30:57 --> Undefined variable: product
in APPPATH\Views\category.php on line 86.
 1 APPPATH\Views\category.php(86): CodeIgniter\Debug\Exceptions->errorHandler(8, 'Undefined variable: product', 'APPPATH\\Views\\category.php', 86, [...])
 2 SYSTEMPATH\View\View.php(213): include('APPPATH\\Views\\category.php')
 3 SYSTEMPATH\View\View.php(216): CodeIgniter\View\View->CodeIgniter\View\{closure}()
 4 SYSTEMPATH\Common.php(1134): CodeIgniter\View\View->render('category', [], true)
 5 APPPATH\Controllers\Admin.php(31): view('category')
 6 SYSTEMPATH\CodeIgniter.php(927): App\Controllers\Admin->category()
 7 SYSTEMPATH\CodeIgniter.php(482): CodeIgniter\CodeIgniter->runController(Object(App\Controllers\Admin))
 8 SYSTEMPATH\CodeIgniter.php(351): CodeIgniter\CodeIgniter->handleRequest(null, Object(Config\Cache), false)
 9 FCPATH\index.php(67): CodeIgniter\CodeIgniter->run()
10 SYSTEMPATH\Commands\Server\rewrite.php(46): require_once('FCPATH\\index.php')
CRITICAL - 2022-11-27 02:35:33 --> Undefined variable: table
in APPPATH\Views\category.php on line 76.
 1 APPPATH\Views\category.php(76): CodeIgniter\Debug\Exceptions->errorHandler(8, 'Undefined variable: table', 'APPPATH\\Views\\category.php', 76, [])
 2 SYSTEMPATH\View\View.php(213): include('APPPATH\\Views\\category.php')
 3 SYSTEMPATH\View\View.php(216): CodeIgniter\View\View->CodeIgniter\View\{closure}()
 4 SYSTEMPATH\Common.php(1134): CodeIgniter\View\View->render('category', [], true)
 5 APPPATH\Controllers\Admin.php(31): view('category')
 6 SYSTEMPATH\CodeIgniter.php(927): App\Controllers\Admin->category()
 7 SYSTEMPATH\CodeIgniter.php(482): CodeIgniter\CodeIgniter->runController(Object(App\Controllers\Admin))
 8 SYSTEMPATH\CodeIgniter.php(351): CodeIgniter\CodeIgniter->handleRequest(null, Object(Config\Cache), false)
 9 FCPATH\index.php(67): CodeIgniter\CodeIgniter->run()
10 SYSTEMPATH\Commands\Server\rewrite.php(46): require_once('FCPATH\\index.php')
CRITICAL - 2022-11-27 02:36:10 --> Undefined variable: id
in APPPATH\Views\category.php on line 76.
 1 APPPATH\Views\category.php(76): CodeIgniter\Debug\Exceptions->errorHandler(8, 'Undefined variable: id', 'APPPATH\\Views\\category.php', 76, [])
 2 SYSTEMPATH\View\View.php(213): include('APPPATH\\Views\\category.php')
 3 SYSTEMPATH\View\View.php(216): CodeIgniter\View\View->CodeIgniter\View\{closure}()
 4 SYSTEMPATH\Common.php(1134): CodeIgniter\View\View->render('category', [], true)
 5 APPPATH\Controllers\Admin.php(31): view('category')
 6 SYSTEMPATH\CodeIgniter.php(927): App\Controllers\Admin->category()
 7 SYSTEMPATH\CodeIgniter.php(482): CodeIgniter\CodeIgniter->runController(Object(App\Controllers\Admin))
 8 SYSTEMPATH\CodeIgniter.php(351): CodeIgniter\CodeIgniter->handleRequest(null, Object(Config\Cache), false)
 9 FCPATH\index.php(67): CodeIgniter\CodeIgniter->run()
10 SYSTEMPATH\Commands\Server\rewrite.php(46): require_once('FCPATH\\index.php')
CRITICAL - 2022-11-27 02:36:48 --> Undefined variable: product
in APPPATH\Views\category.php on line 76.
 1 APPPATH\Views\category.php(76): CodeIgniter\Debug\Exceptions->errorHandler(8, 'Undefined variable: product', 'APPPATH\\Views\\category.php', 76, [])
 2 SYSTEMPATH\View\View.php(213): include('APPPATH\\Views\\category.php')
 3 SYSTEMPATH\View\View.php(216): CodeIgniter\View\View->CodeIgniter\View\{closure}()
 4 SYSTEMPATH\Common.php(1134): CodeIgniter\View\View->render('category', [], true)
 5 APPPATH\Controllers\Admin.php(31): view('category')
 6 SYSTEMPATH\CodeIgniter.php(927): App\Controllers\Admin->category()
 7 SYSTEMPATH\CodeIgniter.php(482): CodeIgniter\CodeIgniter->runController(Object(App\Controllers\Admin))
 8 SYSTEMPATH\CodeIgniter.php(351): CodeIgniter\CodeIgniter->handleRequest(null, Object(Config\Cache), false)
 9 FCPATH\index.php(67): CodeIgniter\CodeIgniter->run()
10 SYSTEMPATH\Commands\Server\rewrite.php(46): require_once('FCPATH\\index.php')
CRITICAL - 2022-11-27 02:39:27 --> Undefined variable: product
in APPPATH\Views\category.php on line 76.
 1 APPPATH\Views\category.php(76): CodeIgniter\Debug\Exceptions->errorHandler(8, 'Undefined variable: product', 'APPPATH\\Views\\category.php', 76, [])
 2 SYSTEMPATH\View\View.php(213): include('APPPATH\\Views\\category.php')
 3 SYSTEMPATH\View\View.php(216): CodeIgniter\View\View->CodeIgniter\View\{closure}()
 4 SYSTEMPATH\Common.php(1134): CodeIgniter\View\View->render('category', [], true)
 5 APPPATH\Controllers\Admin.php(31): view('category')
 6 SYSTEMPATH\CodeIgniter.php(927): App\Controllers\Admin->category()
 7 SYSTEMPATH\CodeIgniter.php(482): CodeIgniter\CodeIgniter->runController(Object(App\Controllers\Admin))
 8 SYSTEMPATH\CodeIgniter.php(351): CodeIgniter\CodeIgniter->handleRequest(null, Object(Config\Cache), false)
 9 FCPATH\index.php(67): CodeIgniter\CodeIgniter->run()
10 SYSTEMPATH\Commands\Server\rewrite.php(46): require_once('FCPATH\\index.php')
CRITICAL - 2022-11-27 03:18:41 --> Undefined variable: id
in APPPATH\Models\Product_model.php on line 17.
 1 APPPATH\Models\Product_model.php(17): CodeIgniter\Debug\Exceptions->errorHandler(8, 'Undefined variable: id', 'APPPATH\\Models\\Product_model.php', 17, [])
 2 APPPATH\Controllers\Product.php(54): App\Models\Product_model->getBDay()
 3 SYSTEMPATH\CodeIgniter.php(927): App\Controllers\Product->getBDay()
 4 SYSTEMPATH\CodeIgniter.php(482): CodeIgniter\CodeIgniter->runController(Object(App\Controllers\Product))
 5 SYSTEMPATH\CodeIgniter.php(351): CodeIgniter\CodeIgniter->handleRequest(null, Object(Config\Cache), false)
 6 FCPATH\index.php(67): CodeIgniter\CodeIgniter->run()
 7 SYSTEMPATH\Commands\Server\rewrite.php(46): require_once('FCPATH\\index.php')
ERROR - 2022-11-27 03:19:00 --> mysqli_sql_exception: Unknown column 'occassion' in 'where clause' in C:\wamp64\www\ocake\system\Database\MySQLi\Connection.php:292
Stack trace:
#0 C:\wamp64\www\ocake\system\Database\MySQLi\Connection.php(292): mysqli->query('SELECT *\nFROM `...', 0)
#1 C:\wamp64\www\ocake\system\Database\BaseConnection.php(666): CodeIgniter\Database\MySQLi\Connection->execute('SELECT *\nFROM `...')
#2 C:\wamp64\www\ocake\system\Database\BaseConnection.php(593): CodeIgniter\Database\BaseConnection->simpleQuery('SELECT *\nFROM `...')
#3 C:\wamp64\www\ocake\system\Database\BaseBuilder.php(1718): CodeIgniter\Database\BaseConnection->query('SELECT *\nFROM `...', Array, false)
#4 C:\wamp64\www\ocake\system\Model.php(772): CodeIgniter\Database\BaseBuilder->getWhere(Array)
#5 C:\wamp64\www\ocake\app\Models\Product_model.php(17): CodeIgniter\Model->__call('getWhere', Array)
#6 C:\wamp64\www\ocake\app\Controllers\Product.php(54): App\Models\Product_model->getBDay()
#7 C:\wamp64\www\ocake\system\CodeIgniter.php(927): App\Controllers\Product->getBDay()
#8 C:\wamp64\www\ocake\system\CodeIgniter.php(482): CodeIgniter\CodeIgniter->runController(Object(App\Controllers\Product))
#9 C:\wamp64\www\ocake\system\CodeIgniter.php(351): CodeIgniter\CodeIgniter->handleRequest(NULL, Object(Config\Cache), false)
#10 C:\wamp64\www\ocake\public\index.php(67): CodeIgniter\CodeIgniter->run()
#11 C:\wamp64\www\ocake\system\Commands\Server\rewrite.php(46): require_once('C:\\wamp64\\www\\o...')
#12 {main}
CRITICAL - 2022-11-27 03:19:00 --> Invalid argument supplied for foreach()
in APPPATH\Views\category.php on line 80.
 1 APPPATH\Views\category.php(80): CodeIgniter\Debug\Exceptions->errorHandler(2, 'Invalid argument supplied for foreach()', 'APPPATH\\Views\\category.php', 80, [...])
 2 SYSTEMPATH\View\View.php(213): include('APPPATH\\Views\\category.php')
 3 SYSTEMPATH\View\View.php(216): CodeIgniter\View\View->CodeIgniter\View\{closure}()
 4 SYSTEMPATH\Common.php(1134): CodeIgniter\View\View->render('category', [], true)
 5 APPPATH\Controllers\Product.php(56): view('category', [...])
 6 SYSTEMPATH\CodeIgniter.php(927): App\Controllers\Product->getBDay()
 7 SYSTEMPATH\CodeIgniter.php(482): CodeIgniter\CodeIgniter->runController(Object(App\Controllers\Product))
 8 SYSTEMPATH\CodeIgniter.php(351): CodeIgniter\CodeIgniter->handleRequest(null, Object(Config\Cache), false)
 9 FCPATH\index.php(67): CodeIgniter\CodeIgniter->run()
10 SYSTEMPATH\Commands\Server\rewrite.php(46): require_once('FCPATH\\index.php')
ERROR - 2022-11-27 03:19:55 --> mysqli_sql_exception: Unknown column 'occassion' in 'where clause' in C:\wamp64\www\ocake\system\Database\MySQLi\Connection.php:292
Stack trace:
#0 C:\wamp64\www\ocake\system\Database\MySQLi\Connection.php(292): mysqli->query('SELECT *\nFROM `...', 0)
#1 C:\wamp64\www\ocake\system\Database\BaseConnection.php(666): CodeIgniter\Database\MySQLi\Connection->execute('SELECT *\nFROM `...')
#2 C:\wamp64\www\ocake\system\Database\BaseConnection.php(593): CodeIgniter\Database\BaseConnection->simpleQuery('SELECT *\nFROM `...')
#3 C:\wamp64\www\ocake\system\Database\BaseBuilder.php(1718): CodeIgniter\Database\BaseConnection->query('SELECT *\nFROM `...', Array, false)
#4 C:\wamp64\www\ocake\system\Model.php(772): CodeIgniter\Database\BaseBuilder->getWhere(Array)
#5 C:\wamp64\www\ocake\app\Models\Product_model.php(17): CodeIgniter\Model->__call('getWhere', Array)
#6 C:\wamp64\www\ocake\app\Controllers\Product.php(54): App\Models\Product_model->getBDay()
#7 C:\wamp64\www\ocake\system\CodeIgniter.php(927): App\Controllers\Product->getBDay()
#8 C:\wamp64\www\ocake\system\CodeIgniter.php(482): CodeIgniter\CodeIgniter->runController(Object(App\Controllers\Product))
#9 C:\wamp64\www\ocake\system\CodeIgniter.php(351): CodeIgniter\CodeIgniter->handleRequest(NULL, Object(Config\Cache), false)
#10 C:\wamp64\www\ocake\public\index.php(67): CodeIgniter\CodeIgniter->run()
#11 C:\wamp64\www\ocake\system\Commands\Server\rewrite.php(46): require_once('C:\\wamp64\\www\\o...')
#12 {main}
ERROR - 2022-11-27 03:20:23 --> mysqli_sql_exception: Unknown column 'occassion' in 'where clause' in C:\wamp64\www\ocake\system\Database\MySQLi\Connection.php:292
Stack trace:
#0 C:\wamp64\www\ocake\system\Database\MySQLi\Connection.php(292): mysqli->query('SELECT *\nFROM `...', 0)
#1 C:\wamp64\www\ocake\system\Database\BaseConnection.php(666): CodeIgniter\Database\MySQLi\Connection->execute('SELECT *\nFROM `...')
#2 C:\wamp64\www\ocake\system\Database\BaseConnection.php(593): CodeIgniter\Database\BaseConnection->simpleQuery('SELECT *\nFROM `...')
#3 C:\wamp64\www\ocake\system\Database\BaseBuilder.php(1718): CodeIgniter\Database\BaseConnection->query('SELECT *\nFROM `...', Array, false)
#4 C:\wamp64\www\ocake\system\Model.php(772): CodeIgniter\Database\BaseBuilder->getWhere(Array)
#5 C:\wamp64\www\ocake\app\Models\Product_model.php(17): CodeIgniter\Model->__call('getWhere', Array)
#6 C:\wamp64\www\ocake\app\Controllers\Product.php(54): App\Models\Product_model->getBDay()
#7 C:\wamp64\www\ocake\system\CodeIgniter.php(927): App\Controllers\Product->getBDay()
#8 C:\wamp64\www\ocake\system\CodeIgniter.php(482): CodeIgniter\CodeIgniter->runController(Object(App\Controllers\Product))
#9 C:\wamp64\www\ocake\system\CodeIgniter.php(351): CodeIgniter\CodeIgniter->handleRequest(NULL, Object(Config\Cache), false)
#10 C:\wamp64\www\ocake\public\index.php(67): CodeIgniter\CodeIgniter->run()
#11 C:\wamp64\www\ocake\system\Commands\Server\rewrite.php(46): require_once('C:\\wamp64\\www\\o...')
#12 {main}
CRITICAL - 2022-11-27 03:21:50 --> Cannot use object of type mysqli as array
in APPPATH\Views\category.php on line 82.
 1 SYSTEMPATH\View\View.php(213): include()
 2 SYSTEMPATH\View\View.php(216): CodeIgniter\View\View->CodeIgniter\View\{closure}()
 3 SYSTEMPATH\Common.php(1134): CodeIgniter\View\View->render('category', [], true)
 4 APPPATH\Controllers\Product.php(56): view('category', [...])
 5 SYSTEMPATH\CodeIgniter.php(927): App\Controllers\Product->getBDay()
 6 SYSTEMPATH\CodeIgniter.php(482): CodeIgniter\CodeIgniter->runController(Object(App\Controllers\Product))
 7 SYSTEMPATH\CodeIgniter.php(351): CodeIgniter\CodeIgniter->handleRequest(null, Object(Config\Cache), false)
 8 FCPATH\index.php(67): CodeIgniter\CodeIgniter->run()
 9 SYSTEMPATH\Commands\Server\rewrite.php(46): require_once('FCPATH\\index.php')
CRITICAL - 2022-11-27 03:22:51 --> Cannot use object of type mysqli as array
in APPPATH\Views\category.php on line 83.
 1 SYSTEMPATH\View\View.php(213): include()
 2 SYSTEMPATH\View\View.php(216): CodeIgniter\View\View->CodeIgniter\View\{closure}()
 3 SYSTEMPATH\Common.php(1134): CodeIgniter\View\View->render('category', [], true)
 4 APPPATH\Controllers\Product.php(56): view('category', [...])
 5 SYSTEMPATH\CodeIgniter.php(927): App\Controllers\Product->getBDay()
 6 SYSTEMPATH\CodeIgniter.php(482): CodeIgniter\CodeIgniter->runController(Object(App\Controllers\Product))
 7 SYSTEMPATH\CodeIgniter.php(351): CodeIgniter\CodeIgniter->handleRequest(null, Object(Config\Cache), false)
 8 FCPATH\index.php(67): CodeIgniter\CodeIgniter->run()
 9 SYSTEMPATH\Commands\Server\rewrite.php(46): require_once('FCPATH\\index.php')
CRITICAL - 2022-11-27 03:23:22 --> Cannot use object of type mysqli as array
in APPPATH\Views\category.php on line 83.
 1 SYSTEMPATH\View\View.php(213): include()
 2 SYSTEMPATH\View\View.php(216): CodeIgniter\View\View->CodeIgniter\View\{closure}()
 3 SYSTEMPATH\Common.php(1134): CodeIgniter\View\View->render('category', [], true)
 4 APPPATH\Controllers\Product.php(56): view('category', [...])
 5 SYSTEMPATH\CodeIgniter.php(927): App\Controllers\Product->getBDay()
 6 SYSTEMPATH\CodeIgniter.php(482): CodeIgniter\CodeIgniter->runController(Object(App\Controllers\Product))
 7 SYSTEMPATH\CodeIgniter.php(351): CodeIgniter\CodeIgniter->handleRequest(null, Object(Config\Cache), false)
 8 FCPATH\index.php(67): CodeIgniter\CodeIgniter->run()
 9 SYSTEMPATH\Commands\Server\rewrite.php(46): require_once('FCPATH\\index.php')
CRITICAL - 2022-11-27 03:36:04 --> Undefined variable: occasion
in APPPATH\Models\Product_model.php on line 22.
 1 APPPATH\Models\Product_model.php(22): CodeIgniter\Debug\Exceptions->errorHandler(8, 'Undefined variable: occasion', 'APPPATH\\Models\\Product_model.php', 22, [])
 2 APPPATH\Controllers\Product.php(54): App\Models\Product_model->getBDay()
 3 SYSTEMPATH\CodeIgniter.php(927): App\Controllers\Product->getBDay()
 4 SYSTEMPATH\CodeIgniter.php(482): CodeIgniter\CodeIgniter->runController(Object(App\Controllers\Product))
 5 SYSTEMPATH\CodeIgniter.php(351): CodeIgniter\CodeIgniter->handleRequest(null, Object(Config\Cache), false)
 6 FCPATH\index.php(67): CodeIgniter\CodeIgniter->run()
 7 SYSTEMPATH\Commands\Server\rewrite.php(46): require_once('FCPATH\\index.php')
CRITICAL - 2022-11-27 03:40:18 --> Argument 2 passed to view() must be of the type array, object given, called in C:\wamp64\www\ocake\app\Controllers\Product.php on line 56
in SYSTEMPATH\Common.php on line 1120.
 1 APPPATH\Controllers\Product.php(56): view('category', Object(CodeIgniter\Database\MySQLi\Result))
 2 SYSTEMPATH\CodeIgniter.php(927): App\Controllers\Product->getBDay()
 3 SYSTEMPATH\CodeIgniter.php(482): CodeIgniter\CodeIgniter->runController(Object(App\Controllers\Product))
 4 SYSTEMPATH\CodeIgniter.php(351): CodeIgniter\CodeIgniter->handleRequest(null, Object(Config\Cache), false)
 5 FCPATH\index.php(67): CodeIgniter\CodeIgniter->run()
 6 SYSTEMPATH\Commands\Server\rewrite.php(46): require_once('FCPATH\\index.php')
CRITICAL - 2022-11-27 03:41:33 --> Cannot use object of type mysqli as array
in APPPATH\Views\category.php on line 83.
 1 SYSTEMPATH\View\View.php(213): include()
 2 SYSTEMPATH\View\View.php(216): CodeIgniter\View\View->CodeIgniter\View\{closure}()
 3 SYSTEMPATH\Common.php(1134): CodeIgniter\View\View->render('category', [], true)
 4 APPPATH\Controllers\Product.php(56): view('category', [...])
 5 SYSTEMPATH\CodeIgniter.php(927): App\Controllers\Product->getBDay()
 6 SYSTEMPATH\CodeIgniter.php(482): CodeIgniter\CodeIgniter->runController(Object(App\Controllers\Product))
 7 SYSTEMPATH\CodeIgniter.php(351): CodeIgniter\CodeIgniter->handleRequest(null, Object(Config\Cache), false)
 8 FCPATH\index.php(67): CodeIgniter\CodeIgniter->run()
 9 SYSTEMPATH\Commands\Server\rewrite.php(46): require_once('FCPATH\\index.php')
CRITICAL - 2022-11-27 03:42:00 --> Undefined property: mysqli::$occasion
in APPPATH\Views\category.php on line 83.
 1 APPPATH\Views\category.php(83): CodeIgniter\Debug\Exceptions->errorHandler(8, 'Undefined property: mysqli::$occasion', 'APPPATH\\Views\\category.php', 83, [...])
 2 SYSTEMPATH\View\View.php(213): include('APPPATH\\Views\\category.php')
 3 SYSTEMPATH\View\View.php(216): CodeIgniter\View\View->CodeIgniter\View\{closure}()
 4 SYSTEMPATH\Common.php(1134): CodeIgniter\View\View->render('category', [], true)
 5 APPPATH\Controllers\Product.php(56): view('category', [...])
 6 SYSTEMPATH\CodeIgniter.php(927): App\Controllers\Product->getBDay()
 7 SYSTEMPATH\CodeIgniter.php(482): CodeIgniter\CodeIgniter->runController(Object(App\Controllers\Product))
 8 SYSTEMPATH\CodeIgniter.php(351): CodeIgniter\CodeIgniter->handleRequest(null, Object(Config\Cache), false)
 9 FCPATH\index.php(67): CodeIgniter\CodeIgniter->run()
10 SYSTEMPATH\Commands\Server\rewrite.php(46): require_once('FCPATH\\index.php')
CRITICAL - 2022-11-27 03:44:40 --> Too few arguments to function App\Models\Product_model::getBDay(), 0 passed in C:\wamp64\www\ocake\app\Controllers\Product.php on line 54 and exactly 1 expected
in APPPATH\Models\Product_model.php on line 16.
 1 APPPATH\Controllers\Product.php(54): App\Models\Product_model->getBDay()
 2 SYSTEMPATH\CodeIgniter.php(927): App\Controllers\Product->getBDay()
 3 SYSTEMPATH\CodeIgniter.php(482): CodeIgniter\CodeIgniter->runController(Object(App\Controllers\Product))
 4 SYSTEMPATH\CodeIgniter.php(351): CodeIgniter\CodeIgniter->handleRequest(null, Object(Config\Cache), false)
 5 FCPATH\index.php(67): CodeIgniter\CodeIgniter->run()
 6 SYSTEMPATH\Commands\Server\rewrite.php(46): require_once('FCPATH\\index.php')
CRITICAL - 2022-11-27 03:45:05 --> Cannot use object of type mysqli as array
in APPPATH\Views\category.php on line 83.
 1 SYSTEMPATH\View\View.php(213): include()
 2 SYSTEMPATH\View\View.php(216): CodeIgniter\View\View->CodeIgniter\View\{closure}()
 3 SYSTEMPATH\Common.php(1134): CodeIgniter\View\View->render('category', [], true)
 4 APPPATH\Controllers\Product.php(57): view('category', [...])
 5 SYSTEMPATH\CodeIgniter.php(927): App\Controllers\Product->getBDay()
 6 SYSTEMPATH\CodeIgniter.php(482): CodeIgniter\CodeIgniter->runController(Object(App\Controllers\Product))
 7 SYSTEMPATH\CodeIgniter.php(351): CodeIgniter\CodeIgniter->handleRequest(null, Object(Config\Cache), false)
 8 FCPATH\index.php(67): CodeIgniter\CodeIgniter->run()
 9 SYSTEMPATH\Commands\Server\rewrite.php(46): require_once('FCPATH\\index.php')
CRITICAL - 2022-11-27 03:45:34 --> Cannot use object of type mysqli as array
in APPPATH\Views\category.php on line 83.
 1 SYSTEMPATH\View\View.php(213): include()
 2 SYSTEMPATH\View\View.php(216): CodeIgniter\View\View->CodeIgniter\View\{closure}()
 3 SYSTEMPATH\Common.php(1134): CodeIgniter\View\View->render('category', [], true)
 4 APPPATH\Controllers\Product.php(57): view('category', [...])
 5 SYSTEMPATH\CodeIgniter.php(927): App\Controllers\Product->getBDay()
 6 SYSTEMPATH\CodeIgniter.php(482): CodeIgniter\CodeIgniter->runController(Object(App\Controllers\Product))
 7 SYSTEMPATH\CodeIgniter.php(351): CodeIgniter\CodeIgniter->handleRequest(null, Object(Config\Cache), false)
 8 FCPATH\index.php(67): CodeIgniter\CodeIgniter->run()
 9 SYSTEMPATH\Commands\Server\rewrite.php(46): require_once('FCPATH\\index.php')
CRITICAL - 2022-11-27 03:47:54 --> Cannot use object of type mysqli as array
in APPPATH\Views\category.php on line 83.
 1 SYSTEMPATH\View\View.php(213): include()
 2 SYSTEMPATH\View\View.php(216): CodeIgniter\View\View->CodeIgniter\View\{closure}()
 3 SYSTEMPATH\Common.php(1134): CodeIgniter\View\View->render('category', [], true)
 4 APPPATH\Controllers\Product.php(57): view('category', [...])
 5 SYSTEMPATH\CodeIgniter.php(927): App\Controllers\Product->getBDay()
 6 SYSTEMPATH\CodeIgniter.php(482): CodeIgniter\CodeIgniter->runController(Object(App\Controllers\Product))
 7 SYSTEMPATH\CodeIgniter.php(351): CodeIgniter\CodeIgniter->handleRequest(null, Object(Config\Cache), false)
 8 FCPATH\index.php(67): CodeIgniter\CodeIgniter->run()
 9 SYSTEMPATH\Commands\Server\rewrite.php(46): require_once('FCPATH\\index.php')
CRITICAL - 2022-11-27 03:48:12 --> Cannot use object of type mysqli as array
in APPPATH\Views\category.php on line 83.
 1 SYSTEMPATH\View\View.php(213): include()
 2 SYSTEMPATH\View\View.php(216): CodeIgniter\View\View->CodeIgniter\View\{closure}()
 3 SYSTEMPATH\Common.php(1134): CodeIgniter\View\View->render('category', [], true)
 4 APPPATH\Controllers\Product.php(57): view('category', [...])
 5 SYSTEMPATH\CodeIgniter.php(927): App\Controllers\Product->getBDay()
 6 SYSTEMPATH\CodeIgniter.php(482): CodeIgniter\CodeIgniter->runController(Object(App\Controllers\Product))
 7 SYSTEMPATH\CodeIgniter.php(351): CodeIgniter\CodeIgniter->handleRequest(null, Object(Config\Cache), false)
 8 FCPATH\index.php(67): CodeIgniter\CodeIgniter->run()
 9 SYSTEMPATH\Commands\Server\rewrite.php(46): require_once('FCPATH\\index.php')
CRITICAL - 2022-11-27 03:52:25 --> Call to undefined method App\Models\Product_model::here
in SYSTEMPATH\Model.php on line 774.
 1 APPPATH\Models\Product_model.php(21): CodeIgniter\Model->__call('here', [...])
 2 APPPATH\Controllers\Product.php(55): App\Models\Product_model->getBDay('Birthday')
 3 SYSTEMPATH\CodeIgniter.php(927): App\Controllers\Product->getBDay()
 4 SYSTEMPATH\CodeIgniter.php(482): CodeIgniter\CodeIgniter->runController(Object(App\Controllers\Product))
 5 SYSTEMPATH\CodeIgniter.php(351): CodeIgniter\CodeIgniter->handleRequest(null, Object(Config\Cache), false)
 6 FCPATH\index.php(67): CodeIgniter\CodeIgniter->run()
 7 SYSTEMPATH\Commands\Server\rewrite.php(46): require_once('FCPATH\\index.php')
CRITICAL - 2022-11-27 03:55:23 --> Cannot use object of type stdClass as array
in APPPATH\Views\category.php on line 83.
 1 SYSTEMPATH\View\View.php(213): include()
 2 SYSTEMPATH\View\View.php(216): CodeIgniter\View\View->CodeIgniter\View\{closure}()
 3 SYSTEMPATH\Common.php(1134): CodeIgniter\View\View->render('category', [], true)
 4 APPPATH\Controllers\Product.php(57): view('category', [...])
 5 SYSTEMPATH\CodeIgniter.php(927): App\Controllers\Product->getBDay()
 6 SYSTEMPATH\CodeIgniter.php(482): CodeIgniter\CodeIgniter->runController(Object(App\Controllers\Product))
 7 SYSTEMPATH\CodeIgniter.php(351): CodeIgniter\CodeIgniter->handleRequest(null, Object(Config\Cache), false)
 8 FCPATH\index.php(67): CodeIgniter\CodeIgniter->run()
 9 SYSTEMPATH\Commands\Server\rewrite.php(46): require_once('FCPATH\\index.php')
CRITICAL - 2022-11-27 03:57:00 --> Cannot use object of type stdClass as array
in APPPATH\Views\category.php on line 83.
 1 SYSTEMPATH\View\View.php(213): include()
 2 SYSTEMPATH\View\View.php(216): CodeIgniter\View\View->CodeIgniter\View\{closure}()
 3 SYSTEMPATH\Common.php(1134): CodeIgniter\View\View->render('category', [], true)
 4 APPPATH\Controllers\Product.php(57): view('category', [...])
 5 SYSTEMPATH\CodeIgniter.php(927): App\Controllers\Product->getBDay()
 6 SYSTEMPATH\CodeIgniter.php(482): CodeIgniter\CodeIgniter->runController(Object(App\Controllers\Product))
 7 SYSTEMPATH\CodeIgniter.php(351): CodeIgniter\CodeIgniter->handleRequest(null, Object(Config\Cache), false)
 8 FCPATH\index.php(67): CodeIgniter\CodeIgniter->run()
 9 SYSTEMPATH\Commands\Server\rewrite.php(46): require_once('FCPATH\\index.php')
CRITICAL - 2022-11-27 04:38:24 --> Undefined index: occasion
in APPPATH\Views\category.php on line 44.
 1 APPPATH\Views\category.php(44): CodeIgniter\Debug\Exceptions->errorHandler(8, 'Undefined index: occasion', 'APPPATH\\Views\\category.php', 44, [...])
 2 SYSTEMPATH\View\View.php(213): include('APPPATH\\Views\\category.php')
 3 SYSTEMPATH\View\View.php(216): CodeIgniter\View\View->CodeIgniter\View\{closure}()
 4 SYSTEMPATH\Common.php(1134): CodeIgniter\View\View->render('category', [], true)
 5 APPPATH\Controllers\Product.php(77): view('category', [...])
 6 SYSTEMPATH\CodeIgniter.php(927): App\Controllers\Product->getGrad()
 7 SYSTEMPATH\CodeIgniter.php(482): CodeIgniter\CodeIgniter->runController(Object(App\Controllers\Product))
 8 SYSTEMPATH\CodeIgniter.php(351): CodeIgniter\CodeIgniter->handleRequest(null, Object(Config\Cache), false)
 9 FCPATH\index.php(67): CodeIgniter\CodeIgniter->run()
10 SYSTEMPATH\Commands\Server\rewrite.php(46): require_once('FCPATH\\index.php')
CRITICAL - 2022-11-27 04:38:27 --> Undefined index: occasion
in APPPATH\Views\category.php on line 44.
 1 APPPATH\Views\category.php(44): CodeIgniter\Debug\Exceptions->errorHandler(8, 'Undefined index: occasion', 'APPPATH\\Views\\category.php', 44, [...])
 2 SYSTEMPATH\View\View.php(213): include('APPPATH\\Views\\category.php')
 3 SYSTEMPATH\View\View.php(216): CodeIgniter\View\View->CodeIgniter\View\{closure}()
 4 SYSTEMPATH\Common.php(1134): CodeIgniter\View\View->render('category', [], true)
 5 APPPATH\Controllers\Product.php(77): view('category', [...])
 6 SYSTEMPATH\CodeIgniter.php(927): App\Controllers\Product->getGrad()
 7 SYSTEMPATH\CodeIgniter.php(482): CodeIgniter\CodeIgniter->runController(Object(App\Controllers\Product))
 8 SYSTEMPATH\CodeIgniter.php(351): CodeIgniter\CodeIgniter->handleRequest(null, Object(Config\Cache), false)
 9 FCPATH\index.php(67): CodeIgniter\CodeIgniter->run()
10 SYSTEMPATH\Commands\Server\rewrite.php(46): require_once('FCPATH\\index.php')
CRITICAL - 2022-11-27 05:20:18 --> Undefined variable: occasion
in APPPATH\Views\category.php on line 45.
 1 APPPATH\Views\category.php(45): CodeIgniter\Debug\Exceptions->errorHandler(8, 'Undefined variable: occasion', 'APPPATH\\Views\\category.php', 45, [...])
 2 SYSTEMPATH\View\View.php(213): include('APPPATH\\Views\\category.php')
 3 SYSTEMPATH\View\View.php(216): CodeIgniter\View\View->CodeIgniter\View\{closure}()
 4 SYSTEMPATH\Common.php(1134): CodeIgniter\View\View->render('category', [], true)
 5 APPPATH\Controllers\Product.php(56): view('category', [...])
 6 SYSTEMPATH\CodeIgniter.php(927): App\Controllers\Product->getBDay()
 7 SYSTEMPATH\CodeIgniter.php(482): CodeIgniter\CodeIgniter->runController(Object(App\Controllers\Product))
 8 SYSTEMPATH\CodeIgniter.php(351): CodeIgniter\CodeIgniter->handleRequest(null, Object(Config\Cache), false)
 9 FCPATH\index.php(67): CodeIgniter\CodeIgniter->run()
10 SYSTEMPATH\Commands\Server\rewrite.php(46): require_once('FCPATH\\index.php')
CRITICAL - 2022-11-27 05:43:51 --> Undefined variable: datum
in APPPATH\Views\category.php on line 86.
 1 APPPATH\Views\category.php(86): CodeIgniter\Debug\Exceptions->errorHandler(8, 'Undefined variable: datum', 'APPPATH\\Views\\category.php', 86, [...])
 2 SYSTEMPATH\View\View.php(213): include('APPPATH\\Views\\category.php')
 3 SYSTEMPATH\View\View.php(216): CodeIgniter\View\View->CodeIgniter\View\{closure}()
 4 SYSTEMPATH\Common.php(1134): CodeIgniter\View\View->render('category', [], true)
 5 APPPATH\Controllers\Product.php(65): view('category', [...])
 6 SYSTEMPATH\CodeIgniter.php(927): App\Controllers\Product->getChristening()
 7 SYSTEMPATH\CodeIgniter.php(482): CodeIgniter\CodeIgniter->runController(Object(App\Controllers\Product))
 8 SYSTEMPATH\CodeIgniter.php(351): CodeIgniter\CodeIgniter->handleRequest(null, Object(Config\Cache), false)
 9 FCPATH\index.php(67): CodeIgniter\CodeIgniter->run()
10 SYSTEMPATH\Commands\Server\rewrite.php(46): require_once('FCPATH\\index.php')
CRITICAL - 2022-11-27 06:31:11 --> syntax error, unexpected '$data' (T_VARIABLE), expecting ')'
in APPPATH\Views\category.php on line 86.
 1 SYSTEMPATH\View\View.php(216): CodeIgniter\View\View->CodeIgniter\View\{closure}()
 2 SYSTEMPATH\Common.php(1134): CodeIgniter\View\View->render('category', [], true)
 3 APPPATH\Controllers\Product.php(65): view('category', [...])
 4 SYSTEMPATH\CodeIgniter.php(927): App\Controllers\Product->getChristening()
 5 SYSTEMPATH\CodeIgniter.php(482): CodeIgniter\CodeIgniter->runController(Object(App\Controllers\Product))
 6 SYSTEMPATH\CodeIgniter.php(351): CodeIgniter\CodeIgniter->handleRequest(null, Object(Config\Cache), false)
 7 FCPATH\index.php(67): CodeIgniter\CodeIgniter->run()
 8 SYSTEMPATH\Commands\Server\rewrite.php(46): require_once('FCPATH\\index.php')
CRITICAL - 2022-11-27 06:31:27 --> syntax error, unexpected '$data' (T_VARIABLE), expecting ')'
in APPPATH\Views\category.php on line 86.
 1 SYSTEMPATH\View\View.php(216): CodeIgniter\View\View->CodeIgniter\View\{closure}()
 2 SYSTEMPATH\Common.php(1134): CodeIgniter\View\View->render('category', [], true)
 3 APPPATH\Controllers\Product.php(81): view('category', [...])
 4 SYSTEMPATH\CodeIgniter.php(927): App\Controllers\Product->getGrad()
 5 SYSTEMPATH\CodeIgniter.php(482): CodeIgniter\CodeIgniter->runController(Object(App\Controllers\Product))
 6 SYSTEMPATH\CodeIgniter.php(351): CodeIgniter\CodeIgniter->handleRequest(null, Object(Config\Cache), false)
 7 FCPATH\index.php(67): CodeIgniter\CodeIgniter->run()
 8 SYSTEMPATH\Commands\Server\rewrite.php(46): require_once('FCPATH\\index.php')
CRITICAL - 2022-11-27 06:31:42 --> syntax error, unexpected '$data' (T_VARIABLE), expecting ')'
in APPPATH\Views\category.php on line 86.
 1 SYSTEMPATH\View\View.php(216): CodeIgniter\View\View->CodeIgniter\View\{closure}()
 2 SYSTEMPATH\Common.php(1134): CodeIgniter\View\View->render('category', [], true)
 3 APPPATH\Controllers\Product.php(81): view('category', [...])
 4 SYSTEMPATH\CodeIgniter.php(927): App\Controllers\Product->getGrad()
 5 SYSTEMPATH\CodeIgniter.php(482): CodeIgniter\CodeIgniter->runController(Object(App\Controllers\Product))
 6 SYSTEMPATH\CodeIgniter.php(351): CodeIgniter\CodeIgniter->handleRequest(null, Object(Config\Cache), false)
 7 FCPATH\index.php(67): CodeIgniter\CodeIgniter->run()
 8 SYSTEMPATH\Commands\Server\rewrite.php(46): require_once('FCPATH\\index.php')
CRITICAL - 2022-11-27 06:41:45 --> The route for "/admin/category/Graduation" cannot be found.
in SYSTEMPATH\HTTP\RedirectResponse.php on line 60.
 1 SYSTEMPATH\HTTP\RedirectResponse.php(60): CodeIgniter\HTTP\Exceptions\HTTPException::forInvalidRedirectRoute('/admin/category/Graduation')
 2 SYSTEMPATH\Common.php(860): CodeIgniter\HTTP\RedirectResponse->route(false)
 3 APPPATH\Controllers\Product.php(121): redirect('/admin/category/Graduation')
 4 SYSTEMPATH\CodeIgniter.php(927): App\Controllers\Product->prod_delete('Graduation', '9', 'ROOTPATH\\public')
 5 SYSTEMPATH\CodeIgniter.php(482): CodeIgniter\CodeIgniter->runController(Object(App\Controllers\Product))
 6 SYSTEMPATH\CodeIgniter.php(351): CodeIgniter\CodeIgniter->handleRequest(null, Object(Config\Cache), false)
 7 FCPATH\index.php(67): CodeIgniter\CodeIgniter->run()
 8 SYSTEMPATH\Commands\Server\rewrite.php(46): require_once('FCPATH\\index.php')
CRITICAL - 2022-11-27 06:42:50 --> The route for "/admin/category/Graduation" cannot be found.
in SYSTEMPATH\HTTP\RedirectResponse.php on line 60.
 1 SYSTEMPATH\HTTP\RedirectResponse.php(60): CodeIgniter\HTTP\Exceptions\HTTPException::forInvalidRedirectRoute('/admin/category/Graduation')
 2 SYSTEMPATH\Common.php(860): CodeIgniter\HTTP\RedirectResponse->route(false)
 3 APPPATH\Controllers\Product.php(121): redirect('/admin/category/Graduation')
 4 SYSTEMPATH\CodeIgniter.php(927): App\Controllers\Product->prod_delete('Graduation', '10', 'ROOTPATH\\public')
 5 SYSTEMPATH\CodeIgniter.php(482): CodeIgniter\CodeIgniter->runController(Object(App\Controllers\Product))
 6 SYSTEMPATH\CodeIgniter.php(351): CodeIgniter\CodeIgniter->handleRequest(null, Object(Config\Cache), false)
 7 FCPATH\index.php(67): CodeIgniter\CodeIgniter->run()
 8 SYSTEMPATH\Commands\Server\rewrite.php(46): require_once('FCPATH\\index.php')
CRITICAL - 2022-11-27 06:43:28 --> Invalid file: /admin/category/Graduation.php
in SYSTEMPATH\Exceptions\FrameworkException.php on line 33.
 1 SYSTEMPATH\View\View.php(201): CodeIgniter\Exceptions\FrameworkException::forInvalidFile('/admin/category/Graduation.php')
 2 SYSTEMPATH\Common.php(1134): CodeIgniter\View\View->render('/admin/category/Graduation', [], true)
 3 APPPATH\Controllers\Product.php(121): view('/admin/category/Graduation')
 4 SYSTEMPATH\CodeIgniter.php(927): App\Controllers\Product->prod_delete('Graduation', '10', 'ROOTPATH\\public')
 5 SYSTEMPATH\CodeIgniter.php(482): CodeIgniter\CodeIgniter->runController(Object(App\Controllers\Product))
 6 SYSTEMPATH\CodeIgniter.php(351): CodeIgniter\CodeIgniter->handleRequest(null, Object(Config\Cache), false)
 7 FCPATH\index.php(67): CodeIgniter\CodeIgniter->run()
 8 SYSTEMPATH\Commands\Server\rewrite.php(46): require_once('FCPATH\\index.php')
CRITICAL - 2022-11-27 06:55:08 --> Undefined variable: session
in APPPATH\Views\category.php on line 48.
 1 APPPATH\Views\category.php(48): CodeIgniter\Debug\Exceptions->errorHandler(8, 'Undefined variable: session', 'APPPATH\\Views\\category.php', 48, [...])
 2 SYSTEMPATH\View\View.php(213): include('APPPATH\\Views\\category.php')
 3 SYSTEMPATH\View\View.php(216): CodeIgniter\View\View->CodeIgniter\View\{closure}()
 4 SYSTEMPATH\Common.php(1134): CodeIgniter\View\View->render('category', [], true)
 5 APPPATH\Controllers\Product.php(81): view('category', [...])
 6 SYSTEMPATH\CodeIgniter.php(927): App\Controllers\Product->getGrad()
 7 SYSTEMPATH\CodeIgniter.php(482): CodeIgniter\CodeIgniter->runController(Object(App\Controllers\Product))
 8 SYSTEMPATH\CodeIgniter.php(351): CodeIgniter\CodeIgniter->handleRequest(null, Object(Config\Cache), false)
 9 FCPATH\index.php(67): CodeIgniter\CodeIgniter->run()
10 SYSTEMPATH\Commands\Server\rewrite.php(46): require_once('FCPATH\\index.php')
CRITICAL - 2022-11-27 07:08:47 --> Undefined variable: session
in APPPATH\Views\category.php on line 48.
 1 APPPATH\Views\category.php(48): CodeIgniter\Debug\Exceptions->errorHandler(8, 'Undefined variable: session', 'APPPATH\\Views\\category.php', 48, [...])
 2 SYSTEMPATH\View\View.php(213): include('APPPATH\\Views\\category.php')
 3 SYSTEMPATH\View\View.php(216): CodeIgniter\View\View->CodeIgniter\View\{closure}()
 4 SYSTEMPATH\Common.php(1134): CodeIgniter\View\View->render('category', [], true)
 5 APPPATH\Controllers\Product.php(84): view('category', [...])
 6 SYSTEMPATH\CodeIgniter.php(927): App\Controllers\Product->getGrad()
 7 SYSTEMPATH\CodeIgniter.php(482): CodeIgniter\CodeIgniter->runController(Object(App\Controllers\Product))
 8 SYSTEMPATH\CodeIgniter.php(351): CodeIgniter\CodeIgniter->handleRequest(null, Object(Config\Cache), false)
 9 FCPATH\index.php(67): CodeIgniter\CodeIgniter->run()
10 SYSTEMPATH\Commands\Server\rewrite.php(46): require_once('FCPATH\\index.php')
CRITICAL - 2022-11-27 07:09:08 --> Undefined variable: session
in APPPATH\Views\category.php on line 48.
 1 APPPATH\Views\category.php(48): CodeIgniter\Debug\Exceptions->errorHandler(8, 'Undefined variable: session', 'APPPATH\\Views\\category.php', 48, [...])
 2 SYSTEMPATH\View\View.php(213): include('APPPATH\\Views\\category.php')
 3 SYSTEMPATH\View\View.php(216): CodeIgniter\View\View->CodeIgniter\View\{closure}()
 4 SYSTEMPATH\Common.php(1134): CodeIgniter\View\View->render('category', [], true)
 5 APPPATH\Controllers\Product.php(84): view('category', [...])
 6 SYSTEMPATH\CodeIgniter.php(927): App\Controllers\Product->getGrad()
 7 SYSTEMPATH\CodeIgniter.php(482): CodeIgniter\CodeIgniter->runController(Object(App\Controllers\Product))
 8 SYSTEMPATH\CodeIgniter.php(351): CodeIgniter\CodeIgniter->handleRequest(null, Object(Config\Cache), false)
 9 FCPATH\index.php(67): CodeIgniter\CodeIgniter->run()
10 SYSTEMPATH\Commands\Server\rewrite.php(46): require_once('FCPATH\\index.php')
CRITICAL - 2022-11-27 07:10:32 --> Undefined variable: session
in APPPATH\Views\category.php on line 48.
 1 APPPATH\Views\category.php(48): CodeIgniter\Debug\Exceptions->errorHandler(8, 'Undefined variable: session', 'APPPATH\\Views\\category.php', 48, [...])
 2 SYSTEMPATH\View\View.php(213): include('APPPATH\\Views\\category.php')
 3 SYSTEMPATH\View\View.php(216): CodeIgniter\View\View->CodeIgniter\View\{closure}()
 4 SYSTEMPATH\Common.php(1134): CodeIgniter\View\View->render('category', [], true)
 5 APPPATH\Controllers\Product.php(85): view('category', [...])
 6 SYSTEMPATH\CodeIgniter.php(927): App\Controllers\Product->getGrad()
 7 SYSTEMPATH\CodeIgniter.php(482): CodeIgniter\CodeIgniter->runController(Object(App\Controllers\Product))
 8 SYSTEMPATH\CodeIgniter.php(351): CodeIgniter\CodeIgniter->handleRequest(null, Object(Config\Cache), false)
 9 FCPATH\index.php(67): CodeIgniter\CodeIgniter->run()
10 SYSTEMPATH\Commands\Server\rewrite.php(46): require_once('FCPATH\\index.php')
CRITICAL - 2022-11-27 07:11:20 --> Undefined property: CodeIgniter\View\View::$session
in APPPATH\Views\category.php on line 48.
 1 APPPATH\Views\category.php(48): CodeIgniter\Debug\Exceptions->errorHandler(8, 'Undefined property: CodeIgniter\\View\\View::$session', 'APPPATH\\Views\\category.php', 48, [...])
 2 SYSTEMPATH\View\View.php(213): include('APPPATH\\Views\\category.php')
 3 SYSTEMPATH\View\View.php(216): CodeIgniter\View\View->CodeIgniter\View\{closure}()
 4 SYSTEMPATH\Common.php(1134): CodeIgniter\View\View->render('category', [], true)
 5 APPPATH\Controllers\Product.php(85): view('category', [...])
 6 SYSTEMPATH\CodeIgniter.php(927): App\Controllers\Product->getGrad()
 7 SYSTEMPATH\CodeIgniter.php(482): CodeIgniter\CodeIgniter->runController(Object(App\Controllers\Product))
 8 SYSTEMPATH\CodeIgniter.php(351): CodeIgniter\CodeIgniter->handleRequest(null, Object(Config\Cache), false)
 9 FCPATH\index.php(67): CodeIgniter\CodeIgniter->run()
10 SYSTEMPATH\Commands\Server\rewrite.php(46): require_once('FCPATH\\index.php')
CRITICAL - 2022-11-27 07:11:36 --> Undefined property: CodeIgniter\View\View::$session
in APPPATH\Views\category.php on line 48.
 1 APPPATH\Views\category.php(48): CodeIgniter\Debug\Exceptions->errorHandler(8, 'Undefined property: CodeIgniter\\View\\View::$session', 'APPPATH\\Views\\category.php', 48, [...])
 2 SYSTEMPATH\View\View.php(213): include('APPPATH\\Views\\category.php')
 3 SYSTEMPATH\View\View.php(216): CodeIgniter\View\View->CodeIgniter\View\{closure}()
 4 SYSTEMPATH\Common.php(1134): CodeIgniter\View\View->render('category', [], true)
 5 APPPATH\Controllers\Product.php(85): view('category', [...])
 6 SYSTEMPATH\CodeIgniter.php(927): App\Controllers\Product->getGrad()
 7 SYSTEMPATH\CodeIgniter.php(482): CodeIgniter\CodeIgniter->runController(Object(App\Controllers\Product))
 8 SYSTEMPATH\CodeIgniter.php(351): CodeIgniter\CodeIgniter->handleRequest(null, Object(Config\Cache), false)
 9 FCPATH\index.php(67): CodeIgniter\CodeIgniter->run()
10 SYSTEMPATH\Commands\Server\rewrite.php(46): require_once('FCPATH\\index.php')
