CRITICAL - 2023-02-19 00:05:08 --> Undefined index: adminF_name
in APPPATH\Views\admin\include\topbar.php on line 171.
 1 APPPATH\Views\admin\include\topbar.php(171): CodeIgniter\Debug\Exceptions->errorHandler(8, 'Undefined index: adminF_name', 'APPPATH\\Views\\admin\\include\\topbar.php', 171, [...])
 2 SYSTEMPATH\View\View.php(213): include('APPPATH\\Views\\admin\\include\\topbar.php')
 3 SYSTEMPATH\View\View.php(216): CodeIgniter\View\View->CodeIgniter\View\{closure}()
 4 SYSTEMPATH\Common.php(1134): CodeIgniter\View\View->render('admin/include/topbar', [], true)
 5 APPPATH\Views\admin\dashboard.php(38): view('admin/include/topbar')
 6 SYSTEMPATH\View\View.php(213): include('APPPATH\\Views\\admin\\dashboard.php')
 7 SYSTEMPATH\View\View.php(216): CodeIgniter\View\View->CodeIgniter\View\{closure}()
 8 SYSTEMPATH\Common.php(1134): CodeIgniter\View\View->render('admin/dashboard', [], true)
 9 APPPATH\Controllers\Admin.php(149): view('admin/dashboard', [...])
10 SYSTEMPATH\CodeIgniter.php(927): App\Controllers\Admin->dashboard()
11 SYSTEMPATH\CodeIgniter.php(482): CodeIgniter\CodeIgniter->runController(Object(App\Controllers\Admin))
12 SYSTEMPATH\CodeIgniter.php(351): CodeIgniter\CodeIgniter->handleRequest(null, Object(Config\Cache), false)
13 FCPATH\index.php(67): CodeIgniter\CodeIgniter->run()
CRITICAL - 2023-02-19 01:10:55 --> Undefined index: user_id
in APPPATH\Controllers\User.php on line 78.
 1 APPPATH\Controllers\User.php(78): CodeIgniter\Debug\Exceptions->errorHandler(8, 'Undefined index: user_id', 'APPPATH\\Controllers\\User.php', 78, [])
 2 SYSTEMPATH\CodeIgniter.php(927): App\Controllers\User->home()
 3 SYSTEMPATH\CodeIgniter.php(482): CodeIgniter\CodeIgniter->runController(Object(App\Controllers\User))
 4 SYSTEMPATH\CodeIgniter.php(351): CodeIgniter\CodeIgniter->handleRequest(null, Object(Config\Cache), false)
 5 FCPATH\index.php(67): CodeIgniter\CodeIgniter->run()
ERROR - 2023-02-19 03:02:27 --> mysqli_sql_exception: Column 'image' cannot be null in C:\wamp64\www\ocake\ocake\system\Database\MySQLi\Connection.php:292
Stack trace:
#0 C:\wamp64\www\ocake\ocake\system\Database\MySQLi\Connection.php(292): mysqli->query('INSERT INTO `pr...', 0)
#1 C:\wamp64\www\ocake\ocake\system\Database\BaseConnection.php(666): CodeIgniter\Database\MySQLi\Connection->execute('INSERT INTO `pr...')
#2 C:\wamp64\www\ocake\ocake\system\Database\BaseConnection.php(593): CodeIgniter\Database\BaseConnection->simpleQuery('INSERT INTO `pr...')
#3 C:\wamp64\www\ocake\ocake\system\Database\BaseBuilder.php(1916): CodeIgniter\Database\BaseConnection->query('INSERT INTO `pr...', Array, false)
#4 C:\wamp64\www\ocake\ocake\system\Model.php(279): CodeIgniter\Database\BaseBuilder->insert()
#5 C:\wamp64\www\ocake\ocake\system\BaseModel.php(749): CodeIgniter\Model->doInsert(Array)
#6 C:\wamp64\www\ocake\ocake\system\Model.php(667): CodeIgniter\BaseModel->insert(Array, true)
#7 C:\wamp64\www\ocake\ocake\app\Models\Product_model.php(149): CodeIgniter\Model->insert(Array)
#8 C:\wamp64\www\ocake\ocake\app\Controllers\User.php(909): App\Models\Product_model->insertDesign('21', NULL, 'hbd', 'Vanilla', '400')
#9 C:\wamp64\www\ocake\ocake\system\CodeIgniter.php(927): App\Controllers\User->saveFinalDesign()
#10 C:\wamp64\www\ocake\ocake\system\CodeIgniter.php(482): CodeIgniter\CodeIgniter->runController(Object(App\Controllers\User))
#11 C:\wamp64\www\ocake\ocake\system\CodeIgniter.php(351): CodeIgniter\CodeIgniter->handleRequest(NULL, Object(Config\Cache), false)
#12 C:\wamp64\www\ocake\index.php(67): CodeIgniter\CodeIgniter->run()
#13 {main}
ERROR - 2023-02-19 03:02:28 --> mysqli_sql_exception: Column 'image' cannot be null in C:\wamp64\www\ocake\ocake\system\Database\MySQLi\Connection.php:292
Stack trace:
#0 C:\wamp64\www\ocake\ocake\system\Database\MySQLi\Connection.php(292): mysqli->query('INSERT INTO `pr...', 0)
#1 C:\wamp64\www\ocake\ocake\system\Database\BaseConnection.php(666): CodeIgniter\Database\MySQLi\Connection->execute('INSERT INTO `pr...')
#2 C:\wamp64\www\ocake\ocake\system\Database\BaseConnection.php(593): CodeIgniter\Database\BaseConnection->simpleQuery('INSERT INTO `pr...')
#3 C:\wamp64\www\ocake\ocake\system\Database\BaseBuilder.php(1916): CodeIgniter\Database\BaseConnection->query('INSERT INTO `pr...', Array, false)
#4 C:\wamp64\www\ocake\ocake\system\Model.php(279): CodeIgniter\Database\BaseBuilder->insert()
#5 C:\wamp64\www\ocake\ocake\system\BaseModel.php(749): CodeIgniter\Model->doInsert(Array)
#6 C:\wamp64\www\ocake\ocake\system\Model.php(667): CodeIgniter\BaseModel->insert(Array, true)
#7 C:\wamp64\www\ocake\ocake\app\Models\Product_model.php(149): CodeIgniter\Model->insert(Array)
#8 C:\wamp64\www\ocake\ocake\app\Controllers\User.php(909): App\Models\Product_model->insertDesign('21', NULL, 'hbd', 'Vanilla', '400')
#9 C:\wamp64\www\ocake\ocake\system\CodeIgniter.php(927): App\Controllers\User->saveFinalDesign()
#10 C:\wamp64\www\ocake\ocake\system\CodeIgniter.php(482): CodeIgniter\CodeIgniter->runController(Object(App\Controllers\User))
#11 C:\wamp64\www\ocake\ocake\system\CodeIgniter.php(351): CodeIgniter\CodeIgniter->handleRequest(NULL, Object(Config\Cache), false)
#12 C:\wamp64\www\ocake\index.php(67): CodeIgniter\CodeIgniter->run()
#13 {main}
ERROR - 2023-02-19 03:02:29 --> mysqli_sql_exception: Column 'image' cannot be null in C:\wamp64\www\ocake\ocake\system\Database\MySQLi\Connection.php:292
Stack trace:
#0 C:\wamp64\www\ocake\ocake\system\Database\MySQLi\Connection.php(292): mysqli->query('INSERT INTO `pr...', 0)
#1 C:\wamp64\www\ocake\ocake\system\Database\BaseConnection.php(666): CodeIgniter\Database\MySQLi\Connection->execute('INSERT INTO `pr...')
#2 C:\wamp64\www\ocake\ocake\system\Database\BaseConnection.php(593): CodeIgniter\Database\BaseConnection->simpleQuery('INSERT INTO `pr...')
#3 C:\wamp64\www\ocake\ocake\system\Database\BaseBuilder.php(1916): CodeIgniter\Database\BaseConnection->query('INSERT INTO `pr...', Array, false)
#4 C:\wamp64\www\ocake\ocake\system\Model.php(279): CodeIgniter\Database\BaseBuilder->insert()
#5 C:\wamp64\www\ocake\ocake\system\BaseModel.php(749): CodeIgniter\Model->doInsert(Array)
#6 C:\wamp64\www\ocake\ocake\system\Model.php(667): CodeIgniter\BaseModel->insert(Array, true)
#7 C:\wamp64\www\ocake\ocake\app\Models\Product_model.php(149): CodeIgniter\Model->insert(Array)
#8 C:\wamp64\www\ocake\ocake\app\Controllers\User.php(909): App\Models\Product_model->insertDesign('21', NULL, 'hbd', 'Vanilla', '400')
#9 C:\wamp64\www\ocake\ocake\system\CodeIgniter.php(927): App\Controllers\User->saveFinalDesign()
#10 C:\wamp64\www\ocake\ocake\system\CodeIgniter.php(482): CodeIgniter\CodeIgniter->runController(Object(App\Controllers\User))
#11 C:\wamp64\www\ocake\ocake\system\CodeIgniter.php(351): CodeIgniter\CodeIgniter->handleRequest(NULL, Object(Config\Cache), false)
#12 C:\wamp64\www\ocake\index.php(67): CodeIgniter\CodeIgniter->run()
#13 {main}
