CRITICAL - 2023-05-14 00:10:32 --> product_code is not a valid rule.
in SYSTEMPATH\Validation\Validation.php on line 323.
 1 SYSTEMPATH\Validation\Validation.php(323): CodeIgniter\Validation\Exceptions\ValidationException::forRuleNotFound('product_code')
 2 SYSTEMPATH\Validation\Validation.php(175): CodeIgniter\Validation\Validation->processRules('product_code', 'product_code', 'awalangs14', [...], [...])
 3 SYSTEMPATH\Controller.php(140): CodeIgniter\Validation\Validation->run()
 4 APPPATH\Controllers\Admin.php(313): CodeIgniter\Controller->validate([...])
 5 SYSTEMPATH\CodeIgniter.php(927): App\Controllers\Admin->addproduct()
 6 SYSTEMPATH\CodeIgniter.php(482): CodeIgniter\CodeIgniter->runController(Object(App\Controllers\Admin))
 7 SYSTEMPATH\CodeIgniter.php(351): CodeIgniter\CodeIgniter->handleRequest(null, Object(Config\Cache), false)
 8 FCPATH\index.php(67): CodeIgniter\CodeIgniter->run()
ERROR - 2023-05-14 00:28:43 --> mysqli_sql_exception: Duplicate entry '' for key 'product_code' in C:\xampp\htdocs\ocake\ocake\system\Database\MySQLi\Connection.php:292
Stack trace:
#0 C:\xampp\htdocs\ocake\ocake\system\Database\MySQLi\Connection.php(292): mysqli->query('UPDATE `product...', 0)
#1 C:\xampp\htdocs\ocake\ocake\system\Database\BaseConnection.php(666): CodeIgniter\Database\MySQLi\Connection->execute('UPDATE `product...')
#2 C:\xampp\htdocs\ocake\ocake\system\Database\BaseConnection.php(593): CodeIgniter\Database\BaseConnection->simpleQuery('UPDATE `product...')
#3 C:\xampp\htdocs\ocake\ocake\system\Database\BaseBuilder.php(2079): CodeIgniter\Database\BaseConnection->query('UPDATE `product...', Array, false)
#4 C:\xampp\htdocs\ocake\ocake\app\Models\Product_model.php(159): CodeIgniter\Database\BaseBuilder->update()
#5 C:\xampp\htdocs\ocake\ocake\app\Controllers\Admin.php(448): App\Models\Product_model->prod_update(Array, '160')
#6 C:\xampp\htdocs\ocake\ocake\system\CodeIgniter.php(927): App\Controllers\Admin->update_product('160', '')
#7 C:\xampp\htdocs\ocake\ocake\system\CodeIgniter.php(482): CodeIgniter\CodeIgniter->runController(Object(App\Controllers\Admin))
#8 C:\xampp\htdocs\ocake\ocake\system\CodeIgniter.php(351): CodeIgniter\CodeIgniter->handleRequest(NULL, Object(Config\Cache), false)
#9 C:\xampp\htdocs\ocake\index.php(67): CodeIgniter\CodeIgniter->run()
#10 {main}
ERROR - 2023-05-14 00:29:08 --> mysqli_sql_exception: Duplicate entry '' for key 'product_code' in C:\xampp\htdocs\ocake\ocake\system\Database\MySQLi\Connection.php:292
Stack trace:
#0 C:\xampp\htdocs\ocake\ocake\system\Database\MySQLi\Connection.php(292): mysqli->query('UPDATE `product...', 0)
#1 C:\xampp\htdocs\ocake\ocake\system\Database\BaseConnection.php(666): CodeIgniter\Database\MySQLi\Connection->execute('UPDATE `product...')
#2 C:\xampp\htdocs\ocake\ocake\system\Database\BaseConnection.php(593): CodeIgniter\Database\BaseConnection->simpleQuery('UPDATE `product...')
#3 C:\xampp\htdocs\ocake\ocake\system\Database\BaseBuilder.php(2079): CodeIgniter\Database\BaseConnection->query('UPDATE `product...', Array, false)
#4 C:\xampp\htdocs\ocake\ocake\app\Models\Product_model.php(159): CodeIgniter\Database\BaseBuilder->update()
#5 C:\xampp\htdocs\ocake\ocake\app\Controllers\Admin.php(448): App\Models\Product_model->prod_update(Array, '160')
#6 C:\xampp\htdocs\ocake\ocake\system\CodeIgniter.php(927): App\Controllers\Admin->update_product('160', '')
#7 C:\xampp\htdocs\ocake\ocake\system\CodeIgniter.php(482): CodeIgniter\CodeIgniter->runController(Object(App\Controllers\Admin))
#8 C:\xampp\htdocs\ocake\ocake\system\CodeIgniter.php(351): CodeIgniter\CodeIgniter->handleRequest(NULL, Object(Config\Cache), false)
#9 C:\xampp\htdocs\ocake\index.php(67): CodeIgniter\CodeIgniter->run()
#10 {main}
ERROR - 2023-05-14 00:30:54 --> mysqli_sql_exception: Duplicate entry '' for key 'product_code' in C:\xampp\htdocs\ocake\ocake\system\Database\MySQLi\Connection.php:292
Stack trace:
#0 C:\xampp\htdocs\ocake\ocake\system\Database\MySQLi\Connection.php(292): mysqli->query('UPDATE `product...', 0)
#1 C:\xampp\htdocs\ocake\ocake\system\Database\BaseConnection.php(666): CodeIgniter\Database\MySQLi\Connection->execute('UPDATE `product...')
#2 C:\xampp\htdocs\ocake\ocake\system\Database\BaseConnection.php(593): CodeIgniter\Database\BaseConnection->simpleQuery('UPDATE `product...')
#3 C:\xampp\htdocs\ocake\ocake\system\Database\BaseBuilder.php(2079): CodeIgniter\Database\BaseConnection->query('UPDATE `product...', Array, false)
#4 C:\xampp\htdocs\ocake\ocake\app\Models\Product_model.php(159): CodeIgniter\Database\BaseBuilder->update()
#5 C:\xampp\htdocs\ocake\ocake\app\Controllers\Admin.php(448): App\Models\Product_model->prod_update(Array, '160')
#6 C:\xampp\htdocs\ocake\ocake\system\CodeIgniter.php(927): App\Controllers\Admin->update_product('160', '')
#7 C:\xampp\htdocs\ocake\ocake\system\CodeIgniter.php(482): CodeIgniter\CodeIgniter->runController(Object(App\Controllers\Admin))
#8 C:\xampp\htdocs\ocake\ocake\system\CodeIgniter.php(351): CodeIgniter\CodeIgniter->handleRequest(NULL, Object(Config\Cache), false)
#9 C:\xampp\htdocs\ocake\index.php(67): CodeIgniter\CodeIgniter->run()
#10 {main}
ERROR - 2023-05-14 00:31:31 --> mysqli_sql_exception: Duplicate entry '' for key 'product_code' in C:\xampp\htdocs\ocake\ocake\system\Database\MySQLi\Connection.php:292
Stack trace:
#0 C:\xampp\htdocs\ocake\ocake\system\Database\MySQLi\Connection.php(292): mysqli->query('UPDATE `product...', 0)
#1 C:\xampp\htdocs\ocake\ocake\system\Database\BaseConnection.php(666): CodeIgniter\Database\MySQLi\Connection->execute('UPDATE `product...')
#2 C:\xampp\htdocs\ocake\ocake\system\Database\BaseConnection.php(593): CodeIgniter\Database\BaseConnection->simpleQuery('UPDATE `product...')
#3 C:\xampp\htdocs\ocake\ocake\system\Database\BaseBuilder.php(2079): CodeIgniter\Database\BaseConnection->query('UPDATE `product...', Array, false)
#4 C:\xampp\htdocs\ocake\ocake\app\Models\Product_model.php(159): CodeIgniter\Database\BaseBuilder->update()
#5 C:\xampp\htdocs\ocake\ocake\app\Controllers\Admin.php(448): App\Models\Product_model->prod_update(Array, '160')
#6 C:\xampp\htdocs\ocake\ocake\system\CodeIgniter.php(927): App\Controllers\Admin->update_product('160', '')
#7 C:\xampp\htdocs\ocake\ocake\system\CodeIgniter.php(482): CodeIgniter\CodeIgniter->runController(Object(App\Controllers\Admin))
#8 C:\xampp\htdocs\ocake\ocake\system\CodeIgniter.php(351): CodeIgniter\CodeIgniter->handleRequest(NULL, Object(Config\Cache), false)
#9 C:\xampp\htdocs\ocake\index.php(67): CodeIgniter\CodeIgniter->run()
#10 {main}
ERROR - 2023-05-14 00:31:56 --> mysqli_sql_exception: Duplicate entry '' for key 'product_code' in C:\xampp\htdocs\ocake\ocake\system\Database\MySQLi\Connection.php:292
Stack trace:
#0 C:\xampp\htdocs\ocake\ocake\system\Database\MySQLi\Connection.php(292): mysqli->query('UPDATE `product...', 0)
#1 C:\xampp\htdocs\ocake\ocake\system\Database\BaseConnection.php(666): CodeIgniter\Database\MySQLi\Connection->execute('UPDATE `product...')
#2 C:\xampp\htdocs\ocake\ocake\system\Database\BaseConnection.php(593): CodeIgniter\Database\BaseConnection->simpleQuery('UPDATE `product...')
#3 C:\xampp\htdocs\ocake\ocake\system\Database\BaseBuilder.php(2079): CodeIgniter\Database\BaseConnection->query('UPDATE `product...', Array, false)
#4 C:\xampp\htdocs\ocake\ocake\app\Models\Product_model.php(159): CodeIgniter\Database\BaseBuilder->update()
#5 C:\xampp\htdocs\ocake\ocake\app\Controllers\Admin.php(448): App\Models\Product_model->prod_update(Array, '160')
#6 C:\xampp\htdocs\ocake\ocake\system\CodeIgniter.php(927): App\Controllers\Admin->update_product('160', '')
#7 C:\xampp\htdocs\ocake\ocake\system\CodeIgniter.php(482): CodeIgniter\CodeIgniter->runController(Object(App\Controllers\Admin))
#8 C:\xampp\htdocs\ocake\ocake\system\CodeIgniter.php(351): CodeIgniter\CodeIgniter->handleRequest(NULL, Object(Config\Cache), false)
#9 C:\xampp\htdocs\ocake\index.php(67): CodeIgniter\CodeIgniter->run()
#10 {main}
ERROR - 2023-05-14 00:34:00 --> mysqli_sql_exception: Duplicate entry '' for key 'product_code' in C:\xampp\htdocs\ocake\ocake\system\Database\MySQLi\Connection.php:292
Stack trace:
#0 C:\xampp\htdocs\ocake\ocake\system\Database\MySQLi\Connection.php(292): mysqli->query('UPDATE `product...', 0)
#1 C:\xampp\htdocs\ocake\ocake\system\Database\BaseConnection.php(666): CodeIgniter\Database\MySQLi\Connection->execute('UPDATE `product...')
#2 C:\xampp\htdocs\ocake\ocake\system\Database\BaseConnection.php(593): CodeIgniter\Database\BaseConnection->simpleQuery('UPDATE `product...')
#3 C:\xampp\htdocs\ocake\ocake\system\Database\BaseBuilder.php(2079): CodeIgniter\Database\BaseConnection->query('UPDATE `product...', Array, false)
#4 C:\xampp\htdocs\ocake\ocake\app\Models\Product_model.php(159): CodeIgniter\Database\BaseBuilder->update()
#5 C:\xampp\htdocs\ocake\ocake\app\Controllers\Admin.php(448): App\Models\Product_model->prod_update(Array, '160')
#6 C:\xampp\htdocs\ocake\ocake\system\CodeIgniter.php(927): App\Controllers\Admin->update_product('160', '')
#7 C:\xampp\htdocs\ocake\ocake\system\CodeIgniter.php(482): CodeIgniter\CodeIgniter->runController(Object(App\Controllers\Admin))
#8 C:\xampp\htdocs\ocake\ocake\system\CodeIgniter.php(351): CodeIgniter\CodeIgniter->handleRequest(NULL, Object(Config\Cache), false)
#9 C:\xampp\htdocs\ocake\index.php(67): CodeIgniter\CodeIgniter->run()
#10 {main}
ERROR - 2023-05-14 00:34:31 --> mysqli_sql_exception: Duplicate entry '' for key 'product_code' in C:\xampp\htdocs\ocake\ocake\system\Database\MySQLi\Connection.php:292
Stack trace:
#0 C:\xampp\htdocs\ocake\ocake\system\Database\MySQLi\Connection.php(292): mysqli->query('UPDATE `product...', 0)
#1 C:\xampp\htdocs\ocake\ocake\system\Database\BaseConnection.php(666): CodeIgniter\Database\MySQLi\Connection->execute('UPDATE `product...')
#2 C:\xampp\htdocs\ocake\ocake\system\Database\BaseConnection.php(593): CodeIgniter\Database\BaseConnection->simpleQuery('UPDATE `product...')
#3 C:\xampp\htdocs\ocake\ocake\system\Database\BaseBuilder.php(2079): CodeIgniter\Database\BaseConnection->query('UPDATE `product...', Array, false)
#4 C:\xampp\htdocs\ocake\ocake\app\Models\Product_model.php(159): CodeIgniter\Database\BaseBuilder->update()
#5 C:\xampp\htdocs\ocake\ocake\app\Controllers\Admin.php(448): App\Models\Product_model->prod_update(Array, '158')
#6 C:\xampp\htdocs\ocake\ocake\system\CodeIgniter.php(927): App\Controllers\Admin->update_product('158', '')
#7 C:\xampp\htdocs\ocake\ocake\system\CodeIgniter.php(482): CodeIgniter\CodeIgniter->runController(Object(App\Controllers\Admin))
#8 C:\xampp\htdocs\ocake\ocake\system\CodeIgniter.php(351): CodeIgniter\CodeIgniter->handleRequest(NULL, Object(Config\Cache), false)
#9 C:\xampp\htdocs\ocake\index.php(67): CodeIgniter\CodeIgniter->run()
#10 {main}
ERROR - 2023-05-14 00:35:23 --> mysqli_sql_exception: Duplicate entry '' for key 'product_code' in C:\xampp\htdocs\ocake\ocake\system\Database\MySQLi\Connection.php:292
Stack trace:
#0 C:\xampp\htdocs\ocake\ocake\system\Database\MySQLi\Connection.php(292): mysqli->query('UPDATE `product...', 0)
#1 C:\xampp\htdocs\ocake\ocake\system\Database\BaseConnection.php(666): CodeIgniter\Database\MySQLi\Connection->execute('UPDATE `product...')
#2 C:\xampp\htdocs\ocake\ocake\system\Database\BaseConnection.php(593): CodeIgniter\Database\BaseConnection->simpleQuery('UPDATE `product...')
#3 C:\xampp\htdocs\ocake\ocake\system\Database\BaseBuilder.php(2079): CodeIgniter\Database\BaseConnection->query('UPDATE `product...', Array, false)
#4 C:\xampp\htdocs\ocake\ocake\app\Models\Product_model.php(159): CodeIgniter\Database\BaseBuilder->update()
#5 C:\xampp\htdocs\ocake\ocake\app\Controllers\Admin.php(448): App\Models\Product_model->prod_update(Array, '158')
#6 C:\xampp\htdocs\ocake\ocake\system\CodeIgniter.php(927): App\Controllers\Admin->update_product('158', '')
#7 C:\xampp\htdocs\ocake\ocake\system\CodeIgniter.php(482): CodeIgniter\CodeIgniter->runController(Object(App\Controllers\Admin))
#8 C:\xampp\htdocs\ocake\ocake\system\CodeIgniter.php(351): CodeIgniter\CodeIgniter->handleRequest(NULL, Object(Config\Cache), false)
#9 C:\xampp\htdocs\ocake\index.php(67): CodeIgniter\CodeIgniter->run()
#10 {main}
ERROR - 2023-05-14 00:36:21 --> mysqli_sql_exception: Duplicate entry '' for key 'product_code' in C:\xampp\htdocs\ocake\ocake\system\Database\MySQLi\Connection.php:292
Stack trace:
#0 C:\xampp\htdocs\ocake\ocake\system\Database\MySQLi\Connection.php(292): mysqli->query('UPDATE `product...', 0)
#1 C:\xampp\htdocs\ocake\ocake\system\Database\BaseConnection.php(666): CodeIgniter\Database\MySQLi\Connection->execute('UPDATE `product...')
#2 C:\xampp\htdocs\ocake\ocake\system\Database\BaseConnection.php(593): CodeIgniter\Database\BaseConnection->simpleQuery('UPDATE `product...')
#3 C:\xampp\htdocs\ocake\ocake\system\Database\BaseBuilder.php(2079): CodeIgniter\Database\BaseConnection->query('UPDATE `product...', Array, false)
#4 C:\xampp\htdocs\ocake\ocake\app\Models\Product_model.php(159): CodeIgniter\Database\BaseBuilder->update()
#5 C:\xampp\htdocs\ocake\ocake\app\Controllers\Admin.php(448): App\Models\Product_model->prod_update(Array, '158')
#6 C:\xampp\htdocs\ocake\ocake\system\CodeIgniter.php(927): App\Controllers\Admin->update_product('158', '')
#7 C:\xampp\htdocs\ocake\ocake\system\CodeIgniter.php(482): CodeIgniter\CodeIgniter->runController(Object(App\Controllers\Admin))
#8 C:\xampp\htdocs\ocake\ocake\system\CodeIgniter.php(351): CodeIgniter\CodeIgniter->handleRequest(NULL, Object(Config\Cache), false)
#9 C:\xampp\htdocs\ocake\index.php(67): CodeIgniter\CodeIgniter->run()
#10 {main}
ERROR - 2023-05-14 00:48:10 --> mysqli_sql_exception: Duplicate entry '' for key 'product_code' in C:\xampp\htdocs\ocake\ocake\system\Database\MySQLi\Connection.php:292
Stack trace:
#0 C:\xampp\htdocs\ocake\ocake\system\Database\MySQLi\Connection.php(292): mysqli->query('UPDATE `product...', 0)
#1 C:\xampp\htdocs\ocake\ocake\system\Database\BaseConnection.php(666): CodeIgniter\Database\MySQLi\Connection->execute('UPDATE `product...')
#2 C:\xampp\htdocs\ocake\ocake\system\Database\BaseConnection.php(593): CodeIgniter\Database\BaseConnection->simpleQuery('UPDATE `product...')
#3 C:\xampp\htdocs\ocake\ocake\system\Database\BaseBuilder.php(2079): CodeIgniter\Database\BaseConnection->query('UPDATE `product...', Array, false)
#4 C:\xampp\htdocs\ocake\ocake\app\Models\Product_model.php(159): CodeIgniter\Database\BaseBuilder->update()
#5 C:\xampp\htdocs\ocake\ocake\app\Controllers\Admin.php(448): App\Models\Product_model->prod_update(Array, '160')
#6 C:\xampp\htdocs\ocake\ocake\system\CodeIgniter.php(927): App\Controllers\Admin->update_product('160', '')
#7 C:\xampp\htdocs\ocake\ocake\system\CodeIgniter.php(482): CodeIgniter\CodeIgniter->runController(Object(App\Controllers\Admin))
#8 C:\xampp\htdocs\ocake\ocake\system\CodeIgniter.php(351): CodeIgniter\CodeIgniter->handleRequest(NULL, Object(Config\Cache), false)
#9 C:\xampp\htdocs\ocake\index.php(67): CodeIgniter\CodeIgniter->run()
#10 {main}
ERROR - 2023-05-14 03:35:45 --> mysqli_sql_exception: Duplicate entry '' for key 'product_code' in C:\xampp\htdocs\ocake\ocake\system\Database\MySQLi\Connection.php:292
Stack trace:
#0 C:\xampp\htdocs\ocake\ocake\system\Database\MySQLi\Connection.php(292): mysqli->query('UPDATE `product...', 0)
#1 C:\xampp\htdocs\ocake\ocake\system\Database\BaseConnection.php(666): CodeIgniter\Database\MySQLi\Connection->execute('UPDATE `product...')
#2 C:\xampp\htdocs\ocake\ocake\system\Database\BaseConnection.php(593): CodeIgniter\Database\BaseConnection->simpleQuery('UPDATE `product...')
#3 C:\xampp\htdocs\ocake\ocake\system\Database\BaseBuilder.php(2079): CodeIgniter\Database\BaseConnection->query('UPDATE `product...', Array, false)
#4 C:\xampp\htdocs\ocake\ocake\app\Models\Product_model.php(159): CodeIgniter\Database\BaseBuilder->update()
#5 C:\xampp\htdocs\ocake\ocake\app\Controllers\Admin.php(448): App\Models\Product_model->prod_update(Array, '160')
#6 C:\xampp\htdocs\ocake\ocake\system\CodeIgniter.php(927): App\Controllers\Admin->update_product('160', '')
#7 C:\xampp\htdocs\ocake\ocake\system\CodeIgniter.php(482): CodeIgniter\CodeIgniter->runController(Object(App\Controllers\Admin))
#8 C:\xampp\htdocs\ocake\ocake\system\CodeIgniter.php(351): CodeIgniter\CodeIgniter->handleRequest(NULL, Object(Config\Cache), false)
#9 C:\xampp\htdocs\ocake\index.php(67): CodeIgniter\CodeIgniter->run()
#10 {main}
ERROR - 2023-05-14 03:36:16 --> mysqli_sql_exception: Duplicate entry '' for key 'product_code' in C:\xampp\htdocs\ocake\ocake\system\Database\MySQLi\Connection.php:292
Stack trace:
#0 C:\xampp\htdocs\ocake\ocake\system\Database\MySQLi\Connection.php(292): mysqli->query('UPDATE `product...', 0)
#1 C:\xampp\htdocs\ocake\ocake\system\Database\BaseConnection.php(666): CodeIgniter\Database\MySQLi\Connection->execute('UPDATE `product...')
#2 C:\xampp\htdocs\ocake\ocake\system\Database\BaseConnection.php(593): CodeIgniter\Database\BaseConnection->simpleQuery('UPDATE `product...')
#3 C:\xampp\htdocs\ocake\ocake\system\Database\BaseBuilder.php(2079): CodeIgniter\Database\BaseConnection->query('UPDATE `product...', Array, false)
#4 C:\xampp\htdocs\ocake\ocake\app\Models\Product_model.php(159): CodeIgniter\Database\BaseBuilder->update()
#5 C:\xampp\htdocs\ocake\ocake\app\Controllers\Admin.php(448): App\Models\Product_model->prod_update(Array, '160')
#6 C:\xampp\htdocs\ocake\ocake\system\CodeIgniter.php(927): App\Controllers\Admin->update_product('160', '')
#7 C:\xampp\htdocs\ocake\ocake\system\CodeIgniter.php(482): CodeIgniter\CodeIgniter->runController(Object(App\Controllers\Admin))
#8 C:\xampp\htdocs\ocake\ocake\system\CodeIgniter.php(351): CodeIgniter\CodeIgniter->handleRequest(NULL, Object(Config\Cache), false)
#9 C:\xampp\htdocs\ocake\index.php(67): CodeIgniter\CodeIgniter->run()
#10 {main}
ERROR - 2023-05-14 03:46:40 --> mysqli_sql_exception: Duplicate entry '' for key 'product_code' in C:\xampp\htdocs\ocake\ocake\system\Database\MySQLi\Connection.php:292
Stack trace:
#0 C:\xampp\htdocs\ocake\ocake\system\Database\MySQLi\Connection.php(292): mysqli->query('UPDATE `product...', 0)
#1 C:\xampp\htdocs\ocake\ocake\system\Database\BaseConnection.php(666): CodeIgniter\Database\MySQLi\Connection->execute('UPDATE `product...')
#2 C:\xampp\htdocs\ocake\ocake\system\Database\BaseConnection.php(593): CodeIgniter\Database\BaseConnection->simpleQuery('UPDATE `product...')
#3 C:\xampp\htdocs\ocake\ocake\system\Database\BaseBuilder.php(2079): CodeIgniter\Database\BaseConnection->query('UPDATE `product...', Array, false)
#4 C:\xampp\htdocs\ocake\ocake\app\Models\Product_model.php(160): CodeIgniter\Database\BaseBuilder->update()
#5 C:\xampp\htdocs\ocake\ocake\app\Controllers\Admin.php(448): App\Models\Product_model->prod_update(Array, '160')
#6 C:\xampp\htdocs\ocake\ocake\system\CodeIgniter.php(927): App\Controllers\Admin->update_product('160', '')
#7 C:\xampp\htdocs\ocake\ocake\system\CodeIgniter.php(482): CodeIgniter\CodeIgniter->runController(Object(App\Controllers\Admin))
#8 C:\xampp\htdocs\ocake\ocake\system\CodeIgniter.php(351): CodeIgniter\CodeIgniter->handleRequest(NULL, Object(Config\Cache), false)
#9 C:\xampp\htdocs\ocake\index.php(67): CodeIgniter\CodeIgniter->run()
#10 {main}
CRITICAL - 2023-05-14 04:31:37 --> Undefined property: stdClass::$ocassion
in APPPATH\Views\admin\productlist.php on line 448.
 1 APPPATH\Views\admin\productlist.php(448): CodeIgniter\Debug\Exceptions->errorHandler(2, 'Undefined property: stdClass::$ocassion', 'APPPATH\\Views\\admin\\productlist.php', 448)
 2 SYSTEMPATH\View\View.php(213): include('APPPATH\\Views\\admin\\productlist.php')
 3 SYSTEMPATH\View\View.php(216): CodeIgniter\View\View->CodeIgniter\View\{closure}()
 4 SYSTEMPATH\Common.php(1134): CodeIgniter\View\View->render('admin/productlist', [], true)
 5 APPPATH\Controllers\Admin.php(380): view('admin/productlist', [...])
 6 SYSTEMPATH\CodeIgniter.php(927): App\Controllers\Admin->productlist()
 7 SYSTEMPATH\CodeIgniter.php(482): CodeIgniter\CodeIgniter->runController(Object(App\Controllers\Admin))
 8 SYSTEMPATH\CodeIgniter.php(351): CodeIgniter\CodeIgniter->handleRequest(null, Object(Config\Cache), false)
 9 FCPATH\index.php(67): CodeIgniter\CodeIgniter->run()
