CRITICAL - 2023-01-19 04:10:49 --> Undefined index: user_id
in APPPATH\Controllers\User.php on line 20.
 1 APPPATH\Controllers\User.php(20): CodeIgniter\Debug\Exceptions->errorHandler(8, 'Undefined index: user_id', 'APPPATH\\Controllers\\User.php', 20, [])
 2 SYSTEMPATH\CodeIgniter.php(927): App\Controllers\User->index()
 3 SYSTEMPATH\CodeIgniter.php(482): CodeIgniter\CodeIgniter->runController(Object(App\Controllers\User))
 4 SYSTEMPATH\CodeIgniter.php(351): CodeIgniter\CodeIgniter->handleRequest(null, Object(Config\Cache), false)
 5 FCPATH\index.php(67): CodeIgniter\CodeIgniter->run()
CRITICAL - 2023-01-19 04:26:42 --> Undefined variable: cartData
in APPPATH\Views\include\header.php on line 178.
 1 APPPATH\Views\include\header.php(178): CodeIgniter\Debug\Exceptions->errorHandler(8, 'Undefined variable: cartData', 'APPPATH\\Views\\include\\header.php', 178, [...])
 2 SYSTEMPATH\View\View.php(213): include('APPPATH\\Views\\include\\header.php')
 3 SYSTEMPATH\View\View.php(216): CodeIgniter\View\View->CodeIgniter\View\{closure}()
 4 SYSTEMPATH\Common.php(1134): CodeIgniter\View\View->render('include/header', [], true)
 5 APPPATH\Controllers\User.php(141): view('include/header', [...])
 6 SYSTEMPATH\CodeIgniter.php(927): App\Controllers\User->popular()
 7 SYSTEMPATH\CodeIgniter.php(482): CodeIgniter\CodeIgniter->runController(Object(App\Controllers\User))
 8 SYSTEMPATH\CodeIgniter.php(351): CodeIgniter\CodeIgniter->handleRequest(null, Object(Config\Cache), false)
 9 FCPATH\index.php(67): CodeIgniter\CodeIgniter->run()
CRITICAL - 2023-01-19 04:29:41 --> Undefined variable: cartData
in APPPATH\Views\include\header.php on line 178.
 1 APPPATH\Views\include\header.php(178): CodeIgniter\Debug\Exceptions->errorHandler(8, 'Undefined variable: cartData', 'APPPATH\\Views\\include\\header.php', 178, [...])
 2 SYSTEMPATH\View\View.php(213): include('APPPATH\\Views\\include\\header.php')
 3 SYSTEMPATH\View\View.php(216): CodeIgniter\View\View->CodeIgniter\View\{closure}()
 4 SYSTEMPATH\Common.php(1134): CodeIgniter\View\View->render('include/header', [], true)
 5 APPPATH\Controllers\User.php(148): view('include/header', [...])
 6 SYSTEMPATH\CodeIgniter.php(927): App\Controllers\User->popular()
 7 SYSTEMPATH\CodeIgniter.php(482): CodeIgniter\CodeIgniter->runController(Object(App\Controllers\User))
 8 SYSTEMPATH\CodeIgniter.php(351): CodeIgniter\CodeIgniter->handleRequest(null, Object(Config\Cache), false)
 9 FCPATH\index.php(67): CodeIgniter\CodeIgniter->run()
CRITICAL - 2023-01-19 05:08:20 --> Undefined index: user_id
in APPPATH\Controllers\User.php on line 267.
 1 APPPATH\Controllers\User.php(267): CodeIgniter\Debug\Exceptions->errorHandler(8, 'Undefined index: user_id', 'APPPATH\\Controllers\\User.php', 267, [])
 2 SYSTEMPATH\CodeIgniter.php(927): App\Controllers\User->userOrders()
 3 SYSTEMPATH\CodeIgniter.php(482): CodeIgniter\CodeIgniter->runController(Object(App\Controllers\User))
 4 SYSTEMPATH\CodeIgniter.php(351): CodeIgniter\CodeIgniter->handleRequest(null, Object(Config\Cache), false)
 5 FCPATH\index.php(67): CodeIgniter\CodeIgniter->run()
CRITICAL - 2023-01-19 05:10:15 --> Undefined index: user_id
in APPPATH\Controllers\User.php on line 20.
 1 APPPATH\Controllers\User.php(20): CodeIgniter\Debug\Exceptions->errorHandler(8, 'Undefined index: user_id', 'APPPATH\\Controllers\\User.php', 20, [])
 2 SYSTEMPATH\CodeIgniter.php(927): App\Controllers\User->index()
 3 SYSTEMPATH\CodeIgniter.php(482): CodeIgniter\CodeIgniter->runController(Object(App\Controllers\User))
 4 SYSTEMPATH\CodeIgniter.php(351): CodeIgniter\CodeIgniter->handleRequest(null, Object(Config\Cache), false)
 5 FCPATH\index.php(67): CodeIgniter\CodeIgniter->run()
CRITICAL - 2023-01-19 05:31:04 --> Undefined variable: datum
in APPPATH\Views\user\checkout.php on line 357.
 1 APPPATH\Views\user\checkout.php(357): CodeIgniter\Debug\Exceptions->errorHandler(8, 'Undefined variable: datum', 'APPPATH\\Views\\user\\checkout.php', 357, [...])
 2 SYSTEMPATH\View\View.php(213): include('APPPATH\\Views\\user\\checkout.php')
 3 SYSTEMPATH\View\View.php(216): CodeIgniter\View\View->CodeIgniter\View\{closure}()
 4 SYSTEMPATH\Common.php(1134): CodeIgniter\View\View->render('user/checkout', [], true)
 5 APPPATH\Controllers\User.php(73): view('user/checkout', [...])
 6 SYSTEMPATH\CodeIgniter.php(927): App\Controllers\User->checkout()
 7 SYSTEMPATH\CodeIgniter.php(482): CodeIgniter\CodeIgniter->runController(Object(App\Controllers\User))
 8 SYSTEMPATH\CodeIgniter.php(351): CodeIgniter\CodeIgniter->handleRequest(null, Object(Config\Cache), false)
 9 FCPATH\index.php(67): CodeIgniter\CodeIgniter->run()
