CRITICAL - 2022-12-27 00:17:55 --> Undefined variable: address
in APPPATH\Views\auth\signlog.php on line 32.
 1 APPPATH\Views\auth\signlog.php(32): CodeIgniter\Debug\Exceptions->errorHandler(8, 'Undefined variable: address', 'APPPATH\\Views\\auth\\signlog.php', 32, [])
 2 SYSTEMPATH\View\View.php(213): include('APPPATH\\Views\\auth\\signlog.php')
 3 SYSTEMPATH\View\View.php(216): CodeIgniter\View\View->CodeIgniter\View\{closure}()
 4 SYSTEMPATH\Common.php(1134): CodeIgniter\View\View->render('auth/signlog', [], true)
 5 APPPATH\Controllers\Personal.php(63): view('auth/signlog', [...])
 6 SYSTEMPATH\CodeIgniter.php(927): App\Controllers\Personal->signin()
 7 SYSTEMPATH\CodeIgniter.php(482): CodeIgniter\CodeIgniter->runController(Object(App\Controllers\Personal))
 8 SYSTEMPATH\CodeIgniter.php(351): CodeIgniter\CodeIgniter->handleRequest(null, Object(Config\Cache), false)
 9 FCPATH\index.php(67): CodeIgniter\CodeIgniter->run()
CRITICAL - 2022-12-27 00:18:31 --> Undefined variable: address
in APPPATH\Views\auth\signlog.php on line 32.
 1 APPPATH\Views\auth\signlog.php(32): CodeIgniter\Debug\Exceptions->errorHandler(8, 'Undefined variable: address', 'APPPATH\\Views\\auth\\signlog.php', 32, [])
 2 SYSTEMPATH\View\View.php(213): include('APPPATH\\Views\\auth\\signlog.php')
 3 SYSTEMPATH\View\View.php(216): CodeIgniter\View\View->CodeIgniter\View\{closure}()
 4 SYSTEMPATH\Common.php(1134): CodeIgniter\View\View->render('auth/signlog', [], true)
 5 APPPATH\Controllers\Personal.php(63): view('auth/signlog', [...])
 6 SYSTEMPATH\CodeIgniter.php(927): App\Controllers\Personal->signin()
 7 SYSTEMPATH\CodeIgniter.php(482): CodeIgniter\CodeIgniter->runController(Object(App\Controllers\Personal))
 8 SYSTEMPATH\CodeIgniter.php(351): CodeIgniter\CodeIgniter->handleRequest(null, Object(Config\Cache), false)
 9 FCPATH\index.php(67): CodeIgniter\CodeIgniter->run()
CRITICAL - 2022-12-27 00:34:40 --> Call to undefined method App\Models\AddOns_model::fetchDesign
in SYSTEMPATH\Model.php on line 774.
 1 APPPATH\Controllers\User.php(324): CodeIgniter\Model->__call('fetchDesign', [])
 2 SYSTEMPATH\CodeIgniter.php(927): App\Controllers\User->customization()
 3 SYSTEMPATH\CodeIgniter.php(482): CodeIgniter\CodeIgniter->runController(Object(App\Controllers\User))
 4 SYSTEMPATH\CodeIgniter.php(351): CodeIgniter\CodeIgniter->handleRequest(null, Object(Config\Cache), false)
 5 FCPATH\index.php(67): CodeIgniter\CodeIgniter->run()
CRITICAL - 2022-12-27 00:36:14 --> Undefined variable: cartData
in APPPATH\Views\include\header.php on line 170.
 1 APPPATH\Views\include\header.php(170): CodeIgniter\Debug\Exceptions->errorHandler(8, 'Undefined variable: cartData', 'APPPATH\\Views\\include\\header.php', 170, [...])
 2 SYSTEMPATH\View\View.php(213): include('APPPATH\\Views\\include\\header.php')
 3 SYSTEMPATH\View\View.php(216): CodeIgniter\View\View->CodeIgniter\View\{closure}()
 4 SYSTEMPATH\Common.php(1134): CodeIgniter\View\View->render('include/header', [], true)
 5 APPPATH\Controllers\User.php(327): view('include/header')
 6 SYSTEMPATH\CodeIgniter.php(927): App\Controllers\User->customization()
 7 SYSTEMPATH\CodeIgniter.php(482): CodeIgniter\CodeIgniter->runController(Object(App\Controllers\User))
 8 SYSTEMPATH\CodeIgniter.php(351): CodeIgniter\CodeIgniter->handleRequest(null, Object(Config\Cache), false)
 9 FCPATH\index.php(67): CodeIgniter\CodeIgniter->run()
CRITICAL - 2022-12-27 00:37:04 --> Undefined variable: address
in APPPATH\Views\user\customization.php on line 119.
 1 APPPATH\Views\user\customization.php(119): CodeIgniter\Debug\Exceptions->errorHandler(8, 'Undefined variable: address', 'APPPATH\\Views\\user\\customization.php', 119, [...])
 2 SYSTEMPATH\View\View.php(213): include('APPPATH\\Views\\user\\customization.php')
 3 SYSTEMPATH\View\View.php(216): CodeIgniter\View\View->CodeIgniter\View\{closure}()
 4 SYSTEMPATH\Common.php(1134): CodeIgniter\View\View->render('user/customization', [], true)
 5 APPPATH\Controllers\User.php(328): view('user/customization')
 6 SYSTEMPATH\CodeIgniter.php(927): App\Controllers\User->customization()
 7 SYSTEMPATH\CodeIgniter.php(482): CodeIgniter\CodeIgniter->runController(Object(App\Controllers\User))
 8 SYSTEMPATH\CodeIgniter.php(351): CodeIgniter\CodeIgniter->handleRequest(null, Object(Config\Cache), false)
 9 FCPATH\index.php(67): CodeIgniter\CodeIgniter->run()
CRITICAL - 2022-12-27 00:44:40 --> Undefined variable: occasion
in APPPATH\Views\user\customization.php on line 7.
 1 APPPATH\Views\user\customization.php(7): CodeIgniter\Debug\Exceptions->errorHandler(8, 'Undefined variable: occasion', 'APPPATH\\Views\\user\\customization.php', 7, [...])
 2 SYSTEMPATH\View\View.php(213): include('APPPATH\\Views\\user\\customization.php')
 3 SYSTEMPATH\View\View.php(216): CodeIgniter\View\View->CodeIgniter\View\{closure}()
 4 SYSTEMPATH\Common.php(1134): CodeIgniter\View\View->render('user/customization', [], true)
 5 APPPATH\Controllers\User.php(328): view('user/customization', [...])
 6 SYSTEMPATH\CodeIgniter.php(927): App\Controllers\User->customization()
 7 SYSTEMPATH\CodeIgniter.php(482): CodeIgniter\CodeIgniter->runController(Object(App\Controllers\User))
 8 SYSTEMPATH\CodeIgniter.php(351): CodeIgniter\CodeIgniter->handleRequest(null, Object(Config\Cache), false)
 9 FCPATH\index.php(67): CodeIgniter\CodeIgniter->run()
CRITICAL - 2022-12-27 01:27:56 --> Call to undefined method App\Models\Cart_m::fetchPersonal
in SYSTEMPATH\Model.php on line 774.
 1 APPPATH\Controllers\User.php(30): CodeIgniter\Model->__call('fetchPersonal', [])
 2 SYSTEMPATH\CodeIgniter.php(927): App\Controllers\User->checkout()
 3 SYSTEMPATH\CodeIgniter.php(482): CodeIgniter\CodeIgniter->runController(Object(App\Controllers\User))
 4 SYSTEMPATH\CodeIgniter.php(351): CodeIgniter\CodeIgniter->handleRequest(null, Object(Config\Cache), false)
 5 FCPATH\index.php(67): CodeIgniter\CodeIgniter->run()
CRITICAL - 2022-12-27 05:51:56 --> Undefined variable: address
in APPPATH\Views\auth\signlog.php on line 33.
 1 APPPATH\Views\auth\signlog.php(33): CodeIgniter\Debug\Exceptions->errorHandler(8, 'Undefined variable: address', 'APPPATH\\Views\\auth\\signlog.php', 33, [...])
 2 SYSTEMPATH\View\View.php(213): include('APPPATH\\Views\\auth\\signlog.php')
 3 SYSTEMPATH\View\View.php(216): CodeIgniter\View\View->CodeIgniter\View\{closure}()
 4 SYSTEMPATH\Common.php(1134): CodeIgniter\View\View->render('auth/signlog', [], true)
 5 APPPATH\Controllers\Personal.php(31): view('auth/signlog', [...])
 6 SYSTEMPATH\CodeIgniter.php(927): App\Controllers\Personal->login()
 7 SYSTEMPATH\CodeIgniter.php(482): CodeIgniter\CodeIgniter->runController(Object(App\Controllers\Personal))
 8 SYSTEMPATH\CodeIgniter.php(351): CodeIgniter\CodeIgniter->handleRequest(null, Object(Config\Cache), false)
 9 FCPATH\index.php(67): CodeIgniter\CodeIgniter->run()
CRITICAL - 2022-12-27 05:53:06 --> Undefined variable: address
in APPPATH\Views\auth\signlog.php on line 33.
 1 APPPATH\Views\auth\signlog.php(33): CodeIgniter\Debug\Exceptions->errorHandler(8, 'Undefined variable: address', 'APPPATH\\Views\\auth\\signlog.php', 33, [...])
 2 SYSTEMPATH\View\View.php(213): include('APPPATH\\Views\\auth\\signlog.php')
 3 SYSTEMPATH\View\View.php(216): CodeIgniter\View\View->CodeIgniter\View\{closure}()
 4 SYSTEMPATH\Common.php(1134): CodeIgniter\View\View->render('auth/signlog', [], true)
 5 APPPATH\Controllers\Personal.php(31): view('auth/signlog', [...])
 6 SYSTEMPATH\CodeIgniter.php(927): App\Controllers\Personal->login()
 7 SYSTEMPATH\CodeIgniter.php(482): CodeIgniter\CodeIgniter->runController(Object(App\Controllers\Personal))
 8 SYSTEMPATH\CodeIgniter.php(351): CodeIgniter\CodeIgniter->handleRequest(null, Object(Config\Cache), false)
 9 FCPATH\index.php(67): CodeIgniter\CodeIgniter->run()
CRITICAL - 2022-12-27 05:57:11 --> Undefined variable: address
in APPPATH\Views\auth\signlog.php on line 33.
 1 APPPATH\Views\auth\signlog.php(33): CodeIgniter\Debug\Exceptions->errorHandler(8, 'Undefined variable: address', 'APPPATH\\Views\\auth\\signlog.php', 33, [...])
 2 SYSTEMPATH\View\View.php(213): include('APPPATH\\Views\\auth\\signlog.php')
 3 SYSTEMPATH\View\View.php(216): CodeIgniter\View\View->CodeIgniter\View\{closure}()
 4 SYSTEMPATH\Common.php(1134): CodeIgniter\View\View->render('auth/signlog', [], true)
 5 APPPATH\Controllers\Personal.php(31): view('auth/signlog', [...])
 6 SYSTEMPATH\CodeIgniter.php(927): App\Controllers\Personal->login()
 7 SYSTEMPATH\CodeIgniter.php(482): CodeIgniter\CodeIgniter->runController(Object(App\Controllers\Personal))
 8 SYSTEMPATH\CodeIgniter.php(351): CodeIgniter\CodeIgniter->handleRequest(null, Object(Config\Cache), false)
 9 FCPATH\index.php(67): CodeIgniter\CodeIgniter->run()
CRITICAL - 2022-12-27 06:10:24 --> Undefined variable: address
in APPPATH\Views\auth\signlog.php on line 33.
 1 APPPATH\Views\auth\signlog.php(33): CodeIgniter\Debug\Exceptions->errorHandler(8, 'Undefined variable: address', 'APPPATH\\Views\\auth\\signlog.php', 33, [...])
 2 SYSTEMPATH\View\View.php(213): include('APPPATH\\Views\\auth\\signlog.php')
 3 SYSTEMPATH\View\View.php(216): CodeIgniter\View\View->CodeIgniter\View\{closure}()
 4 SYSTEMPATH\Common.php(1134): CodeIgniter\View\View->render('auth/signlog', [], true)
 5 APPPATH\Controllers\Personal.php(38): view('auth/signlog', [...])
 6 SYSTEMPATH\CodeIgniter.php(927): App\Controllers\Personal->login()
 7 SYSTEMPATH\CodeIgniter.php(482): CodeIgniter\CodeIgniter->runController(Object(App\Controllers\Personal))
 8 SYSTEMPATH\CodeIgniter.php(351): CodeIgniter\CodeIgniter->handleRequest(null, Object(Config\Cache), false)
 9 FCPATH\index.php(67): CodeIgniter\CodeIgniter->run()
CRITICAL - 2022-12-27 06:14:10 --> Undefined variable: address
in APPPATH\Views\auth\signlog.php on line 33.
 1 APPPATH\Views\auth\signlog.php(33): CodeIgniter\Debug\Exceptions->errorHandler(8, 'Undefined variable: address', 'APPPATH\\Views\\auth\\signlog.php', 33, [...])
 2 SYSTEMPATH\View\View.php(213): include('APPPATH\\Views\\auth\\signlog.php')
 3 SYSTEMPATH\View\View.php(216): CodeIgniter\View\View->CodeIgniter\View\{closure}()
 4 SYSTEMPATH\Common.php(1134): CodeIgniter\View\View->render('auth/signlog', [], true)
 5 APPPATH\Controllers\Personal.php(39): view('auth/signlog', [...])
 6 SYSTEMPATH\CodeIgniter.php(927): App\Controllers\Personal->login()
 7 SYSTEMPATH\CodeIgniter.php(482): CodeIgniter\CodeIgniter->runController(Object(App\Controllers\Personal))
 8 SYSTEMPATH\CodeIgniter.php(351): CodeIgniter\CodeIgniter->handleRequest(null, Object(Config\Cache), false)
 9 FCPATH\index.php(67): CodeIgniter\CodeIgniter->run()
CRITICAL - 2022-12-27 08:39:17 --> Maximum execution time of 120 seconds exceeded
in SYSTEMPATH\Database\MySQLi\Connection.php on line 171.
 1 [internal function]: CodeIgniter\Debug\Exceptions->shutdownHandler()
