ERROR - 2023-05-17 00:36:58 --> mysqli_sql_exception: Unknown column 'pos.id' in 'where clause' in C:\xampp\htdocs\ocake\ocake\system\Database\MySQLi\Connection.php:292
Stack trace:
#0 C:\xampp\htdocs\ocake\ocake\system\Database\MySQLi\Connection.php(292): mysqli->query('UPDATE `pos` SE...', 0)
#1 C:\xampp\htdocs\ocake\ocake\system\Database\BaseConnection.php(666): CodeIgniter\Database\MySQLi\Connection->execute('UPDATE `pos` SE...')
#2 C:\xampp\htdocs\ocake\ocake\system\Database\BaseConnection.php(593): CodeIgniter\Database\BaseConnection->simpleQuery('UPDATE `pos` SE...')
#3 C:\xampp\htdocs\ocake\ocake\system\Database\BaseBuilder.php(2079): CodeIgniter\Database\BaseConnection->query('UPDATE `pos` SE...', Array, false)
#4 C:\xampp\htdocs\ocake\ocake\system\Model.php(338): CodeIgniter\Database\BaseBuilder->update()
#5 C:\xampp\htdocs\ocake\ocake\system\BaseModel.php(886): CodeIgniter\Model->doUpdate(Array, Array)
#6 C:\xampp\htdocs\ocake\ocake\system\Model.php(693): CodeIgniter\BaseModel->update(Array, Array)
#7 C:\xampp\htdocs\ocake\ocake\app\Controllers\PosController.php(56): CodeIgniter\Model->update('54', Array)
#8 C:\xampp\htdocs\ocake\ocake\system\CodeIgniter.php(927): App\Controllers\PosController->updateTransStat()
#9 C:\xampp\htdocs\ocake\ocake\system\CodeIgniter.php(482): CodeIgniter\CodeIgniter->runController(Object(App\Controllers\PosController))
#10 C:\xampp\htdocs\ocake\ocake\system\CodeIgniter.php(351): CodeIgniter\CodeIgniter->handleRequest(NULL, Object(Config\Cache), false)
#11 C:\xampp\htdocs\ocake\index.php(67): CodeIgniter\CodeIgniter->run()
#12 {main}
ERROR - 2023-05-17 00:37:20 --> mysqli_sql_exception: Unknown column 'pos.id' in 'where clause' in C:\xampp\htdocs\ocake\ocake\system\Database\MySQLi\Connection.php:292
Stack trace:
#0 C:\xampp\htdocs\ocake\ocake\system\Database\MySQLi\Connection.php(292): mysqli->query('UPDATE `pos` SE...', 0)
#1 C:\xampp\htdocs\ocake\ocake\system\Database\BaseConnection.php(666): CodeIgniter\Database\MySQLi\Connection->execute('UPDATE `pos` SE...')
#2 C:\xampp\htdocs\ocake\ocake\system\Database\BaseConnection.php(593): CodeIgniter\Database\BaseConnection->simpleQuery('UPDATE `pos` SE...')
#3 C:\xampp\htdocs\ocake\ocake\system\Database\BaseBuilder.php(2079): CodeIgniter\Database\BaseConnection->query('UPDATE `pos` SE...', Array, false)
#4 C:\xampp\htdocs\ocake\ocake\system\Model.php(338): CodeIgniter\Database\BaseBuilder->update()
#5 C:\xampp\htdocs\ocake\ocake\system\BaseModel.php(886): CodeIgniter\Model->doUpdate(Array, Array)
#6 C:\xampp\htdocs\ocake\ocake\system\Model.php(693): CodeIgniter\BaseModel->update(Array, Array)
#7 C:\xampp\htdocs\ocake\ocake\app\Controllers\PosController.php(56): CodeIgniter\Model->update('54', Array)
#8 C:\xampp\htdocs\ocake\ocake\system\CodeIgniter.php(927): App\Controllers\PosController->updateTransStat()
#9 C:\xampp\htdocs\ocake\ocake\system\CodeIgniter.php(482): CodeIgniter\CodeIgniter->runController(Object(App\Controllers\PosController))
#10 C:\xampp\htdocs\ocake\ocake\system\CodeIgniter.php(351): CodeIgniter\CodeIgniter->handleRequest(NULL, Object(Config\Cache), false)
#11 C:\xampp\htdocs\ocake\index.php(67): CodeIgniter\CodeIgniter->run()
#12 {main}
ERROR - 2023-05-17 00:40:17 --> mysqli_sql_exception: Unknown column 'pos.id' in 'where clause' in C:\xampp\htdocs\ocake\ocake\system\Database\MySQLi\Connection.php:292
Stack trace:
#0 C:\xampp\htdocs\ocake\ocake\system\Database\MySQLi\Connection.php(292): mysqli->query('UPDATE `pos` SE...', 0)
#1 C:\xampp\htdocs\ocake\ocake\system\Database\BaseConnection.php(666): CodeIgniter\Database\MySQLi\Connection->execute('UPDATE `pos` SE...')
#2 C:\xampp\htdocs\ocake\ocake\system\Database\BaseConnection.php(593): CodeIgniter\Database\BaseConnection->simpleQuery('UPDATE `pos` SE...')
#3 C:\xampp\htdocs\ocake\ocake\system\Database\BaseBuilder.php(2079): CodeIgniter\Database\BaseConnection->query('UPDATE `pos` SE...', Array, false)
#4 C:\xampp\htdocs\ocake\ocake\system\Model.php(338): CodeIgniter\Database\BaseBuilder->update()
#5 C:\xampp\htdocs\ocake\ocake\system\BaseModel.php(886): CodeIgniter\Model->doUpdate(Array, Array)
#6 C:\xampp\htdocs\ocake\ocake\system\Model.php(693): CodeIgniter\BaseModel->update(Array, Array)
#7 C:\xampp\htdocs\ocake\ocake\app\Controllers\PosController.php(56): CodeIgniter\Model->update('54', Array)
#8 C:\xampp\htdocs\ocake\ocake\system\CodeIgniter.php(927): App\Controllers\PosController->updateTransStat()
#9 C:\xampp\htdocs\ocake\ocake\system\CodeIgniter.php(482): CodeIgniter\CodeIgniter->runController(Object(App\Controllers\PosController))
#10 C:\xampp\htdocs\ocake\ocake\system\CodeIgniter.php(351): CodeIgniter\CodeIgniter->handleRequest(NULL, Object(Config\Cache), false)
#11 C:\xampp\htdocs\ocake\index.php(67): CodeIgniter\CodeIgniter->run()
#12 {main}
ERROR - 2023-05-17 00:43:34 --> mysqli_sql_exception: Unknown column 'pos.id' in 'where clause' in C:\xampp\htdocs\ocake\ocake\system\Database\MySQLi\Connection.php:292
Stack trace:
#0 C:\xampp\htdocs\ocake\ocake\system\Database\MySQLi\Connection.php(292): mysqli->query('UPDATE `pos` SE...', 0)
#1 C:\xampp\htdocs\ocake\ocake\system\Database\BaseConnection.php(666): CodeIgniter\Database\MySQLi\Connection->execute('UPDATE `pos` SE...')
#2 C:\xampp\htdocs\ocake\ocake\system\Database\BaseConnection.php(593): CodeIgniter\Database\BaseConnection->simpleQuery('UPDATE `pos` SE...')
#3 C:\xampp\htdocs\ocake\ocake\system\Database\BaseBuilder.php(2079): CodeIgniter\Database\BaseConnection->query('UPDATE `pos` SE...', Array, false)
#4 C:\xampp\htdocs\ocake\ocake\system\Model.php(338): CodeIgniter\Database\BaseBuilder->update()
#5 C:\xampp\htdocs\ocake\ocake\system\BaseModel.php(886): CodeIgniter\Model->doUpdate(Array, Array)
#6 C:\xampp\htdocs\ocake\ocake\system\Model.php(693): CodeIgniter\BaseModel->update(Array, Array)
#7 C:\xampp\htdocs\ocake\ocake\app\Controllers\PosController.php(56): CodeIgniter\Model->update('54', Array)
#8 C:\xampp\htdocs\ocake\ocake\system\CodeIgniter.php(927): App\Controllers\PosController->updateTransStat()
#9 C:\xampp\htdocs\ocake\ocake\system\CodeIgniter.php(482): CodeIgniter\CodeIgniter->runController(Object(App\Controllers\PosController))
#10 C:\xampp\htdocs\ocake\ocake\system\CodeIgniter.php(351): CodeIgniter\CodeIgniter->handleRequest(NULL, Object(Config\Cache), false)
#11 C:\xampp\htdocs\ocake\index.php(67): CodeIgniter\CodeIgniter->run()
#12 {main}
ERROR - 2023-05-17 00:45:41 --> mysqli_sql_exception: Unknown column 'pos.id' in 'where clause' in C:\xampp\htdocs\ocake\ocake\system\Database\MySQLi\Connection.php:292
Stack trace:
#0 C:\xampp\htdocs\ocake\ocake\system\Database\MySQLi\Connection.php(292): mysqli->query('UPDATE `pos` SE...', 0)
#1 C:\xampp\htdocs\ocake\ocake\system\Database\BaseConnection.php(666): CodeIgniter\Database\MySQLi\Connection->execute('UPDATE `pos` SE...')
#2 C:\xampp\htdocs\ocake\ocake\system\Database\BaseConnection.php(593): CodeIgniter\Database\BaseConnection->simpleQuery('UPDATE `pos` SE...')
#3 C:\xampp\htdocs\ocake\ocake\system\Database\BaseBuilder.php(2079): CodeIgniter\Database\BaseConnection->query('UPDATE `pos` SE...', Array, false)
#4 C:\xampp\htdocs\ocake\ocake\system\Model.php(338): CodeIgniter\Database\BaseBuilder->update()
#5 C:\xampp\htdocs\ocake\ocake\system\BaseModel.php(886): CodeIgniter\Model->doUpdate(Array, Array)
#6 C:\xampp\htdocs\ocake\ocake\system\Model.php(693): CodeIgniter\BaseModel->update(Array, Array)
#7 C:\xampp\htdocs\ocake\ocake\app\Controllers\PosController.php(56): CodeIgniter\Model->update(54, Array)
#8 C:\xampp\htdocs\ocake\ocake\system\CodeIgniter.php(927): App\Controllers\PosController->updateTransStat()
#9 C:\xampp\htdocs\ocake\ocake\system\CodeIgniter.php(482): CodeIgniter\CodeIgniter->runController(Object(App\Controllers\PosController))
#10 C:\xampp\htdocs\ocake\ocake\system\CodeIgniter.php(351): CodeIgniter\CodeIgniter->handleRequest(NULL, Object(Config\Cache), false)
#11 C:\xampp\htdocs\ocake\index.php(67): CodeIgniter\CodeIgniter->run()
#12 {main}
ERROR - 2023-05-17 00:49:00 --> mysqli_sql_exception: Unknown column 'pos.id' in 'where clause' in C:\xampp\htdocs\ocake\ocake\system\Database\MySQLi\Connection.php:292
Stack trace:
#0 C:\xampp\htdocs\ocake\ocake\system\Database\MySQLi\Connection.php(292): mysqli->query('UPDATE `pos` SE...', 0)
#1 C:\xampp\htdocs\ocake\ocake\system\Database\BaseConnection.php(666): CodeIgniter\Database\MySQLi\Connection->execute('UPDATE `pos` SE...')
#2 C:\xampp\htdocs\ocake\ocake\system\Database\BaseConnection.php(593): CodeIgniter\Database\BaseConnection->simpleQuery('UPDATE `pos` SE...')
#3 C:\xampp\htdocs\ocake\ocake\system\Database\BaseBuilder.php(2079): CodeIgniter\Database\BaseConnection->query('UPDATE `pos` SE...', Array, false)
#4 C:\xampp\htdocs\ocake\ocake\system\Model.php(338): CodeIgniter\Database\BaseBuilder->update()
#5 C:\xampp\htdocs\ocake\ocake\system\BaseModel.php(886): CodeIgniter\Model->doUpdate(Array, Array)
#6 C:\xampp\htdocs\ocake\ocake\system\Model.php(693): CodeIgniter\BaseModel->update(Array, Array)
#7 C:\xampp\htdocs\ocake\ocake\app\Controllers\PosController.php(56): CodeIgniter\Model->update(54, Array)
#8 C:\xampp\htdocs\ocake\ocake\system\CodeIgniter.php(927): App\Controllers\PosController->updateTransStat()
#9 C:\xampp\htdocs\ocake\ocake\system\CodeIgniter.php(482): CodeIgniter\CodeIgniter->runController(Object(App\Controllers\PosController))
#10 C:\xampp\htdocs\ocake\ocake\system\CodeIgniter.php(351): CodeIgniter\CodeIgniter->handleRequest(NULL, Object(Config\Cache), false)
#11 C:\xampp\htdocs\ocake\index.php(67): CodeIgniter\CodeIgniter->run()
#12 {main}
ERROR - 2023-05-17 00:49:53 --> mysqli_sql_exception: Unknown column 'pos.id' in 'where clause' in C:\xampp\htdocs\ocake\ocake\system\Database\MySQLi\Connection.php:292
Stack trace:
#0 C:\xampp\htdocs\ocake\ocake\system\Database\MySQLi\Connection.php(292): mysqli->query('UPDATE `pos` SE...', 0)
#1 C:\xampp\htdocs\ocake\ocake\system\Database\BaseConnection.php(666): CodeIgniter\Database\MySQLi\Connection->execute('UPDATE `pos` SE...')
#2 C:\xampp\htdocs\ocake\ocake\system\Database\BaseConnection.php(593): CodeIgniter\Database\BaseConnection->simpleQuery('UPDATE `pos` SE...')
#3 C:\xampp\htdocs\ocake\ocake\system\Database\BaseBuilder.php(2079): CodeIgniter\Database\BaseConnection->query('UPDATE `pos` SE...', Array, false)
#4 C:\xampp\htdocs\ocake\ocake\system\Model.php(338): CodeIgniter\Database\BaseBuilder->update()
#5 C:\xampp\htdocs\ocake\ocake\system\BaseModel.php(886): CodeIgniter\Model->doUpdate(Array, Array)
#6 C:\xampp\htdocs\ocake\ocake\system\Model.php(693): CodeIgniter\BaseModel->update(Array, Array)
#7 C:\xampp\htdocs\ocake\ocake\app\Controllers\PosController.php(56): CodeIgniter\Model->update(54, Array)
#8 C:\xampp\htdocs\ocake\ocake\system\CodeIgniter.php(927): App\Controllers\PosController->updateTransStat()
#9 C:\xampp\htdocs\ocake\ocake\system\CodeIgniter.php(482): CodeIgniter\CodeIgniter->runController(Object(App\Controllers\PosController))
#10 C:\xampp\htdocs\ocake\ocake\system\CodeIgniter.php(351): CodeIgniter\CodeIgniter->handleRequest(NULL, Object(Config\Cache), false)
#11 C:\xampp\htdocs\ocake\index.php(67): CodeIgniter\CodeIgniter->run()
#12 {main}
ERROR - 2023-05-17 00:50:27 --> mysqli_sql_exception: Unknown column 'pos.id' in 'where clause' in C:\xampp\htdocs\ocake\ocake\system\Database\MySQLi\Connection.php:292
Stack trace:
#0 C:\xampp\htdocs\ocake\ocake\system\Database\MySQLi\Connection.php(292): mysqli->query('UPDATE `pos` SE...', 0)
#1 C:\xampp\htdocs\ocake\ocake\system\Database\BaseConnection.php(666): CodeIgniter\Database\MySQLi\Connection->execute('UPDATE `pos` SE...')
#2 C:\xampp\htdocs\ocake\ocake\system\Database\BaseConnection.php(593): CodeIgniter\Database\BaseConnection->simpleQuery('UPDATE `pos` SE...')
#3 C:\xampp\htdocs\ocake\ocake\system\Database\BaseBuilder.php(2079): CodeIgniter\Database\BaseConnection->query('UPDATE `pos` SE...', Array, false)
#4 C:\xampp\htdocs\ocake\ocake\system\Model.php(338): CodeIgniter\Database\BaseBuilder->update()
#5 C:\xampp\htdocs\ocake\ocake\system\BaseModel.php(886): CodeIgniter\Model->doUpdate(Array, Array)
#6 C:\xampp\htdocs\ocake\ocake\system\Model.php(693): CodeIgniter\BaseModel->update(Array, Array)
#7 C:\xampp\htdocs\ocake\ocake\app\Controllers\PosController.php(56): CodeIgniter\Model->update(54, Array)
#8 C:\xampp\htdocs\ocake\ocake\system\CodeIgniter.php(927): App\Controllers\PosController->updateTransStat()
#9 C:\xampp\htdocs\ocake\ocake\system\CodeIgniter.php(482): CodeIgniter\CodeIgniter->runController(Object(App\Controllers\PosController))
#10 C:\xampp\htdocs\ocake\ocake\system\CodeIgniter.php(351): CodeIgniter\CodeIgniter->handleRequest(NULL, Object(Config\Cache), false)
#11 C:\xampp\htdocs\ocake\index.php(67): CodeIgniter\CodeIgniter->run()
#12 {main}
ERROR - 2023-05-17 00:51:57 --> mysqli_sql_exception: Unknown column 'pos.id' in 'where clause' in C:\xampp\htdocs\ocake\ocake\system\Database\MySQLi\Connection.php:292
Stack trace:
#0 C:\xampp\htdocs\ocake\ocake\system\Database\MySQLi\Connection.php(292): mysqli->query('UPDATE `pos` SE...', 0)
#1 C:\xampp\htdocs\ocake\ocake\system\Database\BaseConnection.php(666): CodeIgniter\Database\MySQLi\Connection->execute('UPDATE `pos` SE...')
#2 C:\xampp\htdocs\ocake\ocake\system\Database\BaseConnection.php(593): CodeIgniter\Database\BaseConnection->simpleQuery('UPDATE `pos` SE...')
#3 C:\xampp\htdocs\ocake\ocake\system\Database\BaseBuilder.php(2079): CodeIgniter\Database\BaseConnection->query('UPDATE `pos` SE...', Array, false)
#4 C:\xampp\htdocs\ocake\ocake\system\Model.php(338): CodeIgniter\Database\BaseBuilder->update()
#5 C:\xampp\htdocs\ocake\ocake\system\BaseModel.php(886): CodeIgniter\Model->doUpdate(Array, Array)
#6 C:\xampp\htdocs\ocake\ocake\system\Model.php(693): CodeIgniter\BaseModel->update(Array, Array)
#7 C:\xampp\htdocs\ocake\ocake\app\Controllers\PosController.php(56): CodeIgniter\Model->update(54, Array)
#8 C:\xampp\htdocs\ocake\ocake\system\CodeIgniter.php(927): App\Controllers\PosController->updateTransStat()
#9 C:\xampp\htdocs\ocake\ocake\system\CodeIgniter.php(482): CodeIgniter\CodeIgniter->runController(Object(App\Controllers\PosController))
#10 C:\xampp\htdocs\ocake\ocake\system\CodeIgniter.php(351): CodeIgniter\CodeIgniter->handleRequest(NULL, Object(Config\Cache), false)
#11 C:\xampp\htdocs\ocake\index.php(67): CodeIgniter\CodeIgniter->run()
#12 {main}
ERROR - 2023-05-17 00:56:03 --> mysqli_sql_exception: Unknown column 'pos.id' in 'where clause' in C:\xampp\htdocs\ocake\ocake\system\Database\MySQLi\Connection.php:292
Stack trace:
#0 C:\xampp\htdocs\ocake\ocake\system\Database\MySQLi\Connection.php(292): mysqli->query('UPDATE `pos` SE...', 0)
#1 C:\xampp\htdocs\ocake\ocake\system\Database\BaseConnection.php(666): CodeIgniter\Database\MySQLi\Connection->execute('UPDATE `pos` SE...')
#2 C:\xampp\htdocs\ocake\ocake\system\Database\BaseConnection.php(593): CodeIgniter\Database\BaseConnection->simpleQuery('UPDATE `pos` SE...')
#3 C:\xampp\htdocs\ocake\ocake\system\Database\BaseBuilder.php(2079): CodeIgniter\Database\BaseConnection->query('UPDATE `pos` SE...', Array, false)
#4 C:\xampp\htdocs\ocake\ocake\system\Model.php(338): CodeIgniter\Database\BaseBuilder->update()
#5 C:\xampp\htdocs\ocake\ocake\system\BaseModel.php(886): CodeIgniter\Model->doUpdate(Array, Array)
#6 C:\xampp\htdocs\ocake\ocake\system\Model.php(693): CodeIgniter\BaseModel->update(Array, Array)
#7 C:\xampp\htdocs\ocake\ocake\app\Controllers\PosController.php(56): CodeIgniter\Model->update(54, Array)
#8 C:\xampp\htdocs\ocake\ocake\system\CodeIgniter.php(927): App\Controllers\PosController->updateTransStat()
#9 C:\xampp\htdocs\ocake\ocake\system\CodeIgniter.php(482): CodeIgniter\CodeIgniter->runController(Object(App\Controllers\PosController))
#10 C:\xampp\htdocs\ocake\ocake\system\CodeIgniter.php(351): CodeIgniter\CodeIgniter->handleRequest(NULL, Object(Config\Cache), false)
#11 C:\xampp\htdocs\ocake\index.php(67): CodeIgniter\CodeIgniter->run()
#12 {main}
ERROR - 2023-05-17 00:56:48 --> mysqli_sql_exception: Unknown column 'pos.id' in 'where clause' in C:\xampp\htdocs\ocake\ocake\system\Database\MySQLi\Connection.php:292
Stack trace:
#0 C:\xampp\htdocs\ocake\ocake\system\Database\MySQLi\Connection.php(292): mysqli->query('UPDATE `pos` SE...', 0)
#1 C:\xampp\htdocs\ocake\ocake\system\Database\BaseConnection.php(666): CodeIgniter\Database\MySQLi\Connection->execute('UPDATE `pos` SE...')
#2 C:\xampp\htdocs\ocake\ocake\system\Database\BaseConnection.php(593): CodeIgniter\Database\BaseConnection->simpleQuery('UPDATE `pos` SE...')
#3 C:\xampp\htdocs\ocake\ocake\system\Database\BaseBuilder.php(2079): CodeIgniter\Database\BaseConnection->query('UPDATE `pos` SE...', Array, false)
#4 C:\xampp\htdocs\ocake\ocake\system\Model.php(338): CodeIgniter\Database\BaseBuilder->update()
#5 C:\xampp\htdocs\ocake\ocake\system\BaseModel.php(886): CodeIgniter\Model->doUpdate(Array, Array)
#6 C:\xampp\htdocs\ocake\ocake\system\Model.php(693): CodeIgniter\BaseModel->update(Array, Array)
#7 C:\xampp\htdocs\ocake\ocake\app\Controllers\PosController.php(56): CodeIgniter\Model->update(54, Array)
#8 C:\xampp\htdocs\ocake\ocake\system\CodeIgniter.php(927): App\Controllers\PosController->updateTransStat()
#9 C:\xampp\htdocs\ocake\ocake\system\CodeIgniter.php(482): CodeIgniter\CodeIgniter->runController(Object(App\Controllers\PosController))
#10 C:\xampp\htdocs\ocake\ocake\system\CodeIgniter.php(351): CodeIgniter\CodeIgniter->handleRequest(NULL, Object(Config\Cache), false)
#11 C:\xampp\htdocs\ocake\index.php(67): CodeIgniter\CodeIgniter->run()
#12 {main}
CRITICAL - 2023-05-17 03:09:12 --> Undefined variable: finalcode
in APPPATH\Views\admin\pos.php on line 97.
 1 APPPATH\Views\admin\pos.php(97): CodeIgniter\Debug\Exceptions->errorHandler(8, 'Undefined variable: finalcode', 'APPPATH\\Views\\admin\\pos.php', 97, [...])
 2 SYSTEMPATH\View\View.php(213): include('APPPATH\\Views\\admin\\pos.php')
 3 SYSTEMPATH\View\View.php(216): CodeIgniter\View\View->CodeIgniter\View\{closure}()
 4 SYSTEMPATH\Common.php(1134): CodeIgniter\View\View->render('admin/pos', [], true)
 5 APPPATH\Controllers\PosController.php(142): view('admin/pos', [...])
 6 SYSTEMPATH\CodeIgniter.php(927): App\Controllers\PosController->index()
 7 SYSTEMPATH\CodeIgniter.php(482): CodeIgniter\CodeIgniter->runController(Object(App\Controllers\PosController))
 8 SYSTEMPATH\CodeIgniter.php(351): CodeIgniter\CodeIgniter->handleRequest(null, Object(Config\Cache), false)
 9 FCPATH\index.php(67): CodeIgniter\CodeIgniter->run()
CRITICAL - 2023-05-17 03:10:07 --> Undefined variable: finalcode
in APPPATH\Views\admin\pos.php on line 97.
 1 APPPATH\Views\admin\pos.php(97): CodeIgniter\Debug\Exceptions->errorHandler(8, 'Undefined variable: finalcode', 'APPPATH\\Views\\admin\\pos.php', 97, [...])
 2 SYSTEMPATH\View\View.php(213): include('APPPATH\\Views\\admin\\pos.php')
 3 SYSTEMPATH\View\View.php(216): CodeIgniter\View\View->CodeIgniter\View\{closure}()
 4 SYSTEMPATH\Common.php(1134): CodeIgniter\View\View->render('admin/pos', [], true)
 5 APPPATH\Controllers\PosController.php(142): view('admin/pos', [...])
 6 SYSTEMPATH\CodeIgniter.php(927): App\Controllers\PosController->index()
 7 SYSTEMPATH\CodeIgniter.php(482): CodeIgniter\CodeIgniter->runController(Object(App\Controllers\PosController))
 8 SYSTEMPATH\CodeIgniter.php(351): CodeIgniter\CodeIgniter->handleRequest(null, Object(Config\Cache), false)
 9 FCPATH\index.php(67): CodeIgniter\CodeIgniter->run()
CRITICAL - 2023-05-17 03:11:18 --> Undefined index: finalcode
in APPPATH\Views\admin\pos.php on line 97.
 1 APPPATH\Views\admin\pos.php(97): CodeIgniter\Debug\Exceptions->errorHandler(8, 'Undefined index: finalcode', 'APPPATH\\Views\\admin\\pos.php', 97, [...])
 2 SYSTEMPATH\View\View.php(213): include('APPPATH\\Views\\admin\\pos.php')
 3 SYSTEMPATH\View\View.php(216): CodeIgniter\View\View->CodeIgniter\View\{closure}()
 4 SYSTEMPATH\Common.php(1134): CodeIgniter\View\View->render('admin/pos', [], true)
 5 APPPATH\Controllers\PosController.php(142): view('admin/pos', [...])
 6 SYSTEMPATH\CodeIgniter.php(927): App\Controllers\PosController->index()
 7 SYSTEMPATH\CodeIgniter.php(482): CodeIgniter\CodeIgniter->runController(Object(App\Controllers\PosController))
 8 SYSTEMPATH\CodeIgniter.php(351): CodeIgniter\CodeIgniter->handleRequest(null, Object(Config\Cache), false)
 9 FCPATH\index.php(67): CodeIgniter\CodeIgniter->run()
