CRITICAL - 2022-12-28 05:38:14 --> Undefined variable: custom_layer
in APPPATH\Views\user\cop.php on line 12.
 1 APPPATH\Views\user\cop.php(12): CodeIgniter\Debug\Exceptions->errorHandler(8, 'Undefined variable: custom_layer', 'APPPATH\\Views\\user\\cop.php', 12, [...])
 2 SYSTEMPATH\View\View.php(213): include('APPPATH\\Views\\user\\cop.php')
 3 SYSTEMPATH\View\View.php(216): CodeIgniter\View\View->CodeIgniter\View\{closure}()
 4 SYSTEMPATH\Common.php(1134): CodeIgniter\View\View->render('user/cop', [], true)
 5 APPPATH\Controllers\User.php(462): view('user/cop', [...])
 6 SYSTEMPATH\CodeIgniter.php(927): App\Controllers\User->cop()
 7 SYSTEMPATH\CodeIgniter.php(482): CodeIgniter\CodeIgniter->runController(Object(App\Controllers\User))
 8 SYSTEMPATH\CodeIgniter.php(351): CodeIgniter\CodeIgniter->handleRequest(null, Object(Config\Cache), false)
 9 FCPATH\index.php(67): CodeIgniter\CodeIgniter->run()
CRITICAL - 2022-12-28 08:59:18 --> Call to undefined function set_value()
in APPPATH\Views\user\cop.php on line 9.
 1 SYSTEMPATH\View\View.php(213): include()
 2 SYSTEMPATH\View\View.php(216): CodeIgniter\View\View->CodeIgniter\View\{closure}()
 3 SYSTEMPATH\Common.php(1134): CodeIgniter\View\View->render('user/cop', [], true)
 4 APPPATH\Controllers\User.php(457): view('user/cop', [...])
 5 SYSTEMPATH\CodeIgniter.php(927): App\Controllers\User->cop()
 6 SYSTEMPATH\CodeIgniter.php(482): CodeIgniter\CodeIgniter->runController(Object(App\Controllers\User))
 7 SYSTEMPATH\CodeIgniter.php(351): CodeIgniter\CodeIgniter->handleRequest(null, Object(Config\Cache), false)
 8 FCPATH\index.php(67): CodeIgniter\CodeIgniter->run()
CRITICAL - 2022-12-28 09:03:18 --> Undefined variable: custom_layer
in APPPATH\Views\user\cop.php on line 11.
 1 APPPATH\Views\user\cop.php(11): CodeIgniter\Debug\Exceptions->errorHandler(8, 'Undefined variable: custom_layer', 'APPPATH\\Views\\user\\cop.php', 11, [...])
 2 SYSTEMPATH\View\View.php(213): include('APPPATH\\Views\\user\\cop.php')
 3 SYSTEMPATH\View\View.php(216): CodeIgniter\View\View->CodeIgniter\View\{closure}()
 4 SYSTEMPATH\Common.php(1134): CodeIgniter\View\View->render('user/cop', [], true)
 5 APPPATH\Controllers\User.php(457): view('user/cop', [...])
 6 SYSTEMPATH\CodeIgniter.php(927): App\Controllers\User->cop()
 7 SYSTEMPATH\CodeIgniter.php(482): CodeIgniter\CodeIgniter->runController(Object(App\Controllers\User))
 8 SYSTEMPATH\CodeIgniter.php(351): CodeIgniter\CodeIgniter->handleRequest(null, Object(Config\Cache), false)
 9 FCPATH\index.php(67): CodeIgniter\CodeIgniter->run()
CRITICAL - 2022-12-28 21:34:56 --> Undefined variable: data
in APPPATH\Views\admin\design.php on line 82.
 1 APPPATH\Views\admin\design.php(82): CodeIgniter\Debug\Exceptions->errorHandler(8, 'Undefined variable: data', 'APPPATH\\Views\\admin\\design.php', 82, [...])
 2 SYSTEMPATH\View\View.php(213): include('APPPATH\\Views\\admin\\design.php')
 3 SYSTEMPATH\View\View.php(216): CodeIgniter\View\View->CodeIgniter\View\{closure}()
 4 SYSTEMPATH\Common.php(1134): CodeIgniter\View\View->render('admin/design', [], true)
 5 APPPATH\Controllers\CustomizationController.php(190): view('admin/design', [...])
 6 SYSTEMPATH\CodeIgniter.php(927): App\Controllers\CustomizationController->design()
 7 SYSTEMPATH\CodeIgniter.php(482): CodeIgniter\CodeIgniter->runController(Object(App\Controllers\CustomizationController))
 8 SYSTEMPATH\CodeIgniter.php(351): CodeIgniter\CodeIgniter->handleRequest(null, Object(Config\Cache), false)
 9 FCPATH\index.php(67): CodeIgniter\CodeIgniter->run()
CRITICAL - 2022-12-28 21:37:39 --> Undefined variable: custom_layer
in APPPATH\Views\admin\design.php on line 84.
 1 APPPATH\Views\admin\design.php(84): CodeIgniter\Debug\Exceptions->errorHandler(8, 'Undefined variable: custom_layer', 'APPPATH\\Views\\admin\\design.php', 84, [...])
 2 SYSTEMPATH\View\View.php(213): include('APPPATH\\Views\\admin\\design.php')
 3 SYSTEMPATH\View\View.php(216): CodeIgniter\View\View->CodeIgniter\View\{closure}()
 4 SYSTEMPATH\Common.php(1134): CodeIgniter\View\View->render('admin/design', [], true)
 5 APPPATH\Controllers\CustomizationController.php(190): view('admin/design', [...])
 6 SYSTEMPATH\CodeIgniter.php(927): App\Controllers\CustomizationController->design()
 7 SYSTEMPATH\CodeIgniter.php(482): CodeIgniter\CodeIgniter->runController(Object(App\Controllers\CustomizationController))
 8 SYSTEMPATH\CodeIgniter.php(351): CodeIgniter\CodeIgniter->handleRequest(null, Object(Config\Cache), false)
 9 FCPATH\index.php(67): CodeIgniter\CodeIgniter->run()
CRITICAL - 2022-12-28 21:38:47 --> Undefined variable: custom_layer
in APPPATH\Views\admin\design.php on line 84.
 1 APPPATH\Views\admin\design.php(84): CodeIgniter\Debug\Exceptions->errorHandler(8, 'Undefined variable: custom_layer', 'APPPATH\\Views\\admin\\design.php', 84, [...])
 2 SYSTEMPATH\View\View.php(213): include('APPPATH\\Views\\admin\\design.php')
 3 SYSTEMPATH\View\View.php(216): CodeIgniter\View\View->CodeIgniter\View\{closure}()
 4 SYSTEMPATH\Common.php(1134): CodeIgniter\View\View->render('admin/design', [], true)
 5 APPPATH\Controllers\CustomizationController.php(190): view('admin/design', [...])
 6 SYSTEMPATH\CodeIgniter.php(927): App\Controllers\CustomizationController->design()
 7 SYSTEMPATH\CodeIgniter.php(482): CodeIgniter\CodeIgniter->runController(Object(App\Controllers\CustomizationController))
 8 SYSTEMPATH\CodeIgniter.php(351): CodeIgniter\CodeIgniter->handleRequest(null, Object(Config\Cache), false)
 9 FCPATH\index.php(67): CodeIgniter\CodeIgniter->run()
CRITICAL - 2022-12-28 21:39:19 --> Undefined variable: custom_layer
in APPPATH\Views\admin\design.php on line 84.
 1 APPPATH\Views\admin\design.php(84): CodeIgniter\Debug\Exceptions->errorHandler(8, 'Undefined variable: custom_layer', 'APPPATH\\Views\\admin\\design.php', 84, [...])
 2 SYSTEMPATH\View\View.php(213): include('APPPATH\\Views\\admin\\design.php')
 3 SYSTEMPATH\View\View.php(216): CodeIgniter\View\View->CodeIgniter\View\{closure}()
 4 SYSTEMPATH\Common.php(1134): CodeIgniter\View\View->render('admin/design', [...], true)
 5 APPPATH\Controllers\CustomizationController.php(190): view('admin/design', [...], [...])
 6 SYSTEMPATH\CodeIgniter.php(927): App\Controllers\CustomizationController->design()
 7 SYSTEMPATH\CodeIgniter.php(482): CodeIgniter\CodeIgniter->runController(Object(App\Controllers\CustomizationController))
 8 SYSTEMPATH\CodeIgniter.php(351): CodeIgniter\CodeIgniter->handleRequest(null, Object(Config\Cache), false)
 9 FCPATH\index.php(67): CodeIgniter\CodeIgniter->run()
CRITICAL - 2022-12-28 21:40:06 --> Undefined property: stdClass::$color
in APPPATH\Views\admin\design.php on line 258.
 1 APPPATH\Views\admin\design.php(258): CodeIgniter\Debug\Exceptions->errorHandler(8, 'Undefined property: stdClass::$color', 'APPPATH\\Views\\admin\\design.php', 258, [...])
 2 SYSTEMPATH\View\View.php(213): include('APPPATH\\Views\\admin\\design.php')
 3 SYSTEMPATH\View\View.php(216): CodeIgniter\View\View->CodeIgniter\View\{closure}()
 4 SYSTEMPATH\Common.php(1134): CodeIgniter\View\View->render('admin/design', [], true)
 5 APPPATH\Controllers\CustomizationController.php(190): view('admin/design', [...])
 6 SYSTEMPATH\CodeIgniter.php(927): App\Controllers\CustomizationController->design()
 7 SYSTEMPATH\CodeIgniter.php(482): CodeIgniter\CodeIgniter->runController(Object(App\Controllers\CustomizationController))
 8 SYSTEMPATH\CodeIgniter.php(351): CodeIgniter\CodeIgniter->handleRequest(null, Object(Config\Cache), false)
 9 FCPATH\index.php(67): CodeIgniter\CodeIgniter->run()
CRITICAL - 2022-12-28 21:49:41 --> Undefined property: stdClass::$price
in APPPATH\Views\admin\design.php on line 282.
 1 APPPATH\Views\admin\design.php(282): CodeIgniter\Debug\Exceptions->errorHandler(8, 'Undefined property: stdClass::$price', 'APPPATH\\Views\\admin\\design.php', 282, [...])
 2 SYSTEMPATH\View\View.php(213): include('APPPATH\\Views\\admin\\design.php')
 3 SYSTEMPATH\View\View.php(216): CodeIgniter\View\View->CodeIgniter\View\{closure}()
 4 SYSTEMPATH\Common.php(1134): CodeIgniter\View\View->render('admin/design', [], true)
 5 APPPATH\Controllers\CustomizationController.php(190): view('admin/design', [...])
 6 SYSTEMPATH\CodeIgniter.php(927): App\Controllers\CustomizationController->design()
 7 SYSTEMPATH\CodeIgniter.php(482): CodeIgniter\CodeIgniter->runController(Object(App\Controllers\CustomizationController))
 8 SYSTEMPATH\CodeIgniter.php(351): CodeIgniter\CodeIgniter->handleRequest(null, Object(Config\Cache), false)
 9 FCPATH\index.php(67): CodeIgniter\CodeIgniter->run()
CRITICAL - 2022-12-28 21:50:44 --> Undefined property: stdClass::$price
in APPPATH\Views\admin\design.php on line 282.
 1 APPPATH\Views\admin\design.php(282): CodeIgniter\Debug\Exceptions->errorHandler(8, 'Undefined property: stdClass::$price', 'APPPATH\\Views\\admin\\design.php', 282, [...])
 2 SYSTEMPATH\View\View.php(213): include('APPPATH\\Views\\admin\\design.php')
 3 SYSTEMPATH\View\View.php(216): CodeIgniter\View\View->CodeIgniter\View\{closure}()
 4 SYSTEMPATH\Common.php(1134): CodeIgniter\View\View->render('admin/design', [], true)
 5 APPPATH\Controllers\CustomizationController.php(190): view('admin/design', [...])
 6 SYSTEMPATH\CodeIgniter.php(927): App\Controllers\CustomizationController->design()
 7 SYSTEMPATH\CodeIgniter.php(482): CodeIgniter\CodeIgniter->runController(Object(App\Controllers\CustomizationController))
 8 SYSTEMPATH\CodeIgniter.php(351): CodeIgniter\CodeIgniter->handleRequest(null, Object(Config\Cache), false)
 9 FCPATH\index.php(67): CodeIgniter\CodeIgniter->run()
CRITICAL - 2022-12-28 21:53:31 --> Undefined property: stdClass::$price
in APPPATH\Views\admin\design.php on line 282.
 1 APPPATH\Views\admin\design.php(282): CodeIgniter\Debug\Exceptions->errorHandler(8, 'Undefined property: stdClass::$price', 'APPPATH\\Views\\admin\\design.php', 282, [...])
 2 SYSTEMPATH\View\View.php(213): include('APPPATH\\Views\\admin\\design.php')
 3 SYSTEMPATH\View\View.php(216): CodeIgniter\View\View->CodeIgniter\View\{closure}()
 4 SYSTEMPATH\Common.php(1134): CodeIgniter\View\View->render('admin/design', [], true)
 5 APPPATH\Controllers\CustomizationController.php(190): view('admin/design', [...])
 6 SYSTEMPATH\CodeIgniter.php(927): App\Controllers\CustomizationController->design()
 7 SYSTEMPATH\CodeIgniter.php(482): CodeIgniter\CodeIgniter->runController(Object(App\Controllers\CustomizationController))
 8 SYSTEMPATH\CodeIgniter.php(351): CodeIgniter\CodeIgniter->handleRequest(null, Object(Config\Cache), false)
 9 FCPATH\index.php(67): CodeIgniter\CodeIgniter->run()
CRITICAL - 2022-12-28 21:55:25 --> Undefined property: stdClass::$price
in APPPATH\Views\admin\design.php on line 282.
 1 APPPATH\Views\admin\design.php(282): CodeIgniter\Debug\Exceptions->errorHandler(8, 'Undefined property: stdClass::$price', 'APPPATH\\Views\\admin\\design.php', 282, [...])
 2 SYSTEMPATH\View\View.php(213): include('APPPATH\\Views\\admin\\design.php')
 3 SYSTEMPATH\View\View.php(216): CodeIgniter\View\View->CodeIgniter\View\{closure}()
 4 SYSTEMPATH\Common.php(1134): CodeIgniter\View\View->render('admin/design', [], true)
 5 APPPATH\Controllers\CustomizationController.php(190): view('admin/design', [...])
 6 SYSTEMPATH\CodeIgniter.php(927): App\Controllers\CustomizationController->design()
 7 SYSTEMPATH\CodeIgniter.php(482): CodeIgniter\CodeIgniter->runController(Object(App\Controllers\CustomizationController))
 8 SYSTEMPATH\CodeIgniter.php(351): CodeIgniter\CodeIgniter->handleRequest(null, Object(Config\Cache), false)
 9 FCPATH\index.php(67): CodeIgniter\CodeIgniter->run()
CRITICAL - 2022-12-28 21:56:15 --> Undefined property: stdClass::$image
in APPPATH\Views\admin\design.php on line 293.
 1 APPPATH\Views\admin\design.php(293): CodeIgniter\Debug\Exceptions->errorHandler(8, 'Undefined property: stdClass::$image', 'APPPATH\\Views\\admin\\design.php', 293, [...])
 2 SYSTEMPATH\View\View.php(213): include('APPPATH\\Views\\admin\\design.php')
 3 SYSTEMPATH\View\View.php(216): CodeIgniter\View\View->CodeIgniter\View\{closure}()
 4 SYSTEMPATH\Common.php(1134): CodeIgniter\View\View->render('admin/design', [], true)
 5 APPPATH\Controllers\CustomizationController.php(190): view('admin/design', [...])
 6 SYSTEMPATH\CodeIgniter.php(927): App\Controllers\CustomizationController->design()
 7 SYSTEMPATH\CodeIgniter.php(482): CodeIgniter\CodeIgniter->runController(Object(App\Controllers\CustomizationController))
 8 SYSTEMPATH\CodeIgniter.php(351): CodeIgniter\CodeIgniter->handleRequest(null, Object(Config\Cache), false)
 9 FCPATH\index.php(67): CodeIgniter\CodeIgniter->run()
CRITICAL - 2022-12-28 21:59:53 --> Undefined property: stdClass::$design_id
in APPPATH\Views\admin\design.php on line 281.
 1 APPPATH\Views\admin\design.php(281): CodeIgniter\Debug\Exceptions->errorHandler(8, 'Undefined property: stdClass::$design_id', 'APPPATH\\Views\\admin\\design.php', 281, [...])
 2 SYSTEMPATH\View\View.php(213): include('APPPATH\\Views\\admin\\design.php')
 3 SYSTEMPATH\View\View.php(216): CodeIgniter\View\View->CodeIgniter\View\{closure}()
 4 SYSTEMPATH\Common.php(1134): CodeIgniter\View\View->render('admin/design', [], true)
 5 APPPATH\Controllers\CustomizationController.php(190): view('admin/design', [...])
 6 SYSTEMPATH\CodeIgniter.php(927): App\Controllers\CustomizationController->design()
 7 SYSTEMPATH\CodeIgniter.php(482): CodeIgniter\CodeIgniter->runController(Object(App\Controllers\CustomizationController))
 8 SYSTEMPATH\CodeIgniter.php(351): CodeIgniter\CodeIgniter->handleRequest(null, Object(Config\Cache), false)
 9 FCPATH\index.php(67): CodeIgniter\CodeIgniter->run()
CRITICAL - 2022-12-28 22:33:06 --> Undefined property: stdClass::$price
in APPPATH\Views\admin\design.php on line 282.
 1 APPPATH\Views\admin\design.php(282): CodeIgniter\Debug\Exceptions->errorHandler(8, 'Undefined property: stdClass::$price', 'APPPATH\\Views\\admin\\design.php', 282, [...])
 2 SYSTEMPATH\View\View.php(213): include('APPPATH\\Views\\admin\\design.php')
 3 SYSTEMPATH\View\View.php(216): CodeIgniter\View\View->CodeIgniter\View\{closure}()
 4 SYSTEMPATH\Common.php(1134): CodeIgniter\View\View->render('admin/design', [], true)
 5 APPPATH\Controllers\CustomizationController.php(190): view('admin/design', [...])
 6 SYSTEMPATH\CodeIgniter.php(927): App\Controllers\CustomizationController->design()
 7 SYSTEMPATH\CodeIgniter.php(482): CodeIgniter\CodeIgniter->runController(Object(App\Controllers\CustomizationController))
 8 SYSTEMPATH\CodeIgniter.php(351): CodeIgniter\CodeIgniter->handleRequest(null, Object(Config\Cache), false)
 9 FCPATH\index.php(67): CodeIgniter\CodeIgniter->run()
CRITICAL - 2022-12-28 22:41:39 --> Undefined property: stdClass::$price
in APPPATH\Views\admin\design.php on line 282.
 1 APPPATH\Views\admin\design.php(282): CodeIgniter\Debug\Exceptions->errorHandler(8, 'Undefined property: stdClass::$price', 'APPPATH\\Views\\admin\\design.php', 282, [...])
 2 SYSTEMPATH\View\View.php(213): include('APPPATH\\Views\\admin\\design.php')
 3 SYSTEMPATH\View\View.php(216): CodeIgniter\View\View->CodeIgniter\View\{closure}()
 4 SYSTEMPATH\Common.php(1134): CodeIgniter\View\View->render('admin/design', [], true)
 5 APPPATH\Controllers\CustomizationController.php(190): view('admin/design', [...])
 6 SYSTEMPATH\CodeIgniter.php(927): App\Controllers\CustomizationController->design()
 7 SYSTEMPATH\CodeIgniter.php(482): CodeIgniter\CodeIgniter->runController(Object(App\Controllers\CustomizationController))
 8 SYSTEMPATH\CodeIgniter.php(351): CodeIgniter\CodeIgniter->handleRequest(null, Object(Config\Cache), false)
 9 FCPATH\index.php(67): CodeIgniter\CodeIgniter->run()
CRITICAL - 2022-12-28 22:50:12 --> Undefined property: stdClass::$design_id
in APPPATH\Views\admin\design.php on line 325.
 1 APPPATH\Views\admin\design.php(325): CodeIgniter\Debug\Exceptions->errorHandler(8, 'Undefined property: stdClass::$design_id', 'APPPATH\\Views\\admin\\design.php', 325, [...])
 2 SYSTEMPATH\View\View.php(213): include('APPPATH\\Views\\admin\\design.php')
 3 SYSTEMPATH\View\View.php(216): CodeIgniter\View\View->CodeIgniter\View\{closure}()
 4 SYSTEMPATH\Common.php(1134): CodeIgniter\View\View->render('admin/design', [], true)
 5 APPPATH\Controllers\CustomizationController.php(190): view('admin/design', [...])
 6 SYSTEMPATH\CodeIgniter.php(927): App\Controllers\CustomizationController->design()
 7 SYSTEMPATH\CodeIgniter.php(482): CodeIgniter\CodeIgniter->runController(Object(App\Controllers\CustomizationController))
 8 SYSTEMPATH\CodeIgniter.php(351): CodeIgniter\CodeIgniter->handleRequest(null, Object(Config\Cache), false)
 9 FCPATH\index.php(67): CodeIgniter\CodeIgniter->run()
CRITICAL - 2022-12-28 22:57:49 --> Undefined property: stdClass::$design_id
in APPPATH\Views\admin\design.php on line 322.
 1 APPPATH\Views\admin\design.php(322): CodeIgniter\Debug\Exceptions->errorHandler(8, 'Undefined property: stdClass::$design_id', 'APPPATH\\Views\\admin\\design.php', 322, [...])
 2 SYSTEMPATH\View\View.php(213): include('APPPATH\\Views\\admin\\design.php')
 3 SYSTEMPATH\View\View.php(216): CodeIgniter\View\View->CodeIgniter\View\{closure}()
 4 SYSTEMPATH\Common.php(1134): CodeIgniter\View\View->render('admin/design', [], true)
 5 APPPATH\Controllers\CustomizationController.php(190): view('admin/design', [...])
 6 SYSTEMPATH\CodeIgniter.php(927): App\Controllers\CustomizationController->design()
 7 SYSTEMPATH\CodeIgniter.php(482): CodeIgniter\CodeIgniter->runController(Object(App\Controllers\CustomizationController))
 8 SYSTEMPATH\CodeIgniter.php(351): CodeIgniter\CodeIgniter->handleRequest(null, Object(Config\Cache), false)
 9 FCPATH\index.php(67): CodeIgniter\CodeIgniter->run()
CRITICAL - 2022-12-28 23:00:24 --> Invalid file: admin/customization/design.php
in SYSTEMPATH\Exceptions\FrameworkException.php on line 33.
 1 SYSTEMPATH\View\View.php(201): CodeIgniter\Exceptions\FrameworkException::forInvalidFile('admin/customization/design.php')
 2 SYSTEMPATH\Common.php(1134): CodeIgniter\View\View->render('admin/customization/design', [], true)
 3 APPPATH\Controllers\CustomizationController.php(209): view('admin/customization/design', [...])
 4 SYSTEMPATH\CodeIgniter.php(927): App\Controllers\CustomizationController->design_update('49', 'C:\\wamp64\\www\\ocake')
 5 SYSTEMPATH\CodeIgniter.php(482): CodeIgniter\CodeIgniter->runController(Object(App\Controllers\CustomizationController))
 6 SYSTEMPATH\CodeIgniter.php(351): CodeIgniter\CodeIgniter->handleRequest(null, Object(Config\Cache), false)
 7 FCPATH\index.php(67): CodeIgniter\CodeIgniter->run()
CRITICAL - 2022-12-28 23:04:29 --> Invalid file: admin/customization/design.php
in SYSTEMPATH\Exceptions\FrameworkException.php on line 33.
 1 SYSTEMPATH\View\View.php(201): CodeIgniter\Exceptions\FrameworkException::forInvalidFile('admin/customization/design.php')
 2 SYSTEMPATH\Common.php(1134): CodeIgniter\View\View->render('admin/customization/design', [], true)
 3 APPPATH\Controllers\CustomizationController.php(209): view('admin/customization/design', [...])
 4 SYSTEMPATH\CodeIgniter.php(927): App\Controllers\CustomizationController->design_update('49', 'C:\\wamp64\\www\\ocake')
 5 SYSTEMPATH\CodeIgniter.php(482): CodeIgniter\CodeIgniter->runController(Object(App\Controllers\CustomizationController))
 6 SYSTEMPATH\CodeIgniter.php(351): CodeIgniter\CodeIgniter->handleRequest(null, Object(Config\Cache), false)
 7 FCPATH\index.php(67): CodeIgniter\CodeIgniter->run()
CRITICAL - 2022-12-28 23:07:11 --> Invalid file: admin/customization/design.php
in SYSTEMPATH\Exceptions\FrameworkException.php on line 33.
 1 SYSTEMPATH\View\View.php(201): CodeIgniter\Exceptions\FrameworkException::forInvalidFile('admin/customization/design.php')
 2 SYSTEMPATH\Common.php(1134): CodeIgniter\View\View->render('admin/customization/design', [], true)
 3 APPPATH\Controllers\CustomizationController.php(209): view('admin/customization/design', [...])
 4 SYSTEMPATH\CodeIgniter.php(927): App\Controllers\CustomizationController->design_update('49', 'C:\\wamp64\\www\\ocake')
 5 SYSTEMPATH\CodeIgniter.php(482): CodeIgniter\CodeIgniter->runController(Object(App\Controllers\CustomizationController))
 6 SYSTEMPATH\CodeIgniter.php(351): CodeIgniter\CodeIgniter->handleRequest(null, Object(Config\Cache), false)
 7 FCPATH\index.php(67): CodeIgniter\CodeIgniter->run()
CRITICAL - 2022-12-28 23:15:02 --> Undefined property: stdClass::$layer
in APPPATH\Views\admin\design.php on line 282.
 1 APPPATH\Views\admin\design.php(282): CodeIgniter\Debug\Exceptions->errorHandler(8, 'Undefined property: stdClass::$layer', 'APPPATH\\Views\\admin\\design.php', 282, [...])
 2 SYSTEMPATH\View\View.php(213): include('APPPATH\\Views\\admin\\design.php')
 3 SYSTEMPATH\View\View.php(216): CodeIgniter\View\View->CodeIgniter\View\{closure}()
 4 SYSTEMPATH\Common.php(1134): CodeIgniter\View\View->render('admin/design', [], true)
 5 APPPATH\Controllers\CustomizationController.php(190): view('admin/design', [...])
 6 SYSTEMPATH\CodeIgniter.php(927): App\Controllers\CustomizationController->design()
 7 SYSTEMPATH\CodeIgniter.php(482): CodeIgniter\CodeIgniter->runController(Object(App\Controllers\CustomizationController))
 8 SYSTEMPATH\CodeIgniter.php(351): CodeIgniter\CodeIgniter->handleRequest(null, Object(Config\Cache), false)
 9 FCPATH\index.php(67): CodeIgniter\CodeIgniter->run()
CRITICAL - 2022-12-28 23:15:12 --> Undefined property: stdClass::$layer
in APPPATH\Views\admin\design.php on line 282.
 1 APPPATH\Views\admin\design.php(282): CodeIgniter\Debug\Exceptions->errorHandler(8, 'Undefined property: stdClass::$layer', 'APPPATH\\Views\\admin\\design.php', 282, [...])
 2 SYSTEMPATH\View\View.php(213): include('APPPATH\\Views\\admin\\design.php')
 3 SYSTEMPATH\View\View.php(216): CodeIgniter\View\View->CodeIgniter\View\{closure}()
 4 SYSTEMPATH\Common.php(1134): CodeIgniter\View\View->render('admin/design', [], true)
 5 APPPATH\Controllers\CustomizationController.php(190): view('admin/design', [...])
 6 SYSTEMPATH\CodeIgniter.php(927): App\Controllers\CustomizationController->design()
 7 SYSTEMPATH\CodeIgniter.php(482): CodeIgniter\CodeIgniter->runController(Object(App\Controllers\CustomizationController))
 8 SYSTEMPATH\CodeIgniter.php(351): CodeIgniter\CodeIgniter->handleRequest(null, Object(Config\Cache), false)
 9 FCPATH\index.php(67): CodeIgniter\CodeIgniter->run()
CRITICAL - 2022-12-28 23:19:30 --> Undefined property: stdClass::$layer
in APPPATH\Views\admin\design.php on line 282.
 1 APPPATH\Views\admin\design.php(282): CodeIgniter\Debug\Exceptions->errorHandler(8, 'Undefined property: stdClass::$layer', 'APPPATH\\Views\\admin\\design.php', 282, [...])
 2 SYSTEMPATH\View\View.php(213): include('APPPATH\\Views\\admin\\design.php')
 3 SYSTEMPATH\View\View.php(216): CodeIgniter\View\View->CodeIgniter\View\{closure}()
 4 SYSTEMPATH\Common.php(1134): CodeIgniter\View\View->render('admin/design', [], true)
 5 APPPATH\Controllers\CustomizationController.php(190): view('admin/design', [...])
 6 SYSTEMPATH\CodeIgniter.php(927): App\Controllers\CustomizationController->design()
 7 SYSTEMPATH\CodeIgniter.php(482): CodeIgniter\CodeIgniter->runController(Object(App\Controllers\CustomizationController))
 8 SYSTEMPATH\CodeIgniter.php(351): CodeIgniter\CodeIgniter->handleRequest(null, Object(Config\Cache), false)
 9 FCPATH\index.php(67): CodeIgniter\CodeIgniter->run()
CRITICAL - 2022-12-28 23:20:51 --> Undefined property: stdClass::$design_id
in APPPATH\Views\admin\design.php on line 322.
 1 APPPATH\Views\admin\design.php(322): CodeIgniter\Debug\Exceptions->errorHandler(8, 'Undefined property: stdClass::$design_id', 'APPPATH\\Views\\admin\\design.php', 322, [...])
 2 SYSTEMPATH\View\View.php(213): include('APPPATH\\Views\\admin\\design.php')
 3 SYSTEMPATH\View\View.php(216): CodeIgniter\View\View->CodeIgniter\View\{closure}()
 4 SYSTEMPATH\Common.php(1134): CodeIgniter\View\View->render('admin/design', [], true)
 5 APPPATH\Controllers\CustomizationController.php(190): view('admin/design', [...])
 6 SYSTEMPATH\CodeIgniter.php(927): App\Controllers\CustomizationController->design()
 7 SYSTEMPATH\CodeIgniter.php(482): CodeIgniter\CodeIgniter->runController(Object(App\Controllers\CustomizationController))
 8 SYSTEMPATH\CodeIgniter.php(351): CodeIgniter\CodeIgniter->handleRequest(null, Object(Config\Cache), false)
 9 FCPATH\index.php(67): CodeIgniter\CodeIgniter->run()
CRITICAL - 2022-12-28 23:22:35 --> Invalid file: admin/customization/design.php
in SYSTEMPATH\Exceptions\FrameworkException.php on line 33.
 1 SYSTEMPATH\View\View.php(201): CodeIgniter\Exceptions\FrameworkException::forInvalidFile('admin/customization/design.php')
 2 SYSTEMPATH\Common.php(1134): CodeIgniter\View\View->render('admin/customization/design', [], true)
 3 APPPATH\Controllers\CustomizationController.php(209): view('admin/customization/design', [...])
 4 SYSTEMPATH\CodeIgniter.php(927): App\Controllers\CustomizationController->design_update('49', 'C:\\wamp64\\www\\ocake')
 5 SYSTEMPATH\CodeIgniter.php(482): CodeIgniter\CodeIgniter->runController(Object(App\Controllers\CustomizationController))
 6 SYSTEMPATH\CodeIgniter.php(351): CodeIgniter\CodeIgniter->handleRequest(null, Object(Config\Cache), false)
 7 FCPATH\index.php(67): CodeIgniter\CodeIgniter->run()
CRITICAL - 2022-12-28 23:30:06 --> Invalid file: admin/customization/design.php
in SYSTEMPATH\Exceptions\FrameworkException.php on line 33.
 1 SYSTEMPATH\View\View.php(201): CodeIgniter\Exceptions\FrameworkException::forInvalidFile('admin/customization/design.php')
 2 SYSTEMPATH\Common.php(1134): CodeIgniter\View\View->render('admin/customization/design', [], true)
 3 APPPATH\Controllers\CustomizationController.php(209): view('admin/customization/design', [...])
 4 SYSTEMPATH\CodeIgniter.php(927): App\Controllers\CustomizationController->design_update('49', 'C:\\wamp64\\www\\ocake')
 5 SYSTEMPATH\CodeIgniter.php(482): CodeIgniter\CodeIgniter->runController(Object(App\Controllers\CustomizationController))
 6 SYSTEMPATH\CodeIgniter.php(351): CodeIgniter\CodeIgniter->handleRequest(null, Object(Config\Cache), false)
 7 FCPATH\index.php(67): CodeIgniter\CodeIgniter->run()
CRITICAL - 2022-12-28 23:35:09 --> Invalid file: admin/customization/design.php
in SYSTEMPATH\Exceptions\FrameworkException.php on line 33.
 1 SYSTEMPATH\View\View.php(201): CodeIgniter\Exceptions\FrameworkException::forInvalidFile('admin/customization/design.php')
 2 SYSTEMPATH\Common.php(1134): CodeIgniter\View\View->render('admin/customization/design', [], true)
 3 APPPATH\Controllers\CustomizationController.php(209): view('admin/customization/design', [...])
 4 SYSTEMPATH\CodeIgniter.php(927): App\Controllers\CustomizationController->design_update('49', 'C:\\wamp64\\www\\ocake')
 5 SYSTEMPATH\CodeIgniter.php(482): CodeIgniter\CodeIgniter->runController(Object(App\Controllers\CustomizationController))
 6 SYSTEMPATH\CodeIgniter.php(351): CodeIgniter\CodeIgniter->handleRequest(null, Object(Config\Cache), false)
 7 FCPATH\index.php(67): CodeIgniter\CodeIgniter->run()
