CRITICAL - 2023-02-05 02:37:13 --> Undefined variable: session
in APPPATH\Views\admin\include\sidebar.php on line 21.
 1 APPPATH\Views\admin\include\sidebar.php(21): CodeIgniter\Debug\Exceptions->errorHandler(8, 'Undefined variable: session', 'APPPATH\\Views\\admin\\include\\sidebar.php', 21, [...])
 2 SYSTEMPATH\View\View.php(213): include('APPPATH\\Views\\admin\\include\\sidebar.php')
 3 SYSTEMPATH\View\View.php(216): CodeIgniter\View\View->CodeIgniter\View\{closure}()
 4 SYSTEMPATH\Common.php(1134): CodeIgniter\View\View->render('admin/include/sidebar', [], true)
 5 APPPATH\Views\admin\dashboard.php(30): view('admin/include/sidebar')
 6 SYSTEMPATH\View\View.php(213): include('APPPATH\\Views\\admin\\dashboard.php')
 7 SYSTEMPATH\View\View.php(216): CodeIgniter\View\View->CodeIgniter\View\{closure}()
 8 SYSTEMPATH\Common.php(1134): CodeIgniter\View\View->render('admin/dashboard', [], true)
 9 APPPATH\Controllers\Admin.php(75): view('admin/dashboard', [...])
10 SYSTEMPATH\CodeIgniter.php(927): App\Controllers\Admin->dashboard()
11 SYSTEMPATH\CodeIgniter.php(482): CodeIgniter\CodeIgniter->runController(Object(App\Controllers\Admin))
12 SYSTEMPATH\CodeIgniter.php(351): CodeIgniter\CodeIgniter->handleRequest(null, Object(Config\Cache), false)
13 FCPATH\index.php(67): CodeIgniter\CodeIgniter->run()
CRITICAL - 2023-02-05 03:49:25 --> Undefined property: stdClass::$add_ons_id
in APPPATH\Views\user\user_profile.php on line 66.
 1 APPPATH\Views\user\user_profile.php(66): CodeIgniter\Debug\Exceptions->errorHandler(8, 'Undefined property: stdClass::$add_ons_id', 'APPPATH\\Views\\user\\user_profile.php', 66, [...])
 2 SYSTEMPATH\View\View.php(213): include('APPPATH\\Views\\user\\user_profile.php')
 3 SYSTEMPATH\View\View.php(216): CodeIgniter\View\View->CodeIgniter\View\{closure}()
 4 SYSTEMPATH\Common.php(1134): CodeIgniter\View\View->render('user/user_profile', [], true)
 5 APPPATH\Controllers\User.php(888): view('user/user_profile')
 6 SYSTEMPATH\CodeIgniter.php(927): App\Controllers\User->user_profile()
 7 SYSTEMPATH\CodeIgniter.php(482): CodeIgniter\CodeIgniter->runController(Object(App\Controllers\User))
 8 SYSTEMPATH\CodeIgniter.php(351): CodeIgniter\CodeIgniter->handleRequest(null, Object(Config\Cache), false)
 9 FCPATH\index.php(67): CodeIgniter\CodeIgniter->run()
CRITICAL - 2023-02-05 04:36:51 --> Undefined variable: user_id
in APPPATH\Views\user\user_profile.php on line 105.
 1 APPPATH\Views\user\user_profile.php(105): CodeIgniter\Debug\Exceptions->errorHandler(8, 'Undefined variable: user_id', 'APPPATH\\Views\\user\\user_profile.php', 105, [...])
 2 SYSTEMPATH\View\View.php(213): include('APPPATH\\Views\\user\\user_profile.php')
 3 SYSTEMPATH\View\View.php(216): CodeIgniter\View\View->CodeIgniter\View\{closure}()
 4 SYSTEMPATH\Common.php(1134): CodeIgniter\View\View->render('user/user_profile', [], true)
 5 APPPATH\Controllers\User.php(888): view('user/user_profile')
 6 SYSTEMPATH\CodeIgniter.php(927): App\Controllers\User->user_profile()
 7 SYSTEMPATH\CodeIgniter.php(482): CodeIgniter\CodeIgniter->runController(Object(App\Controllers\User))
 8 SYSTEMPATH\CodeIgniter.php(351): CodeIgniter\CodeIgniter->handleRequest(null, Object(Config\Cache), false)
 9 FCPATH\index.php(67): CodeIgniter\CodeIgniter->run()
CRITICAL - 2023-02-05 04:39:01 --> Undefined variable: id
in APPPATH\Views\user\user_profile.php on line 105.
 1 APPPATH\Views\user\user_profile.php(105): CodeIgniter\Debug\Exceptions->errorHandler(8, 'Undefined variable: id', 'APPPATH\\Views\\user\\user_profile.php', 105, [...])
 2 SYSTEMPATH\View\View.php(213): include('APPPATH\\Views\\user\\user_profile.php')
 3 SYSTEMPATH\View\View.php(216): CodeIgniter\View\View->CodeIgniter\View\{closure}()
 4 SYSTEMPATH\Common.php(1134): CodeIgniter\View\View->render('user/user_profile', [], true)
 5 APPPATH\Controllers\User.php(888): view('user/user_profile')
 6 SYSTEMPATH\CodeIgniter.php(927): App\Controllers\User->user_profile()
 7 SYSTEMPATH\CodeIgniter.php(482): CodeIgniter\CodeIgniter->runController(Object(App\Controllers\User))
 8 SYSTEMPATH\CodeIgniter.php(351): CodeIgniter\CodeIgniter->handleRequest(null, Object(Config\Cache), false)
 9 FCPATH\index.php(67): CodeIgniter\CodeIgniter->run()
CRITICAL - 2023-02-05 04:51:01 --> Undefined property: stdClass::$price
in APPPATH\Views\user\user_profile.php on line 97.
 1 APPPATH\Views\user\user_profile.php(97): CodeIgniter\Debug\Exceptions->errorHandler(8, 'Undefined property: stdClass::$price', 'APPPATH\\Views\\user\\user_profile.php', 97, [...])
 2 SYSTEMPATH\View\View.php(213): include('APPPATH\\Views\\user\\user_profile.php')
 3 SYSTEMPATH\View\View.php(216): CodeIgniter\View\View->CodeIgniter\View\{closure}()
 4 SYSTEMPATH\Common.php(1134): CodeIgniter\View\View->render('user/user_profile', [], true)
 5 APPPATH\Controllers\User.php(888): view('user/user_profile')
 6 SYSTEMPATH\CodeIgniter.php(927): App\Controllers\User->user_profile()
 7 SYSTEMPATH\CodeIgniter.php(482): CodeIgniter\CodeIgniter->runController(Object(App\Controllers\User))
 8 SYSTEMPATH\CodeIgniter.php(351): CodeIgniter\CodeIgniter->handleRequest(null, Object(Config\Cache), false)
 9 FCPATH\index.php(67): CodeIgniter\CodeIgniter->run()
