CRITICAL - 2022-12-19 00:10:31 --> Invalid file: admin/customization/shape.php
in SYSTEMPATH\Exceptions\FrameworkException.php on line 33.
 1 SYSTEMPATH\View\View.php(201): CodeIgniter\Exceptions\FrameworkException::forInvalidFile('admin/customization/shape.php')
 2 SYSTEMPATH\Common.php(1134): CodeIgniter\View\View->render('admin/customization/shape', [], true)
 3 APPPATH\Controllers\CustomizationController.php(173): view('admin/customization/shape')
 4 SYSTEMPATH\CodeIgniter.php(927): App\Controllers\CustomizationController->add_shape()
 5 SYSTEMPATH\CodeIgniter.php(482): CodeIgniter\CodeIgniter->runController(Object(App\Controllers\CustomizationController))
 6 SYSTEMPATH\CodeIgniter.php(351): CodeIgniter\CodeIgniter->handleRequest(null, Object(Config\Cache), false)
 7 FCPATH\index.php(67): CodeIgniter\CodeIgniter->run()
CRITICAL - 2022-12-19 00:22:35 --> Undefined variable: shape
in APPPATH\Views\admin\shape.php on line 187.
 1 APPPATH\Views\admin\shape.php(187): CodeIgniter\Debug\Exceptions->errorHandler(8, 'Undefined variable: shape', 'APPPATH\\Views\\admin\\shape.php', 187, [...])
 2 SYSTEMPATH\View\View.php(213): include('APPPATH\\Views\\admin\\shape.php')
 3 SYSTEMPATH\View\View.php(216): CodeIgniter\View\View->CodeIgniter\View\{closure}()
 4 SYSTEMPATH\Common.php(1134): CodeIgniter\View\View->render('admin/shape', [], true)
 5 APPPATH\Controllers\CustomizationController.php(166): view('admin/shape')
 6 SYSTEMPATH\CodeIgniter.php(927): App\Controllers\CustomizationController->add_shape()
 7 SYSTEMPATH\CodeIgniter.php(482): CodeIgniter\CodeIgniter->runController(Object(App\Controllers\CustomizationController))
 8 SYSTEMPATH\CodeIgniter.php(351): CodeIgniter\CodeIgniter->handleRequest(null, Object(Config\Cache), false)
 9 FCPATH\index.php(67): CodeIgniter\CodeIgniter->run()
CRITICAL - 2022-12-19 00:26:48 --> Invalid file: admin/customization/shape.php
in SYSTEMPATH\Exceptions\FrameworkException.php on line 33.
 1 SYSTEMPATH\View\View.php(201): CodeIgniter\Exceptions\FrameworkException::forInvalidFile('admin/customization/shape.php')
 2 SYSTEMPATH\Common.php(1134): CodeIgniter\View\View->render('admin/customization/shape', [], true)
 3 APPPATH\Controllers\CustomizationController.php(166): view('admin/customization/shape')
 4 SYSTEMPATH\CodeIgniter.php(927): App\Controllers\CustomizationController->add_shape()
 5 SYSTEMPATH\CodeIgniter.php(482): CodeIgniter\CodeIgniter->runController(Object(App\Controllers\CustomizationController))
 6 SYSTEMPATH\CodeIgniter.php(351): CodeIgniter\CodeIgniter->handleRequest(null, Object(Config\Cache), false)
 7 FCPATH\index.php(67): CodeIgniter\CodeIgniter->run()
CRITICAL - 2022-12-19 00:29:00 --> Invalid file: admin/customization/shape.php
in SYSTEMPATH\Exceptions\FrameworkException.php on line 33.
 1 SYSTEMPATH\View\View.php(201): CodeIgniter\Exceptions\FrameworkException::forInvalidFile('admin/customization/shape.php')
 2 SYSTEMPATH\Common.php(1134): CodeIgniter\View\View->render('admin/customization/shape', [], true)
 3 APPPATH\Controllers\CustomizationController.php(192): view('admin/customization/shape', [...])
 4 SYSTEMPATH\CodeIgniter.php(927): App\Controllers\CustomizationController->shape_update('8', 'C:\\wamp64\\www\\ocake')
 5 SYSTEMPATH\CodeIgniter.php(482): CodeIgniter\CodeIgniter->runController(Object(App\Controllers\CustomizationController))
 6 SYSTEMPATH\CodeIgniter.php(351): CodeIgniter\CodeIgniter->handleRequest(null, Object(Config\Cache), false)
 7 FCPATH\index.php(67): CodeIgniter\CodeIgniter->run()
CRITICAL - 2022-12-19 00:52:47 --> Undefined variable: addons
in APPPATH\Views\admin\addons.php on line 167.
 1 APPPATH\Views\admin\addons.php(167): CodeIgniter\Debug\Exceptions->errorHandler(8, 'Undefined variable: addons', 'APPPATH\\Views\\admin\\addons.php', 167, [...])
 2 SYSTEMPATH\View\View.php(213): include('APPPATH\\Views\\admin\\addons.php')
 3 SYSTEMPATH\View\View.php(216): CodeIgniter\View\View->CodeIgniter\View\{closure}()
 4 SYSTEMPATH\Common.php(1134): CodeIgniter\View\View->render('admin/addons', [], true)
 5 APPPATH\Controllers\CustomizationController.php(15): view('admin/addons')
 6 SYSTEMPATH\CodeIgniter.php(927): App\Controllers\CustomizationController->add_ons()
 7 SYSTEMPATH\CodeIgniter.php(482): CodeIgniter\CodeIgniter->runController(Object(App\Controllers\CustomizationController))
 8 SYSTEMPATH\CodeIgniter.php(351): CodeIgniter\CodeIgniter->handleRequest(null, Object(Config\Cache), false)
 9 FCPATH\index.php(67): CodeIgniter\CodeIgniter->run()
CRITICAL - 2022-12-19 00:54:58 --> Undefined variable: addons
in APPPATH\Views\admin\addons.php on line 167.
 1 APPPATH\Views\admin\addons.php(167): CodeIgniter\Debug\Exceptions->errorHandler(8, 'Undefined variable: addons', 'APPPATH\\Views\\admin\\addons.php', 167, [...])
 2 SYSTEMPATH\View\View.php(213): include('APPPATH\\Views\\admin\\addons.php')
 3 SYSTEMPATH\View\View.php(216): CodeIgniter\View\View->CodeIgniter\View\{closure}()
 4 SYSTEMPATH\Common.php(1134): CodeIgniter\View\View->render('admin/addons', [], true)
 5 APPPATH\Controllers\CustomizationController.php(15): view('admin/addons')
 6 SYSTEMPATH\CodeIgniter.php(927): App\Controllers\CustomizationController->add_ons()
 7 SYSTEMPATH\CodeIgniter.php(482): CodeIgniter\CodeIgniter->runController(Object(App\Controllers\CustomizationController))
 8 SYSTEMPATH\CodeIgniter.php(351): CodeIgniter\CodeIgniter->handleRequest(null, Object(Config\Cache), false)
 9 FCPATH\index.php(67): CodeIgniter\CodeIgniter->run()
CRITICAL - 2022-12-19 00:58:26 --> Invalid file: admin/customization/add_ons.php
in SYSTEMPATH\Exceptions\FrameworkException.php on line 33.
 1 SYSTEMPATH\View\View.php(201): CodeIgniter\Exceptions\FrameworkException::forInvalidFile('admin/customization/add_ons.php')
 2 SYSTEMPATH\Common.php(1134): CodeIgniter\View\View->render('admin/customization/add_ons', [], true)
 3 APPPATH\Controllers\CustomizationController.php(60): view('admin/customization/add_ons')
 4 SYSTEMPATH\CodeIgniter.php(927): App\Controllers\CustomizationController->add_addons()
 5 SYSTEMPATH\CodeIgniter.php(482): CodeIgniter\CodeIgniter->runController(Object(App\Controllers\CustomizationController))
 6 SYSTEMPATH\CodeIgniter.php(351): CodeIgniter\CodeIgniter->handleRequest(null, Object(Config\Cache), false)
 7 FCPATH\index.php(67): CodeIgniter\CodeIgniter->run()
CRITICAL - 2022-12-19 01:02:30 --> Invalid file: admin/customization/add_ons.php
in SYSTEMPATH\Exceptions\FrameworkException.php on line 33.
 1 SYSTEMPATH\View\View.php(201): CodeIgniter\Exceptions\FrameworkException::forInvalidFile('admin/customization/add_ons.php')
 2 SYSTEMPATH\Common.php(1134): CodeIgniter\View\View->render('admin/customization/add_ons', [], true)
 3 APPPATH\Controllers\CustomizationController.php(60): view('admin/customization/add_ons')
 4 SYSTEMPATH\CodeIgniter.php(927): App\Controllers\CustomizationController->add_addons()
 5 SYSTEMPATH\CodeIgniter.php(482): CodeIgniter\CodeIgniter->runController(Object(App\Controllers\CustomizationController))
 6 SYSTEMPATH\CodeIgniter.php(351): CodeIgniter\CodeIgniter->handleRequest(null, Object(Config\Cache), false)
 7 FCPATH\index.php(67): CodeIgniter\CodeIgniter->run()
ERROR - 2022-12-19 01:03:32 --> mysqli_sql_exception: Unknown column 'id' in 'where clause' in C:\wamp64\www\ocake\ocake\system\Database\MySQLi\Connection.php:292
Stack trace:
#0 C:\wamp64\www\ocake\ocake\system\Database\MySQLi\Connection.php(292): mysqli->query('DELETE FROM `ad...', 0)
#1 C:\wamp64\www\ocake\ocake\system\Database\BaseConnection.php(666): CodeIgniter\Database\MySQLi\Connection->execute('DELETE FROM `ad...')
#2 C:\wamp64\www\ocake\ocake\system\Database\BaseConnection.php(593): CodeIgniter\Database\BaseConnection->simpleQuery('DELETE FROM `ad...')
#3 C:\wamp64\www\ocake\ocake\system\Database\BaseBuilder.php(2391): CodeIgniter\Database\BaseConnection->query('DELETE FROM `ad...', Array, false)
#4 C:\wamp64\www\ocake\ocake\system\Model.php(401): CodeIgniter\Database\BaseBuilder->delete()
#5 C:\wamp64\www\ocake\ocake\system\BaseModel.php(984): CodeIgniter\Model->doDelete(Array, false)
#6 C:\wamp64\www\ocake\ocake\app\Models\AddOns_model.php(21): CodeIgniter\BaseModel->delete(Array)
#7 C:\wamp64\www\ocake\ocake\app\Controllers\CustomizationController.php(118): App\Models\AddOns_model->addons_delete('')
#8 C:\wamp64\www\ocake\ocake\system\CodeIgniter.php(927): App\Controllers\CustomizationController->addons_delete('5', '')
#9 C:\wamp64\www\ocake\ocake\system\CodeIgniter.php(482): CodeIgniter\CodeIgniter->runController(Object(App\Controllers\CustomizationController))
#10 C:\wamp64\www\ocake\ocake\system\CodeIgniter.php(351): CodeIgniter\CodeIgniter->handleRequest(NULL, Object(Config\Cache), false)
#11 C:\wamp64\www\ocake\index.php(67): CodeIgniter\CodeIgniter->run()
#12 {main}
CRITICAL - 2022-12-19 03:10:40 --> Invalid file: admin/customization/design.php
in SYSTEMPATH\Exceptions\FrameworkException.php on line 33.
 1 SYSTEMPATH\View\View.php(201): CodeIgniter\Exceptions\FrameworkException::forInvalidFile('admin/customization/design.php')
 2 SYSTEMPATH\Common.php(1134): CodeIgniter\View\View->render('admin/customization/design', [], true)
 3 APPPATH\Controllers\CustomizationController.php(162): view('admin/customization/design')
 4 SYSTEMPATH\CodeIgniter.php(927): App\Controllers\CustomizationController->add_design()
 5 SYSTEMPATH\CodeIgniter.php(482): CodeIgniter\CodeIgniter->runController(Object(App\Controllers\CustomizationController))
 6 SYSTEMPATH\CodeIgniter.php(351): CodeIgniter\CodeIgniter->handleRequest(null, Object(Config\Cache), false)
 7 FCPATH\index.php(67): CodeIgniter\CodeIgniter->run()
CRITICAL - 2022-12-19 03:11:04 --> Undefined property: stdClass::$shape_id
in APPPATH\Views\admin\design.php on line 212.
 1 APPPATH\Views\admin\design.php(212): CodeIgniter\Debug\Exceptions->errorHandler(8, 'Undefined property: stdClass::$shape_id', 'APPPATH\\Views\\admin\\design.php', 212, [...])
 2 SYSTEMPATH\View\View.php(213): include('APPPATH\\Views\\admin\\design.php')
 3 SYSTEMPATH\View\View.php(216): CodeIgniter\View\View->CodeIgniter\View\{closure}()
 4 SYSTEMPATH\Common.php(1134): CodeIgniter\View\View->render('admin/design', [], true)
 5 APPPATH\Controllers\CustomizationController.php(170): view('admin/design', [...])
 6 SYSTEMPATH\CodeIgniter.php(927): App\Controllers\CustomizationController->design()
 7 SYSTEMPATH\CodeIgniter.php(482): CodeIgniter\CodeIgniter->runController(Object(App\Controllers\CustomizationController))
 8 SYSTEMPATH\CodeIgniter.php(351): CodeIgniter\CodeIgniter->handleRequest(null, Object(Config\Cache), false)
 9 FCPATH\index.php(67): CodeIgniter\CodeIgniter->run()
CRITICAL - 2022-12-19 03:11:33 --> Undefined property: stdClass::$shape_id
in APPPATH\Views\admin\design.php on line 212.
 1 APPPATH\Views\admin\design.php(212): CodeIgniter\Debug\Exceptions->errorHandler(8, 'Undefined property: stdClass::$shape_id', 'APPPATH\\Views\\admin\\design.php', 212, [...])
 2 SYSTEMPATH\View\View.php(213): include('APPPATH\\Views\\admin\\design.php')
 3 SYSTEMPATH\View\View.php(216): CodeIgniter\View\View->CodeIgniter\View\{closure}()
 4 SYSTEMPATH\Common.php(1134): CodeIgniter\View\View->render('admin/design', [], true)
 5 APPPATH\Controllers\CustomizationController.php(170): view('admin/design', [...])
 6 SYSTEMPATH\CodeIgniter.php(927): App\Controllers\CustomizationController->design()
 7 SYSTEMPATH\CodeIgniter.php(482): CodeIgniter\CodeIgniter->runController(Object(App\Controllers\CustomizationController))
 8 SYSTEMPATH\CodeIgniter.php(351): CodeIgniter\CodeIgniter->handleRequest(null, Object(Config\Cache), false)
 9 FCPATH\index.php(67): CodeIgniter\CodeIgniter->run()
CRITICAL - 2022-12-19 03:18:51 --> Undefined property: stdClass::$shape_id
in APPPATH\Views\admin\design.php on line 260.
 1 APPPATH\Views\admin\design.php(260): CodeIgniter\Debug\Exceptions->errorHandler(8, 'Undefined property: stdClass::$shape_id', 'APPPATH\\Views\\admin\\design.php', 260, [...])
 2 SYSTEMPATH\View\View.php(213): include('APPPATH\\Views\\admin\\design.php')
 3 SYSTEMPATH\View\View.php(216): CodeIgniter\View\View->CodeIgniter\View\{closure}()
 4 SYSTEMPATH\Common.php(1134): CodeIgniter\View\View->render('admin/design', [], true)
 5 APPPATH\Controllers\CustomizationController.php(170): view('admin/design', [...])
 6 SYSTEMPATH\CodeIgniter.php(927): App\Controllers\CustomizationController->design()
 7 SYSTEMPATH\CodeIgniter.php(482): CodeIgniter\CodeIgniter->runController(Object(App\Controllers\CustomizationController))
 8 SYSTEMPATH\CodeIgniter.php(351): CodeIgniter\CodeIgniter->handleRequest(null, Object(Config\Cache), false)
 9 FCPATH\index.php(67): CodeIgniter\CodeIgniter->run()
CRITICAL - 2022-12-19 03:18:52 --> Undefined property: stdClass::$shape_id
in APPPATH\Views\admin\design.php on line 260.
 1 APPPATH\Views\admin\design.php(260): CodeIgniter\Debug\Exceptions->errorHandler(8, 'Undefined property: stdClass::$shape_id', 'APPPATH\\Views\\admin\\design.php', 260, [...])
 2 SYSTEMPATH\View\View.php(213): include('APPPATH\\Views\\admin\\design.php')
 3 SYSTEMPATH\View\View.php(216): CodeIgniter\View\View->CodeIgniter\View\{closure}()
 4 SYSTEMPATH\Common.php(1134): CodeIgniter\View\View->render('admin/design', [], true)
 5 APPPATH\Controllers\CustomizationController.php(170): view('admin/design', [...])
 6 SYSTEMPATH\CodeIgniter.php(927): App\Controllers\CustomizationController->design()
 7 SYSTEMPATH\CodeIgniter.php(482): CodeIgniter\CodeIgniter->runController(Object(App\Controllers\CustomizationController))
 8 SYSTEMPATH\CodeIgniter.php(351): CodeIgniter\CodeIgniter->handleRequest(null, Object(Config\Cache), false)
 9 FCPATH\index.php(67): CodeIgniter\CodeIgniter->run()
CRITICAL - 2022-12-19 21:36:06 --> Invalid file: admin/customization/design.php
in SYSTEMPATH\Exceptions\FrameworkException.php on line 33.
 1 SYSTEMPATH\View\View.php(201): CodeIgniter\Exceptions\FrameworkException::forInvalidFile('admin/customization/design.php')
 2 SYSTEMPATH\Common.php(1134): CodeIgniter\View\View->render('admin/customization/design', [], true)
 3 APPPATH\Controllers\CustomizationController.php(169): view('admin/customization/design')
 4 SYSTEMPATH\CodeIgniter.php(927): App\Controllers\CustomizationController->add_design()
 5 SYSTEMPATH\CodeIgniter.php(482): CodeIgniter\CodeIgniter->runController(Object(App\Controllers\CustomizationController))
 6 SYSTEMPATH\CodeIgniter.php(351): CodeIgniter\CodeIgniter->handleRequest(null, Object(Config\Cache), false)
 7 FCPATH\index.php(67): CodeIgniter\CodeIgniter->run()
CRITICAL - 2022-12-19 21:38:31 --> Call to undefined method App\Models\Design_model::design_delete
in SYSTEMPATH\Model.php on line 774.
 1 APPPATH\Controllers\CustomizationController.php(236): CodeIgniter\Model->__call('design_delete', [...])
 2 SYSTEMPATH\CodeIgniter.php(927): App\Controllers\CustomizationController->design_delete('2', 'C:\\wamp64\\www\\ocake')
 3 SYSTEMPATH\CodeIgniter.php(482): CodeIgniter\CodeIgniter->runController(Object(App\Controllers\CustomizationController))
 4 SYSTEMPATH\CodeIgniter.php(351): CodeIgniter\CodeIgniter->handleRequest(null, Object(Config\Cache), false)
 5 FCPATH\index.php(67): CodeIgniter\CodeIgniter->run()
CRITICAL - 2022-12-19 21:38:31 --> Call to undefined method App\Models\Design_model::design_delete
in SYSTEMPATH\Model.php on line 774.
 1 APPPATH\Controllers\CustomizationController.php(236): CodeIgniter\Model->__call('design_delete', [...])
 2 SYSTEMPATH\CodeIgniter.php(927): App\Controllers\CustomizationController->design_delete('2', 'C:\\wamp64\\www\\ocake')
 3 SYSTEMPATH\CodeIgniter.php(482): CodeIgniter\CodeIgniter->runController(Object(App\Controllers\CustomizationController))
 4 SYSTEMPATH\CodeIgniter.php(351): CodeIgniter\CodeIgniter->handleRequest(null, Object(Config\Cache), false)
 5 FCPATH\index.php(67): CodeIgniter\CodeIgniter->run()
CRITICAL - 2022-12-19 21:56:52 --> The route for "design" cannot be found.
in SYSTEMPATH\HTTP\RedirectResponse.php on line 60.
 1 SYSTEMPATH\HTTP\RedirectResponse.php(60): CodeIgniter\HTTP\Exceptions\HTTPException::forInvalidRedirectRoute('design')
 2 SYSTEMPATH\Common.php(860): CodeIgniter\HTTP\RedirectResponse->route(false)
 3 APPPATH\Controllers\CustomizationController.php(251): redirect('design')
 4 SYSTEMPATH\CodeIgniter.php(927): App\Controllers\CustomizationController->design_delete('2', 'C:\\wamp64\\www\\ocake')
 5 SYSTEMPATH\CodeIgniter.php(482): CodeIgniter\CodeIgniter->runController(Object(App\Controllers\CustomizationController))
 6 SYSTEMPATH\CodeIgniter.php(351): CodeIgniter\CodeIgniter->handleRequest(null, Object(Config\Cache), false)
 7 FCPATH\index.php(67): CodeIgniter\CodeIgniter->run()
CRITICAL - 2022-12-19 21:58:23 --> Invalid file: admin/customization/design.php
in SYSTEMPATH\Exceptions\FrameworkException.php on line 33.
 1 SYSTEMPATH\View\View.php(201): CodeIgniter\Exceptions\FrameworkException::forInvalidFile('admin/customization/design.php')
 2 SYSTEMPATH\Common.php(1134): CodeIgniter\View\View->render('admin/customization/design', [], true)
 3 APPPATH\Controllers\CustomizationController.php(169): view('admin/customization/design')
 4 SYSTEMPATH\CodeIgniter.php(927): App\Controllers\CustomizationController->add_design()
 5 SYSTEMPATH\CodeIgniter.php(482): CodeIgniter\CodeIgniter->runController(Object(App\Controllers\CustomizationController))
 6 SYSTEMPATH\CodeIgniter.php(351): CodeIgniter\CodeIgniter->handleRequest(null, Object(Config\Cache), false)
 7 FCPATH\index.php(67): CodeIgniter\CodeIgniter->run()
CRITICAL - 2022-12-19 21:58:45 --> The route for "admin/design" cannot be found.
in SYSTEMPATH\HTTP\RedirectResponse.php on line 60.
 1 SYSTEMPATH\HTTP\RedirectResponse.php(60): CodeIgniter\HTTP\Exceptions\HTTPException::forInvalidRedirectRoute('admin/design')
 2 SYSTEMPATH\Common.php(860): CodeIgniter\HTTP\RedirectResponse->route(false)
 3 APPPATH\Controllers\CustomizationController.php(251): redirect('admin/design')
 4 SYSTEMPATH\CodeIgniter.php(927): App\Controllers\CustomizationController->design_delete('3', 'C:\\wamp64\\www\\ocake')
 5 SYSTEMPATH\CodeIgniter.php(482): CodeIgniter\CodeIgniter->runController(Object(App\Controllers\CustomizationController))
 6 SYSTEMPATH\CodeIgniter.php(351): CodeIgniter\CodeIgniter->handleRequest(null, Object(Config\Cache), false)
 7 FCPATH\index.php(67): CodeIgniter\CodeIgniter->run()
CRITICAL - 2022-12-19 22:00:09 --> Invalid file: admin/customization/design.php
in SYSTEMPATH\Exceptions\FrameworkException.php on line 33.
 1 SYSTEMPATH\View\View.php(201): CodeIgniter\Exceptions\FrameworkException::forInvalidFile('admin/customization/design.php')
 2 SYSTEMPATH\Common.php(1134): CodeIgniter\View\View->render('admin/customization/design', [], true)
 3 APPPATH\Controllers\CustomizationController.php(169): view('admin/customization/design')
 4 SYSTEMPATH\CodeIgniter.php(927): App\Controllers\CustomizationController->add_design()
 5 SYSTEMPATH\CodeIgniter.php(482): CodeIgniter\CodeIgniter->runController(Object(App\Controllers\CustomizationController))
 6 SYSTEMPATH\CodeIgniter.php(351): CodeIgniter\CodeIgniter->handleRequest(null, Object(Config\Cache), false)
 7 FCPATH\index.php(67): CodeIgniter\CodeIgniter->run()
CRITICAL - 2022-12-19 22:16:50 --> You must use the "set" method to update an entry.
in SYSTEMPATH\Database\BaseBuilder.php on line 2122.
 1 SYSTEMPATH\Database\BaseBuilder.php(2058): CodeIgniter\Database\BaseBuilder->validateUpdate()
 2 APPPATH\Models\AddOns_model.php(38): CodeIgniter\Database\BaseBuilder->update()
 3 APPPATH\Controllers\CustomizationController.php(101): App\Models\AddOns_model->addons_update([...], '3')
 4 SYSTEMPATH\CodeIgniter.php(927): App\Controllers\CustomizationController->addons_update('3', 'C:\\wamp64\\www\\ocake')
 5 SYSTEMPATH\CodeIgniter.php(482): CodeIgniter\CodeIgniter->runController(Object(App\Controllers\CustomizationController))
 6 SYSTEMPATH\CodeIgniter.php(351): CodeIgniter\CodeIgniter->handleRequest(null, Object(Config\Cache), false)
 7 FCPATH\index.php(67): CodeIgniter\CodeIgniter->run()
CRITICAL - 2022-12-19 22:16:50 --> You must use the "set" method to update an entry.
in SYSTEMPATH\Database\BaseBuilder.php on line 2122.
 1 SYSTEMPATH\Database\BaseBuilder.php(2058): CodeIgniter\Database\BaseBuilder->validateUpdate()
 2 APPPATH\Models\AddOns_model.php(38): CodeIgniter\Database\BaseBuilder->update()
 3 APPPATH\Controllers\CustomizationController.php(101): App\Models\AddOns_model->addons_update([...], '3')
 4 SYSTEMPATH\CodeIgniter.php(927): App\Controllers\CustomizationController->addons_update('3', 'C:\\wamp64\\www\\ocake')
 5 SYSTEMPATH\CodeIgniter.php(482): CodeIgniter\CodeIgniter->runController(Object(App\Controllers\CustomizationController))
 6 SYSTEMPATH\CodeIgniter.php(351): CodeIgniter\CodeIgniter->handleRequest(null, Object(Config\Cache), false)
 7 FCPATH\index.php(67): CodeIgniter\CodeIgniter->run()
CRITICAL - 2022-12-19 22:46:33 --> Undefined property: App\Controllers\CustomizationController::$AddOns_model
in APPPATH\Controllers\CustomizationController.php on line 101.
 1 APPPATH\Controllers\CustomizationController.php(101): CodeIgniter\Debug\Exceptions->errorHandler(8, 'Undefined property: App\\Controllers\\CustomizationController::$AddOns_model', 'APPPATH\\Controllers\\CustomizationController.php', 101, [...])
 2 SYSTEMPATH\CodeIgniter.php(927): App\Controllers\CustomizationController->addons_update('3', 'C:\\wamp64\\www\\ocake')
 3 SYSTEMPATH\CodeIgniter.php(482): CodeIgniter\CodeIgniter->runController(Object(App\Controllers\CustomizationController))
 4 SYSTEMPATH\CodeIgniter.php(351): CodeIgniter\CodeIgniter->handleRequest(null, Object(Config\Cache), false)
 5 FCPATH\index.php(67): CodeIgniter\CodeIgniter->run()
CRITICAL - 2022-12-19 22:47:16 --> Object of class App\Models\AddOns_model could not be converted to string
in APPPATH\Controllers\CustomizationController.php on line 101.
 1 SYSTEMPATH\CodeIgniter.php(927): App\Controllers\CustomizationController->addons_update('3', 'C:\\wamp64\\www\\ocake')
 2 SYSTEMPATH\CodeIgniter.php(482): CodeIgniter\CodeIgniter->runController(Object(App\Controllers\CustomizationController))
 3 SYSTEMPATH\CodeIgniter.php(351): CodeIgniter\CodeIgniter->handleRequest(null, Object(Config\Cache), false)
 4 FCPATH\index.php(67): CodeIgniter\CodeIgniter->run()
CRITICAL - 2022-12-19 23:00:30 --> Invalid file: admin/customization/design.php
in SYSTEMPATH\Exceptions\FrameworkException.php on line 33.
 1 SYSTEMPATH\View\View.php(201): CodeIgniter\Exceptions\FrameworkException::forInvalidFile('admin/customization/design.php')
 2 SYSTEMPATH\Common.php(1134): CodeIgniter\View\View->render('admin/customization/design', [], true)
 3 APPPATH\Controllers\CustomizationController.php(192): view('admin/customization/design', [...])
 4 SYSTEMPATH\CodeIgniter.php(927): App\Controllers\CustomizationController->design_update('1', 'C:\\wamp64\\www\\ocake')
 5 SYSTEMPATH\CodeIgniter.php(482): CodeIgniter\CodeIgniter->runController(Object(App\Controllers\CustomizationController))
 6 SYSTEMPATH\CodeIgniter.php(351): CodeIgniter\CodeIgniter->handleRequest(null, Object(Config\Cache), false)
 7 FCPATH\index.php(67): CodeIgniter\CodeIgniter->run()
CRITICAL - 2022-12-19 23:08:04 --> Undefined variable: design
in APPPATH\Views\admin\design.php on line 186.
 1 APPPATH\Views\admin\design.php(186): CodeIgniter\Debug\Exceptions->errorHandler(8, 'Undefined variable: design', 'APPPATH\\Views\\admin\\design.php', 186, [...])
 2 SYSTEMPATH\View\View.php(213): include('APPPATH\\Views\\admin\\design.php')
 3 SYSTEMPATH\View\View.php(216): CodeIgniter\View\View->CodeIgniter\View\{closure}()
 4 SYSTEMPATH\Common.php(1134): CodeIgniter\View\View->render('admin/design', [], true)
 5 APPPATH\Controllers\CustomizationController.php(193): view('admin/design', [...])
 6 SYSTEMPATH\CodeIgniter.php(927): App\Controllers\CustomizationController->design_update('1', 'C:\\wamp64\\www\\ocake')
 7 SYSTEMPATH\CodeIgniter.php(482): CodeIgniter\CodeIgniter->runController(Object(App\Controllers\CustomizationController))
 8 SYSTEMPATH\CodeIgniter.php(351): CodeIgniter\CodeIgniter->handleRequest(null, Object(Config\Cache), false)
 9 FCPATH\index.php(67): CodeIgniter\CodeIgniter->run()
CRITICAL - 2022-12-19 23:09:28 --> Invalid file: admin/customization/design.php
in SYSTEMPATH\Exceptions\FrameworkException.php on line 33.
 1 SYSTEMPATH\View\View.php(201): CodeIgniter\Exceptions\FrameworkException::forInvalidFile('admin/customization/design.php')
 2 SYSTEMPATH\Common.php(1134): CodeIgniter\View\View->render('admin/customization/design', [], true)
 3 APPPATH\Controllers\CustomizationController.php(192): view('admin/customization/design', [...])
 4 SYSTEMPATH\CodeIgniter.php(927): App\Controllers\CustomizationController->design_update('1', 'C:\\wamp64\\www\\ocake')
 5 SYSTEMPATH\CodeIgniter.php(482): CodeIgniter\CodeIgniter->runController(Object(App\Controllers\CustomizationController))
 6 SYSTEMPATH\CodeIgniter.php(351): CodeIgniter\CodeIgniter->handleRequest(null, Object(Config\Cache), false)
 7 FCPATH\index.php(67): CodeIgniter\CodeIgniter->run()
CRITICAL - 2022-12-19 23:12:16 --> Invalid file: admin/customization/design.php
in SYSTEMPATH\Exceptions\FrameworkException.php on line 33.
 1 SYSTEMPATH\View\View.php(201): CodeIgniter\Exceptions\FrameworkException::forInvalidFile('admin/customization/design.php')
 2 SYSTEMPATH\Common.php(1134): CodeIgniter\View\View->render('admin/customization/design', [], true)
 3 APPPATH\Controllers\CustomizationController.php(193): view('admin/customization/design', [...])
 4 SYSTEMPATH\CodeIgniter.php(927): App\Controllers\CustomizationController->design_update('1', 'C:\\wamp64\\www\\ocake')
 5 SYSTEMPATH\CodeIgniter.php(482): CodeIgniter\CodeIgniter->runController(Object(App\Controllers\CustomizationController))
 6 SYSTEMPATH\CodeIgniter.php(351): CodeIgniter\CodeIgniter->handleRequest(null, Object(Config\Cache), false)
 7 FCPATH\index.php(67): CodeIgniter\CodeIgniter->run()
CRITICAL - 2022-12-19 23:17:04 --> Invalid file: admin/customization/design.php
in SYSTEMPATH\Exceptions\FrameworkException.php on line 33.
 1 SYSTEMPATH\View\View.php(201): CodeIgniter\Exceptions\FrameworkException::forInvalidFile('admin/customization/design.php')
 2 SYSTEMPATH\Common.php(1134): CodeIgniter\View\View->render('admin/customization/design', [], true)
 3 APPPATH\Controllers\CustomizationController.php(191): view('admin/customization/design', [...])
 4 SYSTEMPATH\CodeIgniter.php(927): App\Controllers\CustomizationController->design_update('1', 'C:\\wamp64\\www\\ocake')
 5 SYSTEMPATH\CodeIgniter.php(482): CodeIgniter\CodeIgniter->runController(Object(App\Controllers\CustomizationController))
 6 SYSTEMPATH\CodeIgniter.php(351): CodeIgniter\CodeIgniter->handleRequest(null, Object(Config\Cache), false)
 7 FCPATH\index.php(67): CodeIgniter\CodeIgniter->run()
CRITICAL - 2022-12-19 23:36:59 --> syntax error, unexpected '?', expecting end of file
in APPPATH\Views\admin\addons.php on line 91.
 1 SYSTEMPATH\View\View.php(216): CodeIgniter\View\View->CodeIgniter\View\{closure}()
 2 SYSTEMPATH\Common.php(1134): CodeIgniter\View\View->render('admin/addons', [], true)
 3 APPPATH\Controllers\CustomizationController.php(60): view('admin/addons', [...])
 4 SYSTEMPATH\CodeIgniter.php(927): App\Controllers\CustomizationController->add_ons()
 5 SYSTEMPATH\CodeIgniter.php(482): CodeIgniter\CodeIgniter->runController(Object(App\Controllers\CustomizationController))
 6 SYSTEMPATH\CodeIgniter.php(351): CodeIgniter\CodeIgniter->handleRequest(null, Object(Config\Cache), false)
 7 FCPATH\index.php(67): CodeIgniter\CodeIgniter->run()
CRITICAL - 2022-12-19 23:38:08 --> Undefined property: stdClass::$status
in APPPATH\Views\admin\addons.php on line 174.
 1 APPPATH\Views\admin\addons.php(174): CodeIgniter\Debug\Exceptions->errorHandler(8, 'Undefined property: stdClass::$status', 'APPPATH\\Views\\admin\\addons.php', 174, [...])
 2 SYSTEMPATH\View\View.php(213): include('APPPATH\\Views\\admin\\addons.php')
 3 SYSTEMPATH\View\View.php(216): CodeIgniter\View\View->CodeIgniter\View\{closure}()
 4 SYSTEMPATH\Common.php(1134): CodeIgniter\View\View->render('admin/addons', [], true)
 5 APPPATH\Controllers\CustomizationController.php(60): view('admin/addons', [...])
 6 SYSTEMPATH\CodeIgniter.php(927): App\Controllers\CustomizationController->add_ons()
 7 SYSTEMPATH\CodeIgniter.php(482): CodeIgniter\CodeIgniter->runController(Object(App\Controllers\CustomizationController))
 8 SYSTEMPATH\CodeIgniter.php(351): CodeIgniter\CodeIgniter->handleRequest(null, Object(Config\Cache), false)
 9 FCPATH\index.php(67): CodeIgniter\CodeIgniter->run()
CRITICAL - 2022-12-19 23:38:58 --> Undefined property: stdClass::$status
in APPPATH\Views\admin\addons.php on line 207.
 1 APPPATH\Views\admin\addons.php(207): CodeIgniter\Debug\Exceptions->errorHandler(8, 'Undefined property: stdClass::$status', 'APPPATH\\Views\\admin\\addons.php', 207, [...])
 2 SYSTEMPATH\View\View.php(213): include('APPPATH\\Views\\admin\\addons.php')
 3 SYSTEMPATH\View\View.php(216): CodeIgniter\View\View->CodeIgniter\View\{closure}()
 4 SYSTEMPATH\Common.php(1134): CodeIgniter\View\View->render('admin/addons', [], true)
 5 APPPATH\Controllers\CustomizationController.php(60): view('admin/addons', [...])
 6 SYSTEMPATH\CodeIgniter.php(927): App\Controllers\CustomizationController->add_ons()
 7 SYSTEMPATH\CodeIgniter.php(482): CodeIgniter\CodeIgniter->runController(Object(App\Controllers\CustomizationController))
 8 SYSTEMPATH\CodeIgniter.php(351): CodeIgniter\CodeIgniter->handleRequest(null, Object(Config\Cache), false)
 9 FCPATH\index.php(67): CodeIgniter\CodeIgniter->run()
CRITICAL - 2022-12-19 23:46:34 --> Invalid file: admin/customization/design.php
in SYSTEMPATH\Exceptions\FrameworkException.php on line 33.
 1 SYSTEMPATH\View\View.php(201): CodeIgniter\Exceptions\FrameworkException::forInvalidFile('admin/customization/design.php')
 2 SYSTEMPATH\Common.php(1134): CodeIgniter\View\View->render('admin/customization/design', [], true)
 3 APPPATH\Controllers\CustomizationController.php(196): view('admin/customization/design', [...])
 4 SYSTEMPATH\CodeIgniter.php(927): App\Controllers\CustomizationController->design_update('1', 'C:\\wamp64\\www\\ocake')
 5 SYSTEMPATH\CodeIgniter.php(482): CodeIgniter\CodeIgniter->runController(Object(App\Controllers\CustomizationController))
 6 SYSTEMPATH\CodeIgniter.php(351): CodeIgniter\CodeIgniter->handleRequest(null, Object(Config\Cache), false)
 7 FCPATH\index.php(67): CodeIgniter\CodeIgniter->run()
CRITICAL - 2022-12-19 23:49:48 --> Call to undefined method App\Models\Design_model::design_update
in SYSTEMPATH\Model.php on line 774.
 1 APPPATH\Controllers\CustomizationController.php(226): CodeIgniter\Model->__call('design_update', [...])
 2 SYSTEMPATH\CodeIgniter.php(927): App\Controllers\CustomizationController->design_update('5', 'C:\\wamp64\\www\\ocake')
 3 SYSTEMPATH\CodeIgniter.php(482): CodeIgniter\CodeIgniter->runController(Object(App\Controllers\CustomizationController))
 4 SYSTEMPATH\CodeIgniter.php(351): CodeIgniter\CodeIgniter->handleRequest(null, Object(Config\Cache), false)
 5 FCPATH\index.php(67): CodeIgniter\CodeIgniter->run()
