CRITICAL - 2023-02-07 00:16:12 --> Undefined variable $data
in APPPATH\Views\user\customized_cake.php on line 59.
 1 APPPATH\Views\user\customized_cake.php(59): CodeIgniter\Debug\Exceptions->errorHandler(2, 'Undefined variable $data', 'APPPATH\\Views\\user\\customized_cake.php', 59)
 2 SYSTEMPATH\View\View.php(213): include('APPPATH\\Views\\user\\customized_cake.php')
 3 SYSTEMPATH\View\View.php(216): CodeIgniter\View\View->CodeIgniter\View\{closure}()
 4 SYSTEMPATH\Common.php(1134): CodeIgniter\View\View->render('user/customized_cake', [], true)
 5 APPPATH\Controllers\User.php(785): view('user/customized_cake', [...])
 6 SYSTEMPATH\CodeIgniter.php(927): App\Controllers\User->getCustomDesign()
 7 SYSTEMPATH\CodeIgniter.php(482): CodeIgniter\CodeIgniter->runController(Object(App\Controllers\User))
 8 SYSTEMPATH\CodeIgniter.php(351): CodeIgniter\CodeIgniter->handleRequest(null, Object(Config\Cache), false)
 9 FCPATH\index.php(67): CodeIgniter\CodeIgniter->run()
CRITICAL - 2023-02-07 00:17:06 --> Undefined variable $data
in APPPATH\Views\user\customized_cake.php on line 74.
 1 APPPATH\Views\user\customized_cake.php(74): CodeIgniter\Debug\Exceptions->errorHandler(2, 'Undefined variable $data', 'APPPATH\\Views\\user\\customized_cake.php', 74)
 2 SYSTEMPATH\View\View.php(213): include('APPPATH\\Views\\user\\customized_cake.php')
 3 SYSTEMPATH\View\View.php(216): CodeIgniter\View\View->CodeIgniter\View\{closure}()
 4 SYSTEMPATH\Common.php(1134): CodeIgniter\View\View->render('user/customized_cake', [], true)
 5 APPPATH\Controllers\User.php(785): view('user/customized_cake', [...])
 6 SYSTEMPATH\CodeIgniter.php(927): App\Controllers\User->getCustomDesign()
 7 SYSTEMPATH\CodeIgniter.php(482): CodeIgniter\CodeIgniter->runController(Object(App\Controllers\User))
 8 SYSTEMPATH\CodeIgniter.php(351): CodeIgniter\CodeIgniter->handleRequest(null, Object(Config\Cache), false)
 9 FCPATH\index.php(67): CodeIgniter\CodeIgniter->run()
CRITICAL - 2023-02-07 00:24:51 --> Undefined array key "adminF_name"
in APPPATH\Views\admin\include\topbar.php on line 171.
 1 APPPATH\Views\admin\include\topbar.php(171): CodeIgniter\Debug\Exceptions->errorHandler(2, 'Undefined array key "adminF_name"', 'APPPATH\\Views\\admin\\include\\topbar.php', 171)
 2 SYSTEMPATH\View\View.php(213): include('APPPATH\\Views\\admin\\include\\topbar.php')
 3 SYSTEMPATH\View\View.php(216): CodeIgniter\View\View->CodeIgniter\View\{closure}()
 4 SYSTEMPATH\Common.php(1134): CodeIgniter\View\View->render('admin/include/topbar', [], true)
 5 APPPATH\Views\admin\dashboard.php(38): view('admin/include/topbar')
 6 SYSTEMPATH\View\View.php(213): include('APPPATH\\Views\\admin\\dashboard.php')
 7 SYSTEMPATH\View\View.php(216): CodeIgniter\View\View->CodeIgniter\View\{closure}()
 8 SYSTEMPATH\Common.php(1134): CodeIgniter\View\View->render('admin/dashboard', [], true)
 9 APPPATH\Controllers\Admin.php(75): view('admin/dashboard', [...])
10 SYSTEMPATH\CodeIgniter.php(927): App\Controllers\Admin->dashboard()
11 SYSTEMPATH\CodeIgniter.php(482): CodeIgniter\CodeIgniter->runController(Object(App\Controllers\Admin))
12 SYSTEMPATH\CodeIgniter.php(351): CodeIgniter\CodeIgniter->handleRequest(null, Object(Config\Cache), false)
13 FCPATH\index.php(67): CodeIgniter\CodeIgniter->run()
CRITICAL - 2023-02-07 00:32:56 --> Invalid file: profile.php
in SYSTEMPATH\Exceptions\FrameworkException.php on line 33.
 1 SYSTEMPATH\View\View.php(201): CodeIgniter\Exceptions\FrameworkException::forInvalidFile('profile.php')
 2 SYSTEMPATH\Common.php(1134): CodeIgniter\View\View->render('profile', [], true)
 3 APPPATH\Controllers\User.php(911): view('profile', [...])
 4 SYSTEMPATH\CodeIgniter.php(927): App\Controllers\User->profile_update('21', 'C:\\wamp64\\www\\ocake')
 5 SYSTEMPATH\CodeIgniter.php(482): CodeIgniter\CodeIgniter->runController(Object(App\Controllers\User))
 6 SYSTEMPATH\CodeIgniter.php(351): CodeIgniter\CodeIgniter->handleRequest(null, Object(Config\Cache), false)
 7 FCPATH\index.php(67): CodeIgniter\CodeIgniter->run()
CRITICAL - 2023-02-07 07:47:40 --> Undefined variable: sub
in APPPATH\Views\user\cart.php on line 109.
 1 APPPATH\Views\user\cart.php(109): CodeIgniter\Debug\Exceptions->errorHandler(8, 'Undefined variable: sub', 'APPPATH\\Views\\user\\cart.php', 109, [...])
 2 SYSTEMPATH\View\View.php(213): include('APPPATH\\Views\\user\\cart.php')
 3 SYSTEMPATH\View\View.php(216): CodeIgniter\View\View->CodeIgniter\View\{closure}()
 4 SYSTEMPATH\Common.php(1134): CodeIgniter\View\View->render('user/cart', [], true)
 5 APPPATH\Controllers\User.php(219): view('user/cart')
 6 SYSTEMPATH\CodeIgniter.php(927): App\Controllers\User->cart()
 7 SYSTEMPATH\CodeIgniter.php(482): CodeIgniter\CodeIgniter->runController(Object(App\Controllers\User))
 8 SYSTEMPATH\CodeIgniter.php(351): CodeIgniter\CodeIgniter->handleRequest(null, Object(Config\Cache), false)
 9 FCPATH\index.php(67): CodeIgniter\CodeIgniter->run()
CRITICAL - 2023-02-07 08:30:14 --> Undefined property: stdClass::$600
in APPPATH\Views\user\cart.php on line 133.
 1 APPPATH\Views\user\cart.php(133): CodeIgniter\Debug\Exceptions->errorHandler(8, 'Undefined property: stdClass::$600', 'APPPATH\\Views\\user\\cart.php', 133, [...])
 2 SYSTEMPATH\View\View.php(213): include('APPPATH\\Views\\user\\cart.php')
 3 SYSTEMPATH\View\View.php(216): CodeIgniter\View\View->CodeIgniter\View\{closure}()
 4 SYSTEMPATH\Common.php(1134): CodeIgniter\View\View->render('user/cart', [], true)
 5 APPPATH\Controllers\User.php(219): view('user/cart')
 6 SYSTEMPATH\CodeIgniter.php(927): App\Controllers\User->cart()
 7 SYSTEMPATH\CodeIgniter.php(482): CodeIgniter\CodeIgniter->runController(Object(App\Controllers\User))
 8 SYSTEMPATH\CodeIgniter.php(351): CodeIgniter\CodeIgniter->handleRequest(null, Object(Config\Cache), false)
 9 FCPATH\index.php(67): CodeIgniter\CodeIgniter->run()
CRITICAL - 2023-02-07 08:32:28 --> Object of class stdClass could not be converted to float
in APPPATH\Views\user\cart.php on line 133.
 1 APPPATH\Views\user\cart.php(133): CodeIgniter\Debug\Exceptions->errorHandler(8, 'Object of class stdClass could not be converted to float', 'APPPATH\\Views\\user\\cart.php', 133, [...])
 2 SYSTEMPATH\View\View.php(213): include('APPPATH\\Views\\user\\cart.php')
 3 SYSTEMPATH\View\View.php(216): CodeIgniter\View\View->CodeIgniter\View\{closure}()
 4 SYSTEMPATH\Common.php(1134): CodeIgniter\View\View->render('user/cart', [], true)
 5 APPPATH\Controllers\User.php(219): view('user/cart')
 6 SYSTEMPATH\CodeIgniter.php(927): App\Controllers\User->cart()
 7 SYSTEMPATH\CodeIgniter.php(482): CodeIgniter\CodeIgniter->runController(Object(App\Controllers\User))
 8 SYSTEMPATH\CodeIgniter.php(351): CodeIgniter\CodeIgniter->handleRequest(null, Object(Config\Cache), false)
 9 FCPATH\index.php(67): CodeIgniter\CodeIgniter->run()
CRITICAL - 2023-02-07 23:17:16 --> number_format() expects parameter 1 to be float, string given
in APPPATH\Views\user\cart.php on line 171.
 1 [internal function]: CodeIgniter\Debug\Exceptions->errorHandler(2, 'number_format() expects parameter 1 to be float, string given', 'APPPATH\\Views\\user\\cart.php', 171, [...])
 2 APPPATH\Views\user\cart.php(171): number_format('total')
 3 SYSTEMPATH\View\View.php(213): include('APPPATH\\Views\\user\\cart.php')
 4 SYSTEMPATH\View\View.php(216): CodeIgniter\View\View->CodeIgniter\View\{closure}()
 5 SYSTEMPATH\Common.php(1134): CodeIgniter\View\View->render('user/cart', [], true)
 6 APPPATH\Controllers\User.php(219): view('user/cart')
 7 SYSTEMPATH\CodeIgniter.php(927): App\Controllers\User->cart()
 8 SYSTEMPATH\CodeIgniter.php(482): CodeIgniter\CodeIgniter->runController(Object(App\Controllers\User))
 9 SYSTEMPATH\CodeIgniter.php(351): CodeIgniter\CodeIgniter->handleRequest(null, Object(Config\Cache), false)
10 FCPATH\index.php(67): CodeIgniter\CodeIgniter->run()
CRITICAL - 2023-02-07 23:25:08 --> Call to undefined function P()
in APPPATH\Views\user\cart.php on line 88.
 1 SYSTEMPATH\View\View.php(213): include()
 2 SYSTEMPATH\View\View.php(216): CodeIgniter\View\View->CodeIgniter\View\{closure}()
 3 SYSTEMPATH\Common.php(1134): CodeIgniter\View\View->render('user/cart', [], true)
 4 APPPATH\Controllers\User.php(219): view('user/cart')
 5 SYSTEMPATH\CodeIgniter.php(927): App\Controllers\User->cart()
 6 SYSTEMPATH\CodeIgniter.php(482): CodeIgniter\CodeIgniter->runController(Object(App\Controllers\User))
 7 SYSTEMPATH\CodeIgniter.php(351): CodeIgniter\CodeIgniter->handleRequest(null, Object(Config\Cache), false)
 8 FCPATH\index.php(67): CodeIgniter\CodeIgniter->run()
CRITICAL - 2023-02-07 23:57:48 --> Undefined property: stdClass::$flavor
in APPPATH\Views\user\checkout.php on line 358.
 1 APPPATH\Views\user\checkout.php(358): CodeIgniter\Debug\Exceptions->errorHandler(8, 'Undefined property: stdClass::$flavor', 'APPPATH\\Views\\user\\checkout.php', 358, [...])
 2 SYSTEMPATH\View\View.php(213): include('APPPATH\\Views\\user\\checkout.php')
 3 SYSTEMPATH\View\View.php(216): CodeIgniter\View\View->CodeIgniter\View\{closure}()
 4 SYSTEMPATH\Common.php(1134): CodeIgniter\View\View->render('user/checkout', [], true)
 5 APPPATH\Controllers\User.php(85): view('user/checkout', [...])
 6 SYSTEMPATH\CodeIgniter.php(927): App\Controllers\User->checkout()
 7 SYSTEMPATH\CodeIgniter.php(482): CodeIgniter\CodeIgniter->runController(Object(App\Controllers\User))
 8 SYSTEMPATH\CodeIgniter.php(351): CodeIgniter\CodeIgniter->handleRequest(null, Object(Config\Cache), false)
 9 FCPATH\index.php(67): CodeIgniter\CodeIgniter->run()
