ERROR - 2023-05-09 10:35:46 --> Email: sendWithMail throwed ErrorException: mail(): Failed to connect to mailserver at &quot;localhost&quot; port 25, verify your &quot;SMTP&quot; and &quot;smtp_port&quot; setting in php.ini or use ini_set() in C:\wamp64\www\ocake\ocake\system\Email\Email.php:1730
Stack trace:
#0 [internal function]: CodeIgniter\Debug\Exceptions->errorHandler(2, 'mail(): Failed ...', 'C:\\wamp64\\www\\o...', 1730)
#1 C:\wamp64\www\ocake\ocake\system\Email\Email.php(1730): mail('kath@gmail.com', '=?UTF-8?Q?OTP?=', 'This is a multi...', 'Date: Tue, 9 Ma...', '-f ocake@gmail....')
#2 C:\wamp64\www\ocake\ocake\system\Email\Email.php(1662): CodeIgniter\Email\Email->sendWithMail()
#3 C:\wamp64\www\ocake\ocake\system\Email\Email.php(1560): CodeIgniter\Email\Email->spoolEmail()
#4 C:\wamp64\www\ocake\ocake\app\Controllers\User.php(65): CodeIgniter\Email\Email->send()
#5 C:\wamp64\www\ocake\ocake\app\Controllers\User.php(99): App\Controllers\User->send_mail(Object(CodeIgniter\Email\Email), 'Your verificati...')
#6 C:\wamp64\www\ocake\ocake\system\CodeIgniter.php(927): App\Controllers\User->login()
#7 C:\wamp64\www\ocake\ocake\system\CodeIgniter.php(482): CodeIgniter\CodeIgniter->runController(Object(App\Controllers\User))
#8 C:\wamp64\www\ocake\ocake\system\CodeIgniter.php(351): CodeIgniter\CodeIgniter->handleRequest(NULL, Object(Config\Cache), false)
#9 C:\wamp64\www\ocake\index.php(67): CodeIgniter\CodeIgniter->run()
#10 {main}
ERROR - 2023-05-09 10:35:46 --> Email: Unable to send email using PHP mail(). Your server might not be configured to send mail using this method.
ERROR - 2023-05-09 10:35:46 --> 
ERROR - 2023-05-09 19:32:55 --> Email: sendWithMail throwed ErrorException: mail(): Failed to connect to mailserver at &quot;localhost&quot; port 25, verify your &quot;SMTP&quot; and &quot;smtp_port&quot; setting in php.ini or use ini_set() in C:\wamp64\www\ocake\ocake\system\Email\Email.php:1730
Stack trace:
#0 [internal function]: CodeIgniter\Debug\Exceptions->errorHandler(2, 'mail(): Failed ...', 'C:\\wamp64\\www\\o...', 1730)
#1 C:\wamp64\www\ocake\ocake\system\Email\Email.php(1730): mail('kath@gmail.com', '=?UTF-8?Q?OTP?=', 'This is a multi...', 'Date: Tue, 9 Ma...', '-f ocake@gmail....')
#2 C:\wamp64\www\ocake\ocake\system\Email\Email.php(1662): CodeIgniter\Email\Email->sendWithMail()
#3 C:\wamp64\www\ocake\ocake\system\Email\Email.php(1560): CodeIgniter\Email\Email->spoolEmail()
#4 C:\wamp64\www\ocake\ocake\app\Controllers\User.php(65): CodeIgniter\Email\Email->send()
#5 C:\wamp64\www\ocake\ocake\app\Controllers\User.php(99): App\Controllers\User->send_mail(Object(CodeIgniter\Email\Email), 'Your verificati...')
#6 C:\wamp64\www\ocake\ocake\system\CodeIgniter.php(927): App\Controllers\User->login()
#7 C:\wamp64\www\ocake\ocake\system\CodeIgniter.php(482): CodeIgniter\CodeIgniter->runController(Object(App\Controllers\User))
#8 C:\wamp64\www\ocake\ocake\system\CodeIgniter.php(351): CodeIgniter\CodeIgniter->handleRequest(NULL, Object(Config\Cache), false)
#9 C:\wamp64\www\ocake\index.php(67): CodeIgniter\CodeIgniter->run()
#10 {main}
ERROR - 2023-05-09 19:32:55 --> Email: Unable to send email using PHP mail(). Your server might not be configured to send mail using this method.
ERROR - 2023-05-09 19:32:55 --> 
