CRITICAL - 2023-05-21 18:07:23 --> Undefined variable: downpayment
in APPPATH\Controllers\User.php on line 939.
 1 APPPATH\Controllers\User.php(939): CodeIgniter\Debug\Exceptions->errorHandler(8, 'Undefined variable: downpayment', 'APPPATH\\Controllers\\User.php', 939, [...])
 2 SYSTEMPATH\CodeIgniter.php(927): App\Controllers\User->checkout()
 3 SYSTEMPATH\CodeIgniter.php(482): CodeIgniter\CodeIgniter->runController(Object(App\Controllers\User))
 4 SYSTEMPATH\CodeIgniter.php(351): CodeIgniter\CodeIgniter->handleRequest(null, Object(Config\Cache), false)
 5 FCPATH\index.php(67): CodeIgniter\CodeIgniter->run()
CRITICAL - 2023-05-21 18:08:35 --> Undefined variable: downpayment
in APPPATH\Controllers\User.php on line 939.
 1 APPPATH\Controllers\User.php(939): CodeIgniter\Debug\Exceptions->errorHandler(8, 'Undefined variable: downpayment', 'APPPATH\\Controllers\\User.php', 939, [...])
 2 SYSTEMPATH\CodeIgniter.php(927): App\Controllers\User->checkout()
 3 SYSTEMPATH\CodeIgniter.php(482): CodeIgniter\CodeIgniter->runController(Object(App\Controllers\User))
 4 SYSTEMPATH\CodeIgniter.php(351): CodeIgniter\CodeIgniter->handleRequest(null, Object(Config\Cache), false)
 5 FCPATH\index.php(67): CodeIgniter\CodeIgniter->run()
CRITICAL - 2023-05-21 18:18:09 --> Undefined variable: downpayment
in APPPATH\Controllers\User.php on line 939.
 1 APPPATH\Controllers\User.php(939): CodeIgniter\Debug\Exceptions->errorHandler(8, 'Undefined variable: downpayment', 'APPPATH\\Controllers\\User.php', 939, [...])
 2 SYSTEMPATH\CodeIgniter.php(927): App\Controllers\User->checkout()
 3 SYSTEMPATH\CodeIgniter.php(482): CodeIgniter\CodeIgniter->runController(Object(App\Controllers\User))
 4 SYSTEMPATH\CodeIgniter.php(351): CodeIgniter\CodeIgniter->handleRequest(null, Object(Config\Cache), false)
 5 FCPATH\index.php(67): CodeIgniter\CodeIgniter->run()
