CRITICAL - 2023-04-18 19:02:40 --> Undefined variable: session
in APPPATH\Views\user\auth\checkEmail.php on line 21.
 1 APPPATH\Views\user\auth\checkEmail.php(21): CodeIgniter\Debug\Exceptions->errorHandler(8, 'Undefined variable: session', 'APPPATH\\Views\\user\\auth\\checkEmail.php', 21, [])
 2 SYSTEMPATH\View\View.php(213): include('APPPATH\\Views\\user\\auth\\checkEmail.php')
 3 SYSTEMPATH\View\View.php(216): CodeIgniter\View\View->CodeIgniter\View\{closure}()
 4 SYSTEMPATH\Common.php(1134): CodeIgniter\View\View->render('user/auth/checkEmail', [], true)
 5 APPPATH\Controllers\User.php(117): view('user/auth/checkEmail')
 6 SYSTEMPATH\CodeIgniter.php(927): App\Controllers\User->checkEmail()
 7 SYSTEMPATH\CodeIgniter.php(482): CodeIgniter\CodeIgniter->runController(Object(App\Controllers\User))
 8 SYSTEMPATH\CodeIgniter.php(351): CodeIgniter\CodeIgniter->handleRequest(null, Object(Config\Cache), false)
 9 FCPATH\index.php(67): CodeIgniter\CodeIgniter->run()
CRITICAL - 2023-04-18 19:18:17 --> Undefined variable: session
in APPPATH\Views\user\auth\userforgotpassword.php on line 15.
 1 APPPATH\Views\user\auth\userforgotpassword.php(15): CodeIgniter\Debug\Exceptions->errorHandler(8, 'Undefined variable: session', 'APPPATH\\Views\\user\\auth\\userforgotpassword.php', 15, [])
 2 SYSTEMPATH\View\View.php(213): include('APPPATH\\Views\\user\\auth\\userforgotpassword.php')
 3 SYSTEMPATH\View\View.php(216): CodeIgniter\View\View->CodeIgniter\View\{closure}()
 4 SYSTEMPATH\Common.php(1134): CodeIgniter\View\View->render('user/auth/userforgotpassword', [], true)
 5 APPPATH\Controllers\User.php(112): view('user/auth/userforgotpassword')
 6 SYSTEMPATH\CodeIgniter.php(927): App\Controllers\User->userforgotpassword()
 7 SYSTEMPATH\CodeIgniter.php(482): CodeIgniter\CodeIgniter->runController(Object(App\Controllers\User))
 8 SYSTEMPATH\CodeIgniter.php(351): CodeIgniter\CodeIgniter->handleRequest(null, Object(Config\Cache), false)
 9 FCPATH\index.php(67): CodeIgniter\CodeIgniter->run()
CRITICAL - 2023-04-18 19:20:32 --> Too few arguments to function App\Controllers\User::sendResetCode(), 0 passed in C:\wamp64\www\ocake\ocake\system\CodeIgniter.php on line 927 and exactly 1 expected
in APPPATH\Controllers\User.php on line 116.
 1 SYSTEMPATH\CodeIgniter.php(927): App\Controllers\User->sendResetCode()
 2 SYSTEMPATH\CodeIgniter.php(482): CodeIgniter\CodeIgniter->runController(Object(App\Controllers\User))
 3 SYSTEMPATH\CodeIgniter.php(351): CodeIgniter\CodeIgniter->handleRequest(null, Object(Config\Cache), false)
 4 FCPATH\index.php(67): CodeIgniter\CodeIgniter->run()
CRITICAL - 2023-04-18 19:22:12 --> Undefined offset: 0
in APPPATH\Models\Personal_m.php on line 67.
 1 APPPATH\Models\Personal_m.php(67): CodeIgniter\Debug\Exceptions->errorHandler(8, 'Undefined offset: 0', 'APPPATH\\Models\\Personal_m.php', 67, [...])
 2 APPPATH\Controllers\User.php(118): App\Models\Personal_m->getUserByEmail(null)
 3 SYSTEMPATH\CodeIgniter.php(927): App\Controllers\User->sendResetCode()
 4 SYSTEMPATH\CodeIgniter.php(482): CodeIgniter\CodeIgniter->runController(Object(App\Controllers\User))
 5 SYSTEMPATH\CodeIgniter.php(351): CodeIgniter\CodeIgniter->handleRequest(null, Object(Config\Cache), false)
 6 FCPATH\index.php(67): CodeIgniter\CodeIgniter->run()
CRITICAL - 2023-04-18 19:26:23 --> Undefined variable: verification_code
in APPPATH\Controllers\User.php on line 121.
 1 APPPATH\Controllers\User.php(121): CodeIgniter\Debug\Exceptions->errorHandler(8, 'Undefined variable: verification_code', 'APPPATH\\Controllers\\User.php', 121, [...])
 2 SYSTEMPATH\CodeIgniter.php(927): App\Controllers\User->sendResetCode()
 3 SYSTEMPATH\CodeIgniter.php(482): CodeIgniter\CodeIgniter->runController(Object(App\Controllers\User))
 4 SYSTEMPATH\CodeIgniter.php(351): CodeIgniter\CodeIgniter->handleRequest(null, Object(Config\Cache), false)
 5 FCPATH\index.php(67): CodeIgniter\CodeIgniter->run()
CRITICAL - 2023-04-18 19:26:23 --> Undefined variable: verification_code
in APPPATH\Controllers\User.php on line 121.
 1 APPPATH\Controllers\User.php(121): CodeIgniter\Debug\Exceptions->errorHandler(8, 'Undefined variable: verification_code', 'APPPATH\\Controllers\\User.php', 121, [...])
 2 SYSTEMPATH\CodeIgniter.php(927): App\Controllers\User->sendResetCode()
 3 SYSTEMPATH\CodeIgniter.php(482): CodeIgniter\CodeIgniter->runController(Object(App\Controllers\User))
 4 SYSTEMPATH\CodeIgniter.php(351): CodeIgniter\CodeIgniter->handleRequest(null, Object(Config\Cache), false)
 5 FCPATH\index.php(67): CodeIgniter\CodeIgniter->run()
CRITICAL - 2023-04-18 19:36:24 --> Undefined variable: verification_code
in APPPATH\Controllers\User.php on line 121.
 1 APPPATH\Controllers\User.php(121): CodeIgniter\Debug\Exceptions->errorHandler(8, 'Undefined variable: verification_code', 'APPPATH\\Controllers\\User.php', 121, [...])
 2 SYSTEMPATH\CodeIgniter.php(927): App\Controllers\User->sendResetCode()
 3 SYSTEMPATH\CodeIgniter.php(482): CodeIgniter\CodeIgniter->runController(Object(App\Controllers\User))
 4 SYSTEMPATH\CodeIgniter.php(351): CodeIgniter\CodeIgniter->handleRequest(null, Object(Config\Cache), false)
 5 FCPATH\index.php(67): CodeIgniter\CodeIgniter->run()
CRITICAL - 2023-04-18 19:38:19 --> Undefined variable: user
in APPPATH\Controllers\User.php on line 235.
 1 APPPATH\Controllers\User.php(235): CodeIgniter\Debug\Exceptions->errorHandler(8, 'Undefined variable: user', 'APPPATH\\Controllers\\User.php', 235, [...])
 2 APPPATH\Controllers\User.php(121): App\Controllers\User->refreshVerificationCode('test@gmail.com')
 3 SYSTEMPATH\CodeIgniter.php(927): App\Controllers\User->sendResetCode()
 4 SYSTEMPATH\CodeIgniter.php(482): CodeIgniter\CodeIgniter->runController(Object(App\Controllers\User))
 5 SYSTEMPATH\CodeIgniter.php(351): CodeIgniter\CodeIgniter->handleRequest(null, Object(Config\Cache), false)
 6 FCPATH\index.php(67): CodeIgniter\CodeIgniter->run()
CRITICAL - 2023-04-18 20:16:26 --> Undefined index: user_id
in APPPATH\Controllers\User.php on line 233.
 1 APPPATH\Controllers\User.php(233): CodeIgniter\Debug\Exceptions->errorHandler(8, 'Undefined index: user_id', 'APPPATH\\Controllers\\User.php', 233, [])
 2 SYSTEMPATH\CodeIgniter.php(927): App\Controllers\User->verify()
 3 SYSTEMPATH\CodeIgniter.php(482): CodeIgniter\CodeIgniter->runController(Object(App\Controllers\User))
 4 SYSTEMPATH\CodeIgniter.php(351): CodeIgniter\CodeIgniter->handleRequest(null, Object(Config\Cache), false)
 5 FCPATH\index.php(67): CodeIgniter\CodeIgniter->run()
CRITICAL - 2023-04-18 20:17:48 --> Trying to get property 'verification_validity_date' of non-object
in APPPATH\Controllers\User.php on line 146.
 1 APPPATH\Controllers\User.php(146): CodeIgniter\Debug\Exceptions->errorHandler(8, 'Trying to get property \'verification_validity_date\' of non-object', 'APPPATH\\Controllers\\User.php', 146, [...])
 2 SYSTEMPATH\CodeIgniter.php(927): App\Controllers\User->verifyResetCode()
 3 SYSTEMPATH\CodeIgniter.php(482): CodeIgniter\CodeIgniter->runController(Object(App\Controllers\User))
 4 SYSTEMPATH\CodeIgniter.php(351): CodeIgniter\CodeIgniter->handleRequest(null, Object(Config\Cache), false)
 5 FCPATH\index.php(67): CodeIgniter\CodeIgniter->run()
CRITICAL - 2023-04-18 20:17:48 --> Trying to get property 'verification_validity_date' of non-object
in APPPATH\Controllers\User.php on line 146.
 1 APPPATH\Controllers\User.php(146): CodeIgniter\Debug\Exceptions->errorHandler(8, 'Trying to get property \'verification_validity_date\' of non-object', 'APPPATH\\Controllers\\User.php', 146, [...])
 2 SYSTEMPATH\CodeIgniter.php(927): App\Controllers\User->verifyResetCode()
 3 SYSTEMPATH\CodeIgniter.php(482): CodeIgniter\CodeIgniter->runController(Object(App\Controllers\User))
 4 SYSTEMPATH\CodeIgniter.php(351): CodeIgniter\CodeIgniter->handleRequest(null, Object(Config\Cache), false)
 5 FCPATH\index.php(67): CodeIgniter\CodeIgniter->run()
CRITICAL - 2023-04-18 20:21:42 --> Undefined variable: session
in APPPATH\Controllers\User.php on line 124.
 1 APPPATH\Controllers\User.php(124): CodeIgniter\Debug\Exceptions->errorHandler(8, 'Undefined variable: session', 'APPPATH\\Controllers\\User.php', 124, [...])
 2 SYSTEMPATH\CodeIgniter.php(927): App\Controllers\User->sendResetCode()
 3 SYSTEMPATH\CodeIgniter.php(482): CodeIgniter\CodeIgniter->runController(Object(App\Controllers\User))
 4 SYSTEMPATH\CodeIgniter.php(351): CodeIgniter\CodeIgniter->handleRequest(null, Object(Config\Cache), false)
 5 FCPATH\index.php(67): CodeIgniter\CodeIgniter->run()
CRITICAL - 2023-04-18 20:23:50 --> Trying to get property 'verification_validity_date' of non-object
in APPPATH\Controllers\User.php on line 148.
 1 APPPATH\Controllers\User.php(148): CodeIgniter\Debug\Exceptions->errorHandler(8, 'Trying to get property \'verification_validity_date\' of non-object', 'APPPATH\\Controllers\\User.php', 148, [...])
 2 SYSTEMPATH\CodeIgniter.php(927): App\Controllers\User->verifyResetCode()
 3 SYSTEMPATH\CodeIgniter.php(482): CodeIgniter\CodeIgniter->runController(Object(App\Controllers\User))
 4 SYSTEMPATH\CodeIgniter.php(351): CodeIgniter\CodeIgniter->handleRequest(null, Object(Config\Cache), false)
 5 FCPATH\index.php(67): CodeIgniter\CodeIgniter->run()
CRITICAL - 2023-04-18 20:53:54 --> Undefined index: user_id
in APPPATH\Controllers\User.php on line 246.
 1 APPPATH\Controllers\User.php(246): CodeIgniter\Debug\Exceptions->errorHandler(8, 'Undefined index: user_id', 'APPPATH\\Controllers\\User.php', 246, [])
 2 SYSTEMPATH\CodeIgniter.php(927): App\Controllers\User->verify()
 3 SYSTEMPATH\CodeIgniter.php(482): CodeIgniter\CodeIgniter->runController(Object(App\Controllers\User))
 4 SYSTEMPATH\CodeIgniter.php(351): CodeIgniter\CodeIgniter->handleRequest(null, Object(Config\Cache), false)
 5 FCPATH\index.php(67): CodeIgniter\CodeIgniter->run()
CRITICAL - 2023-04-18 20:55:05 --> Undefined index: user_id
in APPPATH\Controllers\User.php on line 246.
 1 APPPATH\Controllers\User.php(246): CodeIgniter\Debug\Exceptions->errorHandler(8, 'Undefined index: user_id', 'APPPATH\\Controllers\\User.php', 246, [])
 2 SYSTEMPATH\CodeIgniter.php(927): App\Controllers\User->verify()
 3 SYSTEMPATH\CodeIgniter.php(482): CodeIgniter\CodeIgniter->runController(Object(App\Controllers\User))
 4 SYSTEMPATH\CodeIgniter.php(351): CodeIgniter\CodeIgniter->handleRequest(null, Object(Config\Cache), false)
 5 FCPATH\index.php(67): CodeIgniter\CodeIgniter->run()
CRITICAL - 2023-04-18 20:55:11 --> Undefined index: user_id
in APPPATH\Controllers\User.php on line 288.
 1 APPPATH\Controllers\User.php(288): CodeIgniter\Debug\Exceptions->errorHandler(8, 'Undefined index: user_id', 'APPPATH\\Controllers\\User.php', 288, [...])
 2 APPPATH\Controllers\User.php(162): App\Controllers\User->refreshVerificationCode()
 3 SYSTEMPATH\CodeIgniter.php(927): App\Controllers\User->verifyResetCode()
 4 SYSTEMPATH\CodeIgniter.php(482): CodeIgniter\CodeIgniter->runController(Object(App\Controllers\User))
 5 SYSTEMPATH\CodeIgniter.php(351): CodeIgniter\CodeIgniter->handleRequest(null, Object(Config\Cache), false)
 6 FCPATH\index.php(67): CodeIgniter\CodeIgniter->run()
CRITICAL - 2023-04-18 21:06:22 --> Undefined variable: session
in APPPATH\Controllers\User.php on line 191.
 1 APPPATH\Controllers\User.php(191): CodeIgniter\Debug\Exceptions->errorHandler(8, 'Undefined variable: session', 'APPPATH\\Controllers\\User.php', 191, [...])
 2 SYSTEMPATH\CodeIgniter.php(927): App\Controllers\User->updatePass()
 3 SYSTEMPATH\CodeIgniter.php(482): CodeIgniter\CodeIgniter->runController(Object(App\Controllers\User))
 4 SYSTEMPATH\CodeIgniter.php(351): CodeIgniter\CodeIgniter->handleRequest(null, Object(Config\Cache), false)
 5 FCPATH\index.php(67): CodeIgniter\CodeIgniter->run()
CRITICAL - 2023-04-18 21:07:28 --> Undefined variable: data
in APPPATH\Controllers\User.php on line 201.
 1 APPPATH\Controllers\User.php(201): CodeIgniter\Debug\Exceptions->errorHandler(8, 'Undefined variable: data', 'APPPATH\\Controllers\\User.php', 201, [])
 2 SYSTEMPATH\CodeIgniter.php(927): App\Controllers\User->passwordResetSuccessful()
 3 SYSTEMPATH\CodeIgniter.php(482): CodeIgniter\CodeIgniter->runController(Object(App\Controllers\User))
 4 SYSTEMPATH\CodeIgniter.php(351): CodeIgniter\CodeIgniter->handleRequest(null, Object(Config\Cache), false)
 5 FCPATH\index.php(67): CodeIgniter\CodeIgniter->run()
CRITICAL - 2023-04-18 21:08:35 --> Undefined variable: session
in APPPATH\Views\user\auth\resetPass.php on line 21.
 1 APPPATH\Views\user\auth\resetPass.php(21): CodeIgniter\Debug\Exceptions->errorHandler(8, 'Undefined variable: session', 'APPPATH\\Views\\user\\auth\\resetPass.php', 21, [])
 2 SYSTEMPATH\View\View.php(213): include('APPPATH\\Views\\user\\auth\\resetPass.php')
 3 SYSTEMPATH\View\View.php(216): CodeIgniter\View\View->CodeIgniter\View\{closure}()
 4 SYSTEMPATH\Common.php(1134): CodeIgniter\View\View->render('user/auth/resetPass', [], true)
 5 APPPATH\Controllers\User.php(201): view('user/auth/resetPass')
 6 SYSTEMPATH\CodeIgniter.php(927): App\Controllers\User->passwordResetSuccessful()
 7 SYSTEMPATH\CodeIgniter.php(482): CodeIgniter\CodeIgniter->runController(Object(App\Controllers\User))
 8 SYSTEMPATH\CodeIgniter.php(351): CodeIgniter\CodeIgniter->handleRequest(null, Object(Config\Cache), false)
 9 FCPATH\index.php(67): CodeIgniter\CodeIgniter->run()
ERROR - 2023-04-18 22:00:38 --> mysqli_sql_exception: Unknown column 'verification_validity_date' in 'field list' in C:\wamp64\www\ocake\ocake\system\Database\MySQLi\Connection.php:292
Stack trace:
#0 C:\wamp64\www\ocake\ocake\system\Database\MySQLi\Connection.php(292): mysqli->query('UPDATE `users` ...', 0)
#1 C:\wamp64\www\ocake\ocake\system\Database\BaseConnection.php(666): CodeIgniter\Database\MySQLi\Connection->execute('UPDATE `users` ...')
#2 C:\wamp64\www\ocake\ocake\system\Database\BaseConnection.php(593): CodeIgniter\Database\BaseConnection->simpleQuery('UPDATE `users` ...')
#3 C:\wamp64\www\ocake\ocake\system\Database\BaseBuilder.php(2079): CodeIgniter\Database\BaseConnection->query('UPDATE `users` ...', Array, false)
#4 C:\wamp64\www\ocake\ocake\app\Models\Personal_m.php(60): CodeIgniter\Database\BaseBuilder->update(Array)
#5 C:\wamp64\www\ocake\ocake\app\Controllers\User.php(311): App\Models\Personal_m->refreshVerificationCode('27', 311312, '2023-04-18 10:0...')
#6 C:\wamp64\www\ocake\ocake\app\Controllers\User.php(121): App\Controllers\User->refreshVerificationCode('roxaskeithaubre...')
#7 C:\wamp64\www\ocake\ocake\system\CodeIgniter.php(927): App\Controllers\User->sendResetCode()
#8 C:\wamp64\www\ocake\ocake\system\CodeIgniter.php(482): CodeIgniter\CodeIgniter->runController(Object(App\Controllers\User))
#9 C:\wamp64\www\ocake\ocake\system\CodeIgniter.php(351): CodeIgniter\CodeIgniter->handleRequest(NULL, Object(Config\Cache), false)
#10 C:\wamp64\www\ocake\index.php(67): CodeIgniter\CodeIgniter->run()
#11 {main}
ERROR - 2023-04-18 22:08:58 --> mysqli_sql_exception: Unknown column 'verification_validity_date' in 'field list' in C:\wamp64\www\ocake\ocake\system\Database\MySQLi\Connection.php:292
Stack trace:
#0 C:\wamp64\www\ocake\ocake\system\Database\MySQLi\Connection.php(292): mysqli->query('UPDATE `users` ...', 0)
#1 C:\wamp64\www\ocake\ocake\system\Database\BaseConnection.php(666): CodeIgniter\Database\MySQLi\Connection->execute('UPDATE `users` ...')
#2 C:\wamp64\www\ocake\ocake\system\Database\BaseConnection.php(593): CodeIgniter\Database\BaseConnection->simpleQuery('UPDATE `users` ...')
#3 C:\wamp64\www\ocake\ocake\system\Database\BaseBuilder.php(2079): CodeIgniter\Database\BaseConnection->query('UPDATE `users` ...', Array, false)
#4 C:\wamp64\www\ocake\ocake\app\Models\Personal_m.php(60): CodeIgniter\Database\BaseBuilder->update(Array)
#5 C:\wamp64\www\ocake\ocake\app\Controllers\User.php(311): App\Models\Personal_m->refreshVerificationCode('27', 386599, '2023-04-18 10:1...')
#6 C:\wamp64\www\ocake\ocake\app\Controllers\User.php(121): App\Controllers\User->refreshVerificationCode('roxaskeithaubre...')
#7 C:\wamp64\www\ocake\ocake\system\CodeIgniter.php(927): App\Controllers\User->sendResetCode()
#8 C:\wamp64\www\ocake\ocake\system\CodeIgniter.php(482): CodeIgniter\CodeIgniter->runController(Object(App\Controllers\User))
#9 C:\wamp64\www\ocake\ocake\system\CodeIgniter.php(351): CodeIgniter\CodeIgniter->handleRequest(NULL, Object(Config\Cache), false)
#10 C:\wamp64\www\ocake\index.php(67): CodeIgniter\CodeIgniter->run()
#11 {main}
CRITICAL - 2023-04-18 22:40:47 --> Trying to get property 'verification_validity_date' of non-object
in APPPATH\Controllers\User.php on line 151.
 1 APPPATH\Controllers\User.php(151): CodeIgniter\Debug\Exceptions->errorHandler(8, 'Trying to get property \'verification_validity_date\' of non-object', 'APPPATH\\Controllers\\User.php', 151, [...])
 2 SYSTEMPATH\CodeIgniter.php(927): App\Controllers\User->verifyResetCode()
 3 SYSTEMPATH\CodeIgniter.php(482): CodeIgniter\CodeIgniter->runController(Object(App\Controllers\User))
 4 SYSTEMPATH\CodeIgniter.php(351): CodeIgniter\CodeIgniter->handleRequest(null, Object(Config\Cache), false)
 5 FCPATH\index.php(67): CodeIgniter\CodeIgniter->run()
CRITICAL - 2023-04-18 22:41:05 --> Undefined index: user_id
in APPPATH\Controllers\User.php on line 300.
 1 APPPATH\Controllers\User.php(300): CodeIgniter\Debug\Exceptions->errorHandler(8, 'Undefined index: user_id', 'APPPATH\\Controllers\\User.php', 300, [...])
 2 APPPATH\Controllers\User.php(165): App\Controllers\User->refreshVerificationCode()
 3 SYSTEMPATH\CodeIgniter.php(927): App\Controllers\User->verifyResetCode()
 4 SYSTEMPATH\CodeIgniter.php(482): CodeIgniter\CodeIgniter->runController(Object(App\Controllers\User))
 5 SYSTEMPATH\CodeIgniter.php(351): CodeIgniter\CodeIgniter->handleRequest(null, Object(Config\Cache), false)
 6 FCPATH\index.php(67): CodeIgniter\CodeIgniter->run()
CRITICAL - 2023-04-18 22:41:23 --> Undefined index: user_id
in APPPATH\Controllers\User.php on line 300.
 1 APPPATH\Controllers\User.php(300): CodeIgniter\Debug\Exceptions->errorHandler(8, 'Undefined index: user_id', 'APPPATH\\Controllers\\User.php', 300, [...])
 2 APPPATH\Controllers\User.php(165): App\Controllers\User->refreshVerificationCode()
 3 SYSTEMPATH\CodeIgniter.php(927): App\Controllers\User->verifyResetCode()
 4 SYSTEMPATH\CodeIgniter.php(482): CodeIgniter\CodeIgniter->runController(Object(App\Controllers\User))
 5 SYSTEMPATH\CodeIgniter.php(351): CodeIgniter\CodeIgniter->handleRequest(null, Object(Config\Cache), false)
 6 FCPATH\index.php(67): CodeIgniter\CodeIgniter->run()
