CRITICAL - 2023-04-17 20:49:26 --> Call to undefined function DateTime()
in APPPATH\Controllers\User.php on line 158.
 1 SYSTEMPATH\CodeIgniter.php(927): App\Controllers\User->verify()
 2 SYSTEMPATH\CodeIgniter.php(482): CodeIgniter\CodeIgniter->runController(Object(App\Controllers\User))
 3 SYSTEMPATH\CodeIgniter.php(351): CodeIgniter\CodeIgniter->handleRequest(null, Object(Config\Cache), false)
 4 FCPATH\index.php(67): CodeIgniter\CodeIgniter->run()
CRITICAL - 2023-04-17 21:00:38 --> Object of class DateTime could not be converted to string
in APPPATH\Controllers\User.php on line 166.
 1 SYSTEMPATH\CodeIgniter.php(927): App\Controllers\User->verify()
 2 SYSTEMPATH\CodeIgniter.php(482): CodeIgniter\CodeIgniter->runController(Object(App\Controllers\User))
 3 SYSTEMPATH\CodeIgniter.php(351): CodeIgniter\CodeIgniter->handleRequest(null, Object(Config\Cache), false)
 4 FCPATH\index.php(67): CodeIgniter\CodeIgniter->run()
CRITICAL - 2023-04-17 21:02:00 --> The route for "user/home" cannot be found.
in SYSTEMPATH\HTTP\RedirectResponse.php on line 60.
 1 SYSTEMPATH\HTTP\RedirectResponse.php(60): CodeIgniter\HTTP\Exceptions\HTTPException::forInvalidRedirectRoute('user/home')
 2 SYSTEMPATH\Common.php(860): CodeIgniter\HTTP\RedirectResponse->route(false)
 3 APPPATH\Controllers\User.php(173): redirect('user/home')
 4 SYSTEMPATH\CodeIgniter.php(927): App\Controllers\User->verify()
 5 SYSTEMPATH\CodeIgniter.php(482): CodeIgniter\CodeIgniter->runController(Object(App\Controllers\User))
 6 SYSTEMPATH\CodeIgniter.php(351): CodeIgniter\CodeIgniter->handleRequest(null, Object(Config\Cache), false)
 7 FCPATH\index.php(67): CodeIgniter\CodeIgniter->run()
CRITICAL - 2023-04-17 08:38:08 --> Object of class CodeIgniter\Email\Email could not be converted to string
in SYSTEMPATH\Email\Email.php on line 640.
 1 SYSTEMPATH\Email\Email.php(640): str_replace('', 'C:\\wamp64\\www\\ocake', Object(CodeIgniter\Email\Email))
 2 APPPATH\Controllers\User.php(60): CodeIgniter\Email\Email->setMessage(Object(CodeIgniter\Email\Email))
 3 APPPATH\Controllers\User.php(44): App\Controllers\User->send_mail(783063, Object(CodeIgniter\Email\Email))
 4 SYSTEMPATH\CodeIgniter.php(927): App\Controllers\User->save()
 5 SYSTEMPATH\CodeIgniter.php(482): CodeIgniter\CodeIgniter->runController(Object(App\Controllers\User))
 6 SYSTEMPATH\CodeIgniter.php(351): CodeIgniter\CodeIgniter->handleRequest(null, Object(Config\Cache), false)
 7 FCPATH\index.php(67): CodeIgniter\CodeIgniter->run()
CRITICAL - 2023-04-17 21:45:18 --> Trying to get property 'email' of non-object
in APPPATH\Controllers\User.php on line 196.
 1 APPPATH\Controllers\User.php(196): CodeIgniter\Debug\Exceptions->errorHandler(8, 'Trying to get property \'email\' of non-object', 'APPPATH\\Controllers\\User.php', 196, [...])
 2 SYSTEMPATH\CodeIgniter.php(927): App\Controllers\User->verify()
 3 SYSTEMPATH\CodeIgniter.php(482): CodeIgniter\CodeIgniter->runController(Object(App\Controllers\User))
 4 SYSTEMPATH\CodeIgniter.php(351): CodeIgniter\CodeIgniter->handleRequest(null, Object(Config\Cache), false)
 5 FCPATH\index.php(67): CodeIgniter\CodeIgniter->run()
