ERROR - 2023-05-16 23:27:48 --> mysqli_sql_exception: Unknown column 'invoice_cart.invid' in 'where clause' in C:\xampp\htdocs\ocake\ocake\system\Database\MySQLi\Connection.php:292
Stack trace:
#0 C:\xampp\htdocs\ocake\ocake\system\Database\MySQLi\Connection.php(292): mysqli->query('SELECT *\nFROM `...', 0)
#1 C:\xampp\htdocs\ocake\ocake\system\Database\BaseConnection.php(666): CodeIgniter\Database\MySQLi\Connection->execute('SELECT *\nFROM `...')
#2 C:\xampp\htdocs\ocake\ocake\system\Database\BaseConnection.php(593): CodeIgniter\Database\BaseConnection->simpleQuery('SELECT *\nFROM `...')
#3 C:\xampp\htdocs\ocake\ocake\system\Database\BaseBuilder.php(1585): CodeIgniter\Database\BaseConnection->query('SELECT *\nFROM `...', Array, false)
#4 C:\xampp\htdocs\ocake\ocake\system\Model.php(182): CodeIgniter\Database\BaseBuilder->get()
#5 C:\xampp\htdocs\ocake\ocake\system\BaseModel.php(524): CodeIgniter\Model->doFind(true, 'undefined')
#6 C:\xampp\htdocs\ocake\ocake\app\Controllers\PosController.php(34): CodeIgniter\BaseModel->find('undefined')
#7 C:\xampp\htdocs\ocake\ocake\system\CodeIgniter.php(927): App\Controllers\PosController->deleteData()
#8 C:\xampp\htdocs\ocake\ocake\system\CodeIgniter.php(482): CodeIgniter\CodeIgniter->runController(Object(App\Controllers\PosController))
#9 C:\xampp\htdocs\ocake\ocake\system\CodeIgniter.php(351): CodeIgniter\CodeIgniter->handleRequest(NULL, Object(Config\Cache), false)
#10 C:\xampp\htdocs\ocake\index.php(67): CodeIgniter\CodeIgniter->run()
#11 {main}
CRITICAL - 2023-05-16 23:27:48 --> Call to a member function getFirstRow() on bool
in SYSTEMPATH\Model.php on line 183.
 1 SYSTEMPATH\BaseModel.php(524): CodeIgniter\Model->doFind(true, 'undefined')
 2 APPPATH\Controllers\PosController.php(34): CodeIgniter\BaseModel->find('undefined')
 3 SYSTEMPATH\CodeIgniter.php(927): App\Controllers\PosController->deleteData()
 4 SYSTEMPATH\CodeIgniter.php(482): CodeIgniter\CodeIgniter->runController(Object(App\Controllers\PosController))
 5 SYSTEMPATH\CodeIgniter.php(351): CodeIgniter\CodeIgniter->handleRequest(null, Object(Config\Cache), false)
 6 FCPATH\index.php(67): CodeIgniter\CodeIgniter->run()
ERROR - 2023-05-16 23:27:57 --> mysqli_sql_exception: Unknown column 'invoice_cart.invid' in 'where clause' in C:\xampp\htdocs\ocake\ocake\system\Database\MySQLi\Connection.php:292
Stack trace:
#0 C:\xampp\htdocs\ocake\ocake\system\Database\MySQLi\Connection.php(292): mysqli->query('SELECT *\nFROM `...', 0)
#1 C:\xampp\htdocs\ocake\ocake\system\Database\BaseConnection.php(666): CodeIgniter\Database\MySQLi\Connection->execute('SELECT *\nFROM `...')
#2 C:\xampp\htdocs\ocake\ocake\system\Database\BaseConnection.php(593): CodeIgniter\Database\BaseConnection->simpleQuery('SELECT *\nFROM `...')
#3 C:\xampp\htdocs\ocake\ocake\system\Database\BaseBuilder.php(1585): CodeIgniter\Database\BaseConnection->query('SELECT *\nFROM `...', Array, false)
#4 C:\xampp\htdocs\ocake\ocake\system\Model.php(182): CodeIgniter\Database\BaseBuilder->get()
#5 C:\xampp\htdocs\ocake\ocake\system\BaseModel.php(524): CodeIgniter\Model->doFind(true, 'undefined')
#6 C:\xampp\htdocs\ocake\ocake\app\Controllers\PosController.php(34): CodeIgniter\BaseModel->find('undefined')
#7 C:\xampp\htdocs\ocake\ocake\system\CodeIgniter.php(927): App\Controllers\PosController->deleteData()
#8 C:\xampp\htdocs\ocake\ocake\system\CodeIgniter.php(482): CodeIgniter\CodeIgniter->runController(Object(App\Controllers\PosController))
#9 C:\xampp\htdocs\ocake\ocake\system\CodeIgniter.php(351): CodeIgniter\CodeIgniter->handleRequest(NULL, Object(Config\Cache), false)
#10 C:\xampp\htdocs\ocake\index.php(67): CodeIgniter\CodeIgniter->run()
#11 {main}
CRITICAL - 2023-05-16 23:27:57 --> Call to a member function getFirstRow() on bool
in SYSTEMPATH\Model.php on line 183.
 1 SYSTEMPATH\BaseModel.php(524): CodeIgniter\Model->doFind(true, 'undefined')
 2 APPPATH\Controllers\PosController.php(34): CodeIgniter\BaseModel->find('undefined')
 3 SYSTEMPATH\CodeIgniter.php(927): App\Controllers\PosController->deleteData()
 4 SYSTEMPATH\CodeIgniter.php(482): CodeIgniter\CodeIgniter->runController(Object(App\Controllers\PosController))
 5 SYSTEMPATH\CodeIgniter.php(351): CodeIgniter\CodeIgniter->handleRequest(null, Object(Config\Cache), false)
 6 FCPATH\index.php(67): CodeIgniter\CodeIgniter->run()
ERROR - 2023-05-16 23:30:14 --> mysqli_sql_exception: Unknown column 'invoice_cart.invid' in 'where clause' in C:\xampp\htdocs\ocake\ocake\system\Database\MySQLi\Connection.php:292
Stack trace:
#0 C:\xampp\htdocs\ocake\ocake\system\Database\MySQLi\Connection.php(292): mysqli->query('SELECT *\nFROM `...', 0)
#1 C:\xampp\htdocs\ocake\ocake\system\Database\BaseConnection.php(666): CodeIgniter\Database\MySQLi\Connection->execute('SELECT *\nFROM `...')
#2 C:\xampp\htdocs\ocake\ocake\system\Database\BaseConnection.php(593): CodeIgniter\Database\BaseConnection->simpleQuery('SELECT *\nFROM `...')
#3 C:\xampp\htdocs\ocake\ocake\system\Database\BaseBuilder.php(1585): CodeIgniter\Database\BaseConnection->query('SELECT *\nFROM `...', Array, false)
#4 C:\xampp\htdocs\ocake\ocake\system\Model.php(182): CodeIgniter\Database\BaseBuilder->get()
#5 C:\xampp\htdocs\ocake\ocake\system\BaseModel.php(524): CodeIgniter\Model->doFind(true, 'undefined')
#6 C:\xampp\htdocs\ocake\ocake\app\Controllers\PosController.php(34): CodeIgniter\BaseModel->find('undefined')
#7 C:\xampp\htdocs\ocake\ocake\system\CodeIgniter.php(927): App\Controllers\PosController->deleteData()
#8 C:\xampp\htdocs\ocake\ocake\system\CodeIgniter.php(482): CodeIgniter\CodeIgniter->runController(Object(App\Controllers\PosController))
#9 C:\xampp\htdocs\ocake\ocake\system\CodeIgniter.php(351): CodeIgniter\CodeIgniter->handleRequest(NULL, Object(Config\Cache), false)
#10 C:\xampp\htdocs\ocake\index.php(67): CodeIgniter\CodeIgniter->run()
#11 {main}
CRITICAL - 2023-05-16 23:30:14 --> Call to a member function getFirstRow() on bool
in SYSTEMPATH\Model.php on line 183.
 1 SYSTEMPATH\BaseModel.php(524): CodeIgniter\Model->doFind(true, 'undefined')
 2 APPPATH\Controllers\PosController.php(34): CodeIgniter\BaseModel->find('undefined')
 3 SYSTEMPATH\CodeIgniter.php(927): App\Controllers\PosController->deleteData()
 4 SYSTEMPATH\CodeIgniter.php(482): CodeIgniter\CodeIgniter->runController(Object(App\Controllers\PosController))
 5 SYSTEMPATH\CodeIgniter.php(351): CodeIgniter\CodeIgniter->handleRequest(null, Object(Config\Cache), false)
 6 FCPATH\index.php(67): CodeIgniter\CodeIgniter->run()
ERROR - 2023-05-16 23:31:45 --> mysqli_sql_exception: Unknown column 'invoice_cart.invid' in 'where clause' in C:\xampp\htdocs\ocake\ocake\system\Database\MySQLi\Connection.php:292
Stack trace:
#0 C:\xampp\htdocs\ocake\ocake\system\Database\MySQLi\Connection.php(292): mysqli->query('SELECT *\nFROM `...', 0)
#1 C:\xampp\htdocs\ocake\ocake\system\Database\BaseConnection.php(666): CodeIgniter\Database\MySQLi\Connection->execute('SELECT *\nFROM `...')
#2 C:\xampp\htdocs\ocake\ocake\system\Database\BaseConnection.php(593): CodeIgniter\Database\BaseConnection->simpleQuery('SELECT *\nFROM `...')
#3 C:\xampp\htdocs\ocake\ocake\system\Database\BaseBuilder.php(1585): CodeIgniter\Database\BaseConnection->query('SELECT *\nFROM `...', Array, false)
#4 C:\xampp\htdocs\ocake\ocake\system\Model.php(182): CodeIgniter\Database\BaseBuilder->get()
#5 C:\xampp\htdocs\ocake\ocake\system\BaseModel.php(524): CodeIgniter\Model->doFind(true, 'undefined')
#6 C:\xampp\htdocs\ocake\ocake\app\Controllers\PosController.php(34): CodeIgniter\BaseModel->find('undefined')
#7 C:\xampp\htdocs\ocake\ocake\system\CodeIgniter.php(927): App\Controllers\PosController->deleteData()
#8 C:\xampp\htdocs\ocake\ocake\system\CodeIgniter.php(482): CodeIgniter\CodeIgniter->runController(Object(App\Controllers\PosController))
#9 C:\xampp\htdocs\ocake\ocake\system\CodeIgniter.php(351): CodeIgniter\CodeIgniter->handleRequest(NULL, Object(Config\Cache), false)
#10 C:\xampp\htdocs\ocake\index.php(67): CodeIgniter\CodeIgniter->run()
#11 {main}
CRITICAL - 2023-05-16 23:31:45 --> Call to a member function getFirstRow() on bool
in SYSTEMPATH\Model.php on line 183.
 1 SYSTEMPATH\BaseModel.php(524): CodeIgniter\Model->doFind(true, 'undefined')
 2 APPPATH\Controllers\PosController.php(34): CodeIgniter\BaseModel->find('undefined')
 3 SYSTEMPATH\CodeIgniter.php(927): App\Controllers\PosController->deleteData()
 4 SYSTEMPATH\CodeIgniter.php(482): CodeIgniter\CodeIgniter->runController(Object(App\Controllers\PosController))
 5 SYSTEMPATH\CodeIgniter.php(351): CodeIgniter\CodeIgniter->handleRequest(null, Object(Config\Cache), false)
 6 FCPATH\index.php(67): CodeIgniter\CodeIgniter->run()
