CRITICAL - 2023-01-15 00:03:28 --> Illegal offset type
in APPPATH\Controllers\User.php on line 554.
 1 APPPATH\Controllers\User.php(554): CodeIgniter\Debug\Exceptions->errorHandler(2, 'Illegal offset type', 'APPPATH\\Controllers\\User.php', 554, [...])
 2 SYSTEMPATH\CodeIgniter.php(927): App\Controllers\User->productdetails()
 3 SYSTEMPATH\CodeIgniter.php(482): CodeIgniter\CodeIgniter->runController(Object(App\Controllers\User))
 4 SYSTEMPATH\CodeIgniter.php(351): CodeIgniter\CodeIgniter->handleRequest(null, Object(Config\Cache), false)
 5 FCPATH\index.php(67): CodeIgniter\CodeIgniter->run()
CRITICAL - 2023-01-15 00:08:56 --> Illegal offset type
in APPPATH\Controllers\User.php on line 554.
 1 APPPATH\Controllers\User.php(554): CodeIgniter\Debug\Exceptions->errorHandler(2, 'Illegal offset type', 'APPPATH\\Controllers\\User.php', 554, [...])
 2 SYSTEMPATH\CodeIgniter.php(927): App\Controllers\User->productdetails()
 3 SYSTEMPATH\CodeIgniter.php(482): CodeIgniter\CodeIgniter->runController(Object(App\Controllers\User))
 4 SYSTEMPATH\CodeIgniter.php(351): CodeIgniter\CodeIgniter->handleRequest(null, Object(Config\Cache), false)
 5 FCPATH\index.php(67): CodeIgniter\CodeIgniter->run()
CRITICAL - 2023-01-15 00:09:43 --> Function name must be a string
in APPPATH\Controllers\User.php on line 554.
 1 SYSTEMPATH\CodeIgniter.php(927): App\Controllers\User->productdetails()
 2 SYSTEMPATH\CodeIgniter.php(482): CodeIgniter\CodeIgniter->runController(Object(App\Controllers\User))
 3 SYSTEMPATH\CodeIgniter.php(351): CodeIgniter\CodeIgniter->handleRequest(null, Object(Config\Cache), false)
 4 FCPATH\index.php(67): CodeIgniter\CodeIgniter->run()
CRITICAL - 2023-01-15 00:10:08 --> Method name must be a string
in APPPATH\Controllers\User.php on line 554.
 1 SYSTEMPATH\CodeIgniter.php(927): App\Controllers\User->productdetails()
 2 SYSTEMPATH\CodeIgniter.php(482): CodeIgniter\CodeIgniter->runController(Object(App\Controllers\User))
 3 SYSTEMPATH\CodeIgniter.php(351): CodeIgniter\CodeIgniter->handleRequest(null, Object(Config\Cache), false)
 4 FCPATH\index.php(67): CodeIgniter\CodeIgniter->run()
CRITICAL - 2023-01-15 00:11:11 --> Object of class App\Models\Product_model could not be converted to string
in APPPATH\Controllers\User.php on line 554.
 1 SYSTEMPATH\CodeIgniter.php(927): App\Controllers\User->productdetails()
 2 SYSTEMPATH\CodeIgniter.php(482): CodeIgniter\CodeIgniter->runController(Object(App\Controllers\User))
 3 SYSTEMPATH\CodeIgniter.php(351): CodeIgniter\CodeIgniter->handleRequest(null, Object(Config\Cache), false)
 4 FCPATH\index.php(67): CodeIgniter\CodeIgniter->run()
CRITICAL - 2023-01-15 00:13:38 --> Object of class App\Models\Product_model could not be converted to string
in APPPATH\Controllers\User.php on line 554.
 1 SYSTEMPATH\CodeIgniter.php(927): App\Controllers\User->productdetails()
 2 SYSTEMPATH\CodeIgniter.php(482): CodeIgniter\CodeIgniter->runController(Object(App\Controllers\User))
 3 SYSTEMPATH\CodeIgniter.php(351): CodeIgniter\CodeIgniter->handleRequest(null, Object(Config\Cache), false)
 4 FCPATH\index.php(67): CodeIgniter\CodeIgniter->run()
CRITICAL - 2023-01-15 02:17:18 --> Array to string conversion
in APPPATH\Controllers\User.php on line 569.
 1 APPPATH\Controllers\User.php(569): CodeIgniter\Debug\Exceptions->errorHandler(8, 'Array to string conversion', 'APPPATH\\Controllers\\User.php', 569, [...])
 2 SYSTEMPATH\CodeIgniter.php(927): App\Controllers\User->productdetails('57', 'C:\\wamp64\\www\\ocake')
 3 SYSTEMPATH\CodeIgniter.php(482): CodeIgniter\CodeIgniter->runController(Object(App\Controllers\User))
 4 SYSTEMPATH\CodeIgniter.php(351): CodeIgniter\CodeIgniter->handleRequest(null, Object(Config\Cache), false)
 5 FCPATH\index.php(67): CodeIgniter\CodeIgniter->run()
CRITICAL - 2023-01-15 03:15:39 --> Maximum execution time of 120 seconds exceeded
in SYSTEMPATH\Database\MySQLi\Connection.php on line 292.
 1 [internal function]: CodeIgniter\Debug\Exceptions->shutdownHandler()
CRITICAL - 2023-01-15 03:17:32 --> Too few arguments to function App\Controllers\User::productdetails(), 0 passed in C:\wamp64\www\ocake\ocake\system\CodeIgniter.php on line 927 and exactly 1 expected
in APPPATH\Controllers\User.php on line 552.
 1 SYSTEMPATH\CodeIgniter.php(927): App\Controllers\User->productdetails()
 2 SYSTEMPATH\CodeIgniter.php(482): CodeIgniter\CodeIgniter->runController(Object(App\Controllers\User))
 3 SYSTEMPATH\CodeIgniter.php(351): CodeIgniter\CodeIgniter->handleRequest(null, Object(Config\Cache), false)
 4 FCPATH\index.php(67): CodeIgniter\CodeIgniter->run()
CRITICAL - 2023-01-15 04:55:41 --> Undefined variable: occasion
in APPPATH\Views\user\productdetails.php on line 33.
 1 APPPATH\Views\user\productdetails.php(33): CodeIgniter\Debug\Exceptions->errorHandler(8, 'Undefined variable: occasion', 'APPPATH\\Views\\user\\productdetails.php', 33, [...])
 2 SYSTEMPATH\View\View.php(213): include('APPPATH\\Views\\user\\productdetails.php')
 3 SYSTEMPATH\View\View.php(216): CodeIgniter\View\View->CodeIgniter\View\{closure}()
 4 SYSTEMPATH\Common.php(1134): CodeIgniter\View\View->render('user/productdetails', [], true)
 5 APPPATH\Controllers\User.php(564): view('user/productdetails')
 6 SYSTEMPATH\CodeIgniter.php(927): App\Controllers\User->productdetails()
 7 SYSTEMPATH\CodeIgniter.php(482): CodeIgniter\CodeIgniter->runController(Object(App\Controllers\User))
 8 SYSTEMPATH\CodeIgniter.php(351): CodeIgniter\CodeIgniter->handleRequest(null, Object(Config\Cache), false)
 9 FCPATH\index.php(67): CodeIgniter\CodeIgniter->run()
CRITICAL - 2023-01-15 06:12:24 --> Undefined property: stdClass::$date
in APPPATH\Views\user\order_details.php on line 50.
 1 APPPATH\Views\user\order_details.php(50): CodeIgniter\Debug\Exceptions->errorHandler(8, 'Undefined property: stdClass::$date', 'APPPATH\\Views\\user\\order_details.php', 50, [...])
 2 SYSTEMPATH\View\View.php(213): include('APPPATH\\Views\\user\\order_details.php')
 3 SYSTEMPATH\View\View.php(216): CodeIgniter\View\View->CodeIgniter\View\{closure}()
 4 SYSTEMPATH\Common.php(1134): CodeIgniter\View\View->render('user/order_details', [], true)
 5 APPPATH\Controllers\User.php(209): view('user/order_details')
 6 SYSTEMPATH\CodeIgniter.php(927): App\Controllers\User->orderdetails()
 7 SYSTEMPATH\CodeIgniter.php(482): CodeIgniter\CodeIgniter->runController(Object(App\Controllers\User))
 8 SYSTEMPATH\CodeIgniter.php(351): CodeIgniter\CodeIgniter->handleRequest(null, Object(Config\Cache), false)
 9 FCPATH\index.php(67): CodeIgniter\CodeIgniter->run()
CRITICAL - 2023-01-15 06:15:22 --> Undefined property: stdClass::$firstname
in APPPATH\Views\user\order_details.php on line 162.
 1 APPPATH\Views\user\order_details.php(162): CodeIgniter\Debug\Exceptions->errorHandler(8, 'Undefined property: stdClass::$firstname', 'APPPATH\\Views\\user\\order_details.php', 162, [...])
 2 SYSTEMPATH\View\View.php(213): include('APPPATH\\Views\\user\\order_details.php')
 3 SYSTEMPATH\View\View.php(216): CodeIgniter\View\View->CodeIgniter\View\{closure}()
 4 SYSTEMPATH\Common.php(1134): CodeIgniter\View\View->render('user/order_details', [], true)
 5 APPPATH\Controllers\User.php(209): view('user/order_details')
 6 SYSTEMPATH\CodeIgniter.php(927): App\Controllers\User->orderdetails()
 7 SYSTEMPATH\CodeIgniter.php(482): CodeIgniter\CodeIgniter->runController(Object(App\Controllers\User))
 8 SYSTEMPATH\CodeIgniter.php(351): CodeIgniter\CodeIgniter->handleRequest(null, Object(Config\Cache), false)
 9 FCPATH\index.php(67): CodeIgniter\CodeIgniter->run()
CRITICAL - 2023-01-15 06:35:03 --> Undefined property: stdClass::$municipality
in APPPATH\Views\user\order_details.php on line 164.
 1 APPPATH\Views\user\order_details.php(164): CodeIgniter\Debug\Exceptions->errorHandler(8, 'Undefined property: stdClass::$municipality', 'APPPATH\\Views\\user\\order_details.php', 164, [...])
 2 SYSTEMPATH\View\View.php(213): include('APPPATH\\Views\\user\\order_details.php')
 3 SYSTEMPATH\View\View.php(216): CodeIgniter\View\View->CodeIgniter\View\{closure}()
 4 SYSTEMPATH\Common.php(1134): CodeIgniter\View\View->render('user/order_details', [], true)
 5 APPPATH\Controllers\User.php(209): view('user/order_details')
 6 SYSTEMPATH\CodeIgniter.php(927): App\Controllers\User->orderdetails()
 7 SYSTEMPATH\CodeIgniter.php(482): CodeIgniter\CodeIgniter->runController(Object(App\Controllers\User))
 8 SYSTEMPATH\CodeIgniter.php(351): CodeIgniter\CodeIgniter->handleRequest(null, Object(Config\Cache), false)
 9 FCPATH\index.php(67): CodeIgniter\CodeIgniter->run()
CRITICAL - 2023-01-15 06:36:24 --> Undefined property: stdClass::$payment_method
in APPPATH\Views\user\order_details.php on line 176.
 1 APPPATH\Views\user\order_details.php(176): CodeIgniter\Debug\Exceptions->errorHandler(8, 'Undefined property: stdClass::$payment_method', 'APPPATH\\Views\\user\\order_details.php', 176, [...])
 2 SYSTEMPATH\View\View.php(213): include('APPPATH\\Views\\user\\order_details.php')
 3 SYSTEMPATH\View\View.php(216): CodeIgniter\View\View->CodeIgniter\View\{closure}()
 4 SYSTEMPATH\Common.php(1134): CodeIgniter\View\View->render('user/order_details', [], true)
 5 APPPATH\Controllers\User.php(209): view('user/order_details')
 6 SYSTEMPATH\CodeIgniter.php(927): App\Controllers\User->orderdetails()
 7 SYSTEMPATH\CodeIgniter.php(482): CodeIgniter\CodeIgniter->runController(Object(App\Controllers\User))
 8 SYSTEMPATH\CodeIgniter.php(351): CodeIgniter\CodeIgniter->handleRequest(null, Object(Config\Cache), false)
 9 FCPATH\index.php(67): CodeIgniter\CodeIgniter->run()
CRITICAL - 2023-01-15 06:45:29 --> Undefined variable: data
in APPPATH\Views\user\order_details.php on line 183.
 1 APPPATH\Views\user\order_details.php(183): CodeIgniter\Debug\Exceptions->errorHandler(8, 'Undefined variable: data', 'APPPATH\\Views\\user\\order_details.php', 183, [...])
 2 SYSTEMPATH\View\View.php(213): include('APPPATH\\Views\\user\\order_details.php')
 3 SYSTEMPATH\View\View.php(216): CodeIgniter\View\View->CodeIgniter\View\{closure}()
 4 SYSTEMPATH\Common.php(1134): CodeIgniter\View\View->render('user/order_details', [], true)
 5 APPPATH\Controllers\User.php(209): view('user/order_details')
 6 SYSTEMPATH\CodeIgniter.php(927): App\Controllers\User->orderdetails()
 7 SYSTEMPATH\CodeIgniter.php(482): CodeIgniter\CodeIgniter->runController(Object(App\Controllers\User))
 8 SYSTEMPATH\CodeIgniter.php(351): CodeIgniter\CodeIgniter->handleRequest(null, Object(Config\Cache), false)
 9 FCPATH\index.php(67): CodeIgniter\CodeIgniter->run()
CRITICAL - 2023-01-15 07:41:20 --> A non well formed numeric value encountered
in SYSTEMPATH\Database\BaseBuilder.php on line 1577.
 1 SYSTEMPATH\Database\BaseBuilder.php(1577): CodeIgniter\Debug\Exceptions->errorHandler(8, 'A non well formed numeric value encountered', 'SYSTEMPATH\\Database\\BaseBuilder.php', 1577, [...])
 2 SYSTEMPATH\Model.php(772): CodeIgniter\Database\BaseBuilder->get(21, '2023011520D5')
 3 APPPATH\Controllers\User.php(200): CodeIgniter\Model->__call('get', [...])
 4 SYSTEMPATH\CodeIgniter.php(927): App\Controllers\User->orderdetails()
 5 SYSTEMPATH\CodeIgniter.php(482): CodeIgniter\CodeIgniter->runController(Object(App\Controllers\User))
 6 SYSTEMPATH\CodeIgniter.php(351): CodeIgniter\CodeIgniter->handleRequest(null, Object(Config\Cache), false)
 7 FCPATH\index.php(67): CodeIgniter\CodeIgniter->run()
CRITICAL - 2023-01-15 07:43:12 --> A non well formed numeric value encountered
in SYSTEMPATH\Database\BaseBuilder.php on line 1577.
 1 SYSTEMPATH\Database\BaseBuilder.php(1577): CodeIgniter\Debug\Exceptions->errorHandler(8, 'A non well formed numeric value encountered', 'SYSTEMPATH\\Database\\BaseBuilder.php', 1577, [...])
 2 SYSTEMPATH\Model.php(772): CodeIgniter\Database\BaseBuilder->get(21, '2023011520D5')
 3 APPPATH\Controllers\User.php(200): CodeIgniter\Model->__call('get', [...])
 4 SYSTEMPATH\CodeIgniter.php(927): App\Controllers\User->orderdetails()
 5 SYSTEMPATH\CodeIgniter.php(482): CodeIgniter\CodeIgniter->runController(Object(App\Controllers\User))
 6 SYSTEMPATH\CodeIgniter.php(351): CodeIgniter\CodeIgniter->handleRequest(null, Object(Config\Cache), false)
 7 FCPATH\index.php(67): CodeIgniter\CodeIgniter->run()
CRITICAL - 2023-01-15 20:28:45 --> Undefined index: user_id
in APPPATH\Controllers\Admin.php on line 112.
 1 APPPATH\Controllers\Admin.php(112): CodeIgniter\Debug\Exceptions->errorHandler(8, 'Undefined index: user_id', 'APPPATH\\Controllers\\Admin.php', 112, [...])
 2 SYSTEMPATH\CodeIgniter.php(927): App\Controllers\Admin->orders()
 3 SYSTEMPATH\CodeIgniter.php(482): CodeIgniter\CodeIgniter->runController(Object(App\Controllers\Admin))
 4 SYSTEMPATH\CodeIgniter.php(351): CodeIgniter\CodeIgniter->handleRequest(null, Object(Config\Cache), false)
 5 FCPATH\index.php(67): CodeIgniter\CodeIgniter->run()
CRITICAL - 2023-01-15 20:33:00 --> Undefined index: user_id
in APPPATH\Controllers\Admin.php on line 112.
 1 APPPATH\Controllers\Admin.php(112): CodeIgniter\Debug\Exceptions->errorHandler(8, 'Undefined index: user_id', 'APPPATH\\Controllers\\Admin.php', 112, [...])
 2 SYSTEMPATH\CodeIgniter.php(927): App\Controllers\Admin->orders()
 3 SYSTEMPATH\CodeIgniter.php(482): CodeIgniter\CodeIgniter->runController(Object(App\Controllers\Admin))
 4 SYSTEMPATH\CodeIgniter.php(351): CodeIgniter\CodeIgniter->handleRequest(null, Object(Config\Cache), false)
 5 FCPATH\index.php(67): CodeIgniter\CodeIgniter->run()
CRITICAL - 2023-01-15 20:36:22 --> Undefined index: id
in APPPATH\Controllers\Admin.php on line 112.
 1 APPPATH\Controllers\Admin.php(112): CodeIgniter\Debug\Exceptions->errorHandler(8, 'Undefined index: id', 'APPPATH\\Controllers\\Admin.php', 112, [...])
 2 SYSTEMPATH\CodeIgniter.php(927): App\Controllers\Admin->orders()
 3 SYSTEMPATH\CodeIgniter.php(482): CodeIgniter\CodeIgniter->runController(Object(App\Controllers\Admin))
 4 SYSTEMPATH\CodeIgniter.php(351): CodeIgniter\CodeIgniter->handleRequest(null, Object(Config\Cache), false)
 5 FCPATH\index.php(67): CodeIgniter\CodeIgniter->run()
CRITICAL - 2023-01-15 20:37:07 --> unlink(C:\wamp64\www\ocake\ocake\writable\debugbar/debugbar_1673788235.413047.json): No such file or directory
in SYSTEMPATH\Debug\Toolbar\Collectors\History.php on line 76.
 1 [internal function]: CodeIgniter\Debug\Exceptions->errorHandler(2, 'unlink(C:\\wamp64\\www\\ocake\\ocake\\writable\\debugbar/debugbar_1673788235.413047.json): No such file or directory', 'SYSTEMPATH\\Debug\\Toolbar\\Collectors\\History.php', 76, [...])
 2 SYSTEMPATH\Debug\Toolbar\Collectors\History.php(76): unlink('FCPATH\\ocake\\writable\\debugbar/debugbar_1673788235.413047.json')
 3 SYSTEMPATH\Debug\Toolbar.php(500): CodeIgniter\Debug\Toolbar\Collectors\History->setFiles('1673836610.418467', 20)
 4 SYSTEMPATH\Debug\Toolbar.php(477): CodeIgniter\Debug\Toolbar->format([...], 'html')
 5 APPPATH\Config\Events.php(46): CodeIgniter\Debug\Toolbar->respond()
 6 SYSTEMPATH\Events\Events.php(149): CodeIgniter\Events\Events::Config\{closure}()
 7 SYSTEMPATH\CodeIgniter.php(328): CodeIgniter\Events\Events::trigger('pre_system')
 8 FCPATH\index.php(67): CodeIgniter\CodeIgniter->run()
CRITICAL - 2023-01-15 20:37:54 --> Undefined index: user_id
in APPPATH\Controllers\Admin.php on line 112.
 1 APPPATH\Controllers\Admin.php(112): CodeIgniter\Debug\Exceptions->errorHandler(8, 'Undefined index: user_id', 'APPPATH\\Controllers\\Admin.php', 112, [...])
 2 SYSTEMPATH\CodeIgniter.php(927): App\Controllers\Admin->orders()
 3 SYSTEMPATH\CodeIgniter.php(482): CodeIgniter\CodeIgniter->runController(Object(App\Controllers\Admin))
 4 SYSTEMPATH\CodeIgniter.php(351): CodeIgniter\CodeIgniter->handleRequest(null, Object(Config\Cache), false)
 5 FCPATH\index.php(67): CodeIgniter\CodeIgniter->run()
CRITICAL - 2023-01-15 20:41:13 --> Undefined index: user_id
in APPPATH\Controllers\Admin.php on line 112.
 1 APPPATH\Controllers\Admin.php(112): CodeIgniter\Debug\Exceptions->errorHandler(8, 'Undefined index: user_id', 'APPPATH\\Controllers\\Admin.php', 112, [...])
 2 SYSTEMPATH\CodeIgniter.php(927): App\Controllers\Admin->orders()
 3 SYSTEMPATH\CodeIgniter.php(482): CodeIgniter\CodeIgniter->runController(Object(App\Controllers\Admin))
 4 SYSTEMPATH\CodeIgniter.php(351): CodeIgniter\CodeIgniter->handleRequest(null, Object(Config\Cache), false)
 5 FCPATH\index.php(67): CodeIgniter\CodeIgniter->run()
CRITICAL - 2023-01-15 20:45:29 --> Undefined index: user_id
in APPPATH\Controllers\Admin.php on line 112.
 1 APPPATH\Controllers\Admin.php(112): CodeIgniter\Debug\Exceptions->errorHandler(8, 'Undefined index: user_id', 'APPPATH\\Controllers\\Admin.php', 112, [...])
 2 SYSTEMPATH\CodeIgniter.php(927): App\Controllers\Admin->orders()
 3 SYSTEMPATH\CodeIgniter.php(482): CodeIgniter\CodeIgniter->runController(Object(App\Controllers\Admin))
 4 SYSTEMPATH\CodeIgniter.php(351): CodeIgniter\CodeIgniter->handleRequest(null, Object(Config\Cache), false)
 5 FCPATH\index.php(67): CodeIgniter\CodeIgniter->run()
CRITICAL - 2023-01-15 20:46:45 --> Undefined index: user_id
in APPPATH\Controllers\Admin.php on line 112.
 1 APPPATH\Controllers\Admin.php(112): CodeIgniter\Debug\Exceptions->errorHandler(8, 'Undefined index: user_id', 'APPPATH\\Controllers\\Admin.php', 112, [...])
 2 SYSTEMPATH\CodeIgniter.php(927): App\Controllers\Admin->orders()
 3 SYSTEMPATH\CodeIgniter.php(482): CodeIgniter\CodeIgniter->runController(Object(App\Controllers\Admin))
 4 SYSTEMPATH\CodeIgniter.php(351): CodeIgniter\CodeIgniter->handleRequest(null, Object(Config\Cache), false)
 5 FCPATH\index.php(67): CodeIgniter\CodeIgniter->run()
CRITICAL - 2023-01-15 20:54:22 --> Undefined index: user_id
in APPPATH\Controllers\Admin.php on line 112.
 1 APPPATH\Controllers\Admin.php(112): CodeIgniter\Debug\Exceptions->errorHandler(8, 'Undefined index: user_id', 'APPPATH\\Controllers\\Admin.php', 112, [...])
 2 SYSTEMPATH\CodeIgniter.php(927): App\Controllers\Admin->orders()
 3 SYSTEMPATH\CodeIgniter.php(482): CodeIgniter\CodeIgniter->runController(Object(App\Controllers\Admin))
 4 SYSTEMPATH\CodeIgniter.php(351): CodeIgniter\CodeIgniter->handleRequest(null, Object(Config\Cache), false)
 5 FCPATH\index.php(67): CodeIgniter\CodeIgniter->run()
CRITICAL - 2023-01-15 20:54:41 --> Undefined index: user_id
in APPPATH\Controllers\Admin.php on line 112.
 1 APPPATH\Controllers\Admin.php(112): CodeIgniter\Debug\Exceptions->errorHandler(8, 'Undefined index: user_id', 'APPPATH\\Controllers\\Admin.php', 112, [...])
 2 SYSTEMPATH\CodeIgniter.php(927): App\Controllers\Admin->orders()
 3 SYSTEMPATH\CodeIgniter.php(482): CodeIgniter\CodeIgniter->runController(Object(App\Controllers\Admin))
 4 SYSTEMPATH\CodeIgniter.php(351): CodeIgniter\CodeIgniter->handleRequest(null, Object(Config\Cache), false)
 5 FCPATH\index.php(67): CodeIgniter\CodeIgniter->run()
CRITICAL - 2023-01-15 20:54:59 --> Undefined index: user_id
in APPPATH\Controllers\Admin.php on line 112.
 1 APPPATH\Controllers\Admin.php(112): CodeIgniter\Debug\Exceptions->errorHandler(8, 'Undefined index: user_id', 'APPPATH\\Controllers\\Admin.php', 112, [...])
 2 SYSTEMPATH\CodeIgniter.php(927): App\Controllers\Admin->orders()
 3 SYSTEMPATH\CodeIgniter.php(482): CodeIgniter\CodeIgniter->runController(Object(App\Controllers\Admin))
 4 SYSTEMPATH\CodeIgniter.php(351): CodeIgniter\CodeIgniter->handleRequest(null, Object(Config\Cache), false)
 5 FCPATH\index.php(67): CodeIgniter\CodeIgniter->run()
CRITICAL - 2023-01-15 20:56:59 --> Undefined index: user_id
in APPPATH\Controllers\Admin.php on line 112.
 1 APPPATH\Controllers\Admin.php(112): CodeIgniter\Debug\Exceptions->errorHandler(8, 'Undefined index: user_id', 'APPPATH\\Controllers\\Admin.php', 112, [...])
 2 SYSTEMPATH\CodeIgniter.php(927): App\Controllers\Admin->orders()
 3 SYSTEMPATH\CodeIgniter.php(482): CodeIgniter\CodeIgniter->runController(Object(App\Controllers\Admin))
 4 SYSTEMPATH\CodeIgniter.php(351): CodeIgniter\CodeIgniter->handleRequest(null, Object(Config\Cache), false)
 5 FCPATH\index.php(67): CodeIgniter\CodeIgniter->run()
CRITICAL - 2023-01-15 20:58:07 --> Undefined index: user_id
in APPPATH\Controllers\Admin.php on line 112.
 1 APPPATH\Controllers\Admin.php(112): CodeIgniter\Debug\Exceptions->errorHandler(8, 'Undefined index: user_id', 'APPPATH\\Controllers\\Admin.php', 112, [...])
 2 SYSTEMPATH\CodeIgniter.php(927): App\Controllers\Admin->orders()
 3 SYSTEMPATH\CodeIgniter.php(482): CodeIgniter\CodeIgniter->runController(Object(App\Controllers\Admin))
 4 SYSTEMPATH\CodeIgniter.php(351): CodeIgniter\CodeIgniter->handleRequest(null, Object(Config\Cache), false)
 5 FCPATH\index.php(67): CodeIgniter\CodeIgniter->run()
CRITICAL - 2023-01-15 21:02:41 --> Undefined index: 
in APPPATH\Controllers\Admin.php on line 112.
 1 APPPATH\Controllers\Admin.php(112): CodeIgniter\Debug\Exceptions->errorHandler(8, 'Undefined index: ', 'APPPATH\\Controllers\\Admin.php', 112, [...])
 2 SYSTEMPATH\CodeIgniter.php(927): App\Controllers\Admin->orders()
 3 SYSTEMPATH\CodeIgniter.php(482): CodeIgniter\CodeIgniter->runController(Object(App\Controllers\Admin))
 4 SYSTEMPATH\CodeIgniter.php(351): CodeIgniter\CodeIgniter->handleRequest(null, Object(Config\Cache), false)
 5 FCPATH\index.php(67): CodeIgniter\CodeIgniter->run()
CRITICAL - 2023-01-15 21:03:48 --> Undefined index: user_id
in APPPATH\Controllers\Admin.php on line 112.
 1 APPPATH\Controllers\Admin.php(112): CodeIgniter\Debug\Exceptions->errorHandler(8, 'Undefined index: user_id', 'APPPATH\\Controllers\\Admin.php', 112, [...])
 2 SYSTEMPATH\CodeIgniter.php(927): App\Controllers\Admin->orders()
 3 SYSTEMPATH\CodeIgniter.php(482): CodeIgniter\CodeIgniter->runController(Object(App\Controllers\Admin))
 4 SYSTEMPATH\CodeIgniter.php(351): CodeIgniter\CodeIgniter->handleRequest(null, Object(Config\Cache), false)
 5 FCPATH\index.php(67): CodeIgniter\CodeIgniter->run()
CRITICAL - 2023-01-15 21:05:30 --> Undefined index: user_id
in APPPATH\Controllers\User.php on line 20.
 1 APPPATH\Controllers\User.php(20): CodeIgniter\Debug\Exceptions->errorHandler(8, 'Undefined index: user_id', 'APPPATH\\Controllers\\User.php', 20, [])
 2 SYSTEMPATH\CodeIgniter.php(927): App\Controllers\User->index()
 3 SYSTEMPATH\CodeIgniter.php(482): CodeIgniter\CodeIgniter->runController(Object(App\Controllers\User))
 4 SYSTEMPATH\CodeIgniter.php(351): CodeIgniter\CodeIgniter->handleRequest(null, Object(Config\Cache), false)
 5 FCPATH\index.php(67): CodeIgniter\CodeIgniter->run()
CRITICAL - 2023-01-15 21:08:56 --> Undefined index: user_id
in APPPATH\Controllers\User.php on line 20.
 1 APPPATH\Controllers\User.php(20): CodeIgniter\Debug\Exceptions->errorHandler(8, 'Undefined index: user_id', 'APPPATH\\Controllers\\User.php', 20, [])
 2 SYSTEMPATH\CodeIgniter.php(927): App\Controllers\User->index()
 3 SYSTEMPATH\CodeIgniter.php(482): CodeIgniter\CodeIgniter->runController(Object(App\Controllers\User))
 4 SYSTEMPATH\CodeIgniter.php(351): CodeIgniter\CodeIgniter->handleRequest(null, Object(Config\Cache), false)
 5 FCPATH\index.php(67): CodeIgniter\CodeIgniter->run()
CRITICAL - 2023-01-15 21:10:48 --> Undefined index: user_id
in APPPATH\Controllers\User.php on line 20.
 1 APPPATH\Controllers\User.php(20): CodeIgniter\Debug\Exceptions->errorHandler(8, 'Undefined index: user_id', 'APPPATH\\Controllers\\User.php', 20, [])
 2 SYSTEMPATH\CodeIgniter.php(927): App\Controllers\User->index()
 3 SYSTEMPATH\CodeIgniter.php(482): CodeIgniter\CodeIgniter->runController(Object(App\Controllers\User))
 4 SYSTEMPATH\CodeIgniter.php(351): CodeIgniter\CodeIgniter->handleRequest(null, Object(Config\Cache), false)
 5 FCPATH\index.php(67): CodeIgniter\CodeIgniter->run()
CRITICAL - 2023-01-15 21:12:04 --> Undefined index: user_id
in APPPATH\Controllers\User.php on line 20.
 1 APPPATH\Controllers\User.php(20): CodeIgniter\Debug\Exceptions->errorHandler(8, 'Undefined index: user_id', 'APPPATH\\Controllers\\User.php', 20, [])
 2 SYSTEMPATH\CodeIgniter.php(927): App\Controllers\User->index()
 3 SYSTEMPATH\CodeIgniter.php(482): CodeIgniter\CodeIgniter->runController(Object(App\Controllers\User))
 4 SYSTEMPATH\CodeIgniter.php(351): CodeIgniter\CodeIgniter->handleRequest(null, Object(Config\Cache), false)
 5 FCPATH\index.php(67): CodeIgniter\CodeIgniter->run()
CRITICAL - 2023-01-15 21:14:15 --> Object of class CodeIgniter\Session\Session could not be converted to string
in APPPATH\Controllers\BaseController.php on line 50.
 1 SYSTEMPATH\CodeIgniter.php(890): App\Controllers\BaseController->initController(Object(CodeIgniter\HTTP\IncomingRequest), Object(CodeIgniter\HTTP\Response), Object(CodeIgniter\Log\Logger))
 2 SYSTEMPATH\CodeIgniter.php(473): CodeIgniter\CodeIgniter->createController()
 3 SYSTEMPATH\CodeIgniter.php(351): CodeIgniter\CodeIgniter->handleRequest(null, Object(Config\Cache), false)
 4 FCPATH\index.php(67): CodeIgniter\CodeIgniter->run()
CRITICAL - 2023-01-15 21:15:30 --> Undefined index: user_id
in APPPATH\Controllers\User.php on line 20.
 1 APPPATH\Controllers\User.php(20): CodeIgniter\Debug\Exceptions->errorHandler(8, 'Undefined index: user_id', 'APPPATH\\Controllers\\User.php', 20, [])
 2 SYSTEMPATH\CodeIgniter.php(927): App\Controllers\User->index()
 3 SYSTEMPATH\CodeIgniter.php(482): CodeIgniter\CodeIgniter->runController(Object(App\Controllers\User))
 4 SYSTEMPATH\CodeIgniter.php(351): CodeIgniter\CodeIgniter->handleRequest(null, Object(Config\Cache), false)
 5 FCPATH\index.php(67): CodeIgniter\CodeIgniter->run()
CRITICAL - 2023-01-15 21:19:05 --> Undefined index: user_id
in APPPATH\Controllers\User.php on line 20.
 1 APPPATH\Controllers\User.php(20): CodeIgniter\Debug\Exceptions->errorHandler(8, 'Undefined index: user_id', 'APPPATH\\Controllers\\User.php', 20, [])
 2 SYSTEMPATH\CodeIgniter.php(927): App\Controllers\User->index()
 3 SYSTEMPATH\CodeIgniter.php(482): CodeIgniter\CodeIgniter->runController(Object(App\Controllers\User))
 4 SYSTEMPATH\CodeIgniter.php(351): CodeIgniter\CodeIgniter->handleRequest(null, Object(Config\Cache), false)
 5 FCPATH\index.php(67): CodeIgniter\CodeIgniter->run()
CRITICAL - 2023-01-15 21:25:18 --> Undefined index: user_id
in APPPATH\Controllers\Admin.php on line 112.
 1 APPPATH\Controllers\Admin.php(112): CodeIgniter\Debug\Exceptions->errorHandler(8, 'Undefined index: user_id', 'APPPATH\\Controllers\\Admin.php', 112, [...])
 2 SYSTEMPATH\CodeIgniter.php(927): App\Controllers\Admin->orders()
 3 SYSTEMPATH\CodeIgniter.php(482): CodeIgniter\CodeIgniter->runController(Object(App\Controllers\Admin))
 4 SYSTEMPATH\CodeIgniter.php(351): CodeIgniter\CodeIgniter->handleRequest(null, Object(Config\Cache), false)
 5 FCPATH\index.php(67): CodeIgniter\CodeIgniter->run()
CRITICAL - 2023-01-15 21:26:07 --> Undefined property: App\Controllers\Personal::$session
in APPPATH\Controllers\Personal.php on line 65.
 1 APPPATH\Controllers\Personal.php(65): CodeIgniter\Debug\Exceptions->errorHandler(8, 'Undefined property: App\\Controllers\\Personal::$session', 'APPPATH\\Controllers\\Personal.php', 65, [])
 2 SYSTEMPATH\CodeIgniter.php(927): App\Controllers\Personal->logout()
 3 SYSTEMPATH\CodeIgniter.php(482): CodeIgniter\CodeIgniter->runController(Object(App\Controllers\Personal))
 4 SYSTEMPATH\CodeIgniter.php(351): CodeIgniter\CodeIgniter->handleRequest(null, Object(Config\Cache), false)
 5 FCPATH\index.php(67): CodeIgniter\CodeIgniter->run()
CRITICAL - 2023-01-15 21:28:12 --> Object of class CodeIgniter\Session\Session could not be converted to string
in APPPATH\Controllers\Personal.php on line 66.
 1 SYSTEMPATH\CodeIgniter.php(927): App\Controllers\Personal->logout()
 2 SYSTEMPATH\CodeIgniter.php(482): CodeIgniter\CodeIgniter->runController(Object(App\Controllers\Personal))
 3 SYSTEMPATH\CodeIgniter.php(351): CodeIgniter\CodeIgniter->handleRequest(null, Object(Config\Cache), false)
 4 FCPATH\index.php(67): CodeIgniter\CodeIgniter->run()
CRITICAL - 2023-01-15 21:30:24 --> Undefined index: user_id
in APPPATH\Controllers\Admin.php on line 112.
 1 APPPATH\Controllers\Admin.php(112): CodeIgniter\Debug\Exceptions->errorHandler(8, 'Undefined index: user_id', 'APPPATH\\Controllers\\Admin.php', 112, [...])
 2 SYSTEMPATH\CodeIgniter.php(927): App\Controllers\Admin->orders()
 3 SYSTEMPATH\CodeIgniter.php(482): CodeIgniter\CodeIgniter->runController(Object(App\Controllers\Admin))
 4 SYSTEMPATH\CodeIgniter.php(351): CodeIgniter\CodeIgniter->handleRequest(null, Object(Config\Cache), false)
 5 FCPATH\index.php(67): CodeIgniter\CodeIgniter->run()
CRITICAL - 2023-01-15 22:09:03 --> Undefined property: stdClass::$quantity
in APPPATH\Views\admin\orders.php on line 136.
 1 APPPATH\Views\admin\orders.php(136): CodeIgniter\Debug\Exceptions->errorHandler(8, 'Undefined property: stdClass::$quantity', 'APPPATH\\Views\\admin\\orders.php', 136, [...])
 2 SYSTEMPATH\View\View.php(213): include('APPPATH\\Views\\admin\\orders.php')
 3 SYSTEMPATH\View\View.php(216): CodeIgniter\View\View->CodeIgniter\View\{closure}()
 4 SYSTEMPATH\Common.php(1134): CodeIgniter\View\View->render('admin/orders', [], true)
 5 APPPATH\Controllers\Admin.php(123): view('admin/orders', [...])
 6 SYSTEMPATH\CodeIgniter.php(927): App\Controllers\Admin->orders()
 7 SYSTEMPATH\CodeIgniter.php(482): CodeIgniter\CodeIgniter->runController(Object(App\Controllers\Admin))
 8 SYSTEMPATH\CodeIgniter.php(351): CodeIgniter\CodeIgniter->handleRequest(null, Object(Config\Cache), false)
 9 FCPATH\index.php(67): CodeIgniter\CodeIgniter->run()
ERROR - 2023-01-15 23:50:01 --> mysqli_sql_exception: Unknown column 'c.order_id' in 'where clause' in C:\wamp64\www\ocake\ocake\system\Database\MySQLi\Connection.php:292
Stack trace:
#0 C:\wamp64\www\ocake\ocake\system\Database\MySQLi\Connection.php(292): mysqli->query('SELECT *\nFROM `...', 0)
#1 C:\wamp64\www\ocake\ocake\system\Database\BaseConnection.php(666): CodeIgniter\Database\MySQLi\Connection->execute('SELECT *\nFROM `...')
#2 C:\wamp64\www\ocake\ocake\system\Database\BaseConnection.php(593): CodeIgniter\Database\BaseConnection->simpleQuery('SELECT *\nFROM `...')
#3 C:\wamp64\www\ocake\ocake\system\Database\BaseBuilder.php(1585): CodeIgniter\Database\BaseConnection->query('SELECT *\nFROM `...', Array, false)
#4 C:\wamp64\www\ocake\ocake\app\Models\Checkout_model.php(38): CodeIgniter\Database\BaseBuilder->get()
#5 C:\wamp64\www\ocake\ocake\app\Controllers\Admin.php(116): App\Models\Checkout_model->getDetails(NULL)
#6 C:\wamp64\www\ocake\ocake\system\CodeIgniter.php(927): App\Controllers\Admin->orders()
#7 C:\wamp64\www\ocake\ocake\system\CodeIgniter.php(482): CodeIgniter\CodeIgniter->runController(Object(App\Controllers\Admin))
#8 C:\wamp64\www\ocake\ocake\system\CodeIgniter.php(351): CodeIgniter\CodeIgniter->handleRequest(NULL, Object(Config\Cache), false)
#9 C:\wamp64\www\ocake\index.php(67): CodeIgniter\CodeIgniter->run()
#10 {main}
CRITICAL - 2023-01-15 23:50:01 --> Call to a member function getResult() on bool
in APPPATH\Models\Checkout_model.php on line 38.
 1 APPPATH\Controllers\Admin.php(116): App\Models\Checkout_model->getDetails(null)
 2 SYSTEMPATH\CodeIgniter.php(927): App\Controllers\Admin->orders()
 3 SYSTEMPATH\CodeIgniter.php(482): CodeIgniter\CodeIgniter->runController(Object(App\Controllers\Admin))
 4 SYSTEMPATH\CodeIgniter.php(351): CodeIgniter\CodeIgniter->handleRequest(null, Object(Config\Cache), false)
 5 FCPATH\index.php(67): CodeIgniter\CodeIgniter->run()
CRITICAL - 2023-01-15 23:56:26 --> Too few arguments to function App\Models\Checkout_model::getDetails(), 0 passed in C:\wamp64\www\ocake\ocake\app\Controllers\Admin.php on line 116 and exactly 1 expected
in APPPATH\Models\Checkout_model.php on line 30.
 1 APPPATH\Controllers\Admin.php(116): App\Models\Checkout_model->getDetails()
 2 SYSTEMPATH\CodeIgniter.php(927): App\Controllers\Admin->orders()
 3 SYSTEMPATH\CodeIgniter.php(482): CodeIgniter\CodeIgniter->runController(Object(App\Controllers\Admin))
 4 SYSTEMPATH\CodeIgniter.php(351): CodeIgniter\CodeIgniter->handleRequest(null, Object(Config\Cache), false)
 5 FCPATH\index.php(67): CodeIgniter\CodeIgniter->run()
