CRITICAL - 2022-12-18 07:57:39 --> Invalid file: admin/customization/add_ons.php
in SYSTEMPATH\Exceptions\FrameworkException.php on line 33.
 1 SYSTEMPATH\View\View.php(201): CodeIgniter\Exceptions\FrameworkException::forInvalidFile('admin/customization/add_ons.php')
 2 SYSTEMPATH\Common.php(1134): CodeIgniter\View\View->render('admin/customization/add_ons', [], true)
 3 APPPATH\Controllers\CustomizationController.php(59): view('admin/customization/add_ons', [...])
 4 SYSTEMPATH\CodeIgniter.php(927): App\Controllers\CustomizationController->addons()
 5 SYSTEMPATH\CodeIgniter.php(482): CodeIgniter\CodeIgniter->runController(Object(App\Controllers\CustomizationController))
 6 SYSTEMPATH\CodeIgniter.php(351): CodeIgniter\CodeIgniter->handleRequest(null, Object(Config\Cache), false)
 7 FCPATH\index.php(67): CodeIgniter\CodeIgniter->run()
CRITICAL - 2022-12-18 08:17:31 --> Invalid file: admin/customization/add_ons.php
in SYSTEMPATH\Exceptions\FrameworkException.php on line 33.
 1 SYSTEMPATH\View\View.php(201): CodeIgniter\Exceptions\FrameworkException::forInvalidFile('admin/customization/add_ons.php')
 2 SYSTEMPATH\Common.php(1134): CodeIgniter\View\View->render('admin/customization/add_ons', [], true)
 3 APPPATH\Controllers\CustomizationController.php(28): view('admin/customization/add_ons', [...])
 4 SYSTEMPATH\CodeIgniter.php(927): App\Controllers\CustomizationController->add_addons()
 5 SYSTEMPATH\CodeIgniter.php(482): CodeIgniter\CodeIgniter->runController(Object(App\Controllers\CustomizationController))
 6 SYSTEMPATH\CodeIgniter.php(351): CodeIgniter\CodeIgniter->handleRequest(null, Object(Config\Cache), false)
 7 FCPATH\index.php(67): CodeIgniter\CodeIgniter->run()
CRITICAL - 2022-12-18 08:23:03 --> Invalid file: admin/customization/add_ons.php
in SYSTEMPATH\Exceptions\FrameworkException.php on line 33.
 1 SYSTEMPATH\View\View.php(201): CodeIgniter\Exceptions\FrameworkException::forInvalidFile('admin/customization/add_ons.php')
 2 SYSTEMPATH\Common.php(1134): CodeIgniter\View\View->render('admin/customization/add_ons', [], true)
 3 APPPATH\Controllers\CustomizationController.php(28): view('admin/customization/add_ons', [...])
 4 SYSTEMPATH\CodeIgniter.php(927): App\Controllers\CustomizationController->add_addons()
 5 SYSTEMPATH\CodeIgniter.php(482): CodeIgniter\CodeIgniter->runController(Object(App\Controllers\CustomizationController))
 6 SYSTEMPATH\CodeIgniter.php(351): CodeIgniter\CodeIgniter->handleRequest(null, Object(Config\Cache), false)
 7 FCPATH\index.php(67): CodeIgniter\CodeIgniter->run()
CRITICAL - 2022-12-18 20:54:42 --> Invalid file: admin/customization/shape.php
in SYSTEMPATH\Exceptions\FrameworkException.php on line 33.
 1 SYSTEMPATH\View\View.php(201): CodeIgniter\Exceptions\FrameworkException::forInvalidFile('admin/customization/shape.php')
 2 SYSTEMPATH\Common.php(1134): CodeIgniter\View\View->render('admin/customization/shape', [], true)
 3 APPPATH\Controllers\CustomizationController.php(171): view('admin/customization/shape')
 4 SYSTEMPATH\CodeIgniter.php(927): App\Controllers\CustomizationController->add_shape()
 5 SYSTEMPATH\CodeIgniter.php(482): CodeIgniter\CodeIgniter->runController(Object(App\Controllers\CustomizationController))
 6 SYSTEMPATH\CodeIgniter.php(351): CodeIgniter\CodeIgniter->handleRequest(null, Object(Config\Cache), false)
 7 FCPATH\index.php(67): CodeIgniter\CodeIgniter->run()
CRITICAL - 2022-12-18 20:58:36 --> Invalid file: admin/customization/shape.php
in SYSTEMPATH\Exceptions\FrameworkException.php on line 33.
 1 SYSTEMPATH\View\View.php(201): CodeIgniter\Exceptions\FrameworkException::forInvalidFile('admin/customization/shape.php')
 2 SYSTEMPATH\Common.php(1134): CodeIgniter\View\View->render('admin/customization/shape', [], true)
 3 APPPATH\Controllers\CustomizationController.php(171): view('admin/customization/shape')
 4 SYSTEMPATH\CodeIgniter.php(927): App\Controllers\CustomizationController->add_shape()
 5 SYSTEMPATH\CodeIgniter.php(482): CodeIgniter\CodeIgniter->runController(Object(App\Controllers\CustomizationController))
 6 SYSTEMPATH\CodeIgniter.php(351): CodeIgniter\CodeIgniter->handleRequest(null, Object(Config\Cache), false)
 7 FCPATH\index.php(67): CodeIgniter\CodeIgniter->run()
CRITICAL - 2022-12-18 21:01:24 --> Invalid file: admin/customization/shape.php
in SYSTEMPATH\Exceptions\FrameworkException.php on line 33.
 1 SYSTEMPATH\View\View.php(201): CodeIgniter\Exceptions\FrameworkException::forInvalidFile('admin/customization/shape.php')
 2 SYSTEMPATH\Common.php(1134): CodeIgniter\View\View->render('admin/customization/shape', [], true)
 3 APPPATH\Controllers\CustomizationController.php(171): view('admin/customization/shape')
 4 SYSTEMPATH\CodeIgniter.php(927): App\Controllers\CustomizationController->add_shape()
 5 SYSTEMPATH\CodeIgniter.php(482): CodeIgniter\CodeIgniter->runController(Object(App\Controllers\CustomizationController))
 6 SYSTEMPATH\CodeIgniter.php(351): CodeIgniter\CodeIgniter->handleRequest(null, Object(Config\Cache), false)
 7 FCPATH\index.php(67): CodeIgniter\CodeIgniter->run()
CRITICAL - 2022-12-18 21:01:56 --> Invalid file: admin/customization/shape.php
in SYSTEMPATH\Exceptions\FrameworkException.php on line 33.
 1 SYSTEMPATH\View\View.php(201): CodeIgniter\Exceptions\FrameworkException::forInvalidFile('admin/customization/shape.php')
 2 SYSTEMPATH\Common.php(1134): CodeIgniter\View\View->render('admin/customization/shape', [], true)
 3 APPPATH\Controllers\CustomizationController.php(171): view('admin/customization/shape')
 4 SYSTEMPATH\CodeIgniter.php(927): App\Controllers\CustomizationController->add_shape()
 5 SYSTEMPATH\CodeIgniter.php(482): CodeIgniter\CodeIgniter->runController(Object(App\Controllers\CustomizationController))
 6 SYSTEMPATH\CodeIgniter.php(351): CodeIgniter\CodeIgniter->handleRequest(null, Object(Config\Cache), false)
 7 FCPATH\index.php(67): CodeIgniter\CodeIgniter->run()
CRITICAL - 2022-12-18 21:09:07 --> Invalid file: /admin/customization/shape.php
in SYSTEMPATH\Exceptions\FrameworkException.php on line 33.
 1 SYSTEMPATH\View\View.php(201): CodeIgniter\Exceptions\FrameworkException::forInvalidFile('/admin/customization/shape.php')
 2 SYSTEMPATH\Common.php(1134): CodeIgniter\View\View->render('/admin/customization/shape', [], true)
 3 APPPATH\Controllers\CustomizationController.php(171): view('/admin/customization/shape')
 4 SYSTEMPATH\CodeIgniter.php(927): App\Controllers\CustomizationController->add_shape()
 5 SYSTEMPATH\CodeIgniter.php(482): CodeIgniter\CodeIgniter->runController(Object(App\Controllers\CustomizationController))
 6 SYSTEMPATH\CodeIgniter.php(351): CodeIgniter\CodeIgniter->handleRequest(null, Object(Config\Cache), false)
 7 FCPATH\index.php(67): CodeIgniter\CodeIgniter->run()
CRITICAL - 2022-12-18 21:19:50 --> Undefined variable: addons
in APPPATH\Views\admin\addons.php on line 150.
 1 APPPATH\Views\admin\addons.php(150): CodeIgniter\Debug\Exceptions->errorHandler(8, 'Undefined variable: addons', 'APPPATH\\Views\\admin\\addons.php', 150, [...])
 2 SYSTEMPATH\View\View.php(213): include('APPPATH\\Views\\admin\\addons.php')
 3 SYSTEMPATH\View\View.php(216): CodeIgniter\View\View->CodeIgniter\View\{closure}()
 4 SYSTEMPATH\Common.php(1134): CodeIgniter\View\View->render('admin/addons', [], true)
 5 APPPATH\Controllers\CustomizationController.php(13): view('admin/addons')
 6 SYSTEMPATH\CodeIgniter.php(927): App\Controllers\CustomizationController->add_ons()
 7 SYSTEMPATH\CodeIgniter.php(482): CodeIgniter\CodeIgniter->runController(Object(App\Controllers\CustomizationController))
 8 SYSTEMPATH\CodeIgniter.php(351): CodeIgniter\CodeIgniter->handleRequest(null, Object(Config\Cache), false)
 9 FCPATH\index.php(67): CodeIgniter\CodeIgniter->run()
CRITICAL - 2022-12-18 21:20:20 --> Undefined variable: addons
in APPPATH\Views\admin\addons.php on line 150.
 1 APPPATH\Views\admin\addons.php(150): CodeIgniter\Debug\Exceptions->errorHandler(8, 'Undefined variable: addons', 'APPPATH\\Views\\admin\\addons.php', 150, [...])
 2 SYSTEMPATH\View\View.php(213): include('APPPATH\\Views\\admin\\addons.php')
 3 SYSTEMPATH\View\View.php(216): CodeIgniter\View\View->CodeIgniter\View\{closure}()
 4 SYSTEMPATH\Common.php(1134): CodeIgniter\View\View->render('admin/addons', [], true)
 5 APPPATH\Controllers\CustomizationController.php(13): view('admin/addons')
 6 SYSTEMPATH\CodeIgniter.php(927): App\Controllers\CustomizationController->add_ons()
 7 SYSTEMPATH\CodeIgniter.php(482): CodeIgniter\CodeIgniter->runController(Object(App\Controllers\CustomizationController))
 8 SYSTEMPATH\CodeIgniter.php(351): CodeIgniter\CodeIgniter->handleRequest(null, Object(Config\Cache), false)
 9 FCPATH\index.php(67): CodeIgniter\CodeIgniter->run()
CRITICAL - 2022-12-18 21:26:29 --> Undefined variable: addons
in APPPATH\Views\admin\addons.php on line 150.
 1 APPPATH\Views\admin\addons.php(150): CodeIgniter\Debug\Exceptions->errorHandler(8, 'Undefined variable: addons', 'APPPATH\\Views\\admin\\addons.php', 150, [...])
 2 SYSTEMPATH\View\View.php(213): include('APPPATH\\Views\\admin\\addons.php')
 3 SYSTEMPATH\View\View.php(216): CodeIgniter\View\View->CodeIgniter\View\{closure}()
 4 SYSTEMPATH\Common.php(1134): CodeIgniter\View\View->render('admin/addons', [], true)
 5 APPPATH\Controllers\CustomizationController.php(13): view('admin/addons')
 6 SYSTEMPATH\CodeIgniter.php(927): App\Controllers\CustomizationController->add_ons()
 7 SYSTEMPATH\CodeIgniter.php(482): CodeIgniter\CodeIgniter->runController(Object(App\Controllers\CustomizationController))
 8 SYSTEMPATH\CodeIgniter.php(351): CodeIgniter\CodeIgniter->handleRequest(null, Object(Config\Cache), false)
 9 FCPATH\index.php(67): CodeIgniter\CodeIgniter->run()
CRITICAL - 2022-12-18 21:28:04 --> Undefined variable: data
in APPPATH\Views\admin\addons.php on line 150.
 1 APPPATH\Views\admin\addons.php(150): CodeIgniter\Debug\Exceptions->errorHandler(8, 'Undefined variable: data', 'APPPATH\\Views\\admin\\addons.php', 150, [...])
 2 SYSTEMPATH\View\View.php(213): include('APPPATH\\Views\\admin\\addons.php')
 3 SYSTEMPATH\View\View.php(216): CodeIgniter\View\View->CodeIgniter\View\{closure}()
 4 SYSTEMPATH\Common.php(1134): CodeIgniter\View\View->render('admin/addons', [], true)
 5 APPPATH\Controllers\CustomizationController.php(13): view('admin/addons')
 6 SYSTEMPATH\CodeIgniter.php(927): App\Controllers\CustomizationController->add_ons()
 7 SYSTEMPATH\CodeIgniter.php(482): CodeIgniter\CodeIgniter->runController(Object(App\Controllers\CustomizationController))
 8 SYSTEMPATH\CodeIgniter.php(351): CodeIgniter\CodeIgniter->handleRequest(null, Object(Config\Cache), false)
 9 FCPATH\index.php(67): CodeIgniter\CodeIgniter->run()
CRITICAL - 2022-12-18 21:29:13 --> Undefined variable: addons
in APPPATH\Views\admin\addons.php on line 150.
 1 APPPATH\Views\admin\addons.php(150): CodeIgniter\Debug\Exceptions->errorHandler(8, 'Undefined variable: addons', 'APPPATH\\Views\\admin\\addons.php', 150, [...])
 2 SYSTEMPATH\View\View.php(213): include('APPPATH\\Views\\admin\\addons.php')
 3 SYSTEMPATH\View\View.php(216): CodeIgniter\View\View->CodeIgniter\View\{closure}()
 4 SYSTEMPATH\Common.php(1134): CodeIgniter\View\View->render('admin/addons', [], true)
 5 APPPATH\Controllers\CustomizationController.php(13): view('admin/addons')
 6 SYSTEMPATH\CodeIgniter.php(927): App\Controllers\CustomizationController->add_ons()
 7 SYSTEMPATH\CodeIgniter.php(482): CodeIgniter\CodeIgniter->runController(Object(App\Controllers\CustomizationController))
 8 SYSTEMPATH\CodeIgniter.php(351): CodeIgniter\CodeIgniter->handleRequest(null, Object(Config\Cache), false)
 9 FCPATH\index.php(67): CodeIgniter\CodeIgniter->run()
CRITICAL - 2022-12-18 21:38:59 --> Undefined variable: addons
in APPPATH\Views\admin\addons.php on line 149.
 1 APPPATH\Views\admin\addons.php(149): CodeIgniter\Debug\Exceptions->errorHandler(8, 'Undefined variable: addons', 'APPPATH\\Views\\admin\\addons.php', 149, [...])
 2 SYSTEMPATH\View\View.php(213): include('APPPATH\\Views\\admin\\addons.php')
 3 SYSTEMPATH\View\View.php(216): CodeIgniter\View\View->CodeIgniter\View\{closure}()
 4 SYSTEMPATH\Common.php(1134): CodeIgniter\View\View->render('admin/addons', [], true)
 5 APPPATH\Controllers\CustomizationController.php(13): view('admin/addons')
 6 SYSTEMPATH\CodeIgniter.php(927): App\Controllers\CustomizationController->add_ons()
 7 SYSTEMPATH\CodeIgniter.php(482): CodeIgniter\CodeIgniter->runController(Object(App\Controllers\CustomizationController))
 8 SYSTEMPATH\CodeIgniter.php(351): CodeIgniter\CodeIgniter->handleRequest(null, Object(Config\Cache), false)
 9 FCPATH\index.php(67): CodeIgniter\CodeIgniter->run()
CRITICAL - 2022-12-18 21:46:55 --> Undefined variable: addons
in APPPATH\Views\admin\addons.php on line 149.
 1 APPPATH\Views\admin\addons.php(149): CodeIgniter\Debug\Exceptions->errorHandler(8, 'Undefined variable: addons', 'APPPATH\\Views\\admin\\addons.php', 149, [...])
 2 SYSTEMPATH\View\View.php(213): include('APPPATH\\Views\\admin\\addons.php')
 3 SYSTEMPATH\View\View.php(216): CodeIgniter\View\View->CodeIgniter\View\{closure}()
 4 SYSTEMPATH\Common.php(1134): CodeIgniter\View\View->render('admin/addons', [], true)
 5 APPPATH\Controllers\CustomizationController.php(13): view('admin/addons')
 6 SYSTEMPATH\CodeIgniter.php(927): App\Controllers\CustomizationController->add_ons()
 7 SYSTEMPATH\CodeIgniter.php(482): CodeIgniter\CodeIgniter->runController(Object(App\Controllers\CustomizationController))
 8 SYSTEMPATH\CodeIgniter.php(351): CodeIgniter\CodeIgniter->handleRequest(null, Object(Config\Cache), false)
 9 FCPATH\index.php(67): CodeIgniter\CodeIgniter->run()
CRITICAL - 2022-12-18 21:50:39 --> Undefined variable: addons
in APPPATH\Views\admin\addons.php on line 149.
 1 APPPATH\Views\admin\addons.php(149): CodeIgniter\Debug\Exceptions->errorHandler(8, 'Undefined variable: addons', 'APPPATH\\Views\\admin\\addons.php', 149, [...])
 2 SYSTEMPATH\View\View.php(213): include('APPPATH\\Views\\admin\\addons.php')
 3 SYSTEMPATH\View\View.php(216): CodeIgniter\View\View->CodeIgniter\View\{closure}()
 4 SYSTEMPATH\Common.php(1134): CodeIgniter\View\View->render('admin/addons', [], true)
 5 APPPATH\Controllers\CustomizationController.php(13): view('admin/addons')
 6 SYSTEMPATH\CodeIgniter.php(927): App\Controllers\CustomizationController->add_ons()
 7 SYSTEMPATH\CodeIgniter.php(482): CodeIgniter\CodeIgniter->runController(Object(App\Controllers\CustomizationController))
 8 SYSTEMPATH\CodeIgniter.php(351): CodeIgniter\CodeIgniter->handleRequest(null, Object(Config\Cache), false)
 9 FCPATH\index.php(67): CodeIgniter\CodeIgniter->run()
CRITICAL - 2022-12-18 21:59:15 --> Undefined variable: shape
in APPPATH\Views\admin\shape.php on line 167.
 1 APPPATH\Views\admin\shape.php(167): CodeIgniter\Debug\Exceptions->errorHandler(8, 'Undefined variable: shape', 'APPPATH\\Views\\admin\\shape.php', 167, [...])
 2 SYSTEMPATH\View\View.php(213): include('APPPATH\\Views\\admin\\shape.php')
 3 SYSTEMPATH\View\View.php(216): CodeIgniter\View\View->CodeIgniter\View\{closure}()
 4 SYSTEMPATH\Common.php(1134): CodeIgniter\View\View->render('admin/shape', [], true)
 5 APPPATH\Controllers\CustomizationController.php(125): view('admin/shape')
 6 SYSTEMPATH\CodeIgniter.php(927): App\Controllers\CustomizationController->shape()
 7 SYSTEMPATH\CodeIgniter.php(482): CodeIgniter\CodeIgniter->runController(Object(App\Controllers\CustomizationController))
 8 SYSTEMPATH\CodeIgniter.php(351): CodeIgniter\CodeIgniter->handleRequest(null, Object(Config\Cache), false)
 9 FCPATH\index.php(67): CodeIgniter\CodeIgniter->run()
CRITICAL - 2022-12-18 22:02:00 --> Undefined variable: shape
in APPPATH\Views\admin\shape.php on line 167.
 1 APPPATH\Views\admin\shape.php(167): CodeIgniter\Debug\Exceptions->errorHandler(8, 'Undefined variable: shape', 'APPPATH\\Views\\admin\\shape.php', 167, [...])
 2 SYSTEMPATH\View\View.php(213): include('APPPATH\\Views\\admin\\shape.php')
 3 SYSTEMPATH\View\View.php(216): CodeIgniter\View\View->CodeIgniter\View\{closure}()
 4 SYSTEMPATH\Common.php(1134): CodeIgniter\View\View->render('admin/shape', [], true)
 5 APPPATH\Controllers\CustomizationController.php(125): view('admin/shape')
 6 SYSTEMPATH\CodeIgniter.php(927): App\Controllers\CustomizationController->shape()
 7 SYSTEMPATH\CodeIgniter.php(482): CodeIgniter\CodeIgniter->runController(Object(App\Controllers\CustomizationController))
 8 SYSTEMPATH\CodeIgniter.php(351): CodeIgniter\CodeIgniter->handleRequest(null, Object(Config\Cache), false)
 9 FCPATH\index.php(67): CodeIgniter\CodeIgniter->run()
CRITICAL - 2022-12-18 22:03:22 --> Undefined property: stdClass::$add_ons_id
in APPPATH\Views\admin\shape.php on line 202.
 1 APPPATH\Views\admin\shape.php(202): CodeIgniter\Debug\Exceptions->errorHandler(8, 'Undefined property: stdClass::$add_ons_id', 'APPPATH\\Views\\admin\\shape.php', 202, [...])
 2 SYSTEMPATH\View\View.php(213): include('APPPATH\\Views\\admin\\shape.php')
 3 SYSTEMPATH\View\View.php(216): CodeIgniter\View\View->CodeIgniter\View\{closure}()
 4 SYSTEMPATH\Common.php(1134): CodeIgniter\View\View->render('admin/shape', [], true)
 5 APPPATH\Controllers\CustomizationController.php(127): view('admin/shape', [...])
 6 SYSTEMPATH\CodeIgniter.php(927): App\Controllers\CustomizationController->shape()
 7 SYSTEMPATH\CodeIgniter.php(482): CodeIgniter\CodeIgniter->runController(Object(App\Controllers\CustomizationController))
 8 SYSTEMPATH\CodeIgniter.php(351): CodeIgniter\CodeIgniter->handleRequest(null, Object(Config\Cache), false)
 9 FCPATH\index.php(67): CodeIgniter\CodeIgniter->run()
CRITICAL - 2022-12-18 22:48:49 --> Undefined variable: data
in APPPATH\Views\admin\shape.php on line 57.
 1 APPPATH\Views\admin\shape.php(57): CodeIgniter\Debug\Exceptions->errorHandler(8, 'Undefined variable: data', 'APPPATH\\Views\\admin\\shape.php', 57, [...])
 2 SYSTEMPATH\View\View.php(213): include('APPPATH\\Views\\admin\\shape.php')
 3 SYSTEMPATH\View\View.php(216): CodeIgniter\View\View->CodeIgniter\View\{closure}()
 4 SYSTEMPATH\Common.php(1134): CodeIgniter\View\View->render('admin/shape', [], true)
 5 APPPATH\Controllers\CustomizationController.php(127): view('admin/shape', [...])
 6 SYSTEMPATH\CodeIgniter.php(927): App\Controllers\CustomizationController->shape()
 7 SYSTEMPATH\CodeIgniter.php(482): CodeIgniter\CodeIgniter->runController(Object(App\Controllers\CustomizationController))
 8 SYSTEMPATH\CodeIgniter.php(351): CodeIgniter\CodeIgniter->handleRequest(null, Object(Config\Cache), false)
 9 FCPATH\index.php(67): CodeIgniter\CodeIgniter->run()
CRITICAL - 2022-12-18 22:51:22 --> Undefined variable: data
in APPPATH\Views\admin\shape.php on line 51.
 1 APPPATH\Views\admin\shape.php(51): CodeIgniter\Debug\Exceptions->errorHandler(8, 'Undefined variable: data', 'APPPATH\\Views\\admin\\shape.php', 51, [...])
 2 SYSTEMPATH\View\View.php(213): include('APPPATH\\Views\\admin\\shape.php')
 3 SYSTEMPATH\View\View.php(216): CodeIgniter\View\View->CodeIgniter\View\{closure}()
 4 SYSTEMPATH\Common.php(1134): CodeIgniter\View\View->render('admin/shape', [], true)
 5 APPPATH\Controllers\CustomizationController.php(127): view('admin/shape', [...])
 6 SYSTEMPATH\CodeIgniter.php(927): App\Controllers\CustomizationController->shape()
 7 SYSTEMPATH\CodeIgniter.php(482): CodeIgniter\CodeIgniter->runController(Object(App\Controllers\CustomizationController))
 8 SYSTEMPATH\CodeIgniter.php(351): CodeIgniter\CodeIgniter->handleRequest(null, Object(Config\Cache), false)
 9 FCPATH\index.php(67): CodeIgniter\CodeIgniter->run()
CRITICAL - 2022-12-18 23:17:59 --> Undefined variable: data
in APPPATH\Views\admin\shape.php on line 53.
 1 APPPATH\Views\admin\shape.php(53): CodeIgniter\Debug\Exceptions->errorHandler(8, 'Undefined variable: data', 'APPPATH\\Views\\admin\\shape.php', 53, [...])
 2 SYSTEMPATH\View\View.php(213): include('APPPATH\\Views\\admin\\shape.php')
 3 SYSTEMPATH\View\View.php(216): CodeIgniter\View\View->CodeIgniter\View\{closure}()
 4 SYSTEMPATH\Common.php(1134): CodeIgniter\View\View->render('admin/shape', [], true)
 5 APPPATH\Controllers\CustomizationController.php(127): view('admin/shape', [...])
 6 SYSTEMPATH\CodeIgniter.php(927): App\Controllers\CustomizationController->shape()
 7 SYSTEMPATH\CodeIgniter.php(482): CodeIgniter\CodeIgniter->runController(Object(App\Controllers\CustomizationController))
 8 SYSTEMPATH\CodeIgniter.php(351): CodeIgniter\CodeIgniter->handleRequest(null, Object(Config\Cache), false)
 9 FCPATH\index.php(67): CodeIgniter\CodeIgniter->run()
CRITICAL - 2022-12-18 23:49:14 --> Undefined variable: data
in APPPATH\Views\admin\shape.php on line 57.
 1 APPPATH\Views\admin\shape.php(57): CodeIgniter\Debug\Exceptions->errorHandler(8, 'Undefined variable: data', 'APPPATH\\Views\\admin\\shape.php', 57, [...])
 2 SYSTEMPATH\View\View.php(213): include('APPPATH\\Views\\admin\\shape.php')
 3 SYSTEMPATH\View\View.php(216): CodeIgniter\View\View->CodeIgniter\View\{closure}()
 4 SYSTEMPATH\Common.php(1134): CodeIgniter\View\View->render('admin/shape', [], true)
 5 APPPATH\Controllers\CustomizationController.php(127): view('admin/shape', [...])
 6 SYSTEMPATH\CodeIgniter.php(927): App\Controllers\CustomizationController->shape()
 7 SYSTEMPATH\CodeIgniter.php(482): CodeIgniter\CodeIgniter->runController(Object(App\Controllers\CustomizationController))
 8 SYSTEMPATH\CodeIgniter.php(351): CodeIgniter\CodeIgniter->handleRequest(null, Object(Config\Cache), false)
 9 FCPATH\index.php(67): CodeIgniter\CodeIgniter->run()
CRITICAL - 2022-12-18 23:55:35 --> Undefined variable: validation
in APPPATH\Views\admin\shape.php on line 78.
 1 APPPATH\Views\admin\shape.php(78): CodeIgniter\Debug\Exceptions->errorHandler(8, 'Undefined variable: validation', 'APPPATH\\Views\\admin\\shape.php', 78, [...])
 2 SYSTEMPATH\View\View.php(213): include('APPPATH\\Views\\admin\\shape.php')
 3 SYSTEMPATH\View\View.php(216): CodeIgniter\View\View->CodeIgniter\View\{closure}()
 4 SYSTEMPATH\Common.php(1134): CodeIgniter\View\View->render('admin/shape', [], true)
 5 APPPATH\Controllers\CustomizationController.php(127): view('admin/shape', [...])
 6 SYSTEMPATH\CodeIgniter.php(927): App\Controllers\CustomizationController->shape()
 7 SYSTEMPATH\CodeIgniter.php(482): CodeIgniter\CodeIgniter->runController(Object(App\Controllers\CustomizationController))
 8 SYSTEMPATH\CodeIgniter.php(351): CodeIgniter\CodeIgniter->handleRequest(null, Object(Config\Cache), false)
 9 FCPATH\index.php(67): CodeIgniter\CodeIgniter->run()
