CRITICAL - 2023-05-11 00:12:03 --> syntax error, unexpected token "if"
in APPPATH\Config\Routes.php on line 220.
 1 SYSTEMPATH\CodeIgniter.php(430): CodeIgniter\CodeIgniter->tryToRouteIt(null)
 2 SYSTEMPATH\CodeIgniter.php(351): CodeIgniter\CodeIgniter->handleRequest(null, Object(Config\Cache), false)
 3 FCPATH\index.php(67): CodeIgniter\CodeIgniter->run()
CRITICAL - 2023-05-11 00:15:29 --> Class "Dompdf\Dompdf" not found
in APPPATH\Controllers\User.php on line 30.
 1 SYSTEMPATH\CodeIgniter.php(927): App\Controllers\User->htmlToPDF()
 2 SYSTEMPATH\CodeIgniter.php(482): CodeIgniter\CodeIgniter->runController(Object(App\Controllers\User))
 3 SYSTEMPATH\CodeIgniter.php(351): CodeIgniter\CodeIgniter->handleRequest(null, Object(Config\Cache), false)
 4 FCPATH\index.php(67): CodeIgniter\CodeIgniter->run()
CRITICAL - 2023-05-11 20:20:10 --> Invalid file: admin0/include/script.php
in SYSTEMPATH\Exceptions\FrameworkException.php on line 33.
 1 SYSTEMPATH\View\View.php(201): CodeIgniter\Exceptions\FrameworkException::forInvalidFile('admin0/include/script.php')
 2 SYSTEMPATH\Common.php(1134): CodeIgniter\View\View->render('admin0/include/script', [], true)
 3 APPPATH\Views\admin\categorylist.php(328): view('admin0/include/script')
 4 SYSTEMPATH\View\View.php(213): include('APPPATH\\Views\\admin\\categorylist.php')
 5 SYSTEMPATH\View\View.php(216): CodeIgniter\View\View->CodeIgniter\View\{closure}()
 6 SYSTEMPATH\Common.php(1134): CodeIgniter\View\View->render('admin/categorylist', [], true)
 7 APPPATH\Controllers\Admin.php(496): view('admin/categorylist', [...])
 8 SYSTEMPATH\CodeIgniter.php(927): App\Controllers\Admin->categorylist()
 9 SYSTEMPATH\CodeIgniter.php(482): CodeIgniter\CodeIgniter->runController(Object(App\Controllers\Admin))
10 SYSTEMPATH\CodeIgniter.php(351): CodeIgniter\CodeIgniter->handleRequest(null, Object(Config\Cache), false)
11 FCPATH\index.php(67): CodeIgniter\CodeIgniter->run()
CRITICAL - 2023-05-11 20:41:41 --> Undefined array key "user_id"
in APPPATH\Controllers\User.php on line 263.
 1 APPPATH\Controllers\User.php(263): CodeIgniter\Debug\Exceptions->errorHandler(2, 'Undefined array key "user_id"', 'APPPATH\\Controllers\\User.php', 263)
 2 SYSTEMPATH\CodeIgniter.php(927): App\Controllers\User->home()
 3 SYSTEMPATH\CodeIgniter.php(482): CodeIgniter\CodeIgniter->runController(Object(App\Controllers\User))
 4 SYSTEMPATH\CodeIgniter.php(351): CodeIgniter\CodeIgniter->handleRequest(null, Object(Config\Cache), false)
 5 FCPATH\index.php(67): CodeIgniter\CodeIgniter->run()
CRITICAL - 2023-05-11 20:43:08 --> Undefined variable $address
in APPPATH\Views\user\auth\signlog.php on line 103.
 1 APPPATH\Views\user\auth\signlog.php(103): CodeIgniter\Debug\Exceptions->errorHandler(2, 'Undefined variable $address', 'APPPATH\\Views\\user\\auth\\signlog.php', 103)
 2 SYSTEMPATH\View\View.php(213): include('APPPATH\\Views\\user\\auth\\signlog.php')
 3 SYSTEMPATH\View\View.php(216): CodeIgniter\View\View->CodeIgniter\View\{closure}()
 4 SYSTEMPATH\Common.php(1134): CodeIgniter\View\View->render('user/auth/signlog', [], true)
 5 APPPATH\Controllers\User.php(135): view('user/auth/signlog', [...])
 6 SYSTEMPATH\CodeIgniter.php(927): App\Controllers\User->login()
 7 SYSTEMPATH\CodeIgniter.php(482): CodeIgniter\CodeIgniter->runController(Object(App\Controllers\User))
 8 SYSTEMPATH\CodeIgniter.php(351): CodeIgniter\CodeIgniter->handleRequest(null, Object(Config\Cache), false)
 9 FCPATH\index.php(67): CodeIgniter\CodeIgniter->run()
