CRITICAL - 2023-05-01 19:39:40 --> Trying to get property 'id' of non-object
in APPPATH\Views\user\delivered_order.php on line 195.
 1 APPPATH\Views\user\delivered_order.php(195): CodeIgniter\Debug\Exceptions->errorHandler(8, 'Trying to get property \'id\' of non-object', 'APPPATH\\Views\\user\\delivered_order.php', 195, [...])
 2 SYSTEMPATH\View\View.php(213): include('APPPATH\\Views\\user\\delivered_order.php')
 3 SYSTEMPATH\View\View.php(216): CodeIgniter\View\View->CodeIgniter\View\{closure}()
 4 SYSTEMPATH\Common.php(1134): CodeIgniter\View\View->render('user/delivered_order', [], true)
 5 APPPATH\Controllers\User.php(1279): view('user/delivered_order')
 6 SYSTEMPATH\CodeIgniter.php(927): App\Controllers\User->deliveredOrder()
 7 SYSTEMPATH\CodeIgniter.php(482): CodeIgniter\CodeIgniter->runController(Object(App\Controllers\User))
 8 SYSTEMPATH\CodeIgniter.php(351): CodeIgniter\CodeIgniter->handleRequest(null, Object(Config\Cache), false)
 9 FCPATH\index.php(67): CodeIgniter\CodeIgniter->run()
CRITICAL - 2023-05-01 19:46:18 --> Call to undefined method App\Models\Cart_m::getProduct
in SYSTEMPATH\Model.php on line 774.
 1 APPPATH\Controllers\User.php(1252): CodeIgniter\Model->__call('getProduct', [])
 2 SYSTEMPATH\CodeIgniter.php(927): App\Controllers\User->deliveredOrder()
 3 SYSTEMPATH\CodeIgniter.php(482): CodeIgniter\CodeIgniter->runController(Object(App\Controllers\User))
 4 SYSTEMPATH\CodeIgniter.php(351): CodeIgniter\CodeIgniter->handleRequest(null, Object(Config\Cache), false)
 5 FCPATH\index.php(67): CodeIgniter\CodeIgniter->run()
CRITICAL - 2023-05-01 19:46:42 --> Trying to get property 'id' of non-object
in APPPATH\Views\user\delivered_order.php on line 195.
 1 APPPATH\Views\user\delivered_order.php(195): CodeIgniter\Debug\Exceptions->errorHandler(8, 'Trying to get property \'id\' of non-object', 'APPPATH\\Views\\user\\delivered_order.php', 195, [...])
 2 SYSTEMPATH\View\View.php(213): include('APPPATH\\Views\\user\\delivered_order.php')
 3 SYSTEMPATH\View\View.php(216): CodeIgniter\View\View->CodeIgniter\View\{closure}()
 4 SYSTEMPATH\Common.php(1134): CodeIgniter\View\View->render('user/delivered_order', [], true)
 5 APPPATH\Controllers\User.php(1278): view('user/delivered_order')
 6 SYSTEMPATH\CodeIgniter.php(927): App\Controllers\User->deliveredOrder()
 7 SYSTEMPATH\CodeIgniter.php(482): CodeIgniter\CodeIgniter->runController(Object(App\Controllers\User))
 8 SYSTEMPATH\CodeIgniter.php(351): CodeIgniter\CodeIgniter->handleRequest(null, Object(Config\Cache), false)
 9 FCPATH\index.php(67): CodeIgniter\CodeIgniter->run()
CRITICAL - 2023-05-01 19:50:14 --> Undefined property: stdClass::$order_code
in APPPATH\Views\user\delivered_order.php on line 162.
 1 APPPATH\Views\user\delivered_order.php(162): CodeIgniter\Debug\Exceptions->errorHandler(8, 'Undefined property: stdClass::$order_code', 'APPPATH\\Views\\user\\delivered_order.php', 162, [...])
 2 SYSTEMPATH\View\View.php(213): include('APPPATH\\Views\\user\\delivered_order.php')
 3 SYSTEMPATH\View\View.php(216): CodeIgniter\View\View->CodeIgniter\View\{closure}()
 4 SYSTEMPATH\Common.php(1134): CodeIgniter\View\View->render('user/delivered_order', [], true)
 5 APPPATH\Controllers\User.php(1278): view('user/delivered_order')
 6 SYSTEMPATH\CodeIgniter.php(927): App\Controllers\User->deliveredOrder()
 7 SYSTEMPATH\CodeIgniter.php(482): CodeIgniter\CodeIgniter->runController(Object(App\Controllers\User))
 8 SYSTEMPATH\CodeIgniter.php(351): CodeIgniter\CodeIgniter->handleRequest(null, Object(Config\Cache), false)
 9 FCPATH\index.php(67): CodeIgniter\CodeIgniter->run()
CRITICAL - 2023-05-01 19:51:13 --> Undefined property: stdClass::$order_code
in APPPATH\Views\user\delivered_order.php on line 162.
 1 APPPATH\Views\user\delivered_order.php(162): CodeIgniter\Debug\Exceptions->errorHandler(8, 'Undefined property: stdClass::$order_code', 'APPPATH\\Views\\user\\delivered_order.php', 162, [...])
 2 SYSTEMPATH\View\View.php(213): include('APPPATH\\Views\\user\\delivered_order.php')
 3 SYSTEMPATH\View\View.php(216): CodeIgniter\View\View->CodeIgniter\View\{closure}()
 4 SYSTEMPATH\Common.php(1134): CodeIgniter\View\View->render('user/delivered_order', [], true)
 5 APPPATH\Controllers\User.php(1278): view('user/delivered_order')
 6 SYSTEMPATH\CodeIgniter.php(927): App\Controllers\User->deliveredOrder()
 7 SYSTEMPATH\CodeIgniter.php(482): CodeIgniter\CodeIgniter->runController(Object(App\Controllers\User))
 8 SYSTEMPATH\CodeIgniter.php(351): CodeIgniter\CodeIgniter->handleRequest(null, Object(Config\Cache), false)
 9 FCPATH\index.php(67): CodeIgniter\CodeIgniter->run()
CRITICAL - 2023-05-01 20:24:26 --> Undefined variable: dd
in APPPATH\Views\user\delivered_order.php on line 218.
 1 APPPATH\Views\user\delivered_order.php(218): CodeIgniter\Debug\Exceptions->errorHandler(8, 'Undefined variable: dd', 'APPPATH\\Views\\user\\delivered_order.php', 218, [...])
 2 SYSTEMPATH\View\View.php(213): include('APPPATH\\Views\\user\\delivered_order.php')
 3 SYSTEMPATH\View\View.php(216): CodeIgniter\View\View->CodeIgniter\View\{closure}()
 4 SYSTEMPATH\Common.php(1134): CodeIgniter\View\View->render('user/delivered_order', [], true)
 5 APPPATH\Controllers\User.php(1278): view('user/delivered_order')
 6 SYSTEMPATH\CodeIgniter.php(927): App\Controllers\User->deliveredOrder()
 7 SYSTEMPATH\CodeIgniter.php(482): CodeIgniter\CodeIgniter->runController(Object(App\Controllers\User))
 8 SYSTEMPATH\CodeIgniter.php(351): CodeIgniter\CodeIgniter->handleRequest(null, Object(Config\Cache), false)
 9 FCPATH\index.php(67): CodeIgniter\CodeIgniter->run()
CRITICAL - 2023-05-01 20:32:45 --> Undefined property: stdClass::$quantity
in APPPATH\Views\user\delivered_order.php on line 241.
 1 APPPATH\Views\user\delivered_order.php(241): CodeIgniter\Debug\Exceptions->errorHandler(8, 'Undefined property: stdClass::$quantity', 'APPPATH\\Views\\user\\delivered_order.php', 241, [...])
 2 SYSTEMPATH\View\View.php(213): include('APPPATH\\Views\\user\\delivered_order.php')
 3 SYSTEMPATH\View\View.php(216): CodeIgniter\View\View->CodeIgniter\View\{closure}()
 4 SYSTEMPATH\Common.php(1134): CodeIgniter\View\View->render('user/delivered_order', [], true)
 5 APPPATH\Controllers\User.php(1278): view('user/delivered_order')
 6 SYSTEMPATH\CodeIgniter.php(927): App\Controllers\User->deliveredOrder()
 7 SYSTEMPATH\CodeIgniter.php(482): CodeIgniter\CodeIgniter->runController(Object(App\Controllers\User))
 8 SYSTEMPATH\CodeIgniter.php(351): CodeIgniter\CodeIgniter->handleRequest(null, Object(Config\Cache), false)
 9 FCPATH\index.php(67): CodeIgniter\CodeIgniter->run()
CRITICAL - 2023-05-01 20:41:27 --> syntax error, unexpected 'else' (T_ELSE), expecting end of file
in APPPATH\Views\user\delivered_order.php on line 228.
 1 SYSTEMPATH\View\View.php(216): CodeIgniter\View\View->CodeIgniter\View\{closure}()
 2 SYSTEMPATH\Common.php(1134): CodeIgniter\View\View->render('user/delivered_order', [], true)
 3 APPPATH\Controllers\User.php(1278): view('user/delivered_order')
 4 SYSTEMPATH\CodeIgniter.php(927): App\Controllers\User->deliveredOrder()
 5 SYSTEMPATH\CodeIgniter.php(482): CodeIgniter\CodeIgniter->runController(Object(App\Controllers\User))
 6 SYSTEMPATH\CodeIgniter.php(351): CodeIgniter\CodeIgniter->handleRequest(null, Object(Config\Cache), false)
 7 FCPATH\index.php(67): CodeIgniter\CodeIgniter->run()
CRITICAL - 2023-05-01 20:52:47 --> Trying to get property 'is_customized' of non-object
in APPPATH\Views\user\delivered_order.php on line 227.
 1 APPPATH\Views\user\delivered_order.php(227): CodeIgniter\Debug\Exceptions->errorHandler(8, 'Trying to get property \'is_customized\' of non-object', 'APPPATH\\Views\\user\\delivered_order.php', 227, [...])
 2 SYSTEMPATH\View\View.php(213): include('APPPATH\\Views\\user\\delivered_order.php')
 3 SYSTEMPATH\View\View.php(216): CodeIgniter\View\View->CodeIgniter\View\{closure}()
 4 SYSTEMPATH\Common.php(1134): CodeIgniter\View\View->render('user/delivered_order', [], true)
 5 APPPATH\Controllers\User.php(1278): view('user/delivered_order')
 6 SYSTEMPATH\CodeIgniter.php(927): App\Controllers\User->deliveredOrder()
 7 SYSTEMPATH\CodeIgniter.php(482): CodeIgniter\CodeIgniter->runController(Object(App\Controllers\User))
 8 SYSTEMPATH\CodeIgniter.php(351): CodeIgniter\CodeIgniter->handleRequest(null, Object(Config\Cache), false)
 9 FCPATH\index.php(67): CodeIgniter\CodeIgniter->run()
CRITICAL - 2023-05-01 20:53:14 --> Undefined property: stdClass::$is_customized
in APPPATH\Views\user\delivered_order.php on line 227.
 1 APPPATH\Views\user\delivered_order.php(227): CodeIgniter\Debug\Exceptions->errorHandler(8, 'Undefined property: stdClass::$is_customized', 'APPPATH\\Views\\user\\delivered_order.php', 227, [...])
 2 SYSTEMPATH\View\View.php(213): include('APPPATH\\Views\\user\\delivered_order.php')
 3 SYSTEMPATH\View\View.php(216): CodeIgniter\View\View->CodeIgniter\View\{closure}()
 4 SYSTEMPATH\Common.php(1134): CodeIgniter\View\View->render('user/delivered_order', [], true)
 5 APPPATH\Controllers\User.php(1278): view('user/delivered_order')
 6 SYSTEMPATH\CodeIgniter.php(927): App\Controllers\User->deliveredOrder()
 7 SYSTEMPATH\CodeIgniter.php(482): CodeIgniter\CodeIgniter->runController(Object(App\Controllers\User))
 8 SYSTEMPATH\CodeIgniter.php(351): CodeIgniter\CodeIgniter->handleRequest(null, Object(Config\Cache), false)
 9 FCPATH\index.php(67): CodeIgniter\CodeIgniter->run()
CRITICAL - 2023-05-01 21:01:54 --> Undefined property: stdClass::$is_customized
in APPPATH\Views\user\delivered_order.php on line 227.
 1 APPPATH\Views\user\delivered_order.php(227): CodeIgniter\Debug\Exceptions->errorHandler(8, 'Undefined property: stdClass::$is_customized', 'APPPATH\\Views\\user\\delivered_order.php', 227, [...])
 2 SYSTEMPATH\View\View.php(213): include('APPPATH\\Views\\user\\delivered_order.php')
 3 SYSTEMPATH\View\View.php(216): CodeIgniter\View\View->CodeIgniter\View\{closure}()
 4 SYSTEMPATH\Common.php(1134): CodeIgniter\View\View->render('user/delivered_order', [], true)
 5 APPPATH\Controllers\User.php(1278): view('user/delivered_order')
 6 SYSTEMPATH\CodeIgniter.php(927): App\Controllers\User->deliveredOrder()
 7 SYSTEMPATH\CodeIgniter.php(482): CodeIgniter\CodeIgniter->runController(Object(App\Controllers\User))
 8 SYSTEMPATH\CodeIgniter.php(351): CodeIgniter\CodeIgniter->handleRequest(null, Object(Config\Cache), false)
 9 FCPATH\index.php(67): CodeIgniter\CodeIgniter->run()
