<<<<<<< Updated upstream
ERROR - 2023-05-24 08:55:39 --> mysqli_sql_exception: Unknown column 'product_id' in 'where clause' in C:\xampp\htdocs\ocake\ocake\system\Database\MySQLi\Connection.php:292
Stack trace:
#0 C:\xampp\htdocs\ocake\ocake\system\Database\MySQLi\Connection.php(292): mysqli->query('SELECT *\nFROM `...', 0)
#1 C:\xampp\htdocs\ocake\ocake\system\Database\BaseConnection.php(666): CodeIgniter\Database\MySQLi\Connection->execute('SELECT *\nFROM `...')
#2 C:\xampp\htdocs\ocake\ocake\system\Database\BaseConnection.php(593): CodeIgniter\Database\BaseConnection->simpleQuery('SELECT *\nFROM `...')
#3 C:\xampp\htdocs\ocake\ocake\system\Database\BaseBuilder.php(1585): CodeIgniter\Database\BaseConnection->query('SELECT *\nFROM `...', Array, false)
#4 C:\xampp\htdocs\ocake\ocake\system\Model.php(772): CodeIgniter\Database\BaseBuilder->get()
#5 C:\xampp\htdocs\ocake\ocake\app\Controllers\User.php(980): CodeIgniter\Model->__call('get', Array)
#6 C:\xampp\htdocs\ocake\ocake\system\CodeIgniter.php(927): App\Controllers\User->placeorder()
#7 C:\xampp\htdocs\ocake\ocake\system\CodeIgniter.php(482): CodeIgniter\CodeIgniter->runController(Object(App\Controllers\User))
#8 C:\xampp\htdocs\ocake\ocake\system\CodeIgniter.php(351): CodeIgniter\CodeIgniter->handleRequest(NULL, Object(Config\Cache), false)
#9 C:\xampp\htdocs\ocake\index.php(67): CodeIgniter\CodeIgniter->run()
#10 {main}
CRITICAL - 2023-05-24 08:55:39 --> Call to a member function getResult() on bool
in APPPATH\Controllers\User.php on line 980.
 1 SYSTEMPATH\CodeIgniter.php(927): App\Controllers\User->placeorder()
 2 SYSTEMPATH\CodeIgniter.php(482): CodeIgniter\CodeIgniter->runController(Object(App\Controllers\User))
 3 SYSTEMPATH\CodeIgniter.php(351): CodeIgniter\CodeIgniter->handleRequest(null, Object(Config\Cache), false)
 4 FCPATH\index.php(67): CodeIgniter\CodeIgniter->run()
CRITICAL - 2023-05-24 08:56:03 --> Array to string conversion
in APPPATH\Controllers\User.php on line 981.
 1 APPPATH\Controllers\User.php(981): CodeIgniter\Debug\Exceptions->errorHandler(8, 'Array to string conversion', 'APPPATH\\Controllers\\User.php', 981, [...])
 2 SYSTEMPATH\CodeIgniter.php(927): App\Controllers\User->placeorder()
 3 SYSTEMPATH\CodeIgniter.php(482): CodeIgniter\CodeIgniter->runController(Object(App\Controllers\User))
 4 SYSTEMPATH\CodeIgniter.php(351): CodeIgniter\CodeIgniter->handleRequest(null, Object(Config\Cache), false)
 5 FCPATH\index.php(67): CodeIgniter\CodeIgniter->run()
CRITICAL - 2023-05-24 08:58:15 --> Object of class stdClass could not be converted to string
in APPPATH\Controllers\User.php on line 982.
 1 SYSTEMPATH\CodeIgniter.php(927): App\Controllers\User->placeorder()
 2 SYSTEMPATH\CodeIgniter.php(482): CodeIgniter\CodeIgniter->runController(Object(App\Controllers\User))
 3 SYSTEMPATH\CodeIgniter.php(351): CodeIgniter\CodeIgniter->handleRequest(null, Object(Config\Cache), false)
 4 FCPATH\index.php(67): CodeIgniter\CodeIgniter->run()
CRITICAL - 2023-05-24 08:58:57 --> json_decode() expects parameter 1 to be string, array given
in APPPATH\Controllers\User.php on line 981.
 1 [internal function]: CodeIgniter\Debug\Exceptions->errorHandler(2, 'json_decode() expects parameter 1 to be string, array given', 'APPPATH\\Controllers\\User.php', 981, [...])
 2 APPPATH\Controllers\User.php(981): json_decode([...], true)
 3 SYSTEMPATH\CodeIgniter.php(927): App\Controllers\User->placeorder()
 4 SYSTEMPATH\CodeIgniter.php(482): CodeIgniter\CodeIgniter->runController(Object(App\Controllers\User))
 5 SYSTEMPATH\CodeIgniter.php(351): CodeIgniter\CodeIgniter->handleRequest(null, Object(Config\Cache), false)
 6 FCPATH\index.php(67): CodeIgniter\CodeIgniter->run()
CRITICAL - 2023-05-24 08:58:59 --> json_decode() expects parameter 1 to be string, array given
in APPPATH\Controllers\User.php on line 981.
 1 [internal function]: CodeIgniter\Debug\Exceptions->errorHandler(2, 'json_decode() expects parameter 1 to be string, array given', 'APPPATH\\Controllers\\User.php', 981, [...])
 2 APPPATH\Controllers\User.php(981): json_decode([...], true)
 3 SYSTEMPATH\CodeIgniter.php(927): App\Controllers\User->placeorder()
 4 SYSTEMPATH\CodeIgniter.php(482): CodeIgniter\CodeIgniter->runController(Object(App\Controllers\User))
 5 SYSTEMPATH\CodeIgniter.php(351): CodeIgniter\CodeIgniter->handleRequest(null, Object(Config\Cache), false)
 6 FCPATH\index.php(67): CodeIgniter\CodeIgniter->run()
CRITICAL - 2023-05-24 09:00:34 --> Object of class stdClass could not be converted to string
in APPPATH\Controllers\User.php on line 982.
 1 SYSTEMPATH\CodeIgniter.php(927): App\Controllers\User->placeorder()
 2 SYSTEMPATH\CodeIgniter.php(482): CodeIgniter\CodeIgniter->runController(Object(App\Controllers\User))
 3 SYSTEMPATH\CodeIgniter.php(351): CodeIgniter\CodeIgniter->handleRequest(null, Object(Config\Cache), false)
 4 FCPATH\index.php(67): CodeIgniter\CodeIgniter->run()
CRITICAL - 2023-05-24 09:04:49 --> json_decode() expects parameter 1 to be string, array given
in APPPATH\Controllers\User.php on line 981.
 1 [internal function]: CodeIgniter\Debug\Exceptions->errorHandler(2, 'json_decode() expects parameter 1 to be string, array given', 'APPPATH\\Controllers\\User.php', 981, [...])
 2 APPPATH\Controllers\User.php(981): json_decode([...])
 3 SYSTEMPATH\CodeIgniter.php(927): App\Controllers\User->placeorder()
 4 SYSTEMPATH\CodeIgniter.php(482): CodeIgniter\CodeIgniter->runController(Object(App\Controllers\User))
 5 SYSTEMPATH\CodeIgniter.php(351): CodeIgniter\CodeIgniter->handleRequest(null, Object(Config\Cache), false)
 6 FCPATH\index.php(67): CodeIgniter\CodeIgniter->run()
CRITICAL - 2023-05-24 09:05:45 --> Object of class stdClass could not be converted to string
in APPPATH\Controllers\User.php on line 981.
 1 APPPATH\Controllers\User.php(981): implode(' ', [...])
 2 SYSTEMPATH\CodeIgniter.php(927): App\Controllers\User->placeorder()
 3 SYSTEMPATH\CodeIgniter.php(482): CodeIgniter\CodeIgniter->runController(Object(App\Controllers\User))
 4 SYSTEMPATH\CodeIgniter.php(351): CodeIgniter\CodeIgniter->handleRequest(null, Object(Config\Cache), false)
 5 FCPATH\index.php(67): CodeIgniter\CodeIgniter->run()
CRITICAL - 2023-05-24 09:07:50 --> Object of class stdClass could not be converted to string
in APPPATH\Controllers\User.php on line 984.
 1 SYSTEMPATH\CodeIgniter.php(927): App\Controllers\User->placeorder()
 2 SYSTEMPATH\CodeIgniter.php(482): CodeIgniter\CodeIgniter->runController(Object(App\Controllers\User))
 3 SYSTEMPATH\CodeIgniter.php(351): CodeIgniter\CodeIgniter->handleRequest(null, Object(Config\Cache), false)
 4 FCPATH\index.php(67): CodeIgniter\CodeIgniter->run()
CRITICAL - 2023-05-24 09:08:51 --> Object of class stdClass could not be converted to string
in APPPATH\Controllers\User.php on line 984.
 1 SYSTEMPATH\CodeIgniter.php(927): App\Controllers\User->placeorder()
 2 SYSTEMPATH\CodeIgniter.php(482): CodeIgniter\CodeIgniter->runController(Object(App\Controllers\User))
 3 SYSTEMPATH\CodeIgniter.php(351): CodeIgniter\CodeIgniter->handleRequest(null, Object(Config\Cache), false)
 4 FCPATH\index.php(67): CodeIgniter\CodeIgniter->run()
CRITICAL - 2023-05-24 09:11:12 --> Invalid argument supplied for foreach()
in APPPATH\Controllers\User.php on line 984.
 1 APPPATH\Controllers\User.php(984): CodeIgniter\Debug\Exceptions->errorHandler(2, 'Invalid argument supplied for foreach()', 'APPPATH\\Controllers\\User.php', 984, [...])
 2 SYSTEMPATH\CodeIgniter.php(927): App\Controllers\User->placeorder()
 3 SYSTEMPATH\CodeIgniter.php(482): CodeIgniter\CodeIgniter->runController(Object(App\Controllers\User))
 4 SYSTEMPATH\CodeIgniter.php(351): CodeIgniter\CodeIgniter->handleRequest(null, Object(Config\Cache), false)
 5 FCPATH\index.php(67): CodeIgniter\CodeIgniter->run()
CRITICAL - 2023-05-24 09:13:44 --> json_decode() expects parameter 1 to be string, array given
in APPPATH\Controllers\User.php on line 981.
 1 [internal function]: CodeIgniter\Debug\Exceptions->errorHandler(2, 'json_decode() expects parameter 1 to be string, array given', 'APPPATH\\Controllers\\User.php', 981, [...])
 2 APPPATH\Controllers\User.php(981): json_decode([...])
 3 SYSTEMPATH\CodeIgniter.php(927): App\Controllers\User->placeorder()
 4 SYSTEMPATH\CodeIgniter.php(482): CodeIgniter\CodeIgniter->runController(Object(App\Controllers\User))
 5 SYSTEMPATH\CodeIgniter.php(351): CodeIgniter\CodeIgniter->handleRequest(null, Object(Config\Cache), false)
 6 FCPATH\index.php(67): CodeIgniter\CodeIgniter->run()
CRITICAL - 2023-05-24 09:14:44 --> json_decode() expects parameter 1 to be string, array given
in APPPATH\Controllers\User.php on line 981.
 1 [internal function]: CodeIgniter\Debug\Exceptions->errorHandler(2, 'json_decode() expects parameter 1 to be string, array given', 'APPPATH\\Controllers\\User.php', 981, [...])
 2 APPPATH\Controllers\User.php(981): json_decode([...])
 3 SYSTEMPATH\CodeIgniter.php(927): App\Controllers\User->placeorder()
 4 SYSTEMPATH\CodeIgniter.php(482): CodeIgniter\CodeIgniter->runController(Object(App\Controllers\User))
 5 SYSTEMPATH\CodeIgniter.php(351): CodeIgniter\CodeIgniter->handleRequest(null, Object(Config\Cache), false)
 6 FCPATH\index.php(67): CodeIgniter\CodeIgniter->run()
CRITICAL - 2023-05-24 09:15:22 --> Trying to get property 'have_add_ons' of non-object
in APPPATH\Controllers\User.php on line 981.
 1 APPPATH\Controllers\User.php(981): CodeIgniter\Debug\Exceptions->errorHandler(8, 'Trying to get property \'have_add_ons\' of non-object', 'APPPATH\\Controllers\\User.php', 981, [...])
 2 SYSTEMPATH\CodeIgniter.php(927): App\Controllers\User->placeorder()
 3 SYSTEMPATH\CodeIgniter.php(482): CodeIgniter\CodeIgniter->runController(Object(App\Controllers\User))
 4 SYSTEMPATH\CodeIgniter.php(351): CodeIgniter\CodeIgniter->handleRequest(null, Object(Config\Cache), false)
 5 FCPATH\index.php(67): CodeIgniter\CodeIgniter->run()
CRITICAL - 2023-05-24 09:15:46 --> Object of class stdClass could not be converted to string
in APPPATH\Controllers\User.php on line 984.
 1 SYSTEMPATH\CodeIgniter.php(927): App\Controllers\User->placeorder()
 2 SYSTEMPATH\CodeIgniter.php(482): CodeIgniter\CodeIgniter->runController(Object(App\Controllers\User))
 3 SYSTEMPATH\CodeIgniter.php(351): CodeIgniter\CodeIgniter->handleRequest(null, Object(Config\Cache), false)
 4 FCPATH\index.php(67): CodeIgniter\CodeIgniter->run()
CRITICAL - 2023-05-24 09:16:58 --> Object of class stdClass could not be converted to string
in APPPATH\Controllers\User.php on line 985.
 1 SYSTEMPATH\CodeIgniter.php(927): App\Controllers\User->placeorder()
 2 SYSTEMPATH\CodeIgniter.php(482): CodeIgniter\CodeIgniter->runController(Object(App\Controllers\User))
 3 SYSTEMPATH\CodeIgniter.php(351): CodeIgniter\CodeIgniter->handleRequest(null, Object(Config\Cache), false)
 4 FCPATH\index.php(67): CodeIgniter\CodeIgniter->run()
CRITICAL - 2023-05-24 09:18:14 --> Array to string conversion
in APPPATH\Controllers\User.php on line 985.
 1 APPPATH\Controllers\User.php(985): CodeIgniter\Debug\Exceptions->errorHandler(8, 'Array to string conversion', 'APPPATH\\Controllers\\User.php', 985, [...])
 2 SYSTEMPATH\CodeIgniter.php(927): App\Controllers\User->placeorder()
 3 SYSTEMPATH\CodeIgniter.php(482): CodeIgniter\CodeIgniter->runController(Object(App\Controllers\User))
 4 SYSTEMPATH\CodeIgniter.php(351): CodeIgniter\CodeIgniter->handleRequest(null, Object(Config\Cache), false)
 5 FCPATH\index.php(67): CodeIgniter\CodeIgniter->run()
CRITICAL - 2023-05-24 09:18:21 --> Object of class stdClass could not be converted to string
in APPPATH\Controllers\User.php on line 985.
 1 SYSTEMPATH\CodeIgniter.php(927): App\Controllers\User->placeorder()
 2 SYSTEMPATH\CodeIgniter.php(482): CodeIgniter\CodeIgniter->runController(Object(App\Controllers\User))
 3 SYSTEMPATH\CodeIgniter.php(351): CodeIgniter\CodeIgniter->handleRequest(null, Object(Config\Cache), false)
 4 FCPATH\index.php(67): CodeIgniter\CodeIgniter->run()
CRITICAL - 2023-05-24 09:18:23 --> Object of class stdClass could not be converted to string
in APPPATH\Controllers\User.php on line 985.
 1 SYSTEMPATH\CodeIgniter.php(927): App\Controllers\User->placeorder()
 2 SYSTEMPATH\CodeIgniter.php(482): CodeIgniter\CodeIgniter->runController(Object(App\Controllers\User))
 3 SYSTEMPATH\CodeIgniter.php(351): CodeIgniter\CodeIgniter->handleRequest(null, Object(Config\Cache), false)
 4 FCPATH\index.php(67): CodeIgniter\CodeIgniter->run()
CRITICAL - 2023-05-24 09:19:57 --> Object of class stdClass could not be converted to string
in APPPATH\Controllers\User.php on line 985.
 1 SYSTEMPATH\CodeIgniter.php(927): App\Controllers\User->placeorder()
 2 SYSTEMPATH\CodeIgniter.php(482): CodeIgniter\CodeIgniter->runController(Object(App\Controllers\User))
 3 SYSTEMPATH\CodeIgniter.php(351): CodeIgniter\CodeIgniter->handleRequest(null, Object(Config\Cache), false)
 4 FCPATH\index.php(67): CodeIgniter\CodeIgniter->run()
CRITICAL - 2023-05-24 09:19:59 --> Object of class stdClass could not be converted to string
in APPPATH\Controllers\User.php on line 985.
 1 SYSTEMPATH\CodeIgniter.php(927): App\Controllers\User->placeorder()
 2 SYSTEMPATH\CodeIgniter.php(482): CodeIgniter\CodeIgniter->runController(Object(App\Controllers\User))
 3 SYSTEMPATH\CodeIgniter.php(351): CodeIgniter\CodeIgniter->handleRequest(null, Object(Config\Cache), false)
 4 FCPATH\index.php(67): CodeIgniter\CodeIgniter->run()
CRITICAL - 2023-05-24 09:20:22 --> Array to string conversion
in APPPATH\Controllers\User.php on line 984.
 1 APPPATH\Controllers\User.php(984): CodeIgniter\Debug\Exceptions->errorHandler(8, 'Array to string conversion', 'APPPATH\\Controllers\\User.php', 984, [...])
 2 SYSTEMPATH\CodeIgniter.php(927): App\Controllers\User->placeorder()
 3 SYSTEMPATH\CodeIgniter.php(482): CodeIgniter\CodeIgniter->runController(Object(App\Controllers\User))
 4 SYSTEMPATH\CodeIgniter.php(351): CodeIgniter\CodeIgniter->handleRequest(null, Object(Config\Cache), false)
 5 FCPATH\index.php(67): CodeIgniter\CodeIgniter->run()
CRITICAL - 2023-05-24 09:20:50 --> Trying to get property 'have_add_ons' of non-object
in APPPATH\Controllers\User.php on line 984.
 1 APPPATH\Controllers\User.php(984): CodeIgniter\Debug\Exceptions->errorHandler(8, 'Trying to get property \'have_add_ons\' of non-object', 'APPPATH\\Controllers\\User.php', 984, [...])
 2 SYSTEMPATH\CodeIgniter.php(927): App\Controllers\User->placeorder()
 3 SYSTEMPATH\CodeIgniter.php(482): CodeIgniter\CodeIgniter->runController(Object(App\Controllers\User))
 4 SYSTEMPATH\CodeIgniter.php(351): CodeIgniter\CodeIgniter->handleRequest(null, Object(Config\Cache), false)
 5 FCPATH\index.php(67): CodeIgniter\CodeIgniter->run()
CRITICAL - 2023-05-24 09:20:58 --> Undefined index: have_add_ons
in APPPATH\Controllers\User.php on line 984.
 1 APPPATH\Controllers\User.php(984): CodeIgniter\Debug\Exceptions->errorHandler(8, 'Undefined index: have_add_ons', 'APPPATH\\Controllers\\User.php', 984, [...])
 2 SYSTEMPATH\CodeIgniter.php(927): App\Controllers\User->placeorder()
 3 SYSTEMPATH\CodeIgniter.php(482): CodeIgniter\CodeIgniter->runController(Object(App\Controllers\User))
 4 SYSTEMPATH\CodeIgniter.php(351): CodeIgniter\CodeIgniter->handleRequest(null, Object(Config\Cache), false)
 5 FCPATH\index.php(67): CodeIgniter\CodeIgniter->run()
CRITICAL - 2023-05-24 09:21:48 --> Cannot use object of type stdClass as array
in APPPATH\Controllers\User.php on line 984.
 1 SYSTEMPATH\CodeIgniter.php(927): App\Controllers\User->placeorder()
 2 SYSTEMPATH\CodeIgniter.php(482): CodeIgniter\CodeIgniter->runController(Object(App\Controllers\User))
 3 SYSTEMPATH\CodeIgniter.php(351): CodeIgniter\CodeIgniter->handleRequest(null, Object(Config\Cache), false)
 4 FCPATH\index.php(67): CodeIgniter\CodeIgniter->run()
CRITICAL - 2023-05-24 09:22:25 --> Invalid argument supplied for foreach()
in APPPATH\Controllers\User.php on line 984.
 1 APPPATH\Controllers\User.php(984): CodeIgniter\Debug\Exceptions->errorHandler(2, 'Invalid argument supplied for foreach()', 'APPPATH\\Controllers\\User.php', 984, [...])
 2 SYSTEMPATH\CodeIgniter.php(927): App\Controllers\User->placeorder()
 3 SYSTEMPATH\CodeIgniter.php(482): CodeIgniter\CodeIgniter->runController(Object(App\Controllers\User))
 4 SYSTEMPATH\CodeIgniter.php(351): CodeIgniter\CodeIgniter->handleRequest(null, Object(Config\Cache), false)
 5 FCPATH\index.php(67): CodeIgniter\CodeIgniter->run()
CRITICAL - 2023-05-24 09:23:04 --> Invalid argument supplied for foreach()
in APPPATH\Controllers\User.php on line 984.
 1 APPPATH\Controllers\User.php(984): CodeIgniter\Debug\Exceptions->errorHandler(2, 'Invalid argument supplied for foreach()', 'APPPATH\\Controllers\\User.php', 984, [...])
 2 SYSTEMPATH\CodeIgniter.php(927): App\Controllers\User->placeorder()
 3 SYSTEMPATH\CodeIgniter.php(482): CodeIgniter\CodeIgniter->runController(Object(App\Controllers\User))
 4 SYSTEMPATH\CodeIgniter.php(351): CodeIgniter\CodeIgniter->handleRequest(null, Object(Config\Cache), false)
 5 FCPATH\index.php(67): CodeIgniter\CodeIgniter->run()
CRITICAL - 2023-05-24 09:23:07 --> Invalid argument supplied for foreach()
in APPPATH\Controllers\User.php on line 984.
 1 APPPATH\Controllers\User.php(984): CodeIgniter\Debug\Exceptions->errorHandler(2, 'Invalid argument supplied for foreach()', 'APPPATH\\Controllers\\User.php', 984, [...])
 2 SYSTEMPATH\CodeIgniter.php(927): App\Controllers\User->placeorder()
 3 SYSTEMPATH\CodeIgniter.php(482): CodeIgniter\CodeIgniter->runController(Object(App\Controllers\User))
 4 SYSTEMPATH\CodeIgniter.php(351): CodeIgniter\CodeIgniter->handleRequest(null, Object(Config\Cache), false)
 5 FCPATH\index.php(67): CodeIgniter\CodeIgniter->run()
CRITICAL - 2023-05-24 09:23:19 --> Invalid argument supplied for foreach()
in APPPATH\Controllers\User.php on line 984.
 1 APPPATH\Controllers\User.php(984): CodeIgniter\Debug\Exceptions->errorHandler(2, 'Invalid argument supplied for foreach()', 'APPPATH\\Controllers\\User.php', 984, [...])
 2 SYSTEMPATH\CodeIgniter.php(927): App\Controllers\User->placeorder()
 3 SYSTEMPATH\CodeIgniter.php(482): CodeIgniter\CodeIgniter->runController(Object(App\Controllers\User))
 4 SYSTEMPATH\CodeIgniter.php(351): CodeIgniter\CodeIgniter->handleRequest(null, Object(Config\Cache), false)
 5 FCPATH\index.php(67): CodeIgniter\CodeIgniter->run()
CRITICAL - 2023-05-24 09:24:17 --> Undefined variable: configva1
in APPPATH\Controllers\User.php on line 984.
 1 APPPATH\Controllers\User.php(984): CodeIgniter\Debug\Exceptions->errorHandler(8, 'Undefined variable: configva1', 'APPPATH\\Controllers\\User.php', 984, [...])
 2 SYSTEMPATH\CodeIgniter.php(927): App\Controllers\User->placeorder()
 3 SYSTEMPATH\CodeIgniter.php(482): CodeIgniter\CodeIgniter->runController(Object(App\Controllers\User))
 4 SYSTEMPATH\CodeIgniter.php(351): CodeIgniter\CodeIgniter->handleRequest(null, Object(Config\Cache), false)
 5 FCPATH\index.php(67): CodeIgniter\CodeIgniter->run()
CRITICAL - 2023-05-24 09:24:40 --> Object of class stdClass could not be converted to string
in APPPATH\Controllers\User.php on line 985.
 1 SYSTEMPATH\CodeIgniter.php(927): App\Controllers\User->placeorder()
 2 SYSTEMPATH\CodeIgniter.php(482): CodeIgniter\CodeIgniter->runController(Object(App\Controllers\User))
 3 SYSTEMPATH\CodeIgniter.php(351): CodeIgniter\CodeIgniter->handleRequest(null, Object(Config\Cache), false)
 4 FCPATH\index.php(67): CodeIgniter\CodeIgniter->run()
=======
CRITICAL - 2023-05-24 23:21:31 --> Undefined array key "admin_id"
in APPPATH\Controllers\Admin.php on line 821.
 1 APPPATH\Controllers\Admin.php(821): CodeIgniter\Debug\Exceptions->errorHandler(2, 'Undefined array key "admin_id"', 'APPPATH\\Controllers\\Admin.php', 821)
 2 SYSTEMPATH\CodeIgniter.php(927): App\Controllers\Admin->saleslist()
 3 SYSTEMPATH\CodeIgniter.php(482): CodeIgniter\CodeIgniter->runController(Object(App\Controllers\Admin))
 4 SYSTEMPATH\CodeIgniter.php(351): CodeIgniter\CodeIgniter->handleRequest(null, Object(Config\Cache), false)
 5 FCPATH\index.php(67): CodeIgniter\CodeIgniter->run()
CRITICAL - 2023-05-24 23:22:25 --> Undefined array key "user_id"
in APPPATH\Controllers\User.php on line 793.
 1 APPPATH\Controllers\User.php(793): CodeIgniter\Debug\Exceptions->errorHandler(2, 'Undefined array key "user_id"', 'APPPATH\\Controllers\\User.php', 793)
 2 SYSTEMPATH\CodeIgniter.php(927): App\Controllers\User->orderdetails()
 3 SYSTEMPATH\CodeIgniter.php(482): CodeIgniter\CodeIgniter->runController(Object(App\Controllers\User))
 4 SYSTEMPATH\CodeIgniter.php(351): CodeIgniter\CodeIgniter->handleRequest(null, Object(Config\Cache), false)
 5 FCPATH\index.php(67): CodeIgniter\CodeIgniter->run()
>>>>>>> Stashed changes
