CRITICAL - 2023-05-20 01:28:08 --> Undefined variable: data
in APPPATH\Views\user\cart.php on line 72.
 1 APPPATH\Views\user\cart.php(72): CodeIgniter\Debug\Exceptions->errorHandler(8, 'Undefined variable: data', 'APPPATH\\Views\\user\\cart.php', 72, [...])
 2 SYSTEMPATH\View\View.php(213): include('APPPATH\\Views\\user\\cart.php')
 3 SYSTEMPATH\View\View.php(216): CodeIgniter\View\View->CodeIgniter\View\{closure}()
 4 SYSTEMPATH\Common.php(1134): CodeIgniter\View\View->render('user/cart', [], true)
 5 APPPATH\Controllers\User.php(779): view('user/cart')
 6 SYSTEMPATH\CodeIgniter.php(927): App\Controllers\User->cart()
 7 SYSTEMPATH\CodeIgniter.php(482): CodeIgniter\CodeIgniter->runController(Object(App\Controllers\User))
 8 SYSTEMPATH\CodeIgniter.php(351): CodeIgniter\CodeIgniter->handleRequest(null, Object(Config\Cache), false)
 9 FCPATH\index.php(67): CodeIgniter\CodeIgniter->run()
CRITICAL - 2023-05-20 01:28:21 --> Undefined variable: data
in APPPATH\Views\user\cart.php on line 82.
 1 APPPATH\Views\user\cart.php(82): CodeIgniter\Debug\Exceptions->errorHandler(8, 'Undefined variable: data', 'APPPATH\\Views\\user\\cart.php', 82, [...])
 2 SYSTEMPATH\View\View.php(213): include('APPPATH\\Views\\user\\cart.php')
 3 SYSTEMPATH\View\View.php(216): CodeIgniter\View\View->CodeIgniter\View\{closure}()
 4 SYSTEMPATH\Common.php(1134): CodeIgniter\View\View->render('user/cart', [], true)
 5 APPPATH\Controllers\User.php(779): view('user/cart')
 6 SYSTEMPATH\CodeIgniter.php(927): App\Controllers\User->cart()
 7 SYSTEMPATH\CodeIgniter.php(482): CodeIgniter\CodeIgniter->runController(Object(App\Controllers\User))
 8 SYSTEMPATH\CodeIgniter.php(351): CodeIgniter\CodeIgniter->handleRequest(null, Object(Config\Cache), false)
 9 FCPATH\index.php(67): CodeIgniter\CodeIgniter->run()
