CRITICAL - 2023-05-07 10:38:10 --> Undefined variable $data
in APPPATH\Views\user\to_received.php on line 262.
 1 APPPATH\Views\user\to_received.php(262): CodeIgniter\Debug\Exceptions->errorHandler(2, 'Undefined variable $data', 'APPPATH\\Views\\user\\to_received.php', 262)
 2 SYSTEMPATH\View\View.php(213): include('APPPATH\\Views\\user\\to_received.php')
 3 SYSTEMPATH\View\View.php(216): CodeIgniter\View\View->CodeIgniter\View\{closure}()
 4 SYSTEMPATH\Common.php(1134): CodeIgniter\View\View->render('user/to_received', [], true)
 5 APPPATH\Controllers\User.php(1356): view('user/to_received')
 6 SYSTEMPATH\CodeIgniter.php(927): App\Controllers\User->toReceivedOrder()
 7 SYSTEMPATH\CodeIgniter.php(482): CodeIgniter\CodeIgniter->runController(Object(App\Controllers\User))
 8 SYSTEMPATH\CodeIgniter.php(351): CodeIgniter\CodeIgniter->handleRequest(null, Object(Config\Cache), false)
 9 FCPATH\index.php(67): CodeIgniter\CodeIgniter->run()
CRITICAL - 2023-05-07 14:24:53 --> Undefined array key "user_id"
in APPPATH\Controllers\User.php on line 234.
 1 APPPATH\Controllers\User.php(234): CodeIgniter\Debug\Exceptions->errorHandler(2, 'Undefined array key "user_id"', 'APPPATH\\Controllers\\User.php', 234)
 2 SYSTEMPATH\CodeIgniter.php(927): App\Controllers\User->home()
 3 SYSTEMPATH\CodeIgniter.php(482): CodeIgniter\CodeIgniter->runController(Object(App\Controllers\User))
 4 SYSTEMPATH\CodeIgniter.php(351): CodeIgniter\CodeIgniter->handleRequest(null, Object(Config\Cache), false)
 5 FCPATH\index.php(67): CodeIgniter\CodeIgniter->run()
ERROR - 2023-05-07 14:30:13 --> Email: sendWithMail throwed ErrorException: mail(): Failed to connect to mailserver at &quot;localhost&quot; port 25, verify your &quot;SMTP&quot; and &quot;smtp_port&quot; setting in php.ini or use ini_set() in C:\wamp64\www\ocake\ocake\system\Email\Email.php:1730
Stack trace:
#0 [internal function]: CodeIgniter\Debug\Exceptions->errorHandler(2, 'mail(): Failed ...', 'C:\\wamp64\\www\\o...', 1730)
#1 C:\wamp64\www\ocake\ocake\system\Email\Email.php(1730): mail('kath@gmail.com', '=?UTF-8?Q?OTP?=', 'This is a multi...', 'Date: Sun, 7 Ma...', '-f ocake@gmail....')
#2 C:\wamp64\www\ocake\ocake\system\Email\Email.php(1662): CodeIgniter\Email\Email->sendWithMail()
#3 C:\wamp64\www\ocake\ocake\system\Email\Email.php(1560): CodeIgniter\Email\Email->spoolEmail()
#4 C:\wamp64\www\ocake\ocake\app\Controllers\User.php(65): CodeIgniter\Email\Email->send()
#5 C:\wamp64\www\ocake\ocake\app\Controllers\User.php(99): App\Controllers\User->send_mail(Object(CodeIgniter\Email\Email), 'Your verificati...')
#6 C:\wamp64\www\ocake\ocake\system\CodeIgniter.php(927): App\Controllers\User->login()
#7 C:\wamp64\www\ocake\ocake\system\CodeIgniter.php(482): CodeIgniter\CodeIgniter->runController(Object(App\Controllers\User))
#8 C:\wamp64\www\ocake\ocake\system\CodeIgniter.php(351): CodeIgniter\CodeIgniter->handleRequest(NULL, Object(Config\Cache), false)
#9 C:\wamp64\www\ocake\index.php(67): CodeIgniter\CodeIgniter->run()
#10 {main}
ERROR - 2023-05-07 14:30:13 --> Email: Unable to send email using PHP mail(). Your server might not be configured to send mail using this method.
ERROR - 2023-05-07 14:30:13 --> 
CRITICAL - 2023-05-07 14:40:28 --> Undefined variable $address
in APPPATH\Views\user\auth\signlog.php on line 103.
 1 APPPATH\Views\user\auth\signlog.php(103): CodeIgniter\Debug\Exceptions->errorHandler(2, 'Undefined variable $address', 'APPPATH\\Views\\user\\auth\\signlog.php', 103)
 2 SYSTEMPATH\View\View.php(213): include('APPPATH\\Views\\user\\auth\\signlog.php')
 3 SYSTEMPATH\View\View.php(216): CodeIgniter\View\View->CodeIgniter\View\{closure}()
 4 SYSTEMPATH\Common.php(1134): CodeIgniter\View\View->render('user/auth/signlog', [], true)
 5 APPPATH\Controllers\User.php(106): view('user/auth/signlog', [...])
 6 SYSTEMPATH\CodeIgniter.php(927): App\Controllers\User->login()
 7 SYSTEMPATH\CodeIgniter.php(482): CodeIgniter\CodeIgniter->runController(Object(App\Controllers\User))
 8 SYSTEMPATH\CodeIgniter.php(351): CodeIgniter\CodeIgniter->handleRequest(null, Object(Config\Cache), false)
 9 FCPATH\index.php(67): CodeIgniter\CodeIgniter->run()
ERROR - 2023-05-07 14:40:46 --> Email: sendWithMail throwed ErrorException: mail(): Failed to connect to mailserver at &quot;localhost&quot; port 25, verify your &quot;SMTP&quot; and &quot;smtp_port&quot; setting in php.ini or use ini_set() in C:\wamp64\www\ocake\ocake\system\Email\Email.php:1730
Stack trace:
#0 [internal function]: CodeIgniter\Debug\Exceptions->errorHandler(2, 'mail(): Failed ...', 'C:\\wamp64\\www\\o...', 1730)
#1 C:\wamp64\www\ocake\ocake\system\Email\Email.php(1730): mail('kath@gmail.com', '=?UTF-8?Q?OTP?=', 'This is a multi...', 'Date: Sun, 7 Ma...', '-f ocake@gmail....')
#2 C:\wamp64\www\ocake\ocake\system\Email\Email.php(1662): CodeIgniter\Email\Email->sendWithMail()
#3 C:\wamp64\www\ocake\ocake\system\Email\Email.php(1560): CodeIgniter\Email\Email->spoolEmail()
#4 C:\wamp64\www\ocake\ocake\app\Controllers\User.php(65): CodeIgniter\Email\Email->send()
#5 C:\wamp64\www\ocake\ocake\app\Controllers\User.php(99): App\Controllers\User->send_mail(Object(CodeIgniter\Email\Email), 'Your verificati...')
#6 C:\wamp64\www\ocake\ocake\system\CodeIgniter.php(927): App\Controllers\User->login()
#7 C:\wamp64\www\ocake\ocake\system\CodeIgniter.php(482): CodeIgniter\CodeIgniter->runController(Object(App\Controllers\User))
#8 C:\wamp64\www\ocake\ocake\system\CodeIgniter.php(351): CodeIgniter\CodeIgniter->handleRequest(NULL, Object(Config\Cache), false)
#9 C:\wamp64\www\ocake\index.php(67): CodeIgniter\CodeIgniter->run()
#10 {main}
ERROR - 2023-05-07 14:40:46 --> Email: Unable to send email using PHP mail(). Your server might not be configured to send mail using this method.
ERROR - 2023-05-07 14:40:46 --> 
