ERROR - 2023-04-22 07:42:13 --> mysqli_sql_exception: You have an error in your SQL syntax; check the manual that corresponds to your MySQL server version for the right syntax to use near 'FROM `checkout` order by created_at' at line 3 in C:\wamp64\www\ocake\ocake\system\Database\MySQLi\Connection.php:292
Stack trace:
#0 C:\wamp64\www\ocake\ocake\system\Database\MySQLi\Connection.php(292): mysqli->query('\r\n             ...', 0)
#1 C:\wamp64\www\ocake\ocake\system\Database\BaseConnection.php(666): CodeIgniter\Database\MySQLi\Connection->execute('\r\n             ...')
#2 C:\wamp64\www\ocake\ocake\system\Database\BaseConnection.php(593): CodeIgniter\Database\BaseConnection->simpleQuery('\r\n             ...')
#3 C:\wamp64\www\ocake\ocake\app\Models\Checkout_model.php(288): CodeIgniter\Database\BaseConnection->query('\r\n             ...')
#4 C:\wamp64\www\ocake\ocake\app\Controllers\Admin.php(687): App\Models\Checkout_model->weeklySold()
#5 C:\wamp64\www\ocake\ocake\system\CodeIgniter.php(927): App\Controllers\Admin->visualization()
#6 C:\wamp64\www\ocake\ocake\system\CodeIgniter.php(482): CodeIgniter\CodeIgniter->runController(Object(App\Controllers\Admin))
#7 C:\wamp64\www\ocake\ocake\system\CodeIgniter.php(351): CodeIgniter\CodeIgniter->handleRequest(NULL, Object(Config\Cache), false)
#8 C:\wamp64\www\ocake\index.php(67): CodeIgniter\CodeIgniter->run()
#9 {main}
CRITICAL - 2023-04-22 07:42:13 --> Call to a member function result_array() on bool
in APPPATH\Models\Checkout_model.php on line 304.
 1 APPPATH\Controllers\Admin.php(687): App\Models\Checkout_model->weeklySold()
 2 SYSTEMPATH\CodeIgniter.php(927): App\Controllers\Admin->visualization()
 3 SYSTEMPATH\CodeIgniter.php(482): CodeIgniter\CodeIgniter->runController(Object(App\Controllers\Admin))
 4 SYSTEMPATH\CodeIgniter.php(351): CodeIgniter\CodeIgniter->handleRequest(null, Object(Config\Cache), false)
 5 FCPATH\index.php(67): CodeIgniter\CodeIgniter->run()
ERROR - 2023-04-22 07:43:32 --> mysqli_sql_exception: You have an error in your SQL syntax; check the manual that corresponds to your MySQL server version for the right syntax to use near 'FROM `checkout` order by created_at' at line 3 in C:\wamp64\www\ocake\ocake\system\Database\MySQLi\Connection.php:292
Stack trace:
#0 C:\wamp64\www\ocake\ocake\system\Database\MySQLi\Connection.php(292): mysqli->query('\r\n             ...', 0)
#1 C:\wamp64\www\ocake\ocake\system\Database\BaseConnection.php(666): CodeIgniter\Database\MySQLi\Connection->execute('\r\n             ...')
#2 C:\wamp64\www\ocake\ocake\system\Database\BaseConnection.php(593): CodeIgniter\Database\BaseConnection->simpleQuery('\r\n             ...')
#3 C:\wamp64\www\ocake\ocake\app\Models\Checkout_model.php(288): CodeIgniter\Database\BaseConnection->query('\r\n             ...')
#4 C:\wamp64\www\ocake\ocake\app\Controllers\Admin.php(687): App\Models\Checkout_model->weeklySold()
#5 C:\wamp64\www\ocake\ocake\system\CodeIgniter.php(927): App\Controllers\Admin->visualization()
#6 C:\wamp64\www\ocake\ocake\system\CodeIgniter.php(482): CodeIgniter\CodeIgniter->runController(Object(App\Controllers\Admin))
#7 C:\wamp64\www\ocake\ocake\system\CodeIgniter.php(351): CodeIgniter\CodeIgniter->handleRequest(NULL, Object(Config\Cache), false)
#8 C:\wamp64\www\ocake\index.php(67): CodeIgniter\CodeIgniter->run()
#9 {main}
ERROR - 2023-04-22 07:43:43 --> mysqli_sql_exception: You have an error in your SQL syntax; check the manual that corresponds to your MySQL server version for the right syntax to use near 'FROM `checkout` order by created_at' at line 3 in C:\wamp64\www\ocake\ocake\system\Database\MySQLi\Connection.php:292
Stack trace:
#0 C:\wamp64\www\ocake\ocake\system\Database\MySQLi\Connection.php(292): mysqli->query('\r\n             ...', 0)
#1 C:\wamp64\www\ocake\ocake\system\Database\BaseConnection.php(666): CodeIgniter\Database\MySQLi\Connection->execute('\r\n             ...')
#2 C:\wamp64\www\ocake\ocake\system\Database\BaseConnection.php(593): CodeIgniter\Database\BaseConnection->simpleQuery('\r\n             ...')
#3 C:\wamp64\www\ocake\ocake\app\Models\Checkout_model.php(288): CodeIgniter\Database\BaseConnection->query('\r\n             ...')
#4 C:\wamp64\www\ocake\ocake\app\Controllers\Admin.php(687): App\Models\Checkout_model->weeklySold()
#5 C:\wamp64\www\ocake\ocake\system\CodeIgniter.php(927): App\Controllers\Admin->visualization()
#6 C:\wamp64\www\ocake\ocake\system\CodeIgniter.php(482): CodeIgniter\CodeIgniter->runController(Object(App\Controllers\Admin))
#7 C:\wamp64\www\ocake\ocake\system\CodeIgniter.php(351): CodeIgniter\CodeIgniter->handleRequest(NULL, Object(Config\Cache), false)
#8 C:\wamp64\www\ocake\index.php(67): CodeIgniter\CodeIgniter->run()
#9 {main}
CRITICAL - 2023-04-22 07:44:20 --> Call to undefined method CodeIgniter\Database\MySQLi\Connection::select()
in APPPATH\Models\Checkout_model.php on line 287.
 1 APPPATH\Controllers\Admin.php(687): App\Models\Checkout_model->weeklySold()
 2 SYSTEMPATH\CodeIgniter.php(927): App\Controllers\Admin->visualization()
 3 SYSTEMPATH\CodeIgniter.php(482): CodeIgniter\CodeIgniter->runController(Object(App\Controllers\Admin))
 4 SYSTEMPATH\CodeIgniter.php(351): CodeIgniter\CodeIgniter->handleRequest(null, Object(Config\Cache), false)
 5 FCPATH\index.php(67): CodeIgniter\CodeIgniter->run()
ERROR - 2023-04-22 07:51:08 --> mysqli_sql_exception: Unknown column 'created_at' in 'field list' in C:\wamp64\www\ocake\ocake\system\Database\MySQLi\Connection.php:292
Stack trace:
#0 C:\wamp64\www\ocake\ocake\system\Database\MySQLi\Connection.php(292): mysqli->query('\r\n             ...', 0)
#1 C:\wamp64\www\ocake\ocake\system\Database\BaseConnection.php(666): CodeIgniter\Database\MySQLi\Connection->execute('\r\n             ...')
#2 C:\wamp64\www\ocake\ocake\system\Database\BaseConnection.php(593): CodeIgniter\Database\BaseConnection->simpleQuery('\r\n             ...')
#3 C:\wamp64\www\ocake\ocake\app\Models\Checkout_model.php(287): CodeIgniter\Database\BaseConnection->query('\r\n             ...')
#4 C:\wamp64\www\ocake\ocake\app\Controllers\Admin.php(687): App\Models\Checkout_model->weeklySold()
#5 C:\wamp64\www\ocake\ocake\system\CodeIgniter.php(927): App\Controllers\Admin->visualization()
#6 C:\wamp64\www\ocake\ocake\system\CodeIgniter.php(482): CodeIgniter\CodeIgniter->runController(Object(App\Controllers\Admin))
#7 C:\wamp64\www\ocake\ocake\system\CodeIgniter.php(351): CodeIgniter\CodeIgniter->handleRequest(NULL, Object(Config\Cache), false)
#8 C:\wamp64\www\ocake\index.php(67): CodeIgniter\CodeIgniter->run()
#9 {main}
CRITICAL - 2023-04-22 07:58:21 --> Undefined index: total
in APPPATH\Views\admin\visualization2.php on line 195.
 1 APPPATH\Views\admin\visualization2.php(195): CodeIgniter\Debug\Exceptions->errorHandler(8, 'Undefined index: total', 'APPPATH\\Views\\admin\\visualization2.php', 195, [...])
 2 SYSTEMPATH\View\View.php(213): include('APPPATH\\Views\\admin\\visualization2.php')
 3 SYSTEMPATH\View\View.php(216): CodeIgniter\View\View->CodeIgniter\View\{closure}()
 4 SYSTEMPATH\Common.php(1134): CodeIgniter\View\View->render('admin/visualization2', [], true)
 5 APPPATH\Controllers\Admin.php(689): view('admin/visualization2', [...])
 6 SYSTEMPATH\CodeIgniter.php(927): App\Controllers\Admin->visualization()
 7 SYSTEMPATH\CodeIgniter.php(482): CodeIgniter\CodeIgniter->runController(Object(App\Controllers\Admin))
 8 SYSTEMPATH\CodeIgniter.php(351): CodeIgniter\CodeIgniter->handleRequest(null, Object(Config\Cache), false)
 9 FCPATH\index.php(67): CodeIgniter\CodeIgniter->run()
CRITICAL - 2023-04-22 08:59:30 --> Undefined property: stdClass::$total
in APPPATH\Models\Checkout_model.php on line 316.
 1 APPPATH\Models\Checkout_model.php(316): CodeIgniter\Debug\Exceptions->errorHandler(8, 'Undefined property: stdClass::$total', 'APPPATH\\Models\\Checkout_model.php', 316, [...])
 2 APPPATH\Controllers\Admin.php(688): App\Models\Checkout_model->yearlySold()
 3 SYSTEMPATH\CodeIgniter.php(927): App\Controllers\Admin->visualization()
 4 SYSTEMPATH\CodeIgniter.php(482): CodeIgniter\CodeIgniter->runController(Object(App\Controllers\Admin))
 5 SYSTEMPATH\CodeIgniter.php(351): CodeIgniter\CodeIgniter->handleRequest(null, Object(Config\Cache), false)
 6 FCPATH\index.php(67): CodeIgniter\CodeIgniter->run()
CRITICAL - 2023-04-22 10:36:00 --> Undefined index: user_id
in APPPATH\Controllers\User.php on line 216.
 1 APPPATH\Controllers\User.php(216): CodeIgniter\Debug\Exceptions->errorHandler(8, 'Undefined index: user_id', 'APPPATH\\Controllers\\User.php', 216, [])
 2 SYSTEMPATH\CodeIgniter.php(927): App\Controllers\User->home()
 3 SYSTEMPATH\CodeIgniter.php(482): CodeIgniter\CodeIgniter->runController(Object(App\Controllers\User))
 4 SYSTEMPATH\CodeIgniter.php(351): CodeIgniter\CodeIgniter->handleRequest(null, Object(Config\Cache), false)
 5 FCPATH\index.php(67): CodeIgniter\CodeIgniter->run()
ERROR - 2023-04-22 10:53:51 --> Email: sendWithMail throwed ErrorException: mail(): Failed to connect to mailserver at &quot;localhost&quot; port 25, verify your &quot;SMTP&quot; and &quot;smtp_port&quot; setting in php.ini or use ini_set() in C:\wamp64\www\ocake\ocake\system\Email\Email.php:1730
Stack trace:
#0 [internal function]: CodeIgniter\Debug\Exceptions->errorHandler(2, 'mail(): Failed ...', 'C:\\wamp64\\www\\o...', 1730, Array)
#1 C:\wamp64\www\ocake\ocake\system\Email\Email.php(1730): mail('test@gmail.com', '=?UTF-8?Q?OTP?=', 'This is a multi...', 'Date: Sat, 22 A...', '-f ocake@gmail....')
#2 C:\wamp64\www\ocake\ocake\system\Email\Email.php(1662): CodeIgniter\Email\Email->sendWithMail()
#3 C:\wamp64\www\ocake\ocake\system\Email\Email.php(1560): CodeIgniter\Email\Email->spoolEmail()
#4 C:\wamp64\www\ocake\ocake\app\Controllers\User.php(60): CodeIgniter\Email\Email->send()
#5 C:\wamp64\www\ocake\ocake\app\Controllers\User.php(286): App\Controllers\User->send_mail(Object(CodeIgniter\Email\Email), 'Your verificati...')
#6 C:\wamp64\www\ocake\ocake\system\CodeIgniter.php(927): App\Controllers\User->verify()
#7 C:\wamp64\www\ocake\ocake\system\CodeIgniter.php(482): CodeIgniter\CodeIgniter->runController(Object(App\Controllers\User))
#8 C:\wamp64\www\ocake\ocake\system\CodeIgniter.php(351): CodeIgniter\CodeIgniter->handleRequest(NULL, Object(Config\Cache), false)
#9 C:\wamp64\www\ocake\index.php(67): CodeIgniter\CodeIgniter->run()
#10 {main}
ERROR - 2023-04-22 10:53:51 --> Email: Unable to send email using PHP mail(). Your server might not be configured to send mail using this method.
ERROR - 2023-04-22 10:53:51 --> 
ERROR - 2023-04-22 15:57:02 --> mysqli_sql_exception: Unknown column 'true' in 'from clause' in C:\wamp64\www\ocake\ocake\system\Database\MySQLi\Connection.php:292
Stack trace:
#0 C:\wamp64\www\ocake\ocake\system\Database\MySQLi\Connection.php(292): mysqli->query('SELECT *\nFROM `...', 0)
#1 C:\wamp64\www\ocake\ocake\system\Database\BaseConnection.php(666): CodeIgniter\Database\MySQLi\Connection->execute('SELECT *\nFROM `...')
#2 C:\wamp64\www\ocake\ocake\system\Database\BaseConnection.php(593): CodeIgniter\Database\BaseConnection->simpleQuery('SELECT *\nFROM `...')
#3 C:\wamp64\www\ocake\ocake\system\Database\BaseBuilder.php(1585): CodeIgniter\Database\BaseConnection->query('SELECT *\nFROM `...', Array, false)
#4 C:\wamp64\www\ocake\ocake\system\Model.php(772): CodeIgniter\Database\BaseBuilder->get()
#5 C:\wamp64\www\ocake\ocake\app\Models\Personal_m.php(68): CodeIgniter\Model->__call('get', Array)
#6 C:\wamp64\www\ocake\ocake\app\Controllers\User.php(118): App\Models\Personal_m->getUserByEmail('admin@gmail.com')
#7 C:\wamp64\www\ocake\ocake\system\CodeIgniter.php(927): App\Controllers\User->sendResetCode()
#8 C:\wamp64\www\ocake\ocake\system\CodeIgniter.php(482): CodeIgniter\CodeIgniter->runController(Object(App\Controllers\User))
#9 C:\wamp64\www\ocake\ocake\system\CodeIgniter.php(351): CodeIgniter\CodeIgniter->handleRequest(NULL, Object(Config\Cache), false)
#10 C:\wamp64\www\ocake\index.php(67): CodeIgniter\CodeIgniter->run()
#11 {main}
CRITICAL - 2023-04-22 15:57:02 --> Call to a member function getResult() on bool
in APPPATH\Models\Personal_m.php on line 68.
 1 APPPATH\Controllers\User.php(118): App\Models\Personal_m->getUserByEmail('admin@gmail.com')
 2 SYSTEMPATH\CodeIgniter.php(927): App\Controllers\User->sendResetCode()
 3 SYSTEMPATH\CodeIgniter.php(482): CodeIgniter\CodeIgniter->runController(Object(App\Controllers\User))
 4 SYSTEMPATH\CodeIgniter.php(351): CodeIgniter\CodeIgniter->handleRequest(null, Object(Config\Cache), false)
 5 FCPATH\index.php(67): CodeIgniter\CodeIgniter->run()
CRITICAL - 2023-04-22 16:04:52 --> Undefined property: App\Controllers\Admin::$session
in APPPATH\Controllers\Admin.php on line 83.
 1 APPPATH\Controllers\Admin.php(83): CodeIgniter\Debug\Exceptions->errorHandler(8, 'Undefined property: App\\Controllers\\Admin::$session', 'APPPATH\\Controllers\\Admin.php', 83, [])
 2 SYSTEMPATH\CodeIgniter.php(927): App\Controllers\Admin->forgotpassword()
 3 SYSTEMPATH\CodeIgniter.php(482): CodeIgniter\CodeIgniter->runController(Object(App\Controllers\Admin))
 4 SYSTEMPATH\CodeIgniter.php(351): CodeIgniter\CodeIgniter->handleRequest(null, Object(Config\Cache), false)
 5 FCPATH\index.php(67): CodeIgniter\CodeIgniter->run()
CRITICAL - 2023-04-22 16:27:31 --> Undefined variable: session
in APPPATH\Views\admin\forgotpassword.php on line 47.
 1 APPPATH\Views\admin\forgotpassword.php(47): CodeIgniter\Debug\Exceptions->errorHandler(8, 'Undefined variable: session', 'APPPATH\\Views\\admin\\forgotpassword.php', 47, [])
 2 SYSTEMPATH\View\View.php(213): include('APPPATH\\Views\\admin\\forgotpassword.php')
 3 SYSTEMPATH\View\View.php(216): CodeIgniter\View\View->CodeIgniter\View\{closure}()
 4 SYSTEMPATH\Common.php(1134): CodeIgniter\View\View->render('admin/forgotpassword', [], true)
 5 APPPATH\Controllers\Admin.php(84): view('admin/forgotpassword')
 6 SYSTEMPATH\CodeIgniter.php(927): App\Controllers\Admin->forgotpassword()
 7 SYSTEMPATH\CodeIgniter.php(482): CodeIgniter\CodeIgniter->runController(Object(App\Controllers\Admin))
 8 SYSTEMPATH\CodeIgniter.php(351): CodeIgniter\CodeIgniter->handleRequest(null, Object(Config\Cache), false)
 9 FCPATH\index.php(67): CodeIgniter\CodeIgniter->run()
CRITICAL - 2023-04-22 16:31:02 --> A non-numeric value encountered
in APPPATH\Controllers\Admin.php on line 186.
 1 APPPATH\Controllers\Admin.php(186): CodeIgniter\Debug\Exceptions->errorHandler(2, 'A non-numeric value encountered', 'APPPATH\\Controllers\\Admin.php', 186, [...])
 2 SYSTEMPATH\CodeIgniter.php(927): App\Controllers\Admin->dashboard1()
 3 SYSTEMPATH\CodeIgniter.php(482): CodeIgniter\CodeIgniter->runController(Object(App\Controllers\Admin))
 4 SYSTEMPATH\CodeIgniter.php(351): CodeIgniter\CodeIgniter->handleRequest(null, Object(Config\Cache), false)
 5 FCPATH\index.php(67): CodeIgniter\CodeIgniter->run()
CRITICAL - 2023-04-22 16:37:09 --> Call to a member function getResult() on array
in APPPATH\Controllers\Admin.php on line 73.
 1 APPPATH\Controllers\Admin.php(43): App\Controllers\Admin->exists('admin@gmail.com', 'admin123')
 2 SYSTEMPATH\CodeIgniter.php(927): App\Controllers\Admin->login()
 3 SYSTEMPATH\CodeIgniter.php(482): CodeIgniter\CodeIgniter->runController(Object(App\Controllers\Admin))
 4 SYSTEMPATH\CodeIgniter.php(351): CodeIgniter\CodeIgniter->handleRequest(null, Object(Config\Cache), false)
 5 FCPATH\index.php(67): CodeIgniter\CodeIgniter->run()
CRITICAL - 2023-04-22 16:37:19 --> Call to a member function toArray() on array
in APPPATH\Controllers\Admin.php on line 73.
 1 APPPATH\Controllers\Admin.php(43): App\Controllers\Admin->exists('admin@gmail.com', 'admin123')
 2 SYSTEMPATH\CodeIgniter.php(927): App\Controllers\Admin->login()
 3 SYSTEMPATH\CodeIgniter.php(482): CodeIgniter\CodeIgniter->runController(Object(App\Controllers\Admin))
 4 SYSTEMPATH\CodeIgniter.php(351): CodeIgniter\CodeIgniter->handleRequest(null, Object(Config\Cache), false)
 5 FCPATH\index.php(67): CodeIgniter\CodeIgniter->run()
CRITICAL - 2023-04-22 16:39:10 --> Undefined index: password
in APPPATH\Controllers\Admin.php on line 76.
 1 APPPATH\Controllers\Admin.php(76): CodeIgniter\Debug\Exceptions->errorHandler(8, 'Undefined index: password', 'APPPATH\\Controllers\\Admin.php', 76, [...])
 2 APPPATH\Controllers\Admin.php(43): App\Controllers\Admin->exists('admin@gmail.com', 'admin123')
 3 SYSTEMPATH\CodeIgniter.php(927): App\Controllers\Admin->login()
 4 SYSTEMPATH\CodeIgniter.php(482): CodeIgniter\CodeIgniter->runController(Object(App\Controllers\Admin))
 5 SYSTEMPATH\CodeIgniter.php(351): CodeIgniter\CodeIgniter->handleRequest(null, Object(Config\Cache), false)
 6 FCPATH\index.php(67): CodeIgniter\CodeIgniter->run()
CRITICAL - 2023-04-22 16:39:25 --> Cannot use object of type stdClass as array
in APPPATH\Controllers\Admin.php on line 76.
 1 APPPATH\Controllers\Admin.php(43): App\Controllers\Admin->exists('admin@gmail.com', 'admin123')
 2 SYSTEMPATH\CodeIgniter.php(927): App\Controllers\Admin->login()
 3 SYSTEMPATH\CodeIgniter.php(482): CodeIgniter\CodeIgniter->runController(Object(App\Controllers\Admin))
 4 SYSTEMPATH\CodeIgniter.php(351): CodeIgniter\CodeIgniter->handleRequest(null, Object(Config\Cache), false)
 5 FCPATH\index.php(67): CodeIgniter\CodeIgniter->run()
CRITICAL - 2023-04-22 16:39:43 --> Cannot use object of type App\Models\Administration_m as array
in APPPATH\Controllers\Admin.php on line 77.
 1 APPPATH\Controllers\Admin.php(43): App\Controllers\Admin->exists('admin@gmail.com', 'admin123')
 2 SYSTEMPATH\CodeIgniter.php(927): App\Controllers\Admin->login()
 3 SYSTEMPATH\CodeIgniter.php(482): CodeIgniter\CodeIgniter->runController(Object(App\Controllers\Admin))
 4 SYSTEMPATH\CodeIgniter.php(351): CodeIgniter\CodeIgniter->handleRequest(null, Object(Config\Cache), false)
 5 FCPATH\index.php(67): CodeIgniter\CodeIgniter->run()
CRITICAL - 2023-04-22 16:40:13 --> Call to undefined method stdClass::toArray()
in APPPATH\Controllers\Admin.php on line 77.
 1 APPPATH\Controllers\Admin.php(43): App\Controllers\Admin->exists('admin@gmail.com', 'admin123')
 2 SYSTEMPATH\CodeIgniter.php(927): App\Controllers\Admin->login()
 3 SYSTEMPATH\CodeIgniter.php(482): CodeIgniter\CodeIgniter->runController(Object(App\Controllers\Admin))
 4 SYSTEMPATH\CodeIgniter.php(351): CodeIgniter\CodeIgniter->handleRequest(null, Object(Config\Cache), false)
 5 FCPATH\index.php(67): CodeIgniter\CodeIgniter->run()
CRITICAL - 2023-04-22 16:51:31 --> Call to undefined method App\Controllers\Admin::refreshVerificationCode()
in APPPATH\Controllers\Admin.php on line 93.
 1 SYSTEMPATH\CodeIgniter.php(927): App\Controllers\Admin->sendAdminResetCode()
 2 SYSTEMPATH\CodeIgniter.php(482): CodeIgniter\CodeIgniter->runController(Object(App\Controllers\Admin))
 3 SYSTEMPATH\CodeIgniter.php(351): CodeIgniter\CodeIgniter->handleRequest(null, Object(Config\Cache), false)
 4 FCPATH\index.php(67): CodeIgniter\CodeIgniter->run()
CRITICAL - 2023-04-22 16:52:46 --> Trying to get property 'id' of non-object
in APPPATH\Controllers\Admin.php on line 158.
 1 APPPATH\Controllers\Admin.php(158): CodeIgniter\Debug\Exceptions->errorHandler(8, 'Trying to get property \'id\' of non-object', 'APPPATH\\Controllers\\Admin.php', 158, [...])
 2 APPPATH\Controllers\Admin.php(93): App\Controllers\Admin->refreshVerificationCode('admin@gmail.com')
 3 SYSTEMPATH\CodeIgniter.php(927): App\Controllers\Admin->sendAdminResetCode()
 4 SYSTEMPATH\CodeIgniter.php(482): CodeIgniter\CodeIgniter->runController(Object(App\Controllers\Admin))
 5 SYSTEMPATH\CodeIgniter.php(351): CodeIgniter\CodeIgniter->handleRequest(null, Object(Config\Cache), false)
 6 FCPATH\index.php(67): CodeIgniter\CodeIgniter->run()
CRITICAL - 2023-04-22 16:53:59 --> Trying to get property 'id' of non-object
in APPPATH\Controllers\Admin.php on line 158.
 1 APPPATH\Controllers\Admin.php(158): CodeIgniter\Debug\Exceptions->errorHandler(8, 'Trying to get property \'id\' of non-object', 'APPPATH\\Controllers\\Admin.php', 158, [...])
 2 APPPATH\Controllers\Admin.php(93): App\Controllers\Admin->refreshVerificationCode('admin@gmail.com')
 3 SYSTEMPATH\CodeIgniter.php(927): App\Controllers\Admin->sendAdminResetCode()
 4 SYSTEMPATH\CodeIgniter.php(482): CodeIgniter\CodeIgniter->runController(Object(App\Controllers\Admin))
 5 SYSTEMPATH\CodeIgniter.php(351): CodeIgniter\CodeIgniter->handleRequest(null, Object(Config\Cache), false)
 6 FCPATH\index.php(67): CodeIgniter\CodeIgniter->run()
ERROR - 2023-04-22 16:54:11 --> mysqli_sql_exception: Unknown column 'verification_validity_date' in 'field list' in C:\wamp64\www\ocake\ocake\system\Database\MySQLi\Connection.php:292
Stack trace:
#0 C:\wamp64\www\ocake\ocake\system\Database\MySQLi\Connection.php(292): mysqli->query('UPDATE `admin` ...', 0)
#1 C:\wamp64\www\ocake\ocake\system\Database\BaseConnection.php(666): CodeIgniter\Database\MySQLi\Connection->execute('UPDATE `admin` ...')
#2 C:\wamp64\www\ocake\ocake\system\Database\BaseConnection.php(593): CodeIgniter\Database\BaseConnection->simpleQuery('UPDATE `admin` ...')
#3 C:\wamp64\www\ocake\ocake\system\Database\BaseBuilder.php(2079): CodeIgniter\Database\BaseConnection->query('UPDATE `admin` ...', Array, false)
#4 C:\wamp64\www\ocake\ocake\app\Models\Administration_m.php(34): CodeIgniter\Database\BaseBuilder->update(Array)
#5 C:\wamp64\www\ocake\ocake\app\Controllers\Admin.php(165): App\Models\Administration_m->refreshVerificationCode('7', 350869, '2023-04-22 04:5...')
#6 C:\wamp64\www\ocake\ocake\app\Controllers\Admin.php(93): App\Controllers\Admin->refreshVerificationCode('admin@gmail.com')
#7 C:\wamp64\www\ocake\ocake\system\CodeIgniter.php(927): App\Controllers\Admin->sendAdminResetCode()
#8 C:\wamp64\www\ocake\ocake\system\CodeIgniter.php(482): CodeIgniter\CodeIgniter->runController(Object(App\Controllers\Admin))
#9 C:\wamp64\www\ocake\ocake\system\CodeIgniter.php(351): CodeIgniter\CodeIgniter->handleRequest(NULL, Object(Config\Cache), false)
#10 C:\wamp64\www\ocake\index.php(67): CodeIgniter\CodeIgniter->run()
#11 {main}
CRITICAL - 2023-04-22 16:54:11 --> Call to undefined method App\Controllers\Admin::send_mail()
in APPPATH\Controllers\Admin.php on line 96.
 1 SYSTEMPATH\CodeIgniter.php(927): App\Controllers\Admin->sendAdminResetCode()
 2 SYSTEMPATH\CodeIgniter.php(482): CodeIgniter\CodeIgniter->runController(Object(App\Controllers\Admin))
 3 SYSTEMPATH\CodeIgniter.php(351): CodeIgniter\CodeIgniter->handleRequest(null, Object(Config\Cache), false)
 4 FCPATH\index.php(67): CodeIgniter\CodeIgniter->run()
ERROR - 2023-04-22 16:54:49 --> mysqli_sql_exception: Unknown column 'verification_validity_date' in 'field list' in C:\wamp64\www\ocake\ocake\system\Database\MySQLi\Connection.php:292
Stack trace:
#0 C:\wamp64\www\ocake\ocake\system\Database\MySQLi\Connection.php(292): mysqli->query('UPDATE `admin` ...', 0)
#1 C:\wamp64\www\ocake\ocake\system\Database\BaseConnection.php(666): CodeIgniter\Database\MySQLi\Connection->execute('UPDATE `admin` ...')
#2 C:\wamp64\www\ocake\ocake\system\Database\BaseConnection.php(593): CodeIgniter\Database\BaseConnection->simpleQuery('UPDATE `admin` ...')
#3 C:\wamp64\www\ocake\ocake\system\Database\BaseBuilder.php(2079): CodeIgniter\Database\BaseConnection->query('UPDATE `admin` ...', Array, false)
#4 C:\wamp64\www\ocake\ocake\app\Models\Administration_m.php(34): CodeIgniter\Database\BaseBuilder->update(Array)
#5 C:\wamp64\www\ocake\ocake\app\Controllers\Admin.php(165): App\Models\Administration_m->refreshVerificationCode('7', 546357, '2023-04-22 04:5...')
#6 C:\wamp64\www\ocake\ocake\app\Controllers\Admin.php(93): App\Controllers\Admin->refreshVerificationCode('admin@gmail.com')
#7 C:\wamp64\www\ocake\ocake\system\CodeIgniter.php(927): App\Controllers\Admin->sendAdminResetCode()
#8 C:\wamp64\www\ocake\ocake\system\CodeIgniter.php(482): CodeIgniter\CodeIgniter->runController(Object(App\Controllers\Admin))
#9 C:\wamp64\www\ocake\ocake\system\CodeIgniter.php(351): CodeIgniter\CodeIgniter->handleRequest(NULL, Object(Config\Cache), false)
#10 C:\wamp64\www\ocake\index.php(67): CodeIgniter\CodeIgniter->run()
#11 {main}
ERROR - 2023-04-22 17:01:09 --> mysqli_sql_exception: Unknown column 'verification_validity_date' in 'field list' in C:\wamp64\www\ocake\ocake\system\Database\MySQLi\Connection.php:292
Stack trace:
#0 C:\wamp64\www\ocake\ocake\system\Database\MySQLi\Connection.php(292): mysqli->query('UPDATE `admin` ...', 0)
#1 C:\wamp64\www\ocake\ocake\system\Database\BaseConnection.php(666): CodeIgniter\Database\MySQLi\Connection->execute('UPDATE `admin` ...')
#2 C:\wamp64\www\ocake\ocake\system\Database\BaseConnection.php(593): CodeIgniter\Database\BaseConnection->simpleQuery('UPDATE `admin` ...')
#3 C:\wamp64\www\ocake\ocake\system\Database\BaseBuilder.php(2079): CodeIgniter\Database\BaseConnection->query('UPDATE `admin` ...', Array, false)
#4 C:\wamp64\www\ocake\ocake\app\Models\Administration_m.php(34): CodeIgniter\Database\BaseBuilder->update(Array)
#5 C:\wamp64\www\ocake\ocake\app\Controllers\Admin.php(165): App\Models\Administration_m->refreshVerificationCode('7', 591765, '2023-04-22 05:0...')
#6 C:\wamp64\www\ocake\ocake\app\Controllers\Admin.php(93): App\Controllers\Admin->refreshVerificationCode('admin@gmail.com')
#7 C:\wamp64\www\ocake\ocake\system\CodeIgniter.php(927): App\Controllers\Admin->sendAdminResetCode()
#8 C:\wamp64\www\ocake\ocake\system\CodeIgniter.php(482): CodeIgniter\CodeIgniter->runController(Object(App\Controllers\Admin))
#9 C:\wamp64\www\ocake\ocake\system\CodeIgniter.php(351): CodeIgniter\CodeIgniter->handleRequest(NULL, Object(Config\Cache), false)
#10 C:\wamp64\www\ocake\index.php(67): CodeIgniter\CodeIgniter->run()
#11 {main}
ERROR - 2023-04-22 17:03:29 --> mysqli_sql_exception: Unknown column 'verification_validity_date' in 'field list' in C:\wamp64\www\ocake\ocake\system\Database\MySQLi\Connection.php:292
Stack trace:
#0 C:\wamp64\www\ocake\ocake\system\Database\MySQLi\Connection.php(292): mysqli->query('UPDATE `admin` ...', 0)
#1 C:\wamp64\www\ocake\ocake\system\Database\BaseConnection.php(666): CodeIgniter\Database\MySQLi\Connection->execute('UPDATE `admin` ...')
#2 C:\wamp64\www\ocake\ocake\system\Database\BaseConnection.php(593): CodeIgniter\Database\BaseConnection->simpleQuery('UPDATE `admin` ...')
#3 C:\wamp64\www\ocake\ocake\system\Database\BaseBuilder.php(2079): CodeIgniter\Database\BaseConnection->query('UPDATE `admin` ...', Array, false)
#4 C:\wamp64\www\ocake\ocake\app\Models\Administration_m.php(34): CodeIgniter\Database\BaseBuilder->update(Array)
#5 C:\wamp64\www\ocake\ocake\app\Controllers\Admin.php(165): App\Models\Administration_m->refreshVerificationCode('7', 306792, '2023-04-22 05:0...')
#6 C:\wamp64\www\ocake\ocake\app\Controllers\Admin.php(93): App\Controllers\Admin->refreshVerificationCode('admin@gmail.com')
#7 C:\wamp64\www\ocake\ocake\system\CodeIgniter.php(927): App\Controllers\Admin->sendAdminResetCode()
#8 C:\wamp64\www\ocake\ocake\system\CodeIgniter.php(482): CodeIgniter\CodeIgniter->runController(Object(App\Controllers\Admin))
#9 C:\wamp64\www\ocake\ocake\system\CodeIgniter.php(351): CodeIgniter\CodeIgniter->handleRequest(NULL, Object(Config\Cache), false)
#10 C:\wamp64\www\ocake\index.php(67): CodeIgniter\CodeIgniter->run()
#11 {main}
CRITICAL - 2023-04-22 17:07:44 --> Trying to get property 'verification_validity_date' of non-object
in APPPATH\Controllers\User.php on line 151.
 1 APPPATH\Controllers\User.php(151): CodeIgniter\Debug\Exceptions->errorHandler(8, 'Trying to get property \'verification_validity_date\' of non-object', 'APPPATH\\Controllers\\User.php', 151, [...])
 2 SYSTEMPATH\CodeIgniter.php(927): App\Controllers\User->verifyResetCode()
 3 SYSTEMPATH\CodeIgniter.php(482): CodeIgniter\CodeIgniter->runController(Object(App\Controllers\User))
 4 SYSTEMPATH\CodeIgniter.php(351): CodeIgniter\CodeIgniter->handleRequest(null, Object(Config\Cache), false)
 5 FCPATH\index.php(67): CodeIgniter\CodeIgniter->run()
