CRITICAL - 2023-03-16 00:42:23 --> Undefined array key "user_id"
in APPPATH\Controllers\User.php on line 86.
 1 APPPATH\Controllers\User.php(86): CodeIgniter\Debug\Exceptions->errorHandler(2, 'Undefined array key "user_id"', 'APPPATH\\Controllers\\User.php', 86)
 2 SYSTEMPATH\CodeIgniter.php(927): App\Controllers\User->home()
 3 SYSTEMPATH\CodeIgniter.php(482): CodeIgniter\CodeIgniter->runController(Object(App\Controllers\User))
 4 SYSTEMPATH\CodeIgniter.php(351): CodeIgniter\CodeIgniter->handleRequest(null, Object(Config\Cache), false)
 5 FCPATH\index.php(67): CodeIgniter\CodeIgniter->run()
CRITICAL - 2023-03-16 00:43:23 --> Undefined array key "user_id"
in APPPATH\Controllers\User.php on line 86.
 1 APPPATH\Controllers\User.php(86): CodeIgniter\Debug\Exceptions->errorHandler(2, 'Undefined array key "user_id"', 'APPPATH\\Controllers\\User.php', 86)
 2 SYSTEMPATH\CodeIgniter.php(927): App\Controllers\User->home()
 3 SYSTEMPATH\CodeIgniter.php(482): CodeIgniter\CodeIgniter->runController(Object(App\Controllers\User))
 4 SYSTEMPATH\CodeIgniter.php(351): CodeIgniter\CodeIgniter->handleRequest(null, Object(Config\Cache), false)
 5 FCPATH\index.php(67): CodeIgniter\CodeIgniter->run()
CRITICAL - 2023-03-16 06:11:59 --> Invalid file: admin-productlist.php
in SYSTEMPATH\Exceptions\FrameworkException.php on line 33.
 1 SYSTEMPATH\View\View.php(201): CodeIgniter\Exceptions\FrameworkException::forInvalidFile('admin-productlist.php')
 2 SYSTEMPATH\Common.php(1134): CodeIgniter\View\View->render('admin-productlist', [], true)
 3 APPPATH\Controllers\Admin.php(314): view('admin-productlist', [...])
 4 SYSTEMPATH\CodeIgniter.php(927): App\Controllers\Admin->update_product('8', 'C:\\wamp64\\www\\ocake')
 5 SYSTEMPATH\CodeIgniter.php(482): CodeIgniter\CodeIgniter->runController(Object(App\Controllers\Admin))
 6 SYSTEMPATH\CodeIgniter.php(351): CodeIgniter\CodeIgniter->handleRequest(null, Object(Config\Cache), false)
 7 FCPATH\index.php(67): CodeIgniter\CodeIgniter->run()
CRITICAL - 2023-03-16 06:14:04 --> Undefined variable $category
in APPPATH\Views\admin\productlist.php on line 103.
 1 APPPATH\Views\admin\productlist.php(103): CodeIgniter\Debug\Exceptions->errorHandler(2, 'Undefined variable $category', 'APPPATH\\Views\\admin\\productlist.php', 103)
 2 SYSTEMPATH\View\View.php(213): include('APPPATH\\Views\\admin\\productlist.php')
 3 SYSTEMPATH\View\View.php(216): CodeIgniter\View\View->CodeIgniter\View\{closure}()
 4 SYSTEMPATH\Common.php(1134): CodeIgniter\View\View->render('admin/productlist', [], true)
 5 APPPATH\Controllers\Admin.php(314): view('admin/productlist', [...])
 6 SYSTEMPATH\CodeIgniter.php(927): App\Controllers\Admin->update_product('8', 'C:\\wamp64\\www\\ocake')
 7 SYSTEMPATH\CodeIgniter.php(482): CodeIgniter\CodeIgniter->runController(Object(App\Controllers\Admin))
 8 SYSTEMPATH\CodeIgniter.php(351): CodeIgniter\CodeIgniter->handleRequest(null, Object(Config\Cache), false)
 9 FCPATH\index.php(67): CodeIgniter\CodeIgniter->run()
CRITICAL - 2023-03-16 06:16:25 --> base_url(): Argument #2 ($scheme) must be of type ?string, array given, called in C:\wamp64\www\ocake\ocake\app\Controllers\Admin.php on line 315
in SYSTEMPATH\Helpers\url_helper.php on line 100.
 1 APPPATH\Controllers\Admin.php(315): base_url('/admin-productlist', [...])
 2 SYSTEMPATH\CodeIgniter.php(927): App\Controllers\Admin->update_product('8', 'C:\\wamp64\\www\\ocake')
 3 SYSTEMPATH\CodeIgniter.php(482): CodeIgniter\CodeIgniter->runController(Object(App\Controllers\Admin))
 4 SYSTEMPATH\CodeIgniter.php(351): CodeIgniter\CodeIgniter->handleRequest(null, Object(Config\Cache), false)
 5 FCPATH\index.php(67): CodeIgniter\CodeIgniter->run()
CRITICAL - 2023-03-16 06:17:52 --> Invalid file: /admin-productlist.php
in SYSTEMPATH\Exceptions\FrameworkException.php on line 33.
 1 SYSTEMPATH\View\View.php(201): CodeIgniter\Exceptions\FrameworkException::forInvalidFile('/admin-productlist.php')
 2 SYSTEMPATH\Common.php(1134): CodeIgniter\View\View->render('/admin-productlist', [], true)
 3 APPPATH\Controllers\Admin.php(314): view('/admin-productlist', [...])
 4 SYSTEMPATH\CodeIgniter.php(927): App\Controllers\Admin->update_product('8', 'C:\\wamp64\\www\\ocake')
 5 SYSTEMPATH\CodeIgniter.php(482): CodeIgniter\CodeIgniter->runController(Object(App\Controllers\Admin))
 6 SYSTEMPATH\CodeIgniter.php(351): CodeIgniter\CodeIgniter->handleRequest(null, Object(Config\Cache), false)
 7 FCPATH\index.php(67): CodeIgniter\CodeIgniter->run()
CRITICAL - 2023-03-16 06:21:52 --> Invalid file: /admin-productlist.php
in SYSTEMPATH\Exceptions\FrameworkException.php on line 33.
 1 SYSTEMPATH\View\View.php(201): CodeIgniter\Exceptions\FrameworkException::forInvalidFile('/admin-productlist.php')
 2 SYSTEMPATH\Common.php(1134): CodeIgniter\View\View->render('/admin-productlist', [], true)
 3 APPPATH\Controllers\Admin.php(314): view('/admin-productlist', [...])
 4 SYSTEMPATH\CodeIgniter.php(927): App\Controllers\Admin->update_product('8', 'C:\\wamp64\\www\\ocake')
 5 SYSTEMPATH\CodeIgniter.php(482): CodeIgniter\CodeIgniter->runController(Object(App\Controllers\Admin))
 6 SYSTEMPATH\CodeIgniter.php(351): CodeIgniter\CodeIgniter->handleRequest(null, Object(Config\Cache), false)
 7 FCPATH\index.php(67): CodeIgniter\CodeIgniter->run()
CRITICAL - 2023-03-16 06:23:13 --> Undefined variable $category
in APPPATH\Views\admin\productlist.php on line 103.
 1 APPPATH\Views\admin\productlist.php(103): CodeIgniter\Debug\Exceptions->errorHandler(2, 'Undefined variable $category', 'APPPATH\\Views\\admin\\productlist.php', 103)
 2 SYSTEMPATH\View\View.php(213): include('APPPATH\\Views\\admin\\productlist.php')
 3 SYSTEMPATH\View\View.php(216): CodeIgniter\View\View->CodeIgniter\View\{closure}()
 4 SYSTEMPATH\Common.php(1134): CodeIgniter\View\View->render('admin/productlist', [], true)
 5 APPPATH\Controllers\Admin.php(314): view('admin/productlist', [...])
 6 SYSTEMPATH\CodeIgniter.php(927): App\Controllers\Admin->update_product('8', 'C:\\wamp64\\www\\ocake')
 7 SYSTEMPATH\CodeIgniter.php(482): CodeIgniter\CodeIgniter->runController(Object(App\Controllers\Admin))
 8 SYSTEMPATH\CodeIgniter.php(351): CodeIgniter\CodeIgniter->handleRequest(null, Object(Config\Cache), false)
 9 FCPATH\index.php(67): CodeIgniter\CodeIgniter->run()
CRITICAL - 2023-03-16 06:41:08 --> Invalid file: /admin-productlist.php
in SYSTEMPATH\Exceptions\FrameworkException.php on line 33.
 1 SYSTEMPATH\View\View.php(201): CodeIgniter\Exceptions\FrameworkException::forInvalidFile('/admin-productlist.php')
 2 SYSTEMPATH\Common.php(1134): CodeIgniter\View\View->render('/admin-productlist', [], true)
 3 APPPATH\Controllers\Admin.php(314): view('/admin-productlist', [...])
 4 SYSTEMPATH\CodeIgniter.php(927): App\Controllers\Admin->update_product('8', 'C:\\wamp64\\www\\ocake')
 5 SYSTEMPATH\CodeIgniter.php(482): CodeIgniter\CodeIgniter->runController(Object(App\Controllers\Admin))
 6 SYSTEMPATH\CodeIgniter.php(351): CodeIgniter\CodeIgniter->handleRequest(null, Object(Config\Cache), false)
 7 FCPATH\index.php(67): CodeIgniter\CodeIgniter->run()
CRITICAL - 2023-03-16 06:42:51 --> Invalid file: admin-productlist.php
in SYSTEMPATH\Exceptions\FrameworkException.php on line 33.
 1 SYSTEMPATH\View\View.php(201): CodeIgniter\Exceptions\FrameworkException::forInvalidFile('admin-productlist.php')
 2 SYSTEMPATH\Common.php(1134): CodeIgniter\View\View->render('admin-productlist', [], true)
 3 APPPATH\Controllers\Admin.php(314): view('admin-productlist', [...])
 4 SYSTEMPATH\CodeIgniter.php(927): App\Controllers\Admin->update_product('8', 'C:\\wamp64\\www\\ocake')
 5 SYSTEMPATH\CodeIgniter.php(482): CodeIgniter\CodeIgniter->runController(Object(App\Controllers\Admin))
 6 SYSTEMPATH\CodeIgniter.php(351): CodeIgniter\CodeIgniter->handleRequest(null, Object(Config\Cache), false)
 7 FCPATH\index.php(67): CodeIgniter\CodeIgniter->run()
CRITICAL - 2023-03-16 06:43:29 --> Invalid file: admin-productlist.php
in SYSTEMPATH\Exceptions\FrameworkException.php on line 33.
 1 SYSTEMPATH\View\View.php(201): CodeIgniter\Exceptions\FrameworkException::forInvalidFile('admin-productlist.php')
 2 SYSTEMPATH\Common.php(1134): CodeIgniter\View\View->render('admin-productlist', [], true)
 3 APPPATH\Controllers\Admin.php(314): view('admin-productlist', [...])
 4 SYSTEMPATH\CodeIgniter.php(927): App\Controllers\Admin->update_product('8', 'C:\\wamp64\\www\\ocake')
 5 SYSTEMPATH\CodeIgniter.php(482): CodeIgniter\CodeIgniter->runController(Object(App\Controllers\Admin))
 6 SYSTEMPATH\CodeIgniter.php(351): CodeIgniter\CodeIgniter->handleRequest(null, Object(Config\Cache), false)
 7 FCPATH\index.php(67): CodeIgniter\CodeIgniter->run()
CRITICAL - 2023-03-16 06:44:53 --> Undefined variable $category
in APPPATH\Views\admin\productlist.php on line 103.
 1 APPPATH\Views\admin\productlist.php(103): CodeIgniter\Debug\Exceptions->errorHandler(2, 'Undefined variable $category', 'APPPATH\\Views\\admin\\productlist.php', 103)
 2 SYSTEMPATH\View\View.php(213): include('APPPATH\\Views\\admin\\productlist.php')
 3 SYSTEMPATH\View\View.php(216): CodeIgniter\View\View->CodeIgniter\View\{closure}()
 4 SYSTEMPATH\Common.php(1134): CodeIgniter\View\View->render('admin/productlist', [], true)
 5 APPPATH\Controllers\Admin.php(314): view('admin/productlist', [...])
 6 SYSTEMPATH\CodeIgniter.php(927): App\Controllers\Admin->update_product('8', 'C:\\wamp64\\www\\ocake')
 7 SYSTEMPATH\CodeIgniter.php(482): CodeIgniter\CodeIgniter->runController(Object(App\Controllers\Admin))
 8 SYSTEMPATH\CodeIgniter.php(351): CodeIgniter\CodeIgniter->handleRequest(null, Object(Config\Cache), false)
 9 FCPATH\index.php(67): CodeIgniter\CodeIgniter->run()
CRITICAL - 2023-03-16 06:48:00 --> Invalid file: /admin/admin/productlist.php
in SYSTEMPATH\Exceptions\FrameworkException.php on line 33.
 1 SYSTEMPATH\View\View.php(201): CodeIgniter\Exceptions\FrameworkException::forInvalidFile('/admin/admin/productlist.php')
 2 SYSTEMPATH\Common.php(1134): CodeIgniter\View\View->render('/admin/admin/productlist', [], true)
 3 APPPATH\Controllers\Admin.php(314): view('/admin/admin/productlist', [...])
 4 SYSTEMPATH\CodeIgniter.php(927): App\Controllers\Admin->update_product('8', 'C:\\wamp64\\www\\ocake')
 5 SYSTEMPATH\CodeIgniter.php(482): CodeIgniter\CodeIgniter->runController(Object(App\Controllers\Admin))
 6 SYSTEMPATH\CodeIgniter.php(351): CodeIgniter\CodeIgniter->handleRequest(null, Object(Config\Cache), false)
 7 FCPATH\index.php(67): CodeIgniter\CodeIgniter->run()
CRITICAL - 2023-03-16 06:49:40 --> Invalid file: admin-productlist.php
in SYSTEMPATH\Exceptions\FrameworkException.php on line 33.
 1 SYSTEMPATH\View\View.php(201): CodeIgniter\Exceptions\FrameworkException::forInvalidFile('admin-productlist.php')
 2 SYSTEMPATH\Common.php(1134): CodeIgniter\View\View->render('admin-productlist', [], true)
 3 APPPATH\Controllers\Admin.php(314): view('admin-productlist', [...])
 4 SYSTEMPATH\CodeIgniter.php(927): App\Controllers\Admin->update_product('8', 'C:\\wamp64\\www\\ocake')
 5 SYSTEMPATH\CodeIgniter.php(482): CodeIgniter\CodeIgniter->runController(Object(App\Controllers\Admin))
 6 SYSTEMPATH\CodeIgniter.php(351): CodeIgniter\CodeIgniter->handleRequest(null, Object(Config\Cache), false)
 7 FCPATH\index.php(67): CodeIgniter\CodeIgniter->run()
CRITICAL - 2023-03-16 06:58:18 --> Invalid file: admin-productlist.php
in SYSTEMPATH\Exceptions\FrameworkException.php on line 33.
 1 SYSTEMPATH\View\View.php(201): CodeIgniter\Exceptions\FrameworkException::forInvalidFile('admin-productlist.php')
 2 SYSTEMPATH\Common.php(1134): CodeIgniter\View\View->render('admin-productlist', [], true)
 3 APPPATH\Controllers\Admin.php(314): view('admin-productlist', [...])
 4 SYSTEMPATH\CodeIgniter.php(927): App\Controllers\Admin->update_product('8')
 5 SYSTEMPATH\CodeIgniter.php(482): CodeIgniter\CodeIgniter->runController(Object(App\Controllers\Admin))
 6 SYSTEMPATH\CodeIgniter.php(351): CodeIgniter\CodeIgniter->handleRequest(null, Object(Config\Cache), false)
 7 FCPATH\index.php(67): CodeIgniter\CodeIgniter->run()
CRITICAL - 2023-03-16 07:02:25 --> Undefined variable $category
in APPPATH\Views\admin\productlist.php on line 103.
 1 APPPATH\Views\admin\productlist.php(103): CodeIgniter\Debug\Exceptions->errorHandler(2, 'Undefined variable $category', 'APPPATH\\Views\\admin\\productlist.php', 103)
 2 SYSTEMPATH\View\View.php(213): include('APPPATH\\Views\\admin\\productlist.php')
 3 SYSTEMPATH\View\View.php(216): CodeIgniter\View\View->CodeIgniter\View\{closure}()
 4 SYSTEMPATH\Common.php(1134): CodeIgniter\View\View->render('admin/productlist', [], true)
 5 APPPATH\Controllers\Admin.php(314): view('admin/productlist', [...])
 6 SYSTEMPATH\CodeIgniter.php(927): App\Controllers\Admin->update_product('8')
 7 SYSTEMPATH\CodeIgniter.php(482): CodeIgniter\CodeIgniter->runController(Object(App\Controllers\Admin))
 8 SYSTEMPATH\CodeIgniter.php(351): CodeIgniter\CodeIgniter->handleRequest(null, Object(Config\Cache), false)
 9 FCPATH\index.php(67): CodeIgniter\CodeIgniter->run()
CRITICAL - 2023-03-16 07:03:29 --> Undefined variable $category
in APPPATH\Views\admin\productlist.php on line 103.
 1 APPPATH\Views\admin\productlist.php(103): CodeIgniter\Debug\Exceptions->errorHandler(2, 'Undefined variable $category', 'APPPATH\\Views\\admin\\productlist.php', 103)
 2 SYSTEMPATH\View\View.php(213): include('APPPATH\\Views\\admin\\productlist.php')
 3 SYSTEMPATH\View\View.php(216): CodeIgniter\View\View->CodeIgniter\View\{closure}()
 4 SYSTEMPATH\Common.php(1134): CodeIgniter\View\View->render('admin/productlist', [], true)
 5 APPPATH\Controllers\Admin.php(314): view('admin/productlist', [...])
 6 SYSTEMPATH\CodeIgniter.php(927): App\Controllers\Admin->update_product('8')
 7 SYSTEMPATH\CodeIgniter.php(482): CodeIgniter\CodeIgniter->runController(Object(App\Controllers\Admin))
 8 SYSTEMPATH\CodeIgniter.php(351): CodeIgniter\CodeIgniter->handleRequest(null, Object(Config\Cache), false)
 9 FCPATH\index.php(67): CodeIgniter\CodeIgniter->run()
CRITICAL - 2023-03-16 07:06:34 --> Undefined variable $category
in APPPATH\Views\admin\productlist.php on line 103.
 1 APPPATH\Views\admin\productlist.php(103): CodeIgniter\Debug\Exceptions->errorHandler(2, 'Undefined variable $category', 'APPPATH\\Views\\admin\\productlist.php', 103)
 2 SYSTEMPATH\View\View.php(213): include('APPPATH\\Views\\admin\\productlist.php')
 3 SYSTEMPATH\View\View.php(216): CodeIgniter\View\View->CodeIgniter\View\{closure}()
 4 SYSTEMPATH\Common.php(1134): CodeIgniter\View\View->render('admin/productlist', [], true)
 5 APPPATH\Controllers\Admin.php(314): view('admin/productlist', [...])
 6 SYSTEMPATH\CodeIgniter.php(927): App\Controllers\Admin->update_product('8')
 7 SYSTEMPATH\CodeIgniter.php(482): CodeIgniter\CodeIgniter->runController(Object(App\Controllers\Admin))
 8 SYSTEMPATH\CodeIgniter.php(351): CodeIgniter\CodeIgniter->handleRequest(null, Object(Config\Cache), false)
 9 FCPATH\index.php(67): CodeIgniter\CodeIgniter->run()
CRITICAL - 2023-03-16 07:21:29 --> Undefined variable $category
in APPPATH\Views\admin\productlist.php on line 103.
 1 APPPATH\Views\admin\productlist.php(103): CodeIgniter\Debug\Exceptions->errorHandler(2, 'Undefined variable $category', 'APPPATH\\Views\\admin\\productlist.php', 103)
 2 SYSTEMPATH\View\View.php(213): include('APPPATH\\Views\\admin\\productlist.php')
 3 SYSTEMPATH\View\View.php(216): CodeIgniter\View\View->CodeIgniter\View\{closure}()
 4 SYSTEMPATH\Common.php(1134): CodeIgniter\View\View->render('admin/productlist', [], true)
 5 APPPATH\Controllers\Admin.php(314): view('admin/productlist', [...])
 6 SYSTEMPATH\CodeIgniter.php(927): App\Controllers\Admin->update_product('8')
 7 SYSTEMPATH\CodeIgniter.php(482): CodeIgniter\CodeIgniter->runController(Object(App\Controllers\Admin))
 8 SYSTEMPATH\CodeIgniter.php(351): CodeIgniter\CodeIgniter->handleRequest(null, Object(Config\Cache), false)
 9 FCPATH\index.php(67): CodeIgniter\CodeIgniter->run()
CRITICAL - 2023-03-16 07:22:26 --> Invalid file: admin-productlist.php
in SYSTEMPATH\Exceptions\FrameworkException.php on line 33.
 1 SYSTEMPATH\View\View.php(201): CodeIgniter\Exceptions\FrameworkException::forInvalidFile('admin-productlist.php')
 2 SYSTEMPATH\Common.php(1134): CodeIgniter\View\View->render('admin-productlist', [], true)
 3 APPPATH\Controllers\Admin.php(314): view('admin-productlist', [...])
 4 SYSTEMPATH\CodeIgniter.php(927): App\Controllers\Admin->update_product('8')
 5 SYSTEMPATH\CodeIgniter.php(482): CodeIgniter\CodeIgniter->runController(Object(App\Controllers\Admin))
 6 SYSTEMPATH\CodeIgniter.php(351): CodeIgniter\CodeIgniter->handleRequest(null, Object(Config\Cache), false)
 7 FCPATH\index.php(67): CodeIgniter\CodeIgniter->run()
CRITICAL - 2023-03-16 07:31:01 --> Undefined array key "user_id"
in APPPATH\Controllers\User.php on line 86.
 1 APPPATH\Controllers\User.php(86): CodeIgniter\Debug\Exceptions->errorHandler(2, 'Undefined array key "user_id"', 'APPPATH\\Controllers\\User.php', 86)
 2 SYSTEMPATH\CodeIgniter.php(927): App\Controllers\User->home()
 3 SYSTEMPATH\CodeIgniter.php(482): CodeIgniter\CodeIgniter->runController(Object(App\Controllers\User))
 4 SYSTEMPATH\CodeIgniter.php(351): CodeIgniter\CodeIgniter->handleRequest(null, Object(Config\Cache), false)
 5 FCPATH\index.php(67): CodeIgniter\CodeIgniter->run()
CRITICAL - 2023-03-16 07:33:34 --> Undefined variable $category
in APPPATH\Views\admin\productlist.php on line 103.
 1 APPPATH\Views\admin\productlist.php(103): CodeIgniter\Debug\Exceptions->errorHandler(2, 'Undefined variable $category', 'APPPATH\\Views\\admin\\productlist.php', 103)
 2 SYSTEMPATH\View\View.php(213): include('APPPATH\\Views\\admin\\productlist.php')
 3 SYSTEMPATH\View\View.php(216): CodeIgniter\View\View->CodeIgniter\View\{closure}()
 4 SYSTEMPATH\Common.php(1134): CodeIgniter\View\View->render('admin/productlist', [], true)
 5 APPPATH\Controllers\Admin.php(314): view('admin/productlist', [...])
 6 SYSTEMPATH\CodeIgniter.php(927): App\Controllers\Admin->update_product('8')
 7 SYSTEMPATH\CodeIgniter.php(482): CodeIgniter\CodeIgniter->runController(Object(App\Controllers\Admin))
 8 SYSTEMPATH\CodeIgniter.php(351): CodeIgniter\CodeIgniter->handleRequest(null, Object(Config\Cache), false)
 9 FCPATH\index.php(67): CodeIgniter\CodeIgniter->run()
CRITICAL - 2023-03-16 07:36:49 --> Undefined variable $category
in APPPATH\Views\admin\productlist.php on line 103.
 1 APPPATH\Views\admin\productlist.php(103): CodeIgniter\Debug\Exceptions->errorHandler(2, 'Undefined variable $category', 'APPPATH\\Views\\admin\\productlist.php', 103)
 2 SYSTEMPATH\View\View.php(213): include('APPPATH\\Views\\admin\\productlist.php')
 3 SYSTEMPATH\View\View.php(216): CodeIgniter\View\View->CodeIgniter\View\{closure}()
 4 SYSTEMPATH\Common.php(1134): CodeIgniter\View\View->render('/admin/productlist', [], true)
 5 APPPATH\Controllers\Admin.php(314): view('/admin/productlist', [...])
 6 SYSTEMPATH\CodeIgniter.php(927): App\Controllers\Admin->update_product('8')
 7 SYSTEMPATH\CodeIgniter.php(482): CodeIgniter\CodeIgniter->runController(Object(App\Controllers\Admin))
 8 SYSTEMPATH\CodeIgniter.php(351): CodeIgniter\CodeIgniter->handleRequest(null, Object(Config\Cache), false)
 9 FCPATH\index.php(67): CodeIgniter\CodeIgniter->run()
CRITICAL - 2023-03-16 08:10:46 --> Undefined variable $category
in APPPATH\Views\admin\productlist.php on line 103.
 1 APPPATH\Views\admin\productlist.php(103): CodeIgniter\Debug\Exceptions->errorHandler(2, 'Undefined variable $category', 'APPPATH\\Views\\admin\\productlist.php', 103)
 2 SYSTEMPATH\View\View.php(213): include('APPPATH\\Views\\admin\\productlist.php')
 3 SYSTEMPATH\View\View.php(216): CodeIgniter\View\View->CodeIgniter\View\{closure}()
 4 SYSTEMPATH\Common.php(1134): CodeIgniter\View\View->render('/admin/productlist', [], true)
 5 APPPATH\Controllers\Admin.php(369): view('/admin/productlist', [...])
 6 SYSTEMPATH\CodeIgniter.php(927): App\Controllers\Admin->update('8', 'C:\\wamp64\\www\\ocake')
 7 SYSTEMPATH\CodeIgniter.php(482): CodeIgniter\CodeIgniter->runController(Object(App\Controllers\Admin))
 8 SYSTEMPATH\CodeIgniter.php(351): CodeIgniter\CodeIgniter->handleRequest(null, Object(Config\Cache), false)
 9 FCPATH\index.php(67): CodeIgniter\CodeIgniter->run()
CRITICAL - 2023-03-16 08:17:55 --> Undefined variable $category
in APPPATH\Views\admin\productlist.php on line 103.
 1 APPPATH\Views\admin\productlist.php(103): CodeIgniter\Debug\Exceptions->errorHandler(2, 'Undefined variable $category', 'APPPATH\\Views\\admin\\productlist.php', 103)
 2 SYSTEMPATH\View\View.php(213): include('APPPATH\\Views\\admin\\productlist.php')
 3 SYSTEMPATH\View\View.php(216): CodeIgniter\View\View->CodeIgniter\View\{closure}()
 4 SYSTEMPATH\Common.php(1134): CodeIgniter\View\View->render('/admin/productlist', [], true)
 5 APPPATH\Controllers\Admin.php(369): view('/admin/productlist', [...])
 6 SYSTEMPATH\CodeIgniter.php(927): App\Controllers\Admin->update('9', 'C:\\wamp64\\www\\ocake')
 7 SYSTEMPATH\CodeIgniter.php(482): CodeIgniter\CodeIgniter->runController(Object(App\Controllers\Admin))
 8 SYSTEMPATH\CodeIgniter.php(351): CodeIgniter\CodeIgniter->handleRequest(null, Object(Config\Cache), false)
 9 FCPATH\index.php(67): CodeIgniter\CodeIgniter->run()
CRITICAL - 2023-03-16 08:25:24 --> Undefined variable $insert
in APPPATH\Controllers\Admin.php on line 403.
 1 APPPATH\Controllers\Admin.php(403): CodeIgniter\Debug\Exceptions->errorHandler(2, 'Undefined variable $insert', 'APPPATH\\Controllers\\Admin.php', 403)
 2 SYSTEMPATH\CodeIgniter.php(927): App\Controllers\Admin->update('143', 'C:\\wamp64\\www\\ocake')
 3 SYSTEMPATH\CodeIgniter.php(482): CodeIgniter\CodeIgniter->runController(Object(App\Controllers\Admin))
 4 SYSTEMPATH\CodeIgniter.php(351): CodeIgniter\CodeIgniter->handleRequest(null, Object(Config\Cache), false)
 5 FCPATH\index.php(67): CodeIgniter\CodeIgniter->run()
CRITICAL - 2023-03-16 08:26:15 --> Undefined variable $insert
in APPPATH\Controllers\Admin.php on line 403.
 1 APPPATH\Controllers\Admin.php(403): CodeIgniter\Debug\Exceptions->errorHandler(2, 'Undefined variable $insert', 'APPPATH\\Controllers\\Admin.php', 403)
 2 SYSTEMPATH\CodeIgniter.php(927): App\Controllers\Admin->update('143', 'C:\\wamp64\\www\\ocake')
 3 SYSTEMPATH\CodeIgniter.php(482): CodeIgniter\CodeIgniter->runController(Object(App\Controllers\Admin))
 4 SYSTEMPATH\CodeIgniter.php(351): CodeIgniter\CodeIgniter->handleRequest(null, Object(Config\Cache), false)
 5 FCPATH\index.php(67): CodeIgniter\CodeIgniter->run()
CRITICAL - 2023-03-16 08:26:57 --> Undefined variable $insert
in APPPATH\Controllers\Admin.php on line 403.
 1 APPPATH\Controllers\Admin.php(403): CodeIgniter\Debug\Exceptions->errorHandler(2, 'Undefined variable $insert', 'APPPATH\\Controllers\\Admin.php', 403)
 2 SYSTEMPATH\CodeIgniter.php(927): App\Controllers\Admin->update('143', 'C:\\wamp64\\www\\ocake')
 3 SYSTEMPATH\CodeIgniter.php(482): CodeIgniter\CodeIgniter->runController(Object(App\Controllers\Admin))
 4 SYSTEMPATH\CodeIgniter.php(351): CodeIgniter\CodeIgniter->handleRequest(null, Object(Config\Cache), false)
 5 FCPATH\index.php(67): CodeIgniter\CodeIgniter->run()
CRITICAL - 2023-03-16 08:27:48 --> Undefined variable $insert
in APPPATH\Controllers\Admin.php on line 403.
 1 APPPATH\Controllers\Admin.php(403): CodeIgniter\Debug\Exceptions->errorHandler(2, 'Undefined variable $insert', 'APPPATH\\Controllers\\Admin.php', 403)
 2 SYSTEMPATH\CodeIgniter.php(927): App\Controllers\Admin->update('143', 'C:\\wamp64\\www\\ocake')
 3 SYSTEMPATH\CodeIgniter.php(482): CodeIgniter\CodeIgniter->runController(Object(App\Controllers\Admin))
 4 SYSTEMPATH\CodeIgniter.php(351): CodeIgniter\CodeIgniter->handleRequest(null, Object(Config\Cache), false)
 5 FCPATH\index.php(67): CodeIgniter\CodeIgniter->run()
CRITICAL - 2023-03-16 08:28:23 --> Undefined variable $insert
in APPPATH\Controllers\Admin.php on line 403.
 1 APPPATH\Controllers\Admin.php(403): CodeIgniter\Debug\Exceptions->errorHandler(2, 'Undefined variable $insert', 'APPPATH\\Controllers\\Admin.php', 403)
 2 SYSTEMPATH\CodeIgniter.php(927): App\Controllers\Admin->update('143', 'C:\\wamp64\\www\\ocake')
 3 SYSTEMPATH\CodeIgniter.php(482): CodeIgniter\CodeIgniter->runController(Object(App\Controllers\Admin))
 4 SYSTEMPATH\CodeIgniter.php(351): CodeIgniter\CodeIgniter->handleRequest(null, Object(Config\Cache), false)
 5 FCPATH\index.php(67): CodeIgniter\CodeIgniter->run()
