CRITICAL - 2022-12-04 00:01:37 --> Undefined variable $cartData
in APPPATH\Views\include\header.php on line 166.
 1 APPPATH\Views\include\header.php(166): CodeIgniter\Debug\Exceptions->errorHandler(2, 'Undefined variable $cartData', 'APPPATH\\Views\\include\\header.php', 166)
 2 SYSTEMPATH\View\View.php(213): include('APPPATH\\Views\\include\\header.php')
 3 SYSTEMPATH\View\View.php(216): CodeIgniter\View\View->CodeIgniter\View\{closure}()
 4 SYSTEMPATH\Common.php(1134): CodeIgniter\View\View->render('include/header', [], true)
 5 APPPATH\Controllers\User.php(75): view('include/header')
 6 SYSTEMPATH\CodeIgniter.php(927): App\Controllers\User->productgrid()
 7 SYSTEMPATH\CodeIgniter.php(482): CodeIgniter\CodeIgniter->runController(Object(App\Controllers\User))
 8 SYSTEMPATH\CodeIgniter.php(351): CodeIgniter\CodeIgniter->handleRequest(null, Object(Config\Cache), false)
 9 FCPATH\index.php(67): CodeIgniter\CodeIgniter->run()
CRITICAL - 2022-12-04 00:09:23 --> syntax error, unexpected identifier "total_row", expecting "]"
in APPPATH\Views\include\header.php on line 161.
 1 SYSTEMPATH\View\View.php(216): CodeIgniter\View\View->CodeIgniter\View\{closure}()
 2 SYSTEMPATH\Common.php(1134): CodeIgniter\View\View->render('include/header', [], true)
 3 APPPATH\Controllers\User.php(13): view('include/header', [...])
 4 SYSTEMPATH\CodeIgniter.php(927): App\Controllers\User->index()
 5 SYSTEMPATH\CodeIgniter.php(482): CodeIgniter\CodeIgniter->runController(Object(App\Controllers\User))
 6 SYSTEMPATH\CodeIgniter.php(351): CodeIgniter\CodeIgniter->handleRequest(null, Object(Config\Cache), false)
 7 FCPATH\index.php(67): CodeIgniter\CodeIgniter->run()
CRITICAL - 2022-12-04 00:10:04 --> Undefined variable $count_data
in APPPATH\Views\include\header.php on line 161.
 1 APPPATH\Views\include\header.php(161): CodeIgniter\Debug\Exceptions->errorHandler(2, 'Undefined variable $count_data', 'APPPATH\\Views\\include\\header.php', 161)
 2 SYSTEMPATH\View\View.php(213): include('APPPATH\\Views\\include\\header.php')
 3 SYSTEMPATH\View\View.php(216): CodeIgniter\View\View->CodeIgniter\View\{closure}()
 4 SYSTEMPATH\Common.php(1134): CodeIgniter\View\View->render('include/header', [], true)
 5 APPPATH\Controllers\User.php(13): view('include/header', [...])
 6 SYSTEMPATH\CodeIgniter.php(927): App\Controllers\User->index()
 7 SYSTEMPATH\CodeIgniter.php(482): CodeIgniter\CodeIgniter->runController(Object(App\Controllers\User))
 8 SYSTEMPATH\CodeIgniter.php(351): CodeIgniter\CodeIgniter->handleRequest(null, Object(Config\Cache), false)
 9 FCPATH\index.php(67): CodeIgniter\CodeIgniter->run()
CRITICAL - 2022-12-04 00:10:09 --> Undefined variable $count_data
in APPPATH\Views\include\header.php on line 161.
 1 APPPATH\Views\include\header.php(161): CodeIgniter\Debug\Exceptions->errorHandler(2, 'Undefined variable $count_data', 'APPPATH\\Views\\include\\header.php', 161)
 2 SYSTEMPATH\View\View.php(213): include('APPPATH\\Views\\include\\header.php')
 3 SYSTEMPATH\View\View.php(216): CodeIgniter\View\View->CodeIgniter\View\{closure}()
 4 SYSTEMPATH\Common.php(1134): CodeIgniter\View\View->render('include/header', [], true)
 5 APPPATH\Controllers\User.php(13): view('include/header', [...])
 6 SYSTEMPATH\CodeIgniter.php(927): App\Controllers\User->index()
 7 SYSTEMPATH\CodeIgniter.php(482): CodeIgniter\CodeIgniter->runController(Object(App\Controllers\User))
 8 SYSTEMPATH\CodeIgniter.php(351): CodeIgniter\CodeIgniter->handleRequest(null, Object(Config\Cache), false)
 9 FCPATH\index.php(67): CodeIgniter\CodeIgniter->run()
CRITICAL - 2022-12-04 00:10:24 --> Undefined variable $count_data
in APPPATH\Views\include\header.php on line 161.
 1 APPPATH\Views\include\header.php(161): CodeIgniter\Debug\Exceptions->errorHandler(2, 'Undefined variable $count_data', 'APPPATH\\Views\\include\\header.php', 161)
 2 SYSTEMPATH\View\View.php(213): include('APPPATH\\Views\\include\\header.php')
 3 SYSTEMPATH\View\View.php(216): CodeIgniter\View\View->CodeIgniter\View\{closure}()
 4 SYSTEMPATH\Common.php(1134): CodeIgniter\View\View->render('include/header', [], true)
 5 APPPATH\Controllers\User.php(13): view('include/header', [...])
 6 SYSTEMPATH\CodeIgniter.php(927): App\Controllers\User->index()
 7 SYSTEMPATH\CodeIgniter.php(482): CodeIgniter\CodeIgniter->runController(Object(App\Controllers\User))
 8 SYSTEMPATH\CodeIgniter.php(351): CodeIgniter\CodeIgniter->handleRequest(null, Object(Config\Cache), false)
 9 FCPATH\index.php(67): CodeIgniter\CodeIgniter->run()
CRITICAL - 2022-12-04 00:10:25 --> Undefined variable $count_data
in APPPATH\Views\include\header.php on line 161.
 1 APPPATH\Views\include\header.php(161): CodeIgniter\Debug\Exceptions->errorHandler(2, 'Undefined variable $count_data', 'APPPATH\\Views\\include\\header.php', 161)
 2 SYSTEMPATH\View\View.php(213): include('APPPATH\\Views\\include\\header.php')
 3 SYSTEMPATH\View\View.php(216): CodeIgniter\View\View->CodeIgniter\View\{closure}()
 4 SYSTEMPATH\Common.php(1134): CodeIgniter\View\View->render('include/header', [], true)
 5 APPPATH\Controllers\User.php(13): view('include/header', [...])
 6 SYSTEMPATH\CodeIgniter.php(927): App\Controllers\User->index()
 7 SYSTEMPATH\CodeIgniter.php(482): CodeIgniter\CodeIgniter->runController(Object(App\Controllers\User))
 8 SYSTEMPATH\CodeIgniter.php(351): CodeIgniter\CodeIgniter->handleRequest(null, Object(Config\Cache), false)
 9 FCPATH\index.php(67): CodeIgniter\CodeIgniter->run()
CRITICAL - 2022-12-04 00:10:26 --> Undefined variable $count_data
in APPPATH\Views\include\header.php on line 161.
 1 APPPATH\Views\include\header.php(161): CodeIgniter\Debug\Exceptions->errorHandler(2, 'Undefined variable $count_data', 'APPPATH\\Views\\include\\header.php', 161)
 2 SYSTEMPATH\View\View.php(213): include('APPPATH\\Views\\include\\header.php')
 3 SYSTEMPATH\View\View.php(216): CodeIgniter\View\View->CodeIgniter\View\{closure}()
 4 SYSTEMPATH\Common.php(1134): CodeIgniter\View\View->render('include/header', [], true)
 5 APPPATH\Controllers\User.php(13): view('include/header', [...])
 6 SYSTEMPATH\CodeIgniter.php(927): App\Controllers\User->index()
 7 SYSTEMPATH\CodeIgniter.php(482): CodeIgniter\CodeIgniter->runController(Object(App\Controllers\User))
 8 SYSTEMPATH\CodeIgniter.php(351): CodeIgniter\CodeIgniter->handleRequest(null, Object(Config\Cache), false)
 9 FCPATH\index.php(67): CodeIgniter\CodeIgniter->run()
CRITICAL - 2022-12-04 00:10:27 --> Undefined variable $count_data
in APPPATH\Views\include\header.php on line 161.
 1 APPPATH\Views\include\header.php(161): CodeIgniter\Debug\Exceptions->errorHandler(2, 'Undefined variable $count_data', 'APPPATH\\Views\\include\\header.php', 161)
 2 SYSTEMPATH\View\View.php(213): include('APPPATH\\Views\\include\\header.php')
 3 SYSTEMPATH\View\View.php(216): CodeIgniter\View\View->CodeIgniter\View\{closure}()
 4 SYSTEMPATH\Common.php(1134): CodeIgniter\View\View->render('include/header', [], true)
 5 APPPATH\Controllers\User.php(13): view('include/header', [...])
 6 SYSTEMPATH\CodeIgniter.php(927): App\Controllers\User->index()
 7 SYSTEMPATH\CodeIgniter.php(482): CodeIgniter\CodeIgniter->runController(Object(App\Controllers\User))
 8 SYSTEMPATH\CodeIgniter.php(351): CodeIgniter\CodeIgniter->handleRequest(null, Object(Config\Cache), false)
 9 FCPATH\index.php(67): CodeIgniter\CodeIgniter->run()
CRITICAL - 2022-12-04 00:10:27 --> Undefined variable $count_data
in APPPATH\Views\include\header.php on line 161.
 1 APPPATH\Views\include\header.php(161): CodeIgniter\Debug\Exceptions->errorHandler(2, 'Undefined variable $count_data', 'APPPATH\\Views\\include\\header.php', 161)
 2 SYSTEMPATH\View\View.php(213): include('APPPATH\\Views\\include\\header.php')
 3 SYSTEMPATH\View\View.php(216): CodeIgniter\View\View->CodeIgniter\View\{closure}()
 4 SYSTEMPATH\Common.php(1134): CodeIgniter\View\View->render('include/header', [], true)
 5 APPPATH\Controllers\User.php(13): view('include/header', [...])
 6 SYSTEMPATH\CodeIgniter.php(927): App\Controllers\User->index()
 7 SYSTEMPATH\CodeIgniter.php(482): CodeIgniter\CodeIgniter->runController(Object(App\Controllers\User))
 8 SYSTEMPATH\CodeIgniter.php(351): CodeIgniter\CodeIgniter->handleRequest(null, Object(Config\Cache), false)
 9 FCPATH\index.php(67): CodeIgniter\CodeIgniter->run()
CRITICAL - 2022-12-04 00:10:28 --> Undefined variable $count_data
in APPPATH\Views\include\header.php on line 161.
 1 APPPATH\Views\include\header.php(161): CodeIgniter\Debug\Exceptions->errorHandler(2, 'Undefined variable $count_data', 'APPPATH\\Views\\include\\header.php', 161)
 2 SYSTEMPATH\View\View.php(213): include('APPPATH\\Views\\include\\header.php')
 3 SYSTEMPATH\View\View.php(216): CodeIgniter\View\View->CodeIgniter\View\{closure}()
 4 SYSTEMPATH\Common.php(1134): CodeIgniter\View\View->render('include/header', [], true)
 5 APPPATH\Controllers\User.php(13): view('include/header', [...])
 6 SYSTEMPATH\CodeIgniter.php(927): App\Controllers\User->index()
 7 SYSTEMPATH\CodeIgniter.php(482): CodeIgniter\CodeIgniter->runController(Object(App\Controllers\User))
 8 SYSTEMPATH\CodeIgniter.php(351): CodeIgniter\CodeIgniter->handleRequest(null, Object(Config\Cache), false)
 9 FCPATH\index.php(67): CodeIgniter\CodeIgniter->run()
CRITICAL - 2022-12-04 00:10:28 --> Undefined variable $count_data
in APPPATH\Views\include\header.php on line 161.
 1 APPPATH\Views\include\header.php(161): CodeIgniter\Debug\Exceptions->errorHandler(2, 'Undefined variable $count_data', 'APPPATH\\Views\\include\\header.php', 161)
 2 SYSTEMPATH\View\View.php(213): include('APPPATH\\Views\\include\\header.php')
 3 SYSTEMPATH\View\View.php(216): CodeIgniter\View\View->CodeIgniter\View\{closure}()
 4 SYSTEMPATH\Common.php(1134): CodeIgniter\View\View->render('include/header', [], true)
 5 APPPATH\Controllers\User.php(13): view('include/header', [...])
 6 SYSTEMPATH\CodeIgniter.php(927): App\Controllers\User->index()
 7 SYSTEMPATH\CodeIgniter.php(482): CodeIgniter\CodeIgniter->runController(Object(App\Controllers\User))
 8 SYSTEMPATH\CodeIgniter.php(351): CodeIgniter\CodeIgniter->handleRequest(null, Object(Config\Cache), false)
 9 FCPATH\index.php(67): CodeIgniter\CodeIgniter->run()
CRITICAL - 2022-12-04 00:10:29 --> Undefined variable $count_data
in APPPATH\Views\include\header.php on line 161.
 1 APPPATH\Views\include\header.php(161): CodeIgniter\Debug\Exceptions->errorHandler(2, 'Undefined variable $count_data', 'APPPATH\\Views\\include\\header.php', 161)
 2 SYSTEMPATH\View\View.php(213): include('APPPATH\\Views\\include\\header.php')
 3 SYSTEMPATH\View\View.php(216): CodeIgniter\View\View->CodeIgniter\View\{closure}()
 4 SYSTEMPATH\Common.php(1134): CodeIgniter\View\View->render('include/header', [], true)
 5 APPPATH\Controllers\User.php(13): view('include/header', [...])
 6 SYSTEMPATH\CodeIgniter.php(927): App\Controllers\User->index()
 7 SYSTEMPATH\CodeIgniter.php(482): CodeIgniter\CodeIgniter->runController(Object(App\Controllers\User))
 8 SYSTEMPATH\CodeIgniter.php(351): CodeIgniter\CodeIgniter->handleRequest(null, Object(Config\Cache), false)
 9 FCPATH\index.php(67): CodeIgniter\CodeIgniter->run()
CRITICAL - 2022-12-04 00:10:29 --> Undefined variable $count_data
in APPPATH\Views\include\header.php on line 161.
 1 APPPATH\Views\include\header.php(161): CodeIgniter\Debug\Exceptions->errorHandler(2, 'Undefined variable $count_data', 'APPPATH\\Views\\include\\header.php', 161)
 2 SYSTEMPATH\View\View.php(213): include('APPPATH\\Views\\include\\header.php')
 3 SYSTEMPATH\View\View.php(216): CodeIgniter\View\View->CodeIgniter\View\{closure}()
 4 SYSTEMPATH\Common.php(1134): CodeIgniter\View\View->render('include/header', [], true)
 5 APPPATH\Controllers\User.php(13): view('include/header', [...])
 6 SYSTEMPATH\CodeIgniter.php(927): App\Controllers\User->index()
 7 SYSTEMPATH\CodeIgniter.php(482): CodeIgniter\CodeIgniter->runController(Object(App\Controllers\User))
 8 SYSTEMPATH\CodeIgniter.php(351): CodeIgniter\CodeIgniter->handleRequest(null, Object(Config\Cache), false)
 9 FCPATH\index.php(67): CodeIgniter\CodeIgniter->run()
CRITICAL - 2022-12-04 00:10:29 --> Undefined variable $count_data
in APPPATH\Views\include\header.php on line 161.
 1 APPPATH\Views\include\header.php(161): CodeIgniter\Debug\Exceptions->errorHandler(2, 'Undefined variable $count_data', 'APPPATH\\Views\\include\\header.php', 161)
 2 SYSTEMPATH\View\View.php(213): include('APPPATH\\Views\\include\\header.php')
 3 SYSTEMPATH\View\View.php(216): CodeIgniter\View\View->CodeIgniter\View\{closure}()
 4 SYSTEMPATH\Common.php(1134): CodeIgniter\View\View->render('include/header', [], true)
 5 APPPATH\Controllers\User.php(13): view('include/header', [...])
 6 SYSTEMPATH\CodeIgniter.php(927): App\Controllers\User->index()
 7 SYSTEMPATH\CodeIgniter.php(482): CodeIgniter\CodeIgniter->runController(Object(App\Controllers\User))
 8 SYSTEMPATH\CodeIgniter.php(351): CodeIgniter\CodeIgniter->handleRequest(null, Object(Config\Cache), false)
 9 FCPATH\index.php(67): CodeIgniter\CodeIgniter->run()
CRITICAL - 2022-12-04 00:10:35 --> Undefined variable $count_data
in APPPATH\Views\include\header.php on line 161.
 1 APPPATH\Views\include\header.php(161): CodeIgniter\Debug\Exceptions->errorHandler(2, 'Undefined variable $count_data', 'APPPATH\\Views\\include\\header.php', 161)
 2 SYSTEMPATH\View\View.php(213): include('APPPATH\\Views\\include\\header.php')
 3 SYSTEMPATH\View\View.php(216): CodeIgniter\View\View->CodeIgniter\View\{closure}()
 4 SYSTEMPATH\Common.php(1134): CodeIgniter\View\View->render('include/header', [], true)
 5 APPPATH\Controllers\User.php(13): view('include/header', [...])
 6 SYSTEMPATH\CodeIgniter.php(927): App\Controllers\User->index()
 7 SYSTEMPATH\CodeIgniter.php(482): CodeIgniter\CodeIgniter->runController(Object(App\Controllers\User))
 8 SYSTEMPATH\CodeIgniter.php(351): CodeIgniter\CodeIgniter->handleRequest(null, Object(Config\Cache), false)
 9 FCPATH\index.php(67): CodeIgniter\CodeIgniter->run()
CRITICAL - 2022-12-04 00:10:58 --> Undefined variable $count_data
in APPPATH\Views\include\header.php on line 161.
 1 APPPATH\Views\include\header.php(161): CodeIgniter\Debug\Exceptions->errorHandler(2, 'Undefined variable $count_data', 'APPPATH\\Views\\include\\header.php', 161)
 2 SYSTEMPATH\View\View.php(213): include('APPPATH\\Views\\include\\header.php')
 3 SYSTEMPATH\View\View.php(216): CodeIgniter\View\View->CodeIgniter\View\{closure}()
 4 SYSTEMPATH\Common.php(1134): CodeIgniter\View\View->render('include/header', [], true)
 5 APPPATH\Controllers\User.php(13): view('include/header', [...])
 6 SYSTEMPATH\CodeIgniter.php(927): App\Controllers\User->index()
 7 SYSTEMPATH\CodeIgniter.php(482): CodeIgniter\CodeIgniter->runController(Object(App\Controllers\User))
 8 SYSTEMPATH\CodeIgniter.php(351): CodeIgniter\CodeIgniter->handleRequest(null, Object(Config\Cache), false)
 9 FCPATH\index.php(67): CodeIgniter\CodeIgniter->run()
CRITICAL - 2022-12-04 00:11:11 --> Undefined variable $count_data
in APPPATH\Views\include\header.php on line 161.
 1 APPPATH\Views\include\header.php(161): CodeIgniter\Debug\Exceptions->errorHandler(2, 'Undefined variable $count_data', 'APPPATH\\Views\\include\\header.php', 161)
 2 SYSTEMPATH\View\View.php(213): include('APPPATH\\Views\\include\\header.php')
 3 SYSTEMPATH\View\View.php(216): CodeIgniter\View\View->CodeIgniter\View\{closure}()
 4 SYSTEMPATH\Common.php(1134): CodeIgniter\View\View->render('include/header', [], true)
 5 APPPATH\Controllers\User.php(13): view('include/header', [...])
 6 SYSTEMPATH\CodeIgniter.php(927): App\Controllers\User->index()
 7 SYSTEMPATH\CodeIgniter.php(482): CodeIgniter\CodeIgniter->runController(Object(App\Controllers\User))
 8 SYSTEMPATH\CodeIgniter.php(351): CodeIgniter\CodeIgniter->handleRequest(null, Object(Config\Cache), false)
 9 FCPATH\index.php(67): CodeIgniter\CodeIgniter->run()
CRITICAL - 2022-12-04 00:11:51 --> Undefined variable $count_data
in APPPATH\Views\include\header.php on line 161.
 1 APPPATH\Views\include\header.php(161): CodeIgniter\Debug\Exceptions->errorHandler(2, 'Undefined variable $count_data', 'APPPATH\\Views\\include\\header.php', 161)
 2 SYSTEMPATH\View\View.php(213): include('APPPATH\\Views\\include\\header.php')
 3 SYSTEMPATH\View\View.php(216): CodeIgniter\View\View->CodeIgniter\View\{closure}()
 4 SYSTEMPATH\Common.php(1134): CodeIgniter\View\View->render('include/header', [], true)
 5 APPPATH\Controllers\User.php(13): view('include/header', [...])
 6 SYSTEMPATH\CodeIgniter.php(927): App\Controllers\User->index()
 7 SYSTEMPATH\CodeIgniter.php(482): CodeIgniter\CodeIgniter->runController(Object(App\Controllers\User))
 8 SYSTEMPATH\CodeIgniter.php(351): CodeIgniter\CodeIgniter->handleRequest(null, Object(Config\Cache), false)
 9 FCPATH\index.php(67): CodeIgniter\CodeIgniter->run()
CRITICAL - 2022-12-04 00:12:13 --> Undefined variable $count_data
in APPPATH\Views\include\header.php on line 161.
 1 APPPATH\Views\include\header.php(161): CodeIgniter\Debug\Exceptions->errorHandler(2, 'Undefined variable $count_data', 'APPPATH\\Views\\include\\header.php', 161)
 2 SYSTEMPATH\View\View.php(213): include('APPPATH\\Views\\include\\header.php')
 3 SYSTEMPATH\View\View.php(216): CodeIgniter\View\View->CodeIgniter\View\{closure}()
 4 SYSTEMPATH\Common.php(1134): CodeIgniter\View\View->render('include/header', [], true)
 5 APPPATH\Controllers\User.php(13): view('include/header', [...])
 6 SYSTEMPATH\CodeIgniter.php(927): App\Controllers\User->index()
 7 SYSTEMPATH\CodeIgniter.php(482): CodeIgniter\CodeIgniter->runController(Object(App\Controllers\User))
 8 SYSTEMPATH\CodeIgniter.php(351): CodeIgniter\CodeIgniter->handleRequest(null, Object(Config\Cache), false)
 9 FCPATH\index.php(67): CodeIgniter\CodeIgniter->run()
CRITICAL - 2022-12-04 00:14:07 --> Undefined variable $count_data
in APPPATH\Views\include\header.php on line 161.
 1 APPPATH\Views\include\header.php(161): CodeIgniter\Debug\Exceptions->errorHandler(2, 'Undefined variable $count_data', 'APPPATH\\Views\\include\\header.php', 161)
 2 SYSTEMPATH\View\View.php(213): include('APPPATH\\Views\\include\\header.php')
 3 SYSTEMPATH\View\View.php(216): CodeIgniter\View\View->CodeIgniter\View\{closure}()
 4 SYSTEMPATH\Common.php(1134): CodeIgniter\View\View->render('include/header', [], true)
 5 APPPATH\Controllers\User.php(13): view('include/header', [...])
 6 SYSTEMPATH\CodeIgniter.php(927): App\Controllers\User->index()
 7 SYSTEMPATH\CodeIgniter.php(482): CodeIgniter\CodeIgniter->runController(Object(App\Controllers\User))
 8 SYSTEMPATH\CodeIgniter.php(351): CodeIgniter\CodeIgniter->handleRequest(null, Object(Config\Cache), false)
 9 FCPATH\index.php(67): CodeIgniter\CodeIgniter->run()
CRITICAL - 2022-12-04 00:14:09 --> Array to string conversion
in APPPATH\Views\include\header.php on line 161.
 1 APPPATH\Views\include\header.php(161): CodeIgniter\Debug\Exceptions->errorHandler(2, 'Array to string conversion', 'APPPATH\\Views\\include\\header.php', 161)
 2 SYSTEMPATH\View\View.php(213): include('APPPATH\\Views\\include\\header.php')
 3 SYSTEMPATH\View\View.php(216): CodeIgniter\View\View->CodeIgniter\View\{closure}()
 4 SYSTEMPATH\Common.php(1134): CodeIgniter\View\View->render('include/header', [], true)
 5 APPPATH\Controllers\User.php(23): view('include/header', [...])
 6 SYSTEMPATH\CodeIgniter.php(927): App\Controllers\User->checkout()
 7 SYSTEMPATH\CodeIgniter.php(482): CodeIgniter\CodeIgniter->runController(Object(App\Controllers\User))
 8 SYSTEMPATH\CodeIgniter.php(351): CodeIgniter\CodeIgniter->handleRequest(null, Object(Config\Cache), false)
 9 FCPATH\index.php(67): CodeIgniter\CodeIgniter->run()
CRITICAL - 2022-12-04 00:14:11 --> Undefined variable $count_data
in APPPATH\Views\include\header.php on line 161.
 1 APPPATH\Views\include\header.php(161): CodeIgniter\Debug\Exceptions->errorHandler(2, 'Undefined variable $count_data', 'APPPATH\\Views\\include\\header.php', 161)
 2 SYSTEMPATH\View\View.php(213): include('APPPATH\\Views\\include\\header.php')
 3 SYSTEMPATH\View\View.php(216): CodeIgniter\View\View->CodeIgniter\View\{closure}()
 4 SYSTEMPATH\Common.php(1134): CodeIgniter\View\View->render('include/header', [], true)
 5 APPPATH\Controllers\User.php(13): view('include/header', [...])
 6 SYSTEMPATH\CodeIgniter.php(927): App\Controllers\User->index()
 7 SYSTEMPATH\CodeIgniter.php(482): CodeIgniter\CodeIgniter->runController(Object(App\Controllers\User))
 8 SYSTEMPATH\CodeIgniter.php(351): CodeIgniter\CodeIgniter->handleRequest(null, Object(Config\Cache), false)
 9 FCPATH\index.php(67): CodeIgniter\CodeIgniter->run()
CRITICAL - 2022-12-04 00:14:13 --> Array to string conversion
in APPPATH\Views\include\header.php on line 161.
 1 APPPATH\Views\include\header.php(161): CodeIgniter\Debug\Exceptions->errorHandler(2, 'Array to string conversion', 'APPPATH\\Views\\include\\header.php', 161)
 2 SYSTEMPATH\View\View.php(213): include('APPPATH\\Views\\include\\header.php')
 3 SYSTEMPATH\View\View.php(216): CodeIgniter\View\View->CodeIgniter\View\{closure}()
 4 SYSTEMPATH\Common.php(1134): CodeIgniter\View\View->render('include/header', [], true)
 5 APPPATH\Controllers\User.php(23): view('include/header', [...])
 6 SYSTEMPATH\CodeIgniter.php(927): App\Controllers\User->checkout()
 7 SYSTEMPATH\CodeIgniter.php(482): CodeIgniter\CodeIgniter->runController(Object(App\Controllers\User))
 8 SYSTEMPATH\CodeIgniter.php(351): CodeIgniter\CodeIgniter->handleRequest(null, Object(Config\Cache), false)
 9 FCPATH\index.php(67): CodeIgniter\CodeIgniter->run()
CRITICAL - 2022-12-04 00:14:59 --> Undefined variable $count_data
in APPPATH\Views\include\header.php on line 161.
 1 APPPATH\Views\include\header.php(161): CodeIgniter\Debug\Exceptions->errorHandler(2, 'Undefined variable $count_data', 'APPPATH\\Views\\include\\header.php', 161)
 2 SYSTEMPATH\View\View.php(213): include('APPPATH\\Views\\include\\header.php')
 3 SYSTEMPATH\View\View.php(216): CodeIgniter\View\View->CodeIgniter\View\{closure}()
 4 SYSTEMPATH\Common.php(1134): CodeIgniter\View\View->render('include/header', [...], true)
 5 APPPATH\Controllers\User.php(23): view('include/header', [...], [...])
 6 SYSTEMPATH\CodeIgniter.php(927): App\Controllers\User->checkout()
 7 SYSTEMPATH\CodeIgniter.php(482): CodeIgniter\CodeIgniter->runController(Object(App\Controllers\User))
 8 SYSTEMPATH\CodeIgniter.php(351): CodeIgniter\CodeIgniter->handleRequest(null, Object(Config\Cache), false)
 9 FCPATH\index.php(67): CodeIgniter\CodeIgniter->run()
CRITICAL - 2022-12-04 00:15:00 --> Undefined variable $count_data
in APPPATH\Views\include\header.php on line 161.
 1 APPPATH\Views\include\header.php(161): CodeIgniter\Debug\Exceptions->errorHandler(2, 'Undefined variable $count_data', 'APPPATH\\Views\\include\\header.php', 161)
 2 SYSTEMPATH\View\View.php(213): include('APPPATH\\Views\\include\\header.php')
 3 SYSTEMPATH\View\View.php(216): CodeIgniter\View\View->CodeIgniter\View\{closure}()
 4 SYSTEMPATH\Common.php(1134): CodeIgniter\View\View->render('include/header', [...], true)
 5 APPPATH\Controllers\User.php(23): view('include/header', [...], [...])
 6 SYSTEMPATH\CodeIgniter.php(927): App\Controllers\User->checkout()
 7 SYSTEMPATH\CodeIgniter.php(482): CodeIgniter\CodeIgniter->runController(Object(App\Controllers\User))
 8 SYSTEMPATH\CodeIgniter.php(351): CodeIgniter\CodeIgniter->handleRequest(null, Object(Config\Cache), false)
 9 FCPATH\index.php(67): CodeIgniter\CodeIgniter->run()
CRITICAL - 2022-12-04 00:15:38 --> Undefined variable $cartData
in APPPATH\Views\include\header.php on line 166.
 1 APPPATH\Views\include\header.php(166): CodeIgniter\Debug\Exceptions->errorHandler(2, 'Undefined variable $cartData', 'APPPATH\\Views\\include\\header.php', 166)
 2 SYSTEMPATH\View\View.php(213): include('APPPATH\\Views\\include\\header.php')
 3 SYSTEMPATH\View\View.php(216): CodeIgniter\View\View->CodeIgniter\View\{closure}()
 4 SYSTEMPATH\Common.php(1134): CodeIgniter\View\View->render('include/header', [], true)
 5 APPPATH\Controllers\User.php(77): view('include/header')
 6 SYSTEMPATH\CodeIgniter.php(927): App\Controllers\User->productgrid()
 7 SYSTEMPATH\CodeIgniter.php(482): CodeIgniter\CodeIgniter->runController(Object(App\Controllers\User))
 8 SYSTEMPATH\CodeIgniter.php(351): CodeIgniter\CodeIgniter->handleRequest(null, Object(Config\Cache), false)
 9 FCPATH\index.php(67): CodeIgniter\CodeIgniter->run()
CRITICAL - 2022-12-04 02:34:23 --> Undefined variable $cartData
in APPPATH\Views\include\header.php on line 166.
 1 APPPATH\Views\include\header.php(166): CodeIgniter\Debug\Exceptions->errorHandler(2, 'Undefined variable $cartData', 'APPPATH\\Views\\include\\header.php', 166)
 2 SYSTEMPATH\View\View.php(213): include('APPPATH\\Views\\include\\header.php')
 3 SYSTEMPATH\View\View.php(216): CodeIgniter\View\View->CodeIgniter\View\{closure}()
 4 SYSTEMPATH\Common.php(1134): CodeIgniter\View\View->render('include/header', [], true)
 5 APPPATH\Controllers\User.php(79): view('include/header')
 6 SYSTEMPATH\CodeIgniter.php(927): App\Controllers\User->productgrid()
 7 SYSTEMPATH\CodeIgniter.php(482): CodeIgniter\CodeIgniter->runController(Object(App\Controllers\User))
 8 SYSTEMPATH\CodeIgniter.php(351): CodeIgniter\CodeIgniter->handleRequest(null, Object(Config\Cache), false)
 9 FCPATH\index.php(67): CodeIgniter\CodeIgniter->run()
CRITICAL - 2022-12-04 02:44:07 --> Undefined variable $cartData
in APPPATH\Views\include\header.php on line 169.
 1 APPPATH\Views\include\header.php(169): CodeIgniter\Debug\Exceptions->errorHandler(2, 'Undefined variable $cartData', 'APPPATH\\Views\\include\\header.php', 169)
 2 SYSTEMPATH\View\View.php(213): include('APPPATH\\Views\\include\\header.php')
 3 SYSTEMPATH\View\View.php(216): CodeIgniter\View\View->CodeIgniter\View\{closure}()
 4 SYSTEMPATH\Common.php(1134): CodeIgniter\View\View->render('include/header', [], true)
 5 APPPATH\Controllers\User.php(61): view('include/header')
 6 SYSTEMPATH\CodeIgniter.php(927): App\Controllers\User->cart()
 7 SYSTEMPATH\CodeIgniter.php(482): CodeIgniter\CodeIgniter->runController(Object(App\Controllers\User))
 8 SYSTEMPATH\CodeIgniter.php(351): CodeIgniter\CodeIgniter->handleRequest(null, Object(Config\Cache), false)
 9 FCPATH\index.php(67): CodeIgniter\CodeIgniter->run()
CRITICAL - 2022-12-04 02:44:36 --> Undefined variable $cartData
in APPPATH\Views\include\header.php on line 169.
 1 APPPATH\Views\include\header.php(169): CodeIgniter\Debug\Exceptions->errorHandler(2, 'Undefined variable $cartData', 'APPPATH\\Views\\include\\header.php', 169)
 2 SYSTEMPATH\View\View.php(213): include('APPPATH\\Views\\include\\header.php')
 3 SYSTEMPATH\View\View.php(216): CodeIgniter\View\View->CodeIgniter\View\{closure}()
 4 SYSTEMPATH\Common.php(1134): CodeIgniter\View\View->render('include/header', [], true)
 5 APPPATH\Controllers\User.php(61): view('include/header')
 6 SYSTEMPATH\CodeIgniter.php(927): App\Controllers\User->cart()
 7 SYSTEMPATH\CodeIgniter.php(482): CodeIgniter\CodeIgniter->runController(Object(App\Controllers\User))
 8 SYSTEMPATH\CodeIgniter.php(351): CodeIgniter\CodeIgniter->handleRequest(null, Object(Config\Cache), false)
 9 FCPATH\index.php(67): CodeIgniter\CodeIgniter->run()
CRITICAL - 2022-12-04 02:44:45 --> Undefined variable $cartData
in APPPATH\Views\include\header.php on line 169.
 1 APPPATH\Views\include\header.php(169): CodeIgniter\Debug\Exceptions->errorHandler(2, 'Undefined variable $cartData', 'APPPATH\\Views\\include\\header.php', 169)
 2 SYSTEMPATH\View\View.php(213): include('APPPATH\\Views\\include\\header.php')
 3 SYSTEMPATH\View\View.php(216): CodeIgniter\View\View->CodeIgniter\View\{closure}()
 4 SYSTEMPATH\Common.php(1134): CodeIgniter\View\View->render('include/header', [], true)
 5 APPPATH\Controllers\User.php(61): view('include/header')
 6 SYSTEMPATH\CodeIgniter.php(927): App\Controllers\User->cart()
 7 SYSTEMPATH\CodeIgniter.php(482): CodeIgniter\CodeIgniter->runController(Object(App\Controllers\User))
 8 SYSTEMPATH\CodeIgniter.php(351): CodeIgniter\CodeIgniter->handleRequest(null, Object(Config\Cache), false)
 9 FCPATH\index.php(67): CodeIgniter\CodeIgniter->run()
CRITICAL - 2022-12-04 02:48:10 --> Undefined variable $cartData
in APPPATH\Views\include\header.php on line 169.
 1 APPPATH\Views\include\header.php(169): CodeIgniter\Debug\Exceptions->errorHandler(2, 'Undefined variable $cartData', 'APPPATH\\Views\\include\\header.php', 169)
 2 SYSTEMPATH\View\View.php(213): include('APPPATH\\Views\\include\\header.php')
 3 SYSTEMPATH\View\View.php(216): CodeIgniter\View\View->CodeIgniter\View\{closure}()
 4 SYSTEMPATH\Common.php(1134): CodeIgniter\View\View->render('include/header', [], true)
 5 APPPATH\Controllers\User.php(79): view('include/header')
 6 SYSTEMPATH\CodeIgniter.php(927): App\Controllers\User->productgrid()
 7 SYSTEMPATH\CodeIgniter.php(482): CodeIgniter\CodeIgniter->runController(Object(App\Controllers\User))
 8 SYSTEMPATH\CodeIgniter.php(351): CodeIgniter\CodeIgniter->handleRequest(null, Object(Config\Cache), false)
 9 FCPATH\index.php(67): CodeIgniter\CodeIgniter->run()
CRITICAL - 2022-12-04 02:56:10 --> Undefined variable $cartData
in APPPATH\Views\include\header.php on line 169.
 1 APPPATH\Views\include\header.php(169): CodeIgniter\Debug\Exceptions->errorHandler(2, 'Undefined variable $cartData', 'APPPATH\\Views\\include\\header.php', 169)
 2 SYSTEMPATH\View\View.php(213): include('APPPATH\\Views\\include\\header.php')
 3 SYSTEMPATH\View\View.php(216): CodeIgniter\View\View->CodeIgniter\View\{closure}()
 4 SYSTEMPATH\Common.php(1134): CodeIgniter\View\View->render('include/header', [], true)
 5 APPPATH\Controllers\User.php(79): view('include/header')
 6 SYSTEMPATH\CodeIgniter.php(927): App\Controllers\User->productgrid()
 7 SYSTEMPATH\CodeIgniter.php(482): CodeIgniter\CodeIgniter->runController(Object(App\Controllers\User))
 8 SYSTEMPATH\CodeIgniter.php(351): CodeIgniter\CodeIgniter->handleRequest(null, Object(Config\Cache), false)
 9 FCPATH\index.php(67): CodeIgniter\CodeIgniter->run()
CRITICAL - 2022-12-04 02:58:24 --> Undefined variable $cartData
in APPPATH\Views\include\header.php on line 169.
 1 APPPATH\Views\include\header.php(169): CodeIgniter\Debug\Exceptions->errorHandler(2, 'Undefined variable $cartData', 'APPPATH\\Views\\include\\header.php', 169)
 2 SYSTEMPATH\View\View.php(213): include('APPPATH\\Views\\include\\header.php')
 3 SYSTEMPATH\View\View.php(216): CodeIgniter\View\View->CodeIgniter\View\{closure}()
 4 SYSTEMPATH\Common.php(1134): CodeIgniter\View\View->render('include/header', [], true)
 5 APPPATH\Controllers\User.php(44): view('include/header')
 6 SYSTEMPATH\CodeIgniter.php(927): App\Controllers\User->popular()
 7 SYSTEMPATH\CodeIgniter.php(482): CodeIgniter\CodeIgniter->runController(Object(App\Controllers\User))
 8 SYSTEMPATH\CodeIgniter.php(351): CodeIgniter\CodeIgniter->handleRequest(null, Object(Config\Cache), false)
 9 FCPATH\index.php(67): CodeIgniter\CodeIgniter->run()
CRITICAL - 2022-12-04 02:59:25 --> Undefined variable $cartData
in APPPATH\Views\include\header.php on line 169.
 1 APPPATH\Views\include\header.php(169): CodeIgniter\Debug\Exceptions->errorHandler(2, 'Undefined variable $cartData', 'APPPATH\\Views\\include\\header.php', 169)
 2 SYSTEMPATH\View\View.php(213): include('APPPATH\\Views\\include\\header.php')
 3 SYSTEMPATH\View\View.php(216): CodeIgniter\View\View->CodeIgniter\View\{closure}()
 4 SYSTEMPATH\Common.php(1134): CodeIgniter\View\View->render('include/header', [], true)
 5 APPPATH\Controllers\User.php(44): view('include/header')
 6 SYSTEMPATH\CodeIgniter.php(927): App\Controllers\User->popular()
 7 SYSTEMPATH\CodeIgniter.php(482): CodeIgniter\CodeIgniter->runController(Object(App\Controllers\User))
 8 SYSTEMPATH\CodeIgniter.php(351): CodeIgniter\CodeIgniter->handleRequest(null, Object(Config\Cache), false)
 9 FCPATH\index.php(67): CodeIgniter\CodeIgniter->run()
CRITICAL - 2022-12-04 03:02:56 --> Undefined variable $cartData
in APPPATH\Views\include\header.php on line 169.
 1 APPPATH\Views\include\header.php(169): CodeIgniter\Debug\Exceptions->errorHandler(2, 'Undefined variable $cartData', 'APPPATH\\Views\\include\\header.php', 169)
 2 SYSTEMPATH\View\View.php(213): include('APPPATH\\Views\\include\\header.php')
 3 SYSTEMPATH\View\View.php(216): CodeIgniter\View\View->CodeIgniter\View\{closure}()
 4 SYSTEMPATH\Common.php(1134): CodeIgniter\View\View->render('include/header', [], true)
 5 APPPATH\Controllers\User.php(44): view('include/header')
 6 SYSTEMPATH\CodeIgniter.php(927): App\Controllers\User->popular()
 7 SYSTEMPATH\CodeIgniter.php(482): CodeIgniter\CodeIgniter->runController(Object(App\Controllers\User))
 8 SYSTEMPATH\CodeIgniter.php(351): CodeIgniter\CodeIgniter->handleRequest(null, Object(Config\Cache), false)
 9 FCPATH\index.php(67): CodeIgniter\CodeIgniter->run()
CRITICAL - 2022-12-04 03:04:52 --> Undefined variable $cartData
in APPPATH\Views\include\header.php on line 169.
 1 APPPATH\Views\include\header.php(169): CodeIgniter\Debug\Exceptions->errorHandler(2, 'Undefined variable $cartData', 'APPPATH\\Views\\include\\header.php', 169)
 2 SYSTEMPATH\View\View.php(213): include('APPPATH\\Views\\include\\header.php')
 3 SYSTEMPATH\View\View.php(216): CodeIgniter\View\View->CodeIgniter\View\{closure}()
 4 SYSTEMPATH\Common.php(1134): CodeIgniter\View\View->render('include/header', [], true)
 5 APPPATH\Controllers\User.php(79): view('include/header')
 6 SYSTEMPATH\CodeIgniter.php(927): App\Controllers\User->productgrid()
 7 SYSTEMPATH\CodeIgniter.php(482): CodeIgniter\CodeIgniter->runController(Object(App\Controllers\User))
 8 SYSTEMPATH\CodeIgniter.php(351): CodeIgniter\CodeIgniter->handleRequest(null, Object(Config\Cache), false)
 9 FCPATH\index.php(67): CodeIgniter\CodeIgniter->run()
CRITICAL - 2022-12-04 03:04:56 --> Undefined variable $cartData
in APPPATH\Views\include\header.php on line 169.
 1 APPPATH\Views\include\header.php(169): CodeIgniter\Debug\Exceptions->errorHandler(2, 'Undefined variable $cartData', 'APPPATH\\Views\\include\\header.php', 169)
 2 SYSTEMPATH\View\View.php(213): include('APPPATH\\Views\\include\\header.php')
 3 SYSTEMPATH\View\View.php(216): CodeIgniter\View\View->CodeIgniter\View\{closure}()
 4 SYSTEMPATH\Common.php(1134): CodeIgniter\View\View->render('include/header', [], true)
 5 APPPATH\Controllers\User.php(67): view('include/header')
 6 SYSTEMPATH\CodeIgniter.php(927): App\Controllers\User->productlist()
 7 SYSTEMPATH\CodeIgniter.php(482): CodeIgniter\CodeIgniter->runController(Object(App\Controllers\User))
 8 SYSTEMPATH\CodeIgniter.php(351): CodeIgniter\CodeIgniter->handleRequest(null, Object(Config\Cache), false)
 9 FCPATH\index.php(67): CodeIgniter\CodeIgniter->run()
CRITICAL - 2022-12-04 03:22:08 --> Undefined variable $cartData
in APPPATH\Views\include\header.php on line 166.
 1 APPPATH\Views\include\header.php(166): CodeIgniter\Debug\Exceptions->errorHandler(2, 'Undefined variable $cartData', 'APPPATH\\Views\\include\\header.php', 166)
 2 SYSTEMPATH\View\View.php(213): include('APPPATH\\Views\\include\\header.php')
 3 SYSTEMPATH\View\View.php(216): CodeIgniter\View\View->CodeIgniter\View\{closure}()
 4 SYSTEMPATH\Common.php(1134): CodeIgniter\View\View->render('include/header', [], true)
 5 APPPATH\Controllers\User.php(31): view('include/header')
 6 SYSTEMPATH\CodeIgniter.php(927): App\Controllers\User->about()
 7 SYSTEMPATH\CodeIgniter.php(482): CodeIgniter\CodeIgniter->runController(Object(App\Controllers\User))
 8 SYSTEMPATH\CodeIgniter.php(351): CodeIgniter\CodeIgniter->handleRequest(null, Object(Config\Cache), false)
 9 FCPATH\index.php(67): CodeIgniter\CodeIgniter->run()
CRITICAL - 2022-12-04 03:22:12 --> Undefined variable $cartData
in APPPATH\Views\include\header.php on line 166.
 1 APPPATH\Views\include\header.php(166): CodeIgniter\Debug\Exceptions->errorHandler(2, 'Undefined variable $cartData', 'APPPATH\\Views\\include\\header.php', 166)
 2 SYSTEMPATH\View\View.php(213): include('APPPATH\\Views\\include\\header.php')
 3 SYSTEMPATH\View\View.php(216): CodeIgniter\View\View->CodeIgniter\View\{closure}()
 4 SYSTEMPATH\Common.php(1134): CodeIgniter\View\View->render('include/header', [], true)
 5 APPPATH\Controllers\User.php(31): view('include/header')
 6 SYSTEMPATH\CodeIgniter.php(927): App\Controllers\User->about()
 7 SYSTEMPATH\CodeIgniter.php(482): CodeIgniter\CodeIgniter->runController(Object(App\Controllers\User))
 8 SYSTEMPATH\CodeIgniter.php(351): CodeIgniter\CodeIgniter->handleRequest(null, Object(Config\Cache), false)
 9 FCPATH\index.php(67): CodeIgniter\CodeIgniter->run()
CRITICAL - 2022-12-04 03:22:17 --> Undefined variable $cartData
in APPPATH\Views\include\header.php on line 166.
 1 APPPATH\Views\include\header.php(166): CodeIgniter\Debug\Exceptions->errorHandler(2, 'Undefined variable $cartData', 'APPPATH\\Views\\include\\header.php', 166)
 2 SYSTEMPATH\View\View.php(213): include('APPPATH\\Views\\include\\header.php')
 3 SYSTEMPATH\View\View.php(216): CodeIgniter\View\View->CodeIgniter\View\{closure}()
 4 SYSTEMPATH\Common.php(1134): CodeIgniter\View\View->render('include/header', [], true)
 5 APPPATH\Controllers\User.php(37): view('include/header')
 6 SYSTEMPATH\CodeIgniter.php(927): App\Controllers\User->contact()
 7 SYSTEMPATH\CodeIgniter.php(482): CodeIgniter\CodeIgniter->runController(Object(App\Controllers\User))
 8 SYSTEMPATH\CodeIgniter.php(351): CodeIgniter\CodeIgniter->handleRequest(null, Object(Config\Cache), false)
 9 FCPATH\index.php(67): CodeIgniter\CodeIgniter->run()
CRITICAL - 2022-12-04 03:22:37 --> Undefined variable $cartData
in APPPATH\Views\include\header.php on line 166.
 1 APPPATH\Views\include\header.php(166): CodeIgniter\Debug\Exceptions->errorHandler(2, 'Undefined variable $cartData', 'APPPATH\\Views\\include\\header.php', 166)
 2 SYSTEMPATH\View\View.php(213): include('APPPATH\\Views\\include\\header.php')
 3 SYSTEMPATH\View\View.php(216): CodeIgniter\View\View->CodeIgniter\View\{closure}()
 4 SYSTEMPATH\Common.php(1134): CodeIgniter\View\View->render('include/header', [], true)
 5 APPPATH\Controllers\User.php(31): view('include/header')
 6 SYSTEMPATH\CodeIgniter.php(927): App\Controllers\User->about()
 7 SYSTEMPATH\CodeIgniter.php(482): CodeIgniter\CodeIgniter->runController(Object(App\Controllers\User))
 8 SYSTEMPATH\CodeIgniter.php(351): CodeIgniter\CodeIgniter->handleRequest(null, Object(Config\Cache), false)
 9 FCPATH\index.php(67): CodeIgniter\CodeIgniter->run()
CRITICAL - 2022-12-04 03:23:17 --> Undefined variable $cartData
in APPPATH\Views\include\header.php on line 166.
 1 APPPATH\Views\include\header.php(166): CodeIgniter\Debug\Exceptions->errorHandler(2, 'Undefined variable $cartData', 'APPPATH\\Views\\include\\header.php', 166)
 2 SYSTEMPATH\View\View.php(213): include('APPPATH\\Views\\include\\header.php')
 3 SYSTEMPATH\View\View.php(216): CodeIgniter\View\View->CodeIgniter\View\{closure}()
 4 SYSTEMPATH\Common.php(1134): CodeIgniter\View\View->render('include/header', [], true)
 5 APPPATH\Controllers\User.php(31): view('include/header')
 6 SYSTEMPATH\CodeIgniter.php(927): App\Controllers\User->about()
 7 SYSTEMPATH\CodeIgniter.php(482): CodeIgniter\CodeIgniter->runController(Object(App\Controllers\User))
 8 SYSTEMPATH\CodeIgniter.php(351): CodeIgniter\CodeIgniter->handleRequest(null, Object(Config\Cache), false)
 9 FCPATH\index.php(67): CodeIgniter\CodeIgniter->run()
CRITICAL - 2022-12-04 03:28:54 --> Undefined variable $occasion
in APPPATH\Views\user\popular.php on line 7.
 1 APPPATH\Views\user\popular.php(7): CodeIgniter\Debug\Exceptions->errorHandler(2, 'Undefined variable $occasion', 'APPPATH\\Views\\user\\popular.php', 7)
 2 SYSTEMPATH\View\View.php(213): include('APPPATH\\Views\\user\\popular.php')
 3 SYSTEMPATH\View\View.php(216): CodeIgniter\View\View->CodeIgniter\View\{closure}()
 4 SYSTEMPATH\Common.php(1134): CodeIgniter\View\View->render('user/popular', [], true)
 5 APPPATH\Controllers\User.php(58): view('user/popular')
 6 SYSTEMPATH\CodeIgniter.php(927): App\Controllers\User->popular()
 7 SYSTEMPATH\CodeIgniter.php(482): CodeIgniter\CodeIgniter->runController(Object(App\Controllers\User))
 8 SYSTEMPATH\CodeIgniter.php(351): CodeIgniter\CodeIgniter->handleRequest(null, Object(Config\Cache), false)
 9 FCPATH\index.php(67): CodeIgniter\CodeIgniter->run()
CRITICAL - 2022-12-04 03:29:24 --> Undefined variable $occasion
in APPPATH\Views\user\popular.php on line 356.
 1 APPPATH\Views\user\popular.php(356): CodeIgniter\Debug\Exceptions->errorHandler(2, 'Undefined variable $occasion', 'APPPATH\\Views\\user\\popular.php', 356)
 2 SYSTEMPATH\View\View.php(213): include('APPPATH\\Views\\user\\popular.php')
 3 SYSTEMPATH\View\View.php(216): CodeIgniter\View\View->CodeIgniter\View\{closure}()
 4 SYSTEMPATH\Common.php(1134): CodeIgniter\View\View->render('user/popular', [], true)
 5 APPPATH\Controllers\User.php(58): view('user/popular')
 6 SYSTEMPATH\CodeIgniter.php(927): App\Controllers\User->popular()
 7 SYSTEMPATH\CodeIgniter.php(482): CodeIgniter\CodeIgniter->runController(Object(App\Controllers\User))
 8 SYSTEMPATH\CodeIgniter.php(351): CodeIgniter\CodeIgniter->handleRequest(null, Object(Config\Cache), false)
 9 FCPATH\index.php(67): CodeIgniter\CodeIgniter->run()
CRITICAL - 2022-12-04 03:30:12 --> Undefined variable $product
in APPPATH\Views\user\popular.php on line 561.
 1 APPPATH\Views\user\popular.php(561): CodeIgniter\Debug\Exceptions->errorHandler(2, 'Undefined variable $product', 'APPPATH\\Views\\user\\popular.php', 561)
 2 SYSTEMPATH\View\View.php(213): include('APPPATH\\Views\\user\\popular.php')
 3 SYSTEMPATH\View\View.php(216): CodeIgniter\View\View->CodeIgniter\View\{closure}()
 4 SYSTEMPATH\Common.php(1134): CodeIgniter\View\View->render('user/popular', [], true)
 5 APPPATH\Controllers\User.php(58): view('user/popular')
 6 SYSTEMPATH\CodeIgniter.php(927): App\Controllers\User->popular()
 7 SYSTEMPATH\CodeIgniter.php(482): CodeIgniter\CodeIgniter->runController(Object(App\Controllers\User))
 8 SYSTEMPATH\CodeIgniter.php(351): CodeIgniter\CodeIgniter->handleRequest(null, Object(Config\Cache), false)
 9 FCPATH\index.php(67): CodeIgniter\CodeIgniter->run()
CRITICAL - 2022-12-04 03:37:34 --> syntax error, unexpected token "."
in APPPATH\Controllers\User.php on line 26.
 1 SYSTEMPATH\Autoloader\Autoloader.php(259): CodeIgniter\Autoloader\Autoloader->includeFile('APPPATH\\Controllers\\User.php')
 2 SYSTEMPATH\Autoloader\Autoloader.php(237): CodeIgniter\Autoloader\Autoloader->loadInNamespace('App\\Controllers\\User')
 3 [internal function]: CodeIgniter\Autoloader\Autoloader->loadClass('App\\Controllers\\User')
 4 SYSTEMPATH\CodeIgniter.php(877): class_exists('\\App\\Controllers\\User', true)
 5 SYSTEMPATH\CodeIgniter.php(469): CodeIgniter\CodeIgniter->startController()
 6 SYSTEMPATH\CodeIgniter.php(351): CodeIgniter\CodeIgniter->handleRequest(null, Object(Config\Cache), false)
 7 FCPATH\index.php(67): CodeIgniter\CodeIgniter->run()
CRITICAL - 2022-12-04 03:37:37 --> syntax error, unexpected token "."
in APPPATH\Controllers\User.php on line 26.
 1 SYSTEMPATH\Autoloader\Autoloader.php(259): CodeIgniter\Autoloader\Autoloader->includeFile('APPPATH\\Controllers\\User.php')
 2 SYSTEMPATH\Autoloader\Autoloader.php(237): CodeIgniter\Autoloader\Autoloader->loadInNamespace('App\\Controllers\\User')
 3 [internal function]: CodeIgniter\Autoloader\Autoloader->loadClass('App\\Controllers\\User')
 4 SYSTEMPATH\CodeIgniter.php(877): class_exists('\\App\\Controllers\\User', true)
 5 SYSTEMPATH\CodeIgniter.php(469): CodeIgniter\CodeIgniter->startController()
 6 SYSTEMPATH\CodeIgniter.php(351): CodeIgniter\CodeIgniter->handleRequest(null, Object(Config\Cache), false)
 7 FCPATH\index.php(67): CodeIgniter\CodeIgniter->run()
CRITICAL - 2022-12-04 03:41:10 --> Undefined variable $productData
in APPPATH\Views\user\popular.php on line 51.
 1 APPPATH\Views\user\popular.php(51): CodeIgniter\Debug\Exceptions->errorHandler(2, 'Undefined variable $productData', 'APPPATH\\Views\\user\\popular.php', 51)
 2 SYSTEMPATH\View\View.php(213): include('APPPATH\\Views\\user\\popular.php')
 3 SYSTEMPATH\View\View.php(216): CodeIgniter\View\View->CodeIgniter\View\{closure}()
 4 SYSTEMPATH\Common.php(1134): CodeIgniter\View\View->render('user/popular', [], true)
 5 APPPATH\Controllers\User.php(58): view('user/popular')
 6 SYSTEMPATH\CodeIgniter.php(927): App\Controllers\User->popular()
 7 SYSTEMPATH\CodeIgniter.php(482): CodeIgniter\CodeIgniter->runController(Object(App\Controllers\User))
 8 SYSTEMPATH\CodeIgniter.php(351): CodeIgniter\CodeIgniter->handleRequest(null, Object(Config\Cache), false)
 9 FCPATH\index.php(67): CodeIgniter\CodeIgniter->run()
CRITICAL - 2022-12-04 17:57:12 --> Undefined variable $cartData
in APPPATH\Views\include\header.php on line 166.
 1 APPPATH\Views\include\header.php(166): CodeIgniter\Debug\Exceptions->errorHandler(2, 'Undefined variable $cartData', 'APPPATH\\Views\\include\\header.php', 166)
 2 SYSTEMPATH\View\View.php(213): include('APPPATH\\Views\\include\\header.php')
 3 SYSTEMPATH\View\View.php(216): CodeIgniter\View\View->CodeIgniter\View\{closure}()
 4 SYSTEMPATH\Common.php(1134): CodeIgniter\View\View->render('include/header', [], true)
 5 APPPATH\Controllers\User.php(88): view('include/header')
 6 SYSTEMPATH\CodeIgniter.php(927): App\Controllers\User->productlist()
 7 SYSTEMPATH\CodeIgniter.php(482): CodeIgniter\CodeIgniter->runController(Object(App\Controllers\User))
 8 SYSTEMPATH\CodeIgniter.php(351): CodeIgniter\CodeIgniter->handleRequest(null, Object(Config\Cache), false)
 9 FCPATH\index.php(67): CodeIgniter\CodeIgniter->run()
CRITICAL - 2022-12-04 17:58:07 --> Undefined variable $cartData
in APPPATH\Views\include\header.php on line 166.
 1 APPPATH\Views\include\header.php(166): CodeIgniter\Debug\Exceptions->errorHandler(2, 'Undefined variable $cartData', 'APPPATH\\Views\\include\\header.php', 166)
 2 SYSTEMPATH\View\View.php(213): include('APPPATH\\Views\\include\\header.php')
 3 SYSTEMPATH\View\View.php(216): CodeIgniter\View\View->CodeIgniter\View\{closure}()
 4 SYSTEMPATH\Common.php(1134): CodeIgniter\View\View->render('include/header', [], true)
 5 APPPATH\Controllers\User.php(86): view('include/header')
 6 SYSTEMPATH\CodeIgniter.php(927): App\Controllers\User->cart()
 7 SYSTEMPATH\CodeIgniter.php(482): CodeIgniter\CodeIgniter->runController(Object(App\Controllers\User))
 8 SYSTEMPATH\CodeIgniter.php(351): CodeIgniter\CodeIgniter->handleRequest(null, Object(Config\Cache), false)
 9 FCPATH\index.php(67): CodeIgniter\CodeIgniter->run()
CRITICAL - 2022-12-04 17:58:13 --> Undefined variable $cartData
in APPPATH\Views\include\header.php on line 166.
 1 APPPATH\Views\include\header.php(166): CodeIgniter\Debug\Exceptions->errorHandler(2, 'Undefined variable $cartData', 'APPPATH\\Views\\include\\header.php', 166)
 2 SYSTEMPATH\View\View.php(213): include('APPPATH\\Views\\include\\header.php')
 3 SYSTEMPATH\View\View.php(216): CodeIgniter\View\View->CodeIgniter\View\{closure}()
 4 SYSTEMPATH\Common.php(1134): CodeIgniter\View\View->render('include/header', [], true)
 5 APPPATH\Controllers\User.php(108): view('include/header')
 6 SYSTEMPATH\CodeIgniter.php(927): App\Controllers\User->productgrid()
 7 SYSTEMPATH\CodeIgniter.php(482): CodeIgniter\CodeIgniter->runController(Object(App\Controllers\User))
 8 SYSTEMPATH\CodeIgniter.php(351): CodeIgniter\CodeIgniter->handleRequest(null, Object(Config\Cache), false)
 9 FCPATH\index.php(67): CodeIgniter\CodeIgniter->run()
CRITICAL - 2022-12-04 17:58:37 --> Undefined variable $cartData
in APPPATH\Views\include\header.php on line 166.
 1 APPPATH\Views\include\header.php(166): CodeIgniter\Debug\Exceptions->errorHandler(2, 'Undefined variable $cartData', 'APPPATH\\Views\\include\\header.php', 166)
 2 SYSTEMPATH\View\View.php(213): include('APPPATH\\Views\\include\\header.php')
 3 SYSTEMPATH\View\View.php(216): CodeIgniter\View\View->CodeIgniter\View\{closure}()
 4 SYSTEMPATH\Common.php(1134): CodeIgniter\View\View->render('include/header', [], true)
 5 APPPATH\Controllers\User.php(108): view('include/header')
 6 SYSTEMPATH\CodeIgniter.php(927): App\Controllers\User->productgrid()
 7 SYSTEMPATH\CodeIgniter.php(482): CodeIgniter\CodeIgniter->runController(Object(App\Controllers\User))
 8 SYSTEMPATH\CodeIgniter.php(351): CodeIgniter\CodeIgniter->handleRequest(null, Object(Config\Cache), false)
 9 FCPATH\index.php(67): CodeIgniter\CodeIgniter->run()
CRITICAL - 2022-12-04 17:58:48 --> Undefined variable $cartData
in APPPATH\Views\include\header.php on line 166.
 1 APPPATH\Views\include\header.php(166): CodeIgniter\Debug\Exceptions->errorHandler(2, 'Undefined variable $cartData', 'APPPATH\\Views\\include\\header.php', 166)
 2 SYSTEMPATH\View\View.php(213): include('APPPATH\\Views\\include\\header.php')
 3 SYSTEMPATH\View\View.php(216): CodeIgniter\View\View->CodeIgniter\View\{closure}()
 4 SYSTEMPATH\Common.php(1134): CodeIgniter\View\View->render('include/header', [], true)
 5 APPPATH\Controllers\User.php(108): view('include/header')
 6 SYSTEMPATH\CodeIgniter.php(927): App\Controllers\User->productgrid()
 7 SYSTEMPATH\CodeIgniter.php(482): CodeIgniter\CodeIgniter->runController(Object(App\Controllers\User))
 8 SYSTEMPATH\CodeIgniter.php(351): CodeIgniter\CodeIgniter->handleRequest(null, Object(Config\Cache), false)
 9 FCPATH\index.php(67): CodeIgniter\CodeIgniter->run()
CRITICAL - 2022-12-04 17:59:26 --> Undefined variable $cartData
in APPPATH\Views\include\header.php on line 166.
 1 APPPATH\Views\include\header.php(166): CodeIgniter\Debug\Exceptions->errorHandler(2, 'Undefined variable $cartData', 'APPPATH\\Views\\include\\header.php', 166)
 2 SYSTEMPATH\View\View.php(213): include('APPPATH\\Views\\include\\header.php')
 3 SYSTEMPATH\View\View.php(216): CodeIgniter\View\View->CodeIgniter\View\{closure}()
 4 SYSTEMPATH\Common.php(1134): CodeIgniter\View\View->render('include/header', [], true)
 5 APPPATH\Controllers\User.php(112): view('include/header')
 6 SYSTEMPATH\CodeIgniter.php(927): App\Controllers\User->productgrid()
 7 SYSTEMPATH\CodeIgniter.php(482): CodeIgniter\CodeIgniter->runController(Object(App\Controllers\User))
 8 SYSTEMPATH\CodeIgniter.php(351): CodeIgniter\CodeIgniter->handleRequest(null, Object(Config\Cache), false)
 9 FCPATH\index.php(67): CodeIgniter\CodeIgniter->run()
CRITICAL - 2022-12-04 18:02:55 --> syntax error, unexpected token "echo", expecting ";"
in APPPATH\Controllers\User.php on line 132.
 1 SYSTEMPATH\Autoloader\Autoloader.php(259): CodeIgniter\Autoloader\Autoloader->includeFile('APPPATH\\Controllers\\User.php')
 2 SYSTEMPATH\Autoloader\Autoloader.php(237): CodeIgniter\Autoloader\Autoloader->loadInNamespace('App\\Controllers\\User')
 3 [internal function]: CodeIgniter\Autoloader\Autoloader->loadClass('App\\Controllers\\User')
 4 SYSTEMPATH\CodeIgniter.php(877): class_exists('\\App\\Controllers\\User', true)
 5 SYSTEMPATH\CodeIgniter.php(469): CodeIgniter\CodeIgniter->startController()
 6 SYSTEMPATH\CodeIgniter.php(351): CodeIgniter\CodeIgniter->handleRequest(null, Object(Config\Cache), false)
 7 FCPATH\index.php(67): CodeIgniter\CodeIgniter->run()
CRITICAL - 2022-12-04 18:03:21 --> Undefined variable $cartData
in APPPATH\Views\include\header.php on line 166.
 1 APPPATH\Views\include\header.php(166): CodeIgniter\Debug\Exceptions->errorHandler(2, 'Undefined variable $cartData', 'APPPATH\\Views\\include\\header.php', 166)
 2 SYSTEMPATH\View\View.php(213): include('APPPATH\\Views\\include\\header.php')
 3 SYSTEMPATH\View\View.php(216): CodeIgniter\View\View->CodeIgniter\View\{closure}()
 4 SYSTEMPATH\Common.php(1134): CodeIgniter\View\View->render('include/header', [], true)
 5 APPPATH\Controllers\User.php(131): view('include/header')
 6 SYSTEMPATH\CodeIgniter.php(927): App\Controllers\User->getBDay()
 7 SYSTEMPATH\CodeIgniter.php(482): CodeIgniter\CodeIgniter->runController(Object(App\Controllers\User))
 8 SYSTEMPATH\CodeIgniter.php(351): CodeIgniter\CodeIgniter->handleRequest(null, Object(Config\Cache), false)
 9 FCPATH\index.php(67): CodeIgniter\CodeIgniter->run()
CRITICAL - 2022-12-04 18:03:58 --> Call to undefined method App\Models\Cart_m::getBDay
in SYSTEMPATH\Model.php on line 774.
 1 APPPATH\Controllers\User.php(134): CodeIgniter\Model->__call('getBDay', [...])
 2 SYSTEMPATH\CodeIgniter.php(927): App\Controllers\User->getBDay()
 3 SYSTEMPATH\CodeIgniter.php(482): CodeIgniter\CodeIgniter->runController(Object(App\Controllers\User))
 4 SYSTEMPATH\CodeIgniter.php(351): CodeIgniter\CodeIgniter->handleRequest(null, Object(Config\Cache), false)
 5 FCPATH\index.php(67): CodeIgniter\CodeIgniter->run()
CRITICAL - 2022-12-04 18:06:24 --> Undefined variable $cartData
in APPPATH\Views\include\header.php on line 166.
 1 APPPATH\Views\include\header.php(166): CodeIgniter\Debug\Exceptions->errorHandler(2, 'Undefined variable $cartData', 'APPPATH\\Views\\include\\header.php', 166)
 2 SYSTEMPATH\View\View.php(213): include('APPPATH\\Views\\include\\header.php')
 3 SYSTEMPATH\View\View.php(216): CodeIgniter\View\View->CodeIgniter\View\{closure}()
 4 SYSTEMPATH\Common.php(1134): CodeIgniter\View\View->render('include/header', [], true)
 5 APPPATH\Controllers\User.php(131): view('include/header', [...])
 6 SYSTEMPATH\CodeIgniter.php(927): App\Controllers\User->getBDay()
 7 SYSTEMPATH\CodeIgniter.php(482): CodeIgniter\CodeIgniter->runController(Object(App\Controllers\User))
 8 SYSTEMPATH\CodeIgniter.php(351): CodeIgniter\CodeIgniter->handleRequest(null, Object(Config\Cache), false)
 9 FCPATH\index.php(67): CodeIgniter\CodeIgniter->run()
CRITICAL - 2022-12-04 18:07:33 --> syntax error, unexpected token "."
in APPPATH\Controllers\User.php on line 137.
 1 SYSTEMPATH\Autoloader\Autoloader.php(259): CodeIgniter\Autoloader\Autoloader->includeFile('APPPATH\\Controllers\\User.php')
 2 SYSTEMPATH\Autoloader\Autoloader.php(237): CodeIgniter\Autoloader\Autoloader->loadInNamespace('App\\Controllers\\User')
 3 [internal function]: CodeIgniter\Autoloader\Autoloader->loadClass('App\\Controllers\\User')
 4 SYSTEMPATH\CodeIgniter.php(877): class_exists('\\App\\Controllers\\User', true)
 5 SYSTEMPATH\CodeIgniter.php(469): CodeIgniter\CodeIgniter->startController()
 6 SYSTEMPATH\CodeIgniter.php(351): CodeIgniter\CodeIgniter->handleRequest(null, Object(Config\Cache), false)
 7 FCPATH\index.php(67): CodeIgniter\CodeIgniter->run()
CRITICAL - 2022-12-04 18:07:57 --> syntax error, unexpected variable "$model", expecting ";"
in APPPATH\Controllers\User.php on line 131.
 1 SYSTEMPATH\Autoloader\Autoloader.php(259): CodeIgniter\Autoloader\Autoloader->includeFile('APPPATH\\Controllers\\User.php')
 2 SYSTEMPATH\Autoloader\Autoloader.php(237): CodeIgniter\Autoloader\Autoloader->loadInNamespace('App\\Controllers\\User')
 3 [internal function]: CodeIgniter\Autoloader\Autoloader->loadClass('App\\Controllers\\User')
 4 SYSTEMPATH\CodeIgniter.php(877): class_exists('\\App\\Controllers\\User', true)
 5 SYSTEMPATH\CodeIgniter.php(469): CodeIgniter\CodeIgniter->startController()
 6 SYSTEMPATH\CodeIgniter.php(351): CodeIgniter\CodeIgniter->handleRequest(null, Object(Config\Cache), false)
 7 FCPATH\index.php(67): CodeIgniter\CodeIgniter->run()
CRITICAL - 2022-12-04 18:09:34 --> syntax error, unexpected variable "$model", expecting ";"
in APPPATH\Controllers\User.php on line 131.
 1 SYSTEMPATH\Autoloader\Autoloader.php(259): CodeIgniter\Autoloader\Autoloader->includeFile('APPPATH\\Controllers\\User.php')
 2 SYSTEMPATH\Autoloader\Autoloader.php(237): CodeIgniter\Autoloader\Autoloader->loadInNamespace('App\\Controllers\\User')
 3 [internal function]: CodeIgniter\Autoloader\Autoloader->loadClass('App\\Controllers\\User')
 4 SYSTEMPATH\CodeIgniter.php(877): class_exists('\\App\\Controllers\\User', true)
 5 SYSTEMPATH\CodeIgniter.php(469): CodeIgniter\CodeIgniter->startController()
 6 SYSTEMPATH\CodeIgniter.php(351): CodeIgniter\CodeIgniter->handleRequest(null, Object(Config\Cache), false)
 7 FCPATH\index.php(67): CodeIgniter\CodeIgniter->run()
CRITICAL - 2022-12-04 18:09:50 --> syntax error, unexpected variable "$model", expecting ";"
in APPPATH\Controllers\User.php on line 131.
 1 SYSTEMPATH\Autoloader\Autoloader.php(259): CodeIgniter\Autoloader\Autoloader->includeFile('APPPATH\\Controllers\\User.php')
 2 SYSTEMPATH\Autoloader\Autoloader.php(237): CodeIgniter\Autoloader\Autoloader->loadInNamespace('App\\Controllers\\User')
 3 [internal function]: CodeIgniter\Autoloader\Autoloader->loadClass('App\\Controllers\\User')
 4 SYSTEMPATH\CodeIgniter.php(877): class_exists('\\App\\Controllers\\User', true)
 5 SYSTEMPATH\CodeIgniter.php(469): CodeIgniter\CodeIgniter->startController()
 6 SYSTEMPATH\CodeIgniter.php(351): CodeIgniter\CodeIgniter->handleRequest(null, Object(Config\Cache), false)
 7 FCPATH\index.php(67): CodeIgniter\CodeIgniter->run()
CRITICAL - 2022-12-04 18:09:53 --> syntax error, unexpected variable "$model", expecting ";"
in APPPATH\Controllers\User.php on line 131.
 1 SYSTEMPATH\Autoloader\Autoloader.php(259): CodeIgniter\Autoloader\Autoloader->includeFile('APPPATH\\Controllers\\User.php')
 2 SYSTEMPATH\Autoloader\Autoloader.php(237): CodeIgniter\Autoloader\Autoloader->loadInNamespace('App\\Controllers\\User')
 3 [internal function]: CodeIgniter\Autoloader\Autoloader->loadClass('App\\Controllers\\User')
 4 SYSTEMPATH\CodeIgniter.php(877): class_exists('\\App\\Controllers\\User', true)
 5 SYSTEMPATH\CodeIgniter.php(469): CodeIgniter\CodeIgniter->startController()
 6 SYSTEMPATH\CodeIgniter.php(351): CodeIgniter\CodeIgniter->handleRequest(null, Object(Config\Cache), false)
 7 FCPATH\index.php(67): CodeIgniter\CodeIgniter->run()
CRITICAL - 2022-12-04 18:11:10 --> Call to undefined method App\Models\Cart_m::getBDay
in SYSTEMPATH\Model.php on line 774.
 1 APPPATH\Controllers\User.php(134): CodeIgniter\Model->__call('getBDay', [...])
 2 SYSTEMPATH\CodeIgniter.php(927): App\Controllers\User->getBDay()
 3 SYSTEMPATH\CodeIgniter.php(482): CodeIgniter\CodeIgniter->runController(Object(App\Controllers\User))
 4 SYSTEMPATH\CodeIgniter.php(351): CodeIgniter\CodeIgniter->handleRequest(null, Object(Config\Cache), false)
 5 FCPATH\index.php(67): CodeIgniter\CodeIgniter->run()
CRITICAL - 2022-12-04 18:11:20 --> Undefined variable $model_product
in APPPATH\Controllers\User.php on line 128.
 1 APPPATH\Controllers\User.php(128): CodeIgniter\Debug\Exceptions->errorHandler(2, 'Undefined variable $model_product', 'APPPATH\\Controllers\\User.php', 128)
 2 SYSTEMPATH\CodeIgniter.php(927): App\Controllers\User->getBDay()
 3 SYSTEMPATH\CodeIgniter.php(482): CodeIgniter\CodeIgniter->runController(Object(App\Controllers\User))
 4 SYSTEMPATH\CodeIgniter.php(351): CodeIgniter\CodeIgniter->handleRequest(null, Object(Config\Cache), false)
 5 FCPATH\index.php(67): CodeIgniter\CodeIgniter->run()
CRITICAL - 2022-12-04 18:12:22 --> Undefined variable $cartData
in APPPATH\Views\include\header.php on line 166.
 1 APPPATH\Views\include\header.php(166): CodeIgniter\Debug\Exceptions->errorHandler(2, 'Undefined variable $cartData', 'APPPATH\\Views\\include\\header.php', 166)
 2 SYSTEMPATH\View\View.php(213): include('APPPATH\\Views\\include\\header.php')
 3 SYSTEMPATH\View\View.php(216): CodeIgniter\View\View->CodeIgniter\View\{closure}()
 4 SYSTEMPATH\Common.php(1134): CodeIgniter\View\View->render('include/header', [], true)
 5 APPPATH\Controllers\User.php(131): view('include/header', [...])
 6 SYSTEMPATH\CodeIgniter.php(927): App\Controllers\User->getBDay()
 7 SYSTEMPATH\CodeIgniter.php(482): CodeIgniter\CodeIgniter->runController(Object(App\Controllers\User))
 8 SYSTEMPATH\CodeIgniter.php(351): CodeIgniter\CodeIgniter->handleRequest(null, Object(Config\Cache), false)
 9 FCPATH\index.php(67): CodeIgniter\CodeIgniter->run()
CRITICAL - 2022-12-04 18:13:22 --> Undefined variable $cartData
in APPPATH\Views\user\birthday.php on line 166.
 1 APPPATH\Views\user\birthday.php(166): CodeIgniter\Debug\Exceptions->errorHandler(2, 'Undefined variable $cartData', 'APPPATH\\Views\\user\\birthday.php', 166)
 2 SYSTEMPATH\View\View.php(213): include('APPPATH\\Views\\user\\birthday.php')
 3 SYSTEMPATH\View\View.php(216): CodeIgniter\View\View->CodeIgniter\View\{closure}()
 4 SYSTEMPATH\Common.php(1134): CodeIgniter\View\View->render('user/birthday', [], true)
 5 APPPATH\Controllers\User.php(132): view('user/birthday', [...])
 6 SYSTEMPATH\CodeIgniter.php(927): App\Controllers\User->getBDay()
 7 SYSTEMPATH\CodeIgniter.php(482): CodeIgniter\CodeIgniter->runController(Object(App\Controllers\User))
 8 SYSTEMPATH\CodeIgniter.php(351): CodeIgniter\CodeIgniter->handleRequest(null, Object(Config\Cache), false)
 9 FCPATH\index.php(67): CodeIgniter\CodeIgniter->run()
CRITICAL - 2022-12-04 18:36:34 --> syntax error, unexpected token "echo", expecting ";"
in APPPATH\Controllers\User.php on line 132.
 1 SYSTEMPATH\Autoloader\Autoloader.php(259): CodeIgniter\Autoloader\Autoloader->includeFile('APPPATH\\Controllers\\User.php')
 2 SYSTEMPATH\Autoloader\Autoloader.php(237): CodeIgniter\Autoloader\Autoloader->loadInNamespace('App\\Controllers\\User')
 3 [internal function]: CodeIgniter\Autoloader\Autoloader->loadClass('App\\Controllers\\User')
 4 SYSTEMPATH\CodeIgniter.php(877): class_exists('\\App\\Controllers\\User', true)
 5 SYSTEMPATH\CodeIgniter.php(469): CodeIgniter\CodeIgniter->startController()
 6 SYSTEMPATH\CodeIgniter.php(351): CodeIgniter\CodeIgniter->handleRequest(null, Object(Config\Cache), false)
 7 FCPATH\index.php(67): CodeIgniter\CodeIgniter->run()
CRITICAL - 2022-12-04 18:36:50 --> Undefined variable $cartData
in APPPATH\Views\include\header.php on line 166.
 1 APPPATH\Views\include\header.php(166): CodeIgniter\Debug\Exceptions->errorHandler(2, 'Undefined variable $cartData', 'APPPATH\\Views\\include\\header.php', 166)
 2 SYSTEMPATH\View\View.php(213): include('APPPATH\\Views\\include\\header.php')
 3 SYSTEMPATH\View\View.php(216): CodeIgniter\View\View->CodeIgniter\View\{closure}()
 4 SYSTEMPATH\Common.php(1134): CodeIgniter\View\View->render('include/header', [], true)
 5 APPPATH\Controllers\User.php(131): view('include/header', [...])
 6 SYSTEMPATH\CodeIgniter.php(927): App\Controllers\User->getBDay()
 7 SYSTEMPATH\CodeIgniter.php(482): CodeIgniter\CodeIgniter->runController(Object(App\Controllers\User))
 8 SYSTEMPATH\CodeIgniter.php(351): CodeIgniter\CodeIgniter->handleRequest(null, Object(Config\Cache), false)
 9 FCPATH\index.php(67): CodeIgniter\CodeIgniter->run()
CRITICAL - 2022-12-04 18:37:28 --> Undefined variable $cartData
in APPPATH\Views\include\header.php on line 166.
 1 APPPATH\Views\include\header.php(166): CodeIgniter\Debug\Exceptions->errorHandler(2, 'Undefined variable $cartData', 'APPPATH\\Views\\include\\header.php', 166)
 2 SYSTEMPATH\View\View.php(213): include('APPPATH\\Views\\include\\header.php')
 3 SYSTEMPATH\View\View.php(216): CodeIgniter\View\View->CodeIgniter\View\{closure}()
 4 SYSTEMPATH\Common.php(1134): CodeIgniter\View\View->render('include/header', [], true)
 5 APPPATH\Controllers\User.php(133): view('include/header', [...])
 6 SYSTEMPATH\CodeIgniter.php(927): App\Controllers\User->getBDay()
 7 SYSTEMPATH\CodeIgniter.php(482): CodeIgniter\CodeIgniter->runController(Object(App\Controllers\User))
 8 SYSTEMPATH\CodeIgniter.php(351): CodeIgniter\CodeIgniter->handleRequest(null, Object(Config\Cache), false)
 9 FCPATH\index.php(67): CodeIgniter\CodeIgniter->run()
CRITICAL - 2022-12-04 18:37:31 --> Undefined variable $cartData
in APPPATH\Views\include\header.php on line 166.
 1 APPPATH\Views\include\header.php(166): CodeIgniter\Debug\Exceptions->errorHandler(2, 'Undefined variable $cartData', 'APPPATH\\Views\\include\\header.php', 166)
 2 SYSTEMPATH\View\View.php(213): include('APPPATH\\Views\\include\\header.php')
 3 SYSTEMPATH\View\View.php(216): CodeIgniter\View\View->CodeIgniter\View\{closure}()
 4 SYSTEMPATH\Common.php(1134): CodeIgniter\View\View->render('include/header', [], true)
 5 APPPATH\Controllers\User.php(133): view('include/header', [...])
 6 SYSTEMPATH\CodeIgniter.php(927): App\Controllers\User->getBDay()
 7 SYSTEMPATH\CodeIgniter.php(482): CodeIgniter\CodeIgniter->runController(Object(App\Controllers\User))
 8 SYSTEMPATH\CodeIgniter.php(351): CodeIgniter\CodeIgniter->handleRequest(null, Object(Config\Cache), false)
 9 FCPATH\index.php(67): CodeIgniter\CodeIgniter->run()
CRITICAL - 2022-12-04 18:38:25 --> Undefined variable $occasion
in APPPATH\Views\user\birthday.php on line 7.
 1 APPPATH\Views\user\birthday.php(7): CodeIgniter\Debug\Exceptions->errorHandler(2, 'Undefined variable $occasion', 'APPPATH\\Views\\user\\birthday.php', 7)
 2 SYSTEMPATH\View\View.php(213): include('APPPATH\\Views\\user\\birthday.php')
 3 SYSTEMPATH\View\View.php(216): CodeIgniter\View\View->CodeIgniter\View\{closure}()
 4 SYSTEMPATH\Common.php(1134): CodeIgniter\View\View->render('user/birthday', [], true)
 5 APPPATH\Controllers\User.php(131): view('user/birthday', [...])
 6 SYSTEMPATH\CodeIgniter.php(927): App\Controllers\User->getBDay()
 7 SYSTEMPATH\CodeIgniter.php(482): CodeIgniter\CodeIgniter->runController(Object(App\Controllers\User))
 8 SYSTEMPATH\CodeIgniter.php(351): CodeIgniter\CodeIgniter->handleRequest(null, Object(Config\Cache), false)
 9 FCPATH\index.php(67): CodeIgniter\CodeIgniter->run()
CRITICAL - 2022-12-04 18:38:39 --> Undefined variable $occasion
in APPPATH\Controllers\User.php on line 130.
 1 APPPATH\Controllers\User.php(130): CodeIgniter\Debug\Exceptions->errorHandler(2, 'Undefined variable $occasion', 'APPPATH\\Controllers\\User.php', 130)
 2 SYSTEMPATH\CodeIgniter.php(927): App\Controllers\User->getBDay()
 3 SYSTEMPATH\CodeIgniter.php(482): CodeIgniter\CodeIgniter->runController(Object(App\Controllers\User))
 4 SYSTEMPATH\CodeIgniter.php(351): CodeIgniter\CodeIgniter->handleRequest(null, Object(Config\Cache), false)
 5 FCPATH\index.php(67): CodeIgniter\CodeIgniter->run()
CRITICAL - 2022-12-04 18:39:04 --> Call to undefined method App\Models\Product_model::getCartData
in SYSTEMPATH\Model.php on line 774.
 1 APPPATH\Controllers\User.php(128): CodeIgniter\Model->__call('getCartData', [])
 2 SYSTEMPATH\CodeIgniter.php(927): App\Controllers\User->getBDay()
 3 SYSTEMPATH\CodeIgniter.php(482): CodeIgniter\CodeIgniter->runController(Object(App\Controllers\User))
 4 SYSTEMPATH\CodeIgniter.php(351): CodeIgniter\CodeIgniter->handleRequest(null, Object(Config\Cache), false)
 5 FCPATH\index.php(67): CodeIgniter\CodeIgniter->run()
CRITICAL - 2022-12-04 18:39:33 --> Undefined variable $model_product
in APPPATH\Controllers\User.php on line 129.
 1 APPPATH\Controllers\User.php(129): CodeIgniter\Debug\Exceptions->errorHandler(2, 'Undefined variable $model_product', 'APPPATH\\Controllers\\User.php', 129)
 2 SYSTEMPATH\CodeIgniter.php(927): App\Controllers\User->getBDay()
 3 SYSTEMPATH\CodeIgniter.php(482): CodeIgniter\CodeIgniter->runController(Object(App\Controllers\User))
 4 SYSTEMPATH\CodeIgniter.php(351): CodeIgniter\CodeIgniter->handleRequest(null, Object(Config\Cache), false)
 5 FCPATH\index.php(67): CodeIgniter\CodeIgniter->run()
CRITICAL - 2022-12-04 18:39:50 --> Call to undefined method App\Models\Cart_m::getBDay
in SYSTEMPATH\Model.php on line 774.
 1 APPPATH\Controllers\User.php(132): CodeIgniter\Model->__call('getBDay', [...])
 2 SYSTEMPATH\CodeIgniter.php(927): App\Controllers\User->getBDay()
 3 SYSTEMPATH\CodeIgniter.php(482): CodeIgniter\CodeIgniter->runController(Object(App\Controllers\User))
 4 SYSTEMPATH\CodeIgniter.php(351): CodeIgniter\CodeIgniter->handleRequest(null, Object(Config\Cache), false)
 5 FCPATH\index.php(67): CodeIgniter\CodeIgniter->run()
CRITICAL - 2022-12-04 18:41:21 --> Cannot redeclare App\Controllers\User::getBday()
in APPPATH\Controllers\User.php on line 136.
 1 [internal function]: CodeIgniter\Debug\Exceptions->shutdownHandler()
CRITICAL - 2022-12-04 19:12:42 --> syntax error, unexpected token "."
in APPPATH\Controllers\User.php on line 133.
 1 SYSTEMPATH\Autoloader\Autoloader.php(259): CodeIgniter\Autoloader\Autoloader->includeFile('APPPATH\\Controllers\\User.php')
 2 SYSTEMPATH\Autoloader\Autoloader.php(237): CodeIgniter\Autoloader\Autoloader->loadInNamespace('App\\Controllers\\User')
 3 [internal function]: CodeIgniter\Autoloader\Autoloader->loadClass('App\\Controllers\\User')
 4 SYSTEMPATH\CodeIgniter.php(877): class_exists('\\App\\Controllers\\User', true)
 5 SYSTEMPATH\CodeIgniter.php(469): CodeIgniter\CodeIgniter->startController()
 6 SYSTEMPATH\CodeIgniter.php(351): CodeIgniter\CodeIgniter->handleRequest(null, Object(Config\Cache), false)
 7 FCPATH\index.php(67): CodeIgniter\CodeIgniter->run()
CRITICAL - 2022-12-04 19:14:07 --> syntax error, unexpected token "public", expecting end of file
in APPPATH\Controllers\User.php on line 192.
 1 SYSTEMPATH\Autoloader\Autoloader.php(259): CodeIgniter\Autoloader\Autoloader->includeFile('APPPATH\\Controllers\\User.php')
 2 SYSTEMPATH\Autoloader\Autoloader.php(237): CodeIgniter\Autoloader\Autoloader->loadInNamespace('App\\Controllers\\User')
 3 [internal function]: CodeIgniter\Autoloader\Autoloader->loadClass('App\\Controllers\\User')
 4 SYSTEMPATH\CodeIgniter.php(877): class_exists('\\App\\Controllers\\User', true)
 5 SYSTEMPATH\CodeIgniter.php(469): CodeIgniter\CodeIgniter->startController()
 6 SYSTEMPATH\CodeIgniter.php(351): CodeIgniter\CodeIgniter->handleRequest(null, Object(Config\Cache), false)
 7 FCPATH\index.php(67): CodeIgniter\CodeIgniter->run()
CRITICAL - 2022-12-04 19:58:40 --> Undefined variable $occasion
in APPPATH\Views\user\popular.php on line 7.
 1 APPPATH\Views\user\popular.php(7): CodeIgniter\Debug\Exceptions->errorHandler(2, 'Undefined variable $occasion', 'APPPATH\\Views\\user\\popular.php', 7)
 2 SYSTEMPATH\View\View.php(213): include('APPPATH\\Views\\user\\popular.php')
 3 SYSTEMPATH\View\View.php(216): CodeIgniter\View\View->CodeIgniter\View\{closure}()
 4 SYSTEMPATH\Common.php(1134): CodeIgniter\View\View->render('user/popular', [], true)
 5 APPPATH\Controllers\User.php(58): view('user/popular')
 6 SYSTEMPATH\CodeIgniter.php(927): App\Controllers\User->popular()
 7 SYSTEMPATH\CodeIgniter.php(482): CodeIgniter\CodeIgniter->runController(Object(App\Controllers\User))
 8 SYSTEMPATH\CodeIgniter.php(351): CodeIgniter\CodeIgniter->handleRequest(null, Object(Config\Cache), false)
 9 FCPATH\index.php(67): CodeIgniter\CodeIgniter->run()
CRITICAL - 2022-12-04 20:00:59 --> Class "App\Models\Cart_m" not found
in APPPATH\Controllers\User.php on line 12.
 1 SYSTEMPATH\CodeIgniter.php(927): App\Controllers\User->index()
 2 SYSTEMPATH\CodeIgniter.php(482): CodeIgniter\CodeIgniter->runController(Object(App\Controllers\User))
 3 SYSTEMPATH\CodeIgniter.php(351): CodeIgniter\CodeIgniter->handleRequest(null, Object(Config\Cache), false)
 4 FCPATH\index.php(67): CodeIgniter\CodeIgniter->run()
CRITICAL - 2022-12-04 20:08:40 --> Undefined variable $occasion
in APPPATH\Views\user\popular.php on line 356.
 1 APPPATH\Views\user\popular.php(356): CodeIgniter\Debug\Exceptions->errorHandler(2, 'Undefined variable $occasion', 'APPPATH\\Views\\user\\popular.php', 356)
 2 SYSTEMPATH\View\View.php(213): include('APPPATH\\Views\\user\\popular.php')
 3 SYSTEMPATH\View\View.php(216): CodeIgniter\View\View->CodeIgniter\View\{closure}()
 4 SYSTEMPATH\Common.php(1134): CodeIgniter\View\View->render('user/popular', [], true)
 5 APPPATH\Controllers\User.php(58): view('user/popular')
 6 SYSTEMPATH\CodeIgniter.php(927): App\Controllers\User->popular()
 7 SYSTEMPATH\CodeIgniter.php(482): CodeIgniter\CodeIgniter->runController(Object(App\Controllers\User))
 8 SYSTEMPATH\CodeIgniter.php(351): CodeIgniter\CodeIgniter->handleRequest(null, Object(Config\Cache), false)
 9 FCPATH\index.php(67): CodeIgniter\CodeIgniter->run()
CRITICAL - 2022-12-04 20:08:58 --> Undefined variable $occasion
in APPPATH\Views\user\popular.php on line 356.
 1 APPPATH\Views\user\popular.php(356): CodeIgniter\Debug\Exceptions->errorHandler(2, 'Undefined variable $occasion', 'APPPATH\\Views\\user\\popular.php', 356)
 2 SYSTEMPATH\View\View.php(213): include('APPPATH\\Views\\user\\popular.php')
 3 SYSTEMPATH\View\View.php(216): CodeIgniter\View\View->CodeIgniter\View\{closure}()
 4 SYSTEMPATH\Common.php(1134): CodeIgniter\View\View->render('user/popular', [], true)
 5 APPPATH\Controllers\User.php(58): view('user/popular')
 6 SYSTEMPATH\CodeIgniter.php(927): App\Controllers\User->popular()
 7 SYSTEMPATH\CodeIgniter.php(482): CodeIgniter\CodeIgniter->runController(Object(App\Controllers\User))
 8 SYSTEMPATH\CodeIgniter.php(351): CodeIgniter\CodeIgniter->handleRequest(null, Object(Config\Cache), false)
 9 FCPATH\index.php(67): CodeIgniter\CodeIgniter->run()
CRITICAL - 2022-12-04 20:09:38 --> Undefined variable $occasion
in APPPATH\Views\user\popular.php on line 356.
 1 APPPATH\Views\user\popular.php(356): CodeIgniter\Debug\Exceptions->errorHandler(2, 'Undefined variable $occasion', 'APPPATH\\Views\\user\\popular.php', 356)
 2 SYSTEMPATH\View\View.php(213): include('APPPATH\\Views\\user\\popular.php')
 3 SYSTEMPATH\View\View.php(216): CodeIgniter\View\View->CodeIgniter\View\{closure}()
 4 SYSTEMPATH\Common.php(1134): CodeIgniter\View\View->render('user/popular', [], true)
 5 APPPATH\Controllers\User.php(58): view('user/popular')
 6 SYSTEMPATH\CodeIgniter.php(927): App\Controllers\User->popular()
 7 SYSTEMPATH\CodeIgniter.php(482): CodeIgniter\CodeIgniter->runController(Object(App\Controllers\User))
 8 SYSTEMPATH\CodeIgniter.php(351): CodeIgniter\CodeIgniter->handleRequest(null, Object(Config\Cache), false)
 9 FCPATH\index.php(67): CodeIgniter\CodeIgniter->run()
CRITICAL - 2022-12-04 20:09:45 --> Undefined variable $occasion
in APPPATH\Views\user\popular.php on line 356.
 1 APPPATH\Views\user\popular.php(356): CodeIgniter\Debug\Exceptions->errorHandler(2, 'Undefined variable $occasion', 'APPPATH\\Views\\user\\popular.php', 356)
 2 SYSTEMPATH\View\View.php(213): include('APPPATH\\Views\\user\\popular.php')
 3 SYSTEMPATH\View\View.php(216): CodeIgniter\View\View->CodeIgniter\View\{closure}()
 4 SYSTEMPATH\Common.php(1134): CodeIgniter\View\View->render('user/popular', [], true)
 5 APPPATH\Controllers\User.php(58): view('user/popular')
 6 SYSTEMPATH\CodeIgniter.php(927): App\Controllers\User->popular()
 7 SYSTEMPATH\CodeIgniter.php(482): CodeIgniter\CodeIgniter->runController(Object(App\Controllers\User))
 8 SYSTEMPATH\CodeIgniter.php(351): CodeIgniter\CodeIgniter->handleRequest(null, Object(Config\Cache), false)
 9 FCPATH\index.php(67): CodeIgniter\CodeIgniter->run()
CRITICAL - 2022-12-04 20:09:58 --> Undefined variable $product
in APPPATH\Views\user\popular.php on line 559.
 1 APPPATH\Views\user\popular.php(559): CodeIgniter\Debug\Exceptions->errorHandler(2, 'Undefined variable $product', 'APPPATH\\Views\\user\\popular.php', 559)
 2 SYSTEMPATH\View\View.php(213): include('APPPATH\\Views\\user\\popular.php')
 3 SYSTEMPATH\View\View.php(216): CodeIgniter\View\View->CodeIgniter\View\{closure}()
 4 SYSTEMPATH\Common.php(1134): CodeIgniter\View\View->render('user/popular', [], true)
 5 APPPATH\Controllers\User.php(58): view('user/popular')
 6 SYSTEMPATH\CodeIgniter.php(927): App\Controllers\User->popular()
 7 SYSTEMPATH\CodeIgniter.php(482): CodeIgniter\CodeIgniter->runController(Object(App\Controllers\User))
 8 SYSTEMPATH\CodeIgniter.php(351): CodeIgniter\CodeIgniter->handleRequest(null, Object(Config\Cache), false)
 9 FCPATH\index.php(67): CodeIgniter\CodeIgniter->run()
CRITICAL - 2022-12-04 20:16:12 --> Undefined variable $occasion
in APPPATH\Views\user\birthday.php on line 7.
 1 APPPATH\Views\user\birthday.php(7): CodeIgniter\Debug\Exceptions->errorHandler(2, 'Undefined variable $occasion', 'APPPATH\\Views\\user\\birthday.php', 7)
 2 SYSTEMPATH\View\View.php(213): include('APPPATH\\Views\\user\\birthday.php')
 3 SYSTEMPATH\View\View.php(216): CodeIgniter\View\View->CodeIgniter\View\{closure}()
 4 SYSTEMPATH\Common.php(1134): CodeIgniter\View\View->render('user/birthday', [], true)
 5 APPPATH\Controllers\User.php(129): view('user/birthday')
 6 SYSTEMPATH\CodeIgniter.php(927): App\Controllers\User->getBDay()
 7 SYSTEMPATH\CodeIgniter.php(482): CodeIgniter\CodeIgniter->runController(Object(App\Controllers\User))
 8 SYSTEMPATH\CodeIgniter.php(351): CodeIgniter\CodeIgniter->handleRequest(null, Object(Config\Cache), false)
 9 FCPATH\index.php(67): CodeIgniter\CodeIgniter->run()
CRITICAL - 2022-12-04 20:28:44 --> Undefined variable $occasion
in APPPATH\Views\user\popular.php on line 7.
 1 APPPATH\Views\user\popular.php(7): CodeIgniter\Debug\Exceptions->errorHandler(2, 'Undefined variable $occasion', 'APPPATH\\Views\\user\\popular.php', 7)
 2 SYSTEMPATH\View\View.php(213): include('APPPATH\\Views\\user\\popular.php')
 3 SYSTEMPATH\View\View.php(216): CodeIgniter\View\View->CodeIgniter\View\{closure}()
 4 SYSTEMPATH\Common.php(1134): CodeIgniter\View\View->render('user/popular', [], true)
 5 APPPATH\Controllers\User.php(58): view('user/popular')
 6 SYSTEMPATH\CodeIgniter.php(927): App\Controllers\User->popular()
 7 SYSTEMPATH\CodeIgniter.php(482): CodeIgniter\CodeIgniter->runController(Object(App\Controllers\User))
 8 SYSTEMPATH\CodeIgniter.php(351): CodeIgniter\CodeIgniter->handleRequest(null, Object(Config\Cache), false)
 9 FCPATH\index.php(67): CodeIgniter\CodeIgniter->run()
CRITICAL - 2022-12-04 20:33:34 --> Undefined constant "App\Controllers\data"
in APPPATH\Controllers\User.php on line 58.
 1 SYSTEMPATH\CodeIgniter.php(927): App\Controllers\User->Popular()
 2 SYSTEMPATH\CodeIgniter.php(482): CodeIgniter\CodeIgniter->runController(Object(App\Controllers\User))
 3 SYSTEMPATH\CodeIgniter.php(351): CodeIgniter\CodeIgniter->handleRequest(null, Object(Config\Cache), false)
 4 FCPATH\index.php(67): CodeIgniter\CodeIgniter->run()
CRITICAL - 2022-12-04 20:33:52 --> Undefined variable $cartData
in APPPATH\Views\include\header.php on line 166.
 1 APPPATH\Views\include\header.php(166): CodeIgniter\Debug\Exceptions->errorHandler(2, 'Undefined variable $cartData', 'APPPATH\\Views\\include\\header.php', 166)
 2 SYSTEMPATH\View\View.php(213): include('APPPATH\\Views\\include\\header.php')
 3 SYSTEMPATH\View\View.php(216): CodeIgniter\View\View->CodeIgniter\View\{closure}()
 4 SYSTEMPATH\Common.php(1134): CodeIgniter\View\View->render('include/header', [], true)
 5 APPPATH\Controllers\User.php(58): view('include/header', [...])
 6 SYSTEMPATH\CodeIgniter.php(927): App\Controllers\User->Popular()
 7 SYSTEMPATH\CodeIgniter.php(482): CodeIgniter\CodeIgniter->runController(Object(App\Controllers\User))
 8 SYSTEMPATH\CodeIgniter.php(351): CodeIgniter\CodeIgniter->handleRequest(null, Object(Config\Cache), false)
 9 FCPATH\index.php(67): CodeIgniter\CodeIgniter->run()
CRITICAL - 2022-12-04 22:44:10 --> Call to undefined method App\Models\Product_model::getCartData
in SYSTEMPATH\Model.php on line 774.
 1 APPPATH\Controllers\User.php(55): CodeIgniter\Model->__call('getCartData', [])
 2 SYSTEMPATH\CodeIgniter.php(927): App\Controllers\User->popular()
 3 SYSTEMPATH\CodeIgniter.php(482): CodeIgniter\CodeIgniter->runController(Object(App\Controllers\User))
 4 SYSTEMPATH\CodeIgniter.php(351): CodeIgniter\CodeIgniter->handleRequest(null, Object(Config\Cache), false)
 5 FCPATH\index.php(67): CodeIgniter\CodeIgniter->run()
CRITICAL - 2022-12-04 22:44:37 --> syntax error, unexpected token "echo", expecting ";"
in APPPATH\Controllers\User.php on line 59.
 1 SYSTEMPATH\Autoloader\Autoloader.php(259): CodeIgniter\Autoloader\Autoloader->includeFile('APPPATH\\Controllers\\User.php')
 2 SYSTEMPATH\Autoloader\Autoloader.php(237): CodeIgniter\Autoloader\Autoloader->loadInNamespace('App\\Controllers\\User')
 3 [internal function]: CodeIgniter\Autoloader\Autoloader->loadClass('App\\Controllers\\User')
 4 SYSTEMPATH\CodeIgniter.php(877): class_exists('\\App\\Controllers\\User', true)
 5 SYSTEMPATH\CodeIgniter.php(469): CodeIgniter\CodeIgniter->startController()
 6 SYSTEMPATH\CodeIgniter.php(351): CodeIgniter\CodeIgniter->handleRequest(null, Object(Config\Cache), false)
 7 FCPATH\index.php(67): CodeIgniter\CodeIgniter->run()
CRITICAL - 2022-12-04 22:44:46 --> Undefined variable $cartData
in APPPATH\Views\include\header.php on line 166.
 1 APPPATH\Views\include\header.php(166): CodeIgniter\Debug\Exceptions->errorHandler(2, 'Undefined variable $cartData', 'APPPATH\\Views\\include\\header.php', 166)
 2 SYSTEMPATH\View\View.php(213): include('APPPATH\\Views\\include\\header.php')
 3 SYSTEMPATH\View\View.php(216): CodeIgniter\View\View->CodeIgniter\View\{closure}()
 4 SYSTEMPATH\Common.php(1134): CodeIgniter\View\View->render('include/header', [], true)
 5 APPPATH\Controllers\User.php(58): view('include/header', [...])
 6 SYSTEMPATH\CodeIgniter.php(927): App\Controllers\User->popular()
 7 SYSTEMPATH\CodeIgniter.php(482): CodeIgniter\CodeIgniter->runController(Object(App\Controllers\User))
 8 SYSTEMPATH\CodeIgniter.php(351): CodeIgniter\CodeIgniter->handleRequest(null, Object(Config\Cache), false)
 9 FCPATH\index.php(67): CodeIgniter\CodeIgniter->run()
CRITICAL - 2022-12-04 22:44:46 --> Undefined variable $cartData
in APPPATH\Views\include\header.php on line 166.
 1 APPPATH\Views\include\header.php(166): CodeIgniter\Debug\Exceptions->errorHandler(2, 'Undefined variable $cartData', 'APPPATH\\Views\\include\\header.php', 166)
 2 SYSTEMPATH\View\View.php(213): include('APPPATH\\Views\\include\\header.php')
 3 SYSTEMPATH\View\View.php(216): CodeIgniter\View\View->CodeIgniter\View\{closure}()
 4 SYSTEMPATH\Common.php(1134): CodeIgniter\View\View->render('include/header', [], true)
 5 APPPATH\Controllers\User.php(58): view('include/header', [...])
 6 SYSTEMPATH\CodeIgniter.php(927): App\Controllers\User->popular()
 7 SYSTEMPATH\CodeIgniter.php(482): CodeIgniter\CodeIgniter->runController(Object(App\Controllers\User))
 8 SYSTEMPATH\CodeIgniter.php(351): CodeIgniter\CodeIgniter->handleRequest(null, Object(Config\Cache), false)
 9 FCPATH\index.php(67): CodeIgniter\CodeIgniter->run()
CRITICAL - 2022-12-04 22:44:46 --> Undefined variable $cartData
in APPPATH\Views\include\header.php on line 166.
 1 APPPATH\Views\include\header.php(166): CodeIgniter\Debug\Exceptions->errorHandler(2, 'Undefined variable $cartData', 'APPPATH\\Views\\include\\header.php', 166)
 2 SYSTEMPATH\View\View.php(213): include('APPPATH\\Views\\include\\header.php')
 3 SYSTEMPATH\View\View.php(216): CodeIgniter\View\View->CodeIgniter\View\{closure}()
 4 SYSTEMPATH\Common.php(1134): CodeIgniter\View\View->render('include/header', [], true)
 5 APPPATH\Controllers\User.php(58): view('include/header', [...])
 6 SYSTEMPATH\CodeIgniter.php(927): App\Controllers\User->popular()
 7 SYSTEMPATH\CodeIgniter.php(482): CodeIgniter\CodeIgniter->runController(Object(App\Controllers\User))
 8 SYSTEMPATH\CodeIgniter.php(351): CodeIgniter\CodeIgniter->handleRequest(null, Object(Config\Cache), false)
 9 FCPATH\index.php(67): CodeIgniter\CodeIgniter->run()
CRITICAL - 2022-12-04 22:44:46 --> Undefined variable $cartData
in APPPATH\Views\include\header.php on line 166.
 1 APPPATH\Views\include\header.php(166): CodeIgniter\Debug\Exceptions->errorHandler(2, 'Undefined variable $cartData', 'APPPATH\\Views\\include\\header.php', 166)
 2 SYSTEMPATH\View\View.php(213): include('APPPATH\\Views\\include\\header.php')
 3 SYSTEMPATH\View\View.php(216): CodeIgniter\View\View->CodeIgniter\View\{closure}()
 4 SYSTEMPATH\Common.php(1134): CodeIgniter\View\View->render('include/header', [], true)
 5 APPPATH\Controllers\User.php(58): view('include/header', [...])
 6 SYSTEMPATH\CodeIgniter.php(927): App\Controllers\User->popular()
 7 SYSTEMPATH\CodeIgniter.php(482): CodeIgniter\CodeIgniter->runController(Object(App\Controllers\User))
 8 SYSTEMPATH\CodeIgniter.php(351): CodeIgniter\CodeIgniter->handleRequest(null, Object(Config\Cache), false)
 9 FCPATH\index.php(67): CodeIgniter\CodeIgniter->run()
CRITICAL - 2022-12-04 22:44:46 --> Undefined variable $cartData
in APPPATH\Views\include\header.php on line 166.
 1 APPPATH\Views\include\header.php(166): CodeIgniter\Debug\Exceptions->errorHandler(2, 'Undefined variable $cartData', 'APPPATH\\Views\\include\\header.php', 166)
 2 SYSTEMPATH\View\View.php(213): include('APPPATH\\Views\\include\\header.php')
 3 SYSTEMPATH\View\View.php(216): CodeIgniter\View\View->CodeIgniter\View\{closure}()
 4 SYSTEMPATH\Common.php(1134): CodeIgniter\View\View->render('include/header', [], true)
 5 APPPATH\Controllers\User.php(58): view('include/header', [...])
 6 SYSTEMPATH\CodeIgniter.php(927): App\Controllers\User->popular()
 7 SYSTEMPATH\CodeIgniter.php(482): CodeIgniter\CodeIgniter->runController(Object(App\Controllers\User))
 8 SYSTEMPATH\CodeIgniter.php(351): CodeIgniter\CodeIgniter->handleRequest(null, Object(Config\Cache), false)
 9 FCPATH\index.php(67): CodeIgniter\CodeIgniter->run()
CRITICAL - 2022-12-04 22:44:47 --> Undefined variable $cartData
in APPPATH\Views\include\header.php on line 166.
 1 APPPATH\Views\include\header.php(166): CodeIgniter\Debug\Exceptions->errorHandler(2, 'Undefined variable $cartData', 'APPPATH\\Views\\include\\header.php', 166)
 2 SYSTEMPATH\View\View.php(213): include('APPPATH\\Views\\include\\header.php')
 3 SYSTEMPATH\View\View.php(216): CodeIgniter\View\View->CodeIgniter\View\{closure}()
 4 SYSTEMPATH\Common.php(1134): CodeIgniter\View\View->render('include/header', [], true)
 5 APPPATH\Controllers\User.php(58): view('include/header', [...])
 6 SYSTEMPATH\CodeIgniter.php(927): App\Controllers\User->popular()
 7 SYSTEMPATH\CodeIgniter.php(482): CodeIgniter\CodeIgniter->runController(Object(App\Controllers\User))
 8 SYSTEMPATH\CodeIgniter.php(351): CodeIgniter\CodeIgniter->handleRequest(null, Object(Config\Cache), false)
 9 FCPATH\index.php(67): CodeIgniter\CodeIgniter->run()
CRITICAL - 2022-12-04 22:46:51 --> Undefined variable $cartData
in APPPATH\Views\user\popular.php on line 166.
 1 APPPATH\Views\user\popular.php(166): CodeIgniter\Debug\Exceptions->errorHandler(2, 'Undefined variable $cartData', 'APPPATH\\Views\\user\\popular.php', 166)
 2 SYSTEMPATH\View\View.php(213): include('APPPATH\\Views\\user\\popular.php')
 3 SYSTEMPATH\View\View.php(216): CodeIgniter\View\View->CodeIgniter\View\{closure}()
 4 SYSTEMPATH\Common.php(1134): CodeIgniter\View\View->render('user/popular', [], true)
 5 APPPATH\Controllers\User.php(59): view('user/popular', [...])
 6 SYSTEMPATH\CodeIgniter.php(927): App\Controllers\User->popular()
 7 SYSTEMPATH\CodeIgniter.php(482): CodeIgniter\CodeIgniter->runController(Object(App\Controllers\User))
 8 SYSTEMPATH\CodeIgniter.php(351): CodeIgniter\CodeIgniter->handleRequest(null, Object(Config\Cache), false)
 9 FCPATH\index.php(67): CodeIgniter\CodeIgniter->run()
