CRITICAL - 2023-03-12 05:06:49 --> Invalid file: admin/include/photo-script.php
in SYSTEMPATH\Exceptions\FrameworkException.php on line 33.
 1 SYSTEMPATH\View\View.php(201): CodeIgniter\Exceptions\FrameworkException::forInvalidFile('admin/include/photo-script.php')
 2 SYSTEMPATH\Common.php(1134): CodeIgniter\View\View->render('admin/include/photo-script', [], true)
 3 APPPATH\Views\user\user_orders.php(164): view('admin/include/photo-script')
 4 SYSTEMPATH\View\View.php(213): include('APPPATH\\Views\\user\\user_orders.php')
 5 SYSTEMPATH\View\View.php(216): CodeIgniter\View\View->CodeIgniter\View\{closure}()
 6 SYSTEMPATH\Common.php(1134): CodeIgniter\View\View->render('user/user_orders', [], true)
 7 APPPATH\Controllers\User.php(743): view('user/user_orders')
 8 SYSTEMPATH\CodeIgniter.php(927): App\Controllers\User->userOrders()
 9 SYSTEMPATH\CodeIgniter.php(482): CodeIgniter\CodeIgniter->runController(Object(App\Controllers\User))
10 SYSTEMPATH\CodeIgniter.php(351): CodeIgniter\CodeIgniter->handleRequest(null, Object(Config\Cache), false)
11 FCPATH\index.php(67): CodeIgniter\CodeIgniter->run()
CRITICAL - 2023-03-12 05:07:03 --> Invalid file: admin/include/photo-script.php
in SYSTEMPATH\Exceptions\FrameworkException.php on line 33.
 1 SYSTEMPATH\View\View.php(201): CodeIgniter\Exceptions\FrameworkException::forInvalidFile('admin/include/photo-script.php')
 2 SYSTEMPATH\Common.php(1134): CodeIgniter\View\View->render('admin/include/photo-script', [], true)
 3 APPPATH\Views\user\cart.php(215): view('admin/include/photo-script')
 4 SYSTEMPATH\View\View.php(213): include('APPPATH\\Views\\user\\cart.php')
 5 SYSTEMPATH\View\View.php(216): CodeIgniter\View\View->CodeIgniter\View\{closure}()
 6 SYSTEMPATH\Common.php(1134): CodeIgniter\View\View->render('user/cart', [], true)
 7 APPPATH\Controllers\User.php(528): view('user/cart')
 8 SYSTEMPATH\CodeIgniter.php(927): App\Controllers\User->cart()
 9 SYSTEMPATH\CodeIgniter.php(482): CodeIgniter\CodeIgniter->runController(Object(App\Controllers\User))
10 SYSTEMPATH\CodeIgniter.php(351): CodeIgniter\CodeIgniter->handleRequest(null, Object(Config\Cache), false)
11 FCPATH\index.php(67): CodeIgniter\CodeIgniter->run()
CRITICAL - 2023-03-12 06:06:23 --> Undefined property: stdClass::$ocassion
in APPPATH\Views\user\checkout.php on line 362.
 1 APPPATH\Views\user\checkout.php(362): CodeIgniter\Debug\Exceptions->errorHandler(2, 'Undefined property: stdClass::$ocassion', 'APPPATH\\Views\\user\\checkout.php', 362)
 2 SYSTEMPATH\View\View.php(213): include('APPPATH\\Views\\user\\checkout.php')
 3 SYSTEMPATH\View\View.php(216): CodeIgniter\View\View->CodeIgniter\View\{closure}()
 4 SYSTEMPATH\Common.php(1134): CodeIgniter\View\View->render('user/checkout', [], true)
 5 APPPATH\Controllers\User.php(653): view('user/checkout', [...])
 6 SYSTEMPATH\CodeIgniter.php(927): App\Controllers\User->checkout()
 7 SYSTEMPATH\CodeIgniter.php(482): CodeIgniter\CodeIgniter->runController(Object(App\Controllers\User))
 8 SYSTEMPATH\CodeIgniter.php(351): CodeIgniter\CodeIgniter->handleRequest(null, Object(Config\Cache), false)
 9 FCPATH\index.php(67): CodeIgniter\CodeIgniter->run()
CRITICAL - 2023-03-12 06:09:35 --> Undefined property: stdClass::$ocassion
in APPPATH\Views\user\checkout.php on line 362.
 1 APPPATH\Views\user\checkout.php(362): CodeIgniter\Debug\Exceptions->errorHandler(2, 'Undefined property: stdClass::$ocassion', 'APPPATH\\Views\\user\\checkout.php', 362)
 2 SYSTEMPATH\View\View.php(213): include('APPPATH\\Views\\user\\checkout.php')
 3 SYSTEMPATH\View\View.php(216): CodeIgniter\View\View->CodeIgniter\View\{closure}()
 4 SYSTEMPATH\Common.php(1134): CodeIgniter\View\View->render('user/checkout', [], true)
 5 APPPATH\Controllers\User.php(653): view('user/checkout', [...])
 6 SYSTEMPATH\CodeIgniter.php(927): App\Controllers\User->checkout()
 7 SYSTEMPATH\CodeIgniter.php(482): CodeIgniter\CodeIgniter->runController(Object(App\Controllers\User))
 8 SYSTEMPATH\CodeIgniter.php(351): CodeIgniter\CodeIgniter->handleRequest(null, Object(Config\Cache), false)
 9 FCPATH\index.php(67): CodeIgniter\CodeIgniter->run()
CRITICAL - 2023-03-12 06:19:23 --> Invalid file: admin/category.php
in SYSTEMPATH\Exceptions\FrameworkException.php on line 33.
 1 SYSTEMPATH\View\View.php(201): CodeIgniter\Exceptions\FrameworkException::forInvalidFile('admin/category.php')
 2 SYSTEMPATH\Common.php(1134): CodeIgniter\View\View->render('admin/category', [], true)
 3 APPPATH\Controllers\Admin.php(435): view('admin/category', [...])
 4 SYSTEMPATH\CodeIgniter.php(927): App\Controllers\Admin->getBDay()
 5 SYSTEMPATH\CodeIgniter.php(482): CodeIgniter\CodeIgniter->runController(Object(App\Controllers\Admin))
 6 SYSTEMPATH\CodeIgniter.php(351): CodeIgniter\CodeIgniter->handleRequest(null, Object(Config\Cache), false)
 7 FCPATH\index.php(67): CodeIgniter\CodeIgniter->run()
CRITICAL - 2023-03-12 06:47:35 --> Invalid file: admin/category.php
in SYSTEMPATH\Exceptions\FrameworkException.php on line 33.
 1 SYSTEMPATH\View\View.php(201): CodeIgniter\Exceptions\FrameworkException::forInvalidFile('admin/category.php')
 2 SYSTEMPATH\Common.php(1134): CodeIgniter\View\View->render('admin/category', [], true)
 3 APPPATH\Controllers\Admin.php(461): view('admin/category', [...])
 4 SYSTEMPATH\CodeIgniter.php(927): App\Controllers\Admin->getWedding()
 5 SYSTEMPATH\CodeIgniter.php(482): CodeIgniter\CodeIgniter->runController(Object(App\Controllers\Admin))
 6 SYSTEMPATH\CodeIgniter.php(351): CodeIgniter\CodeIgniter->handleRequest(null, Object(Config\Cache), false)
 7 FCPATH\index.php(67): CodeIgniter\CodeIgniter->run()
CRITICAL - 2023-03-12 06:49:10 --> Call to undefined method App\Models\AddOns_model::prod_delete
in SYSTEMPATH\Model.php on line 774.
 1 APPPATH\Controllers\Admin.php(291): CodeIgniter\Model->__call('prod_delete', [...])
 2 SYSTEMPATH\CodeIgniter.php(927): App\Controllers\Admin->delete_product('Add On', 's', '88', 'C:\\wamp64\\www\\ocake')
 3 SYSTEMPATH\CodeIgniter.php(482): CodeIgniter\CodeIgniter->runController(Object(App\Controllers\Admin))
 4 SYSTEMPATH\CodeIgniter.php(351): CodeIgniter\CodeIgniter->handleRequest(null, Object(Config\Cache), false)
 5 FCPATH\index.php(67): CodeIgniter\CodeIgniter->run()
CRITICAL - 2023-03-12 06:50:53 --> The route for "admin/productlist" cannot be found.
in SYSTEMPATH\HTTP\RedirectResponse.php on line 60.
 1 SYSTEMPATH\HTTP\RedirectResponse.php(60): CodeIgniter\HTTP\Exceptions\HTTPException::forInvalidRedirectRoute('admin/productlist')
 2 SYSTEMPATH\Common.php(860): CodeIgniter\HTTP\RedirectResponse->route(false)
 3 APPPATH\Controllers\Admin.php(294): redirect('admin/productlist')
 4 SYSTEMPATH\CodeIgniter.php(927): App\Controllers\Admin->delete_product('Add On', 's', '88', 'C:\\wamp64\\www\\ocake')
 5 SYSTEMPATH\CodeIgniter.php(482): CodeIgniter\CodeIgniter->runController(Object(App\Controllers\Admin))
 6 SYSTEMPATH\CodeIgniter.php(351): CodeIgniter\CodeIgniter->handleRequest(null, Object(Config\Cache), false)
 7 FCPATH\index.php(67): CodeIgniter\CodeIgniter->run()
CRITICAL - 2023-03-12 07:50:02 --> Undefined variable $data
in APPPATH\Views\admin\productlist.php on line 68.
 1 APPPATH\Views\admin\productlist.php(68): CodeIgniter\Debug\Exceptions->errorHandler(2, 'Undefined variable $data', 'APPPATH\\Views\\admin\\productlist.php', 68)
 2 SYSTEMPATH\View\View.php(213): include('APPPATH\\Views\\admin\\productlist.php')
 3 SYSTEMPATH\View\View.php(216): CodeIgniter\View\View->CodeIgniter\View\{closure}()
 4 SYSTEMPATH\Common.php(1134): CodeIgniter\View\View->render('admin/productlist', [], true)
 5 APPPATH\Controllers\Admin.php(178): view('admin/productlist', [...])
 6 SYSTEMPATH\CodeIgniter.php(927): App\Controllers\Admin->productlist()
 7 SYSTEMPATH\CodeIgniter.php(482): CodeIgniter\CodeIgniter->runController(Object(App\Controllers\Admin))
 8 SYSTEMPATH\CodeIgniter.php(351): CodeIgniter\CodeIgniter->handleRequest(null, Object(Config\Cache), false)
 9 FCPATH\index.php(67): CodeIgniter\CodeIgniter->run()
CRITICAL - 2023-03-12 08:05:30 --> Undefined variable $category
in APPPATH\Views\admin\productlist.php on line 75.
 1 APPPATH\Views\admin\productlist.php(75): CodeIgniter\Debug\Exceptions->errorHandler(2, 'Undefined variable $category', 'APPPATH\\Views\\admin\\productlist.php', 75)
 2 SYSTEMPATH\View\View.php(213): include('APPPATH\\Views\\admin\\productlist.php')
 3 SYSTEMPATH\View\View.php(216): CodeIgniter\View\View->CodeIgniter\View\{closure}()
 4 SYSTEMPATH\Common.php(1134): CodeIgniter\View\View->render('admin/productlist', [], true)
 5 APPPATH\Controllers\Admin.php(178): view('admin/productlist', [...])
 6 SYSTEMPATH\CodeIgniter.php(927): App\Controllers\Admin->productlist()
 7 SYSTEMPATH\CodeIgniter.php(482): CodeIgniter\CodeIgniter->runController(Object(App\Controllers\Admin))
 8 SYSTEMPATH\CodeIgniter.php(351): CodeIgniter\CodeIgniter->handleRequest(null, Object(Config\Cache), false)
 9 FCPATH\index.php(67): CodeIgniter\CodeIgniter->run()
