CRITICAL - 2023-05-05 17:25:15 --> Undefined array key "total"
in APPPATH\Views\admin\visualization2.php on line 204.
 1 APPPATH\Views\admin\visualization2.php(204): CodeIgniter\Debug\Exceptions->errorHandler(2, 'Undefined array key "total"', 'APPPATH\\Views\\admin\\visualization2.php', 204)
 2 SYSTEMPATH\View\View.php(213): include('APPPATH\\Views\\admin\\visualization2.php')
 3 SYSTEMPATH\View\View.php(216): CodeIgniter\View\View->CodeIgniter\View\{closure}()
 4 SYSTEMPATH\Common.php(1134): CodeIgniter\View\View->render('admin/visualization2', [], true)
 5 APPPATH\Controllers\Admin.php(824): view('admin/visualization2', [...])
 6 SYSTEMPATH\CodeIgniter.php(927): App\Controllers\Admin->visualization()
 7 SYSTEMPATH\CodeIgniter.php(482): CodeIgniter\CodeIgniter->runController(Object(App\Controllers\Admin))
 8 SYSTEMPATH\CodeIgniter.php(351): CodeIgniter\CodeIgniter->handleRequest(null, Object(Config\Cache), false)
 9 FCPATH\index.php(67): CodeIgniter\CodeIgniter->run()
CRITICAL - 2023-05-05 17:26:46 --> Undefined array key "user_id"
in APPPATH\Controllers\User.php on line 234.
 1 APPPATH\Controllers\User.php(234): CodeIgniter\Debug\Exceptions->errorHandler(2, 'Undefined array key "user_id"', 'APPPATH\\Controllers\\User.php', 234)
 2 SYSTEMPATH\CodeIgniter.php(927): App\Controllers\User->home()
 3 SYSTEMPATH\CodeIgniter.php(482): CodeIgniter\CodeIgniter->runController(Object(App\Controllers\User))
 4 SYSTEMPATH\CodeIgniter.php(351): CodeIgniter\CodeIgniter->handleRequest(null, Object(Config\Cache), false)
 5 FCPATH\index.php(67): CodeIgniter\CodeIgniter->run()
CRITICAL - 2023-05-05 17:32:29 --> Undefined property: stdClass::$flavor
in APPPATH\Views\user\delivered_order.php on line 229.
 1 APPPATH\Views\user\delivered_order.php(229): CodeIgniter\Debug\Exceptions->errorHandler(2, 'Undefined property: stdClass::$flavor', 'APPPATH\\Views\\user\\delivered_order.php', 229)
 2 SYSTEMPATH\View\View.php(213): include('APPPATH\\Views\\user\\delivered_order.php')
 3 SYSTEMPATH\View\View.php(216): CodeIgniter\View\View->CodeIgniter\View\{closure}()
 4 SYSTEMPATH\Common.php(1134): CodeIgniter\View\View->render('user/delivered_order', [], true)
 5 APPPATH\Controllers\User.php(1285): view('user/delivered_order')
 6 SYSTEMPATH\CodeIgniter.php(927): App\Controllers\User->deliveredOrder()
 7 SYSTEMPATH\CodeIgniter.php(482): CodeIgniter\CodeIgniter->runController(Object(App\Controllers\User))
 8 SYSTEMPATH\CodeIgniter.php(351): CodeIgniter\CodeIgniter->handleRequest(null, Object(Config\Cache), false)
 9 FCPATH\index.php(67): CodeIgniter\CodeIgniter->run()
CRITICAL - 2023-05-05 17:43:00 --> Attempt to read property "order_code" on string
in APPPATH\Views\user\delivered_order.php on line 163.
 1 APPPATH\Views\user\delivered_order.php(163): CodeIgniter\Debug\Exceptions->errorHandler(2, 'Attempt to read property "order_code" on string', 'APPPATH\\Views\\user\\delivered_order.php', 163)
 2 SYSTEMPATH\View\View.php(213): include('APPPATH\\Views\\user\\delivered_order.php')
 3 SYSTEMPATH\View\View.php(216): CodeIgniter\View\View->CodeIgniter\View\{closure}()
 4 SYSTEMPATH\Common.php(1134): CodeIgniter\View\View->render('user/delivered_order', [], true)
 5 APPPATH\Controllers\User.php(1285): view('user/delivered_order')
 6 SYSTEMPATH\CodeIgniter.php(927): App\Controllers\User->deliveredOrder()
 7 SYSTEMPATH\CodeIgniter.php(482): CodeIgniter\CodeIgniter->runController(Object(App\Controllers\User))
 8 SYSTEMPATH\CodeIgniter.php(351): CodeIgniter\CodeIgniter->handleRequest(null, Object(Config\Cache), false)
 9 FCPATH\index.php(67): CodeIgniter\CodeIgniter->run()
CRITICAL - 2023-05-05 18:00:55 --> Undefined variable $prod
in APPPATH\Views\user\delivered_order.php on line 229.
 1 APPPATH\Views\user\delivered_order.php(229): CodeIgniter\Debug\Exceptions->errorHandler(2, 'Undefined variable $prod', 'APPPATH\\Views\\user\\delivered_order.php', 229)
 2 SYSTEMPATH\View\View.php(213): include('APPPATH\\Views\\user\\delivered_order.php')
 3 SYSTEMPATH\View\View.php(216): CodeIgniter\View\View->CodeIgniter\View\{closure}()
 4 SYSTEMPATH\Common.php(1134): CodeIgniter\View\View->render('user/delivered_order', [], true)
 5 APPPATH\Controllers\User.php(1285): view('user/delivered_order')
 6 SYSTEMPATH\CodeIgniter.php(927): App\Controllers\User->deliveredOrder()
 7 SYSTEMPATH\CodeIgniter.php(482): CodeIgniter\CodeIgniter->runController(Object(App\Controllers\User))
 8 SYSTEMPATH\CodeIgniter.php(351): CodeIgniter\CodeIgniter->handleRequest(null, Object(Config\Cache), false)
 9 FCPATH\index.php(67): CodeIgniter\CodeIgniter->run()
