CRITICAL - 2023-03-29 03:22:45 --> Undefined property: stdClass::$payment_method
in APPPATH\Views\admin\saleslist.php on line 249.
 1 APPPATH\Views\admin\saleslist.php(249): CodeIgniter\Debug\Exceptions->errorHandler(2, 'Undefined property: stdClass::$payment_method', 'APPPATH\\Views\\admin\\saleslist.php', 249)
 2 SYSTEMPATH\View\View.php(213): include('APPPATH\\Views\\admin\\saleslist.php')
 3 SYSTEMPATH\View\View.php(216): CodeIgniter\View\View->CodeIgniter\View\{closure}()
 4 SYSTEMPATH\Common.php(1134): CodeIgniter\View\View->render('admin/saleslist', [], true)
 5 APPPATH\Controllers\Admin.php(467): view('admin/saleslist', [...])
 6 SYSTEMPATH\CodeIgniter.php(927): App\Controllers\Admin->saleslist()
 7 SYSTEMPATH\CodeIgniter.php(482): CodeIgniter\CodeIgniter->runController(Object(App\Controllers\Admin))
 8 SYSTEMPATH\CodeIgniter.php(351): CodeIgniter\CodeIgniter->handleRequest(null, Object(Config\Cache), false)
 9 FCPATH\index.php(67): CodeIgniter\CodeIgniter->run()
CRITICAL - 2023-03-29 03:31:25 --> Undefined property: stdClass::$payment_method
in APPPATH\Views\admin\saleslist.php on line 250.
 1 APPPATH\Views\admin\saleslist.php(250): CodeIgniter\Debug\Exceptions->errorHandler(2, 'Undefined property: stdClass::$payment_method', 'APPPATH\\Views\\admin\\saleslist.php', 250)
 2 SYSTEMPATH\View\View.php(213): include('APPPATH\\Views\\admin\\saleslist.php')
 3 SYSTEMPATH\View\View.php(216): CodeIgniter\View\View->CodeIgniter\View\{closure}()
 4 SYSTEMPATH\Common.php(1134): CodeIgniter\View\View->render('admin/saleslist', [], true)
 5 APPPATH\Controllers\Admin.php(468): view('admin/saleslist', [...])
 6 SYSTEMPATH\CodeIgniter.php(927): App\Controllers\Admin->saleslist()
 7 SYSTEMPATH\CodeIgniter.php(482): CodeIgniter\CodeIgniter->runController(Object(App\Controllers\Admin))
 8 SYSTEMPATH\CodeIgniter.php(351): CodeIgniter\CodeIgniter->handleRequest(null, Object(Config\Cache), false)
 9 FCPATH\index.php(67): CodeIgniter\CodeIgniter->run()
CRITICAL - 2023-03-29 03:40:25 --> Undefined variable $datum
in APPPATH\Views\admin\saleslist.php on line 239.
 1 APPPATH\Views\admin\saleslist.php(239): CodeIgniter\Debug\Exceptions->errorHandler(2, 'Undefined variable $datum', 'APPPATH\\Views\\admin\\saleslist.php', 239)
 2 SYSTEMPATH\View\View.php(213): include('APPPATH\\Views\\admin\\saleslist.php')
 3 SYSTEMPATH\View\View.php(216): CodeIgniter\View\View->CodeIgniter\View\{closure}()
 4 SYSTEMPATH\Common.php(1134): CodeIgniter\View\View->render('admin/saleslist', [], true)
 5 APPPATH\Controllers\Admin.php(468): view('admin/saleslist', [...])
 6 SYSTEMPATH\CodeIgniter.php(927): App\Controllers\Admin->saleslist()
 7 SYSTEMPATH\CodeIgniter.php(482): CodeIgniter\CodeIgniter->runController(Object(App\Controllers\Admin))
 8 SYSTEMPATH\CodeIgniter.php(351): CodeIgniter\CodeIgniter->handleRequest(null, Object(Config\Cache), false)
 9 FCPATH\index.php(67): CodeIgniter\CodeIgniter->run()
CRITICAL - 2023-03-29 03:50:45 --> Undefined constant "Cancelled"
in APPPATH\Views\admin\saleslist.php on line 275.
 1 SYSTEMPATH\View\View.php(213): include()
 2 SYSTEMPATH\View\View.php(216): CodeIgniter\View\View->CodeIgniter\View\{closure}()
 3 SYSTEMPATH\Common.php(1134): CodeIgniter\View\View->render('admin/saleslist', [], true)
 4 APPPATH\Controllers\Admin.php(468): view('admin/saleslist', [...])
 5 SYSTEMPATH\CodeIgniter.php(927): App\Controllers\Admin->saleslist()
 6 SYSTEMPATH\CodeIgniter.php(482): CodeIgniter\CodeIgniter->runController(Object(App\Controllers\Admin))
 7 SYSTEMPATH\CodeIgniter.php(351): CodeIgniter\CodeIgniter->handleRequest(null, Object(Config\Cache), false)
 8 FCPATH\index.php(67): CodeIgniter\CodeIgniter->run()
CRITICAL - 2023-03-29 04:17:24 --> Undefined constant "CodeIgniter\Debug\VENDORPATH"
in SYSTEMPATH\Debug\Exceptions.php on line 177.
 1 SYSTEMPATH\Debug\Exceptions.php(157): CodeIgniter\Debug\Exceptions->isFakerDeprecationError(8192, 'ucwords(): Passing null to parameter #1 ($string) of type string is deprecated', 'APPPATH\\Views\\user\\include\\header.php', 106)
 2 [internal function]: CodeIgniter\Debug\Exceptions->errorHandler(8192, 'ucwords(): Passing null to parameter #1 ($string) of type string is deprecated', 'APPPATH\\Views\\user\\include\\header.php', 106)
 3 APPPATH\Views\user\include\header.php(106): ucwords(null)
 4 SYSTEMPATH\View\View.php(213): include('APPPATH\\Views\\user\\include\\header.php')
 5 SYSTEMPATH\View\View.php(216): CodeIgniter\View\View->CodeIgniter\View\{closure}()
 6 SYSTEMPATH\Common.php(1134): CodeIgniter\View\View->render('user/include/header', [], true)
 7 APPPATH\Controllers\User.php(747): view('user/include/header', [...])
 8 SYSTEMPATH\CodeIgniter.php(927): App\Controllers\User->userOrders()
 9 SYSTEMPATH\CodeIgniter.php(482): CodeIgniter\CodeIgniter->runController(Object(App\Controllers\User))
10 SYSTEMPATH\CodeIgniter.php(351): CodeIgniter\CodeIgniter->handleRequest(null, Object(Config\Cache), false)
11 FCPATH\index.php(67): CodeIgniter\CodeIgniter->run()
CRITICAL - 2023-03-29 04:22:45 --> Undefined constant "CodeIgniter\Debug\VENDORPATH"
in SYSTEMPATH\Debug\Exceptions.php on line 177.
 1 SYSTEMPATH\Debug\Exceptions.php(157): CodeIgniter\Debug\Exceptions->isFakerDeprecationError(8192, 'ucwords(): Passing null to parameter #1 ($string) of type string is deprecated', 'APPPATH\\Views\\user\\include\\header.php', 106)
 2 [internal function]: CodeIgniter\Debug\Exceptions->errorHandler(8192, 'ucwords(): Passing null to parameter #1 ($string) of type string is deprecated', 'APPPATH\\Views\\user\\include\\header.php', 106)
 3 APPPATH\Views\user\include\header.php(106): ucwords(null)
 4 SYSTEMPATH\View\View.php(213): include('APPPATH\\Views\\user\\include\\header.php')
 5 SYSTEMPATH\View\View.php(216): CodeIgniter\View\View->CodeIgniter\View\{closure}()
 6 SYSTEMPATH\Common.php(1134): CodeIgniter\View\View->render('user/include/header', [], true)
 7 APPPATH\Controllers\User.php(527): view('user/include/header', [...])
 8 SYSTEMPATH\CodeIgniter.php(927): App\Controllers\User->cart()
 9 SYSTEMPATH\CodeIgniter.php(482): CodeIgniter\CodeIgniter->runController(Object(App\Controllers\User))
10 SYSTEMPATH\CodeIgniter.php(351): CodeIgniter\CodeIgniter->handleRequest(null, Object(Config\Cache), false)
11 FCPATH\index.php(67): CodeIgniter\CodeIgniter->run()
CRITICAL - 2023-03-29 05:21:39 --> Invalid file: admin/include/script.php
in SYSTEMPATH\Exceptions\FrameworkException.php on line 33.
 1 SYSTEMPATH\View\View.php(201): CodeIgniter\Exceptions\FrameworkException::forInvalidFile('admin/include/script.php')
 2 SYSTEMPATH\Common.php(1134): CodeIgniter\View\View->render('admin/include/script', [], true)
 3 APPPATH\Views\user\checkout.php(526): view('admin/include/script')
 4 SYSTEMPATH\View\View.php(213): include('APPPATH\\Views\\user\\checkout.php')
 5 SYSTEMPATH\View\View.php(216): CodeIgniter\View\View->CodeIgniter\View\{closure}()
 6 SYSTEMPATH\Common.php(1134): CodeIgniter\View\View->render('user/checkout', [], true)
 7 APPPATH\Controllers\User.php(660): view('user/checkout', [...])
 8 SYSTEMPATH\CodeIgniter.php(927): App\Controllers\User->checkout()
 9 SYSTEMPATH\CodeIgniter.php(482): CodeIgniter\CodeIgniter->runController(Object(App\Controllers\User))
10 SYSTEMPATH\CodeIgniter.php(351): CodeIgniter\CodeIgniter->handleRequest(null, Object(Config\Cache), false)
11 FCPATH\index.php(67): CodeIgniter\CodeIgniter->run()
CRITICAL - 2023-03-29 05:22:33 --> Undefined variable $validation
in APPPATH\Views\user\checkout.php on line 207.
 1 APPPATH\Views\user\checkout.php(207): CodeIgniter\Debug\Exceptions->errorHandler(2, 'Undefined variable $validation', 'APPPATH\\Views\\user\\checkout.php', 207)
 2 SYSTEMPATH\View\View.php(213): include('APPPATH\\Views\\user\\checkout.php')
 3 SYSTEMPATH\View\View.php(216): CodeIgniter\View\View->CodeIgniter\View\{closure}()
 4 SYSTEMPATH\Common.php(1134): CodeIgniter\View\View->render('user/checkout', [], true)
 5 APPPATH\Controllers\User.php(660): view('user/checkout', [...])
 6 SYSTEMPATH\CodeIgniter.php(927): App\Controllers\User->checkout()
 7 SYSTEMPATH\CodeIgniter.php(482): CodeIgniter\CodeIgniter->runController(Object(App\Controllers\User))
 8 SYSTEMPATH\CodeIgniter.php(351): CodeIgniter\CodeIgniter->handleRequest(null, Object(Config\Cache), false)
 9 FCPATH\index.php(67): CodeIgniter\CodeIgniter->run()
CRITICAL - 2023-03-29 05:55:15 --> Call to a member function move() on null
in APPPATH\Controllers\User.php on line 704.
 1 SYSTEMPATH\CodeIgniter.php(927): App\Controllers\User->placeorder()
 2 SYSTEMPATH\CodeIgniter.php(482): CodeIgniter\CodeIgniter->runController(Object(App\Controllers\User))
 3 SYSTEMPATH\CodeIgniter.php(351): CodeIgniter\CodeIgniter->handleRequest(null, Object(Config\Cache), false)
 4 FCPATH\index.php(67): CodeIgniter\CodeIgniter->run()
CRITICAL - 2023-03-29 05:59:06 --> Call to a member function getClientName() on null
in APPPATH\Controllers\User.php on line 716.
 1 SYSTEMPATH\CodeIgniter.php(927): App\Controllers\User->placeorder()
 2 SYSTEMPATH\CodeIgniter.php(482): CodeIgniter\CodeIgniter->runController(Object(App\Controllers\User))
 3 SYSTEMPATH\CodeIgniter.php(351): CodeIgniter\CodeIgniter->handleRequest(null, Object(Config\Cache), false)
 4 FCPATH\index.php(67): CodeIgniter\CodeIgniter->run()
CRITICAL - 2023-03-29 05:59:29 --> Call to a member function move() on null
in APPPATH\Controllers\User.php on line 704.
 1 SYSTEMPATH\CodeIgniter.php(927): App\Controllers\User->placeorder()
 2 SYSTEMPATH\CodeIgniter.php(482): CodeIgniter\CodeIgniter->runController(Object(App\Controllers\User))
 3 SYSTEMPATH\CodeIgniter.php(351): CodeIgniter\CodeIgniter->handleRequest(null, Object(Config\Cache), false)
 4 FCPATH\index.php(67): CodeIgniter\CodeIgniter->run()
CRITICAL - 2023-03-29 06:04:31 --> Undefined variable $checkout_model
in APPPATH\Controllers\User.php on line 730.
 1 APPPATH\Controllers\User.php(730): CodeIgniter\Debug\Exceptions->errorHandler(2, 'Undefined variable $checkout_model', 'APPPATH\\Controllers\\User.php', 730)
 2 SYSTEMPATH\CodeIgniter.php(927): App\Controllers\User->placeorder()
 3 SYSTEMPATH\CodeIgniter.php(482): CodeIgniter\CodeIgniter->runController(Object(App\Controllers\User))
 4 SYSTEMPATH\CodeIgniter.php(351): CodeIgniter\CodeIgniter->handleRequest(null, Object(Config\Cache), false)
 5 FCPATH\index.php(67): CodeIgniter\CodeIgniter->run()
CRITICAL - 2023-03-29 06:48:06 --> Undefined variable $downpayment
in APPPATH\Controllers\User.php on line 636.
 1 APPPATH\Controllers\User.php(636): CodeIgniter\Debug\Exceptions->errorHandler(2, 'Undefined variable $downpayment', 'APPPATH\\Controllers\\User.php', 636)
 2 SYSTEMPATH\CodeIgniter.php(927): App\Controllers\User->checkout()
 3 SYSTEMPATH\CodeIgniter.php(482): CodeIgniter\CodeIgniter->runController(Object(App\Controllers\User))
 4 SYSTEMPATH\CodeIgniter.php(351): CodeIgniter\CodeIgniter->handleRequest(null, Object(Config\Cache), false)
 5 FCPATH\index.php(67): CodeIgniter\CodeIgniter->run()
CRITICAL - 2023-03-29 06:56:23 --> Call to a member function getClientName() on null
in APPPATH\Controllers\User.php on line 715.
 1 SYSTEMPATH\CodeIgniter.php(927): App\Controllers\User->placeorder()
 2 SYSTEMPATH\CodeIgniter.php(482): CodeIgniter\CodeIgniter->runController(Object(App\Controllers\User))
 3 SYSTEMPATH\CodeIgniter.php(351): CodeIgniter\CodeIgniter->handleRequest(null, Object(Config\Cache), false)
 4 FCPATH\index.php(67): CodeIgniter\CodeIgniter->run()
CRITICAL - 2023-03-29 07:53:33 --> Undefined variable $datum
in APPPATH\Controllers\User.php on line 729.
 1 APPPATH\Controllers\User.php(729): CodeIgniter\Debug\Exceptions->errorHandler(2, 'Undefined variable $datum', 'APPPATH\\Controllers\\User.php', 729)
 2 SYSTEMPATH\CodeIgniter.php(927): App\Controllers\User->placeorder()
 3 SYSTEMPATH\CodeIgniter.php(482): CodeIgniter\CodeIgniter->runController(Object(App\Controllers\User))
 4 SYSTEMPATH\CodeIgniter.php(351): CodeIgniter\CodeIgniter->handleRequest(null, Object(Config\Cache), false)
 5 FCPATH\index.php(67): CodeIgniter\CodeIgniter->run()
CRITICAL - 2023-03-29 07:55:28 --> Undefined variable $datum
in APPPATH\Controllers\User.php on line 737.
 1 APPPATH\Controllers\User.php(737): CodeIgniter\Debug\Exceptions->errorHandler(2, 'Undefined variable $datum', 'APPPATH\\Controllers\\User.php', 737)
 2 SYSTEMPATH\CodeIgniter.php(927): App\Controllers\User->placeorder()
 3 SYSTEMPATH\CodeIgniter.php(482): CodeIgniter\CodeIgniter->runController(Object(App\Controllers\User))
 4 SYSTEMPATH\CodeIgniter.php(351): CodeIgniter\CodeIgniter->handleRequest(null, Object(Config\Cache), false)
 5 FCPATH\index.php(67): CodeIgniter\CodeIgniter->run()
CRITICAL - 2023-03-29 07:55:38 --> Undefined variable $downpayment
in APPPATH\Controllers\User.php on line 636.
 1 APPPATH\Controllers\User.php(636): CodeIgniter\Debug\Exceptions->errorHandler(2, 'Undefined variable $downpayment', 'APPPATH\\Controllers\\User.php', 636)
 2 SYSTEMPATH\CodeIgniter.php(927): App\Controllers\User->checkout()
 3 SYSTEMPATH\CodeIgniter.php(482): CodeIgniter\CodeIgniter->runController(Object(App\Controllers\User))
 4 SYSTEMPATH\CodeIgniter.php(351): CodeIgniter\CodeIgniter->handleRequest(null, Object(Config\Cache), false)
 5 FCPATH\index.php(67): CodeIgniter\CodeIgniter->run()
CRITICAL - 2023-03-29 07:55:47 --> Undefined variable $downpayment
in APPPATH\Controllers\User.php on line 636.
 1 APPPATH\Controllers\User.php(636): CodeIgniter\Debug\Exceptions->errorHandler(2, 'Undefined variable $downpayment', 'APPPATH\\Controllers\\User.php', 636)
 2 SYSTEMPATH\CodeIgniter.php(927): App\Controllers\User->checkout()
 3 SYSTEMPATH\CodeIgniter.php(482): CodeIgniter\CodeIgniter->runController(Object(App\Controllers\User))
 4 SYSTEMPATH\CodeIgniter.php(351): CodeIgniter\CodeIgniter->handleRequest(null, Object(Config\Cache), false)
 5 FCPATH\index.php(67): CodeIgniter\CodeIgniter->run()
CRITICAL - 2023-03-29 07:57:23 --> Undefined variable $datum
in APPPATH\Controllers\User.php on line 737.
 1 APPPATH\Controllers\User.php(737): CodeIgniter\Debug\Exceptions->errorHandler(2, 'Undefined variable $datum', 'APPPATH\\Controllers\\User.php', 737)
 2 SYSTEMPATH\CodeIgniter.php(927): App\Controllers\User->placeorder()
 3 SYSTEMPATH\CodeIgniter.php(482): CodeIgniter\CodeIgniter->runController(Object(App\Controllers\User))
 4 SYSTEMPATH\CodeIgniter.php(351): CodeIgniter\CodeIgniter->handleRequest(null, Object(Config\Cache), false)
 5 FCPATH\index.php(67): CodeIgniter\CodeIgniter->run()
CRITICAL - 2023-03-29 07:58:22 --> Call to a member function move() on null
in APPPATH\Controllers\User.php on line 708.
 1 SYSTEMPATH\CodeIgniter.php(927): App\Controllers\User->placeorder()
 2 SYSTEMPATH\CodeIgniter.php(482): CodeIgniter\CodeIgniter->runController(Object(App\Controllers\User))
 3 SYSTEMPATH\CodeIgniter.php(351): CodeIgniter\CodeIgniter->handleRequest(null, Object(Config\Cache), false)
 4 FCPATH\index.php(67): CodeIgniter\CodeIgniter->run()
CRITICAL - 2023-03-29 08:00:20 --> Undefined variable $downpayment
in APPPATH\Controllers\User.php on line 636.
 1 APPPATH\Controllers\User.php(636): CodeIgniter\Debug\Exceptions->errorHandler(2, 'Undefined variable $downpayment', 'APPPATH\\Controllers\\User.php', 636)
 2 SYSTEMPATH\CodeIgniter.php(927): App\Controllers\User->checkout()
 3 SYSTEMPATH\CodeIgniter.php(482): CodeIgniter\CodeIgniter->runController(Object(App\Controllers\User))
 4 SYSTEMPATH\CodeIgniter.php(351): CodeIgniter\CodeIgniter->handleRequest(null, Object(Config\Cache), false)
 5 FCPATH\index.php(67): CodeIgniter\CodeIgniter->run()
CRITICAL - 2023-03-29 08:02:39 --> Call to a member function move() on null
in APPPATH\Controllers\User.php on line 708.
 1 SYSTEMPATH\CodeIgniter.php(927): App\Controllers\User->placeorder()
 2 SYSTEMPATH\CodeIgniter.php(482): CodeIgniter\CodeIgniter->runController(Object(App\Controllers\User))
 3 SYSTEMPATH\CodeIgniter.php(351): CodeIgniter\CodeIgniter->handleRequest(null, Object(Config\Cache), false)
 4 FCPATH\index.php(67): CodeIgniter\CodeIgniter->run()
CRITICAL - 2023-03-29 08:03:19 --> Call to a member function getClientName() on null
in APPPATH\Controllers\User.php on line 720.
 1 SYSTEMPATH\CodeIgniter.php(927): App\Controllers\User->placeorder()
 2 SYSTEMPATH\CodeIgniter.php(482): CodeIgniter\CodeIgniter->runController(Object(App\Controllers\User))
 3 SYSTEMPATH\CodeIgniter.php(351): CodeIgniter\CodeIgniter->handleRequest(null, Object(Config\Cache), false)
 4 FCPATH\index.php(67): CodeIgniter\CodeIgniter->run()
CRITICAL - 2023-03-29 08:04:05 --> Undefined variable $imageFile
in APPPATH\Controllers\User.php on line 706.
 1 APPPATH\Controllers\User.php(706): CodeIgniter\Debug\Exceptions->errorHandler(2, 'Undefined variable $imageFile', 'APPPATH\\Controllers\\User.php', 706)
 2 SYSTEMPATH\CodeIgniter.php(927): App\Controllers\User->placeorder()
 3 SYSTEMPATH\CodeIgniter.php(482): CodeIgniter\CodeIgniter->runController(Object(App\Controllers\User))
 4 SYSTEMPATH\CodeIgniter.php(351): CodeIgniter\CodeIgniter->handleRequest(null, Object(Config\Cache), false)
 5 FCPATH\index.php(67): CodeIgniter\CodeIgniter->run()
CRITICAL - 2023-03-29 08:08:32 --> Undefined variable $downpayment
in APPPATH\Controllers\User.php on line 636.
 1 APPPATH\Controllers\User.php(636): CodeIgniter\Debug\Exceptions->errorHandler(2, 'Undefined variable $downpayment', 'APPPATH\\Controllers\\User.php', 636)
 2 SYSTEMPATH\CodeIgniter.php(927): App\Controllers\User->checkout()
 3 SYSTEMPATH\CodeIgniter.php(482): CodeIgniter\CodeIgniter->runController(Object(App\Controllers\User))
 4 SYSTEMPATH\CodeIgniter.php(351): CodeIgniter\CodeIgniter->handleRequest(null, Object(Config\Cache), false)
 5 FCPATH\index.php(67): CodeIgniter\CodeIgniter->run()
CRITICAL - 2023-03-29 08:13:10 --> Undefined variable $downpayment
in APPPATH\Controllers\User.php on line 636.
 1 APPPATH\Controllers\User.php(636): CodeIgniter\Debug\Exceptions->errorHandler(2, 'Undefined variable $downpayment', 'APPPATH\\Controllers\\User.php', 636)
 2 SYSTEMPATH\CodeIgniter.php(927): App\Controllers\User->checkout()
 3 SYSTEMPATH\CodeIgniter.php(482): CodeIgniter\CodeIgniter->runController(Object(App\Controllers\User))
 4 SYSTEMPATH\CodeIgniter.php(351): CodeIgniter\CodeIgniter->handleRequest(null, Object(Config\Cache), false)
 5 FCPATH\index.php(67): CodeIgniter\CodeIgniter->run()
CRITICAL - 2023-03-29 08:18:59 --> Undefined property: stdClass::$flavor
in APPPATH\Views\admin\saleslist.php on line 243.
 1 APPPATH\Views\admin\saleslist.php(243): CodeIgniter\Debug\Exceptions->errorHandler(2, 'Undefined property: stdClass::$flavor', 'APPPATH\\Views\\admin\\saleslist.php', 243)
 2 SYSTEMPATH\View\View.php(213): include('APPPATH\\Views\\admin\\saleslist.php')
 3 SYSTEMPATH\View\View.php(216): CodeIgniter\View\View->CodeIgniter\View\{closure}()
 4 SYSTEMPATH\Common.php(1134): CodeIgniter\View\View->render('admin/saleslist', [], true)
 5 APPPATH\Controllers\Admin.php(468): view('admin/saleslist', [...])
 6 SYSTEMPATH\CodeIgniter.php(927): App\Controllers\Admin->saleslist()
 7 SYSTEMPATH\CodeIgniter.php(482): CodeIgniter\CodeIgniter->runController(Object(App\Controllers\Admin))
 8 SYSTEMPATH\CodeIgniter.php(351): CodeIgniter\CodeIgniter->handleRequest(null, Object(Config\Cache), false)
 9 FCPATH\index.php(67): CodeIgniter\CodeIgniter->run()
CRITICAL - 2023-03-29 08:22:46 --> Undefined constant "CodeIgniter\Debug\VENDORPATH"
in SYSTEMPATH\Debug\Exceptions.php on line 177.
 1 SYSTEMPATH\Debug\Exceptions.php(157): CodeIgniter\Debug\Exceptions->isFakerDeprecationError(8192, 'ucwords(): Passing null to parameter #1 ($string) of type string is deprecated', 'APPPATH\\Views\\user\\include\\header.php', 106)
 2 [internal function]: CodeIgniter\Debug\Exceptions->errorHandler(8192, 'ucwords(): Passing null to parameter #1 ($string) of type string is deprecated', 'APPPATH\\Views\\user\\include\\header.php', 106)
 3 APPPATH\Views\user\include\header.php(106): ucwords(null)
 4 SYSTEMPATH\View\View.php(213): include('APPPATH\\Views\\user\\include\\header.php')
 5 SYSTEMPATH\View\View.php(216): CodeIgniter\View\View->CodeIgniter\View\{closure}()
 6 SYSTEMPATH\Common.php(1134): CodeIgniter\View\View->render('user/include/header', [], true)
 7 APPPATH\Controllers\User.php(765): view('user/include/header', [...])
 8 SYSTEMPATH\CodeIgniter.php(927): App\Controllers\User->userOrders()
 9 SYSTEMPATH\CodeIgniter.php(482): CodeIgniter\CodeIgniter->runController(Object(App\Controllers\User))
10 SYSTEMPATH\CodeIgniter.php(351): CodeIgniter\CodeIgniter->handleRequest(null, Object(Config\Cache), false)
11 FCPATH\index.php(67): CodeIgniter\CodeIgniter->run()
CRITICAL - 2023-03-29 08:22:49 --> Undefined property: stdClass::$image
in APPPATH\Views\admin\saleslist.php on line 243.
 1 APPPATH\Views\admin\saleslist.php(243): CodeIgniter\Debug\Exceptions->errorHandler(2, 'Undefined property: stdClass::$image', 'APPPATH\\Views\\admin\\saleslist.php', 243)
 2 SYSTEMPATH\View\View.php(213): include('APPPATH\\Views\\admin\\saleslist.php')
 3 SYSTEMPATH\View\View.php(216): CodeIgniter\View\View->CodeIgniter\View\{closure}()
 4 SYSTEMPATH\Common.php(1134): CodeIgniter\View\View->render('admin/saleslist', [], true)
 5 APPPATH\Controllers\Admin.php(468): view('admin/saleslist', [...])
 6 SYSTEMPATH\CodeIgniter.php(927): App\Controllers\Admin->saleslist()
 7 SYSTEMPATH\CodeIgniter.php(482): CodeIgniter\CodeIgniter->runController(Object(App\Controllers\Admin))
 8 SYSTEMPATH\CodeIgniter.php(351): CodeIgniter\CodeIgniter->handleRequest(null, Object(Config\Cache), false)
 9 FCPATH\index.php(67): CodeIgniter\CodeIgniter->run()
CRITICAL - 2023-03-29 08:33:14 --> Undefined variable $downpayment
in APPPATH\Controllers\User.php on line 636.
 1 APPPATH\Controllers\User.php(636): CodeIgniter\Debug\Exceptions->errorHandler(2, 'Undefined variable $downpayment', 'APPPATH\\Controllers\\User.php', 636)
 2 SYSTEMPATH\CodeIgniter.php(927): App\Controllers\User->checkout()
 3 SYSTEMPATH\CodeIgniter.php(482): CodeIgniter\CodeIgniter->runController(Object(App\Controllers\User))
 4 SYSTEMPATH\CodeIgniter.php(351): CodeIgniter\CodeIgniter->handleRequest(null, Object(Config\Cache), false)
 5 FCPATH\index.php(67): CodeIgniter\CodeIgniter->run()
CRITICAL - 2023-03-29 08:35:29 --> Undefined variable $downpayment
in APPPATH\Controllers\User.php on line 636.
 1 APPPATH\Controllers\User.php(636): CodeIgniter\Debug\Exceptions->errorHandler(2, 'Undefined variable $downpayment', 'APPPATH\\Controllers\\User.php', 636)
 2 SYSTEMPATH\CodeIgniter.php(927): App\Controllers\User->checkout()
 3 SYSTEMPATH\CodeIgniter.php(482): CodeIgniter\CodeIgniter->runController(Object(App\Controllers\User))
 4 SYSTEMPATH\CodeIgniter.php(351): CodeIgniter\CodeIgniter->handleRequest(null, Object(Config\Cache), false)
 5 FCPATH\index.php(67): CodeIgniter\CodeIgniter->run()
CRITICAL - 2023-03-29 08:39:52 --> Call to a member function move() on null
in APPPATH\Controllers\User.php on line 715.
 1 SYSTEMPATH\CodeIgniter.php(927): App\Controllers\User->placeorder()
 2 SYSTEMPATH\CodeIgniter.php(482): CodeIgniter\CodeIgniter->runController(Object(App\Controllers\User))
 3 SYSTEMPATH\CodeIgniter.php(351): CodeIgniter\CodeIgniter->handleRequest(null, Object(Config\Cache), false)
 4 FCPATH\index.php(67): CodeIgniter\CodeIgniter->run()
CRITICAL - 2023-03-29 09:24:24 --> Undefined variable $imageFile
in APPPATH\Controllers\User.php on line 714.
 1 APPPATH\Controllers\User.php(714): CodeIgniter\Debug\Exceptions->errorHandler(2, 'Undefined variable $imageFile', 'APPPATH\\Controllers\\User.php', 714)
 2 SYSTEMPATH\CodeIgniter.php(927): App\Controllers\User->placeorder()
 3 SYSTEMPATH\CodeIgniter.php(482): CodeIgniter\CodeIgniter->runController(Object(App\Controllers\User))
 4 SYSTEMPATH\CodeIgniter.php(351): CodeIgniter\CodeIgniter->handleRequest(null, Object(Config\Cache), false)
 5 FCPATH\index.php(67): CodeIgniter\CodeIgniter->run()
CRITICAL - 2023-03-29 10:37:27 --> Undefined constant "CodeIgniter\Debug\VENDORPATH"
in SYSTEMPATH\Debug\Exceptions.php on line 177.
 1 SYSTEMPATH\Debug\Exceptions.php(157): CodeIgniter\Debug\Exceptions->isFakerDeprecationError(8192, 'ucwords(): Passing null to parameter #1 ($string) of type string is deprecated', 'APPPATH\\Views\\user\\include\\header.php', 106)
 2 [internal function]: CodeIgniter\Debug\Exceptions->errorHandler(8192, 'ucwords(): Passing null to parameter #1 ($string) of type string is deprecated', 'APPPATH\\Views\\user\\include\\header.php', 106)
 3 APPPATH\Views\user\include\header.php(106): ucwords(null)
 4 SYSTEMPATH\View\View.php(213): include('APPPATH\\Views\\user\\include\\header.php')
 5 SYSTEMPATH\View\View.php(216): CodeIgniter\View\View->CodeIgniter\View\{closure}()
 6 SYSTEMPATH\Common.php(1134): CodeIgniter\View\View->render('user/include/header', [], true)
 7 APPPATH\Controllers\User.php(756): view('user/include/header', [...])
 8 SYSTEMPATH\CodeIgniter.php(927): App\Controllers\User->userOrders()
 9 SYSTEMPATH\CodeIgniter.php(482): CodeIgniter\CodeIgniter->runController(Object(App\Controllers\User))
10 SYSTEMPATH\CodeIgniter.php(351): CodeIgniter\CodeIgniter->handleRequest(null, Object(Config\Cache), false)
11 FCPATH\index.php(67): CodeIgniter\CodeIgniter->run()
CRITICAL - 2023-03-29 10:47:55 --> Undefined variable $subtotal
in APPPATH\Controllers\User.php on line 544.
 1 APPPATH\Controllers\User.php(544): CodeIgniter\Debug\Exceptions->errorHandler(2, 'Undefined variable $subtotal', 'APPPATH\\Controllers\\User.php', 544)
 2 SYSTEMPATH\CodeIgniter.php(927): App\Controllers\User->orderdetails()
 3 SYSTEMPATH\CodeIgniter.php(482): CodeIgniter\CodeIgniter->runController(Object(App\Controllers\User))
 4 SYSTEMPATH\CodeIgniter.php(351): CodeIgniter\CodeIgniter->handleRequest(null, Object(Config\Cache), false)
 5 FCPATH\index.php(67): CodeIgniter\CodeIgniter->run()
CRITICAL - 2023-03-29 10:57:16 --> Undefined variable $downpayment
in APPPATH\Controllers\User.php on line 550.
 1 APPPATH\Controllers\User.php(550): CodeIgniter\Debug\Exceptions->errorHandler(2, 'Undefined variable $downpayment', 'APPPATH\\Controllers\\User.php', 550)
 2 SYSTEMPATH\CodeIgniter.php(927): App\Controllers\User->orderdetails()
 3 SYSTEMPATH\CodeIgniter.php(482): CodeIgniter\CodeIgniter->runController(Object(App\Controllers\User))
 4 SYSTEMPATH\CodeIgniter.php(351): CodeIgniter\CodeIgniter->handleRequest(null, Object(Config\Cache), false)
 5 FCPATH\index.php(67): CodeIgniter\CodeIgniter->run()
ERROR - 2023-03-29 20:07:25 --> mysqli_sql_exception: Unknown column 'image' in 'field list' in C:\wamp64\www\ocake\ocake\system\Database\MySQLi\Connection.php:292
Stack trace:
#0 C:\wamp64\www\ocake\ocake\system\Database\MySQLi\Connection.php(292): mysqli->query('UPDATE `users` ...', 0)
#1 C:\wamp64\www\ocake\ocake\system\Database\BaseConnection.php(666): CodeIgniter\Database\MySQLi\Connection->execute('UPDATE `users` ...')
#2 C:\wamp64\www\ocake\ocake\system\Database\BaseConnection.php(593): CodeIgniter\Database\BaseConnection->simpleQuery('UPDATE `users` ...')
#3 C:\wamp64\www\ocake\ocake\system\Database\BaseBuilder.php(2079): CodeIgniter\Database\BaseConnection->query('UPDATE `users` ...', Array, false)
#4 C:\wamp64\www\ocake\ocake\app\Models\Personal_m.php(28): CodeIgniter\Database\BaseBuilder->update()
#5 C:\wamp64\www\ocake\ocake\app\Controllers\User.php(1127): App\Models\Personal_m->profile_update(Array, '20')
#6 C:\wamp64\www\ocake\ocake\system\CodeIgniter.php(927): App\Controllers\User->profile_update('20', '')
#7 C:\wamp64\www\ocake\ocake\system\CodeIgniter.php(482): CodeIgniter\CodeIgniter->runController(Object(App\Controllers\User))
#8 C:\wamp64\www\ocake\ocake\system\CodeIgniter.php(351): CodeIgniter\CodeIgniter->handleRequest(NULL, Object(Config\Cache), false)
#9 C:\wamp64\www\ocake\index.php(67): CodeIgniter\CodeIgniter->run()
#10 {main}
CRITICAL - 2023-03-29 21:28:32 --> Undefined constant "CodeIgniter\Debug\VENDORPATH"
in SYSTEMPATH\Debug\Exceptions.php on line 177.
 1 SYSTEMPATH\Debug\Exceptions.php(157): CodeIgniter\Debug\Exceptions->isFakerDeprecationError(8192, 'ucwords(): Passing null to parameter #1 ($string) of type string is deprecated', 'APPPATH\\Views\\user\\include\\header.php', 106)
 2 [internal function]: CodeIgniter\Debug\Exceptions->errorHandler(8192, 'ucwords(): Passing null to parameter #1 ($string) of type string is deprecated', 'APPPATH\\Views\\user\\include\\header.php', 106)
 3 APPPATH\Views\user\include\header.php(106): ucwords(null)
 4 SYSTEMPATH\View\View.php(213): include('APPPATH\\Views\\user\\include\\header.php')
 5 SYSTEMPATH\View\View.php(216): CodeIgniter\View\View->CodeIgniter\View\{closure}()
 6 SYSTEMPATH\Common.php(1134): CodeIgniter\View\View->render('user/include/header', [], true)
 7 APPPATH\Controllers\User.php(566): view('user/include/header', [...])
 8 SYSTEMPATH\CodeIgniter.php(927): App\Controllers\User->orderdetails()
 9 SYSTEMPATH\CodeIgniter.php(482): CodeIgniter\CodeIgniter->runController(Object(App\Controllers\User))
10 SYSTEMPATH\CodeIgniter.php(351): CodeIgniter\CodeIgniter->handleRequest(null, Object(Config\Cache), false)
11 FCPATH\index.php(67): CodeIgniter\CodeIgniter->run()
CRITICAL - 2023-03-29 22:41:44 --> Undefined variable $downpayment
in APPPATH\Controllers\User.php on line 636.
 1 APPPATH\Controllers\User.php(636): CodeIgniter\Debug\Exceptions->errorHandler(2, 'Undefined variable $downpayment', 'APPPATH\\Controllers\\User.php', 636)
 2 SYSTEMPATH\CodeIgniter.php(927): App\Controllers\User->checkout()
 3 SYSTEMPATH\CodeIgniter.php(482): CodeIgniter\CodeIgniter->runController(Object(App\Controllers\User))
 4 SYSTEMPATH\CodeIgniter.php(351): CodeIgniter\CodeIgniter->handleRequest(null, Object(Config\Cache), false)
 5 FCPATH\index.php(67): CodeIgniter\CodeIgniter->run()
CRITICAL - 2023-03-29 22:49:53 --> Call to undefined function Your order was already <b>CONFIRMED</b>. If you cancel, your <b>DOWNPAYMENT</b> will be <b>REFUNDED</b> in <b>HALF.</b><p>()
in APPPATH\Views\user\order_details.php on line 327.
 1 SYSTEMPATH\View\View.php(213): include()
 2 SYSTEMPATH\View\View.php(216): CodeIgniter\View\View->CodeIgniter\View\{closure}()
 3 SYSTEMPATH\Common.php(1134): CodeIgniter\View\View->render('user/order_details', [], true)
 4 APPPATH\Controllers\User.php(567): view('user/order_details')
 5 SYSTEMPATH\CodeIgniter.php(927): App\Controllers\User->orderdetails()
 6 SYSTEMPATH\CodeIgniter.php(482): CodeIgniter\CodeIgniter->runController(Object(App\Controllers\User))
 7 SYSTEMPATH\CodeIgniter.php(351): CodeIgniter\CodeIgniter->handleRequest(null, Object(Config\Cache), false)
 8 FCPATH\index.php(67): CodeIgniter\CodeIgniter->run()
