CRITICAL - 2023-03-24 21:28:31 --> Invalid file: admin/include/script.php
in SYSTEMPATH\Exceptions\FrameworkException.php on line 33.
 1 SYSTEMPATH\View\View.php(201): CodeIgniter\Exceptions\FrameworkException::forInvalidFile('admin/include/script.php')
 2 SYSTEMPATH\Common.php(1134): CodeIgniter\View\View->render('admin/include/script', [], true)
 3 APPPATH\Views\user\order_details.php(358): view('admin/include/script')
 4 SYSTEMPATH\View\View.php(213): include('APPPATH\\Views\\user\\order_details.php')
 5 SYSTEMPATH\View\View.php(216): CodeIgniter\View\View->CodeIgniter\View\{closure}()
 6 SYSTEMPATH\Common.php(1134): CodeIgniter\View\View->render('user/order_details', [], true)
 7 APPPATH\Controllers\User.php(567): view('user/order_details')
 8 SYSTEMPATH\CodeIgniter.php(927): App\Controllers\User->orderdetails()
 9 SYSTEMPATH\CodeIgniter.php(482): CodeIgniter\CodeIgniter->runController(Object(App\Controllers\User))
10 SYSTEMPATH\CodeIgniter.php(351): CodeIgniter\CodeIgniter->handleRequest(null, Object(Config\Cache), false)
11 FCPATH\index.php(67): CodeIgniter\CodeIgniter->run()
CRITICAL - 2023-03-24 21:32:00 --> Undefined constant "CodeIgniter\Debug\VENDORPATH"
in SYSTEMPATH\Debug\Exceptions.php on line 177.
 1 SYSTEMPATH\Debug\Exceptions.php(157): CodeIgniter\Debug\Exceptions->isFakerDeprecationError(8192, 'ucwords(): Passing null to parameter #1 ($string) of type string is deprecated', 'APPPATH\\Views\\user\\include\\header.php', 105)
 2 [internal function]: CodeIgniter\Debug\Exceptions->errorHandler(8192, 'ucwords(): Passing null to parameter #1 ($string) of type string is deprecated', 'APPPATH\\Views\\user\\include\\header.php', 105)
 3 APPPATH\Views\user\include\header.php(105): ucwords(null)
 4 SYSTEMPATH\View\View.php(213): include('APPPATH\\Views\\user\\include\\header.php')
 5 SYSTEMPATH\View\View.php(216): CodeIgniter\View\View->CodeIgniter\View\{closure}()
 6 SYSTEMPATH\Common.php(1134): CodeIgniter\View\View->render('user/include/header', [], true)
 7 APPPATH\Controllers\User.php(398): view('user/include/header', [...])
 8 SYSTEMPATH\CodeIgniter.php(927): App\Controllers\User->getHalloween()
 9 SYSTEMPATH\CodeIgniter.php(482): CodeIgniter\CodeIgniter->runController(Object(App\Controllers\User))
10 SYSTEMPATH\CodeIgniter.php(351): CodeIgniter\CodeIgniter->handleRequest(null, Object(Config\Cache), false)
11 FCPATH\index.php(67): CodeIgniter\CodeIgniter->run()
CRITICAL - 2023-03-24 21:32:18 --> Undefined constant "CodeIgniter\Debug\VENDORPATH"
in SYSTEMPATH\Debug\Exceptions.php on line 177.
 1 SYSTEMPATH\Debug\Exceptions.php(157): CodeIgniter\Debug\Exceptions->isFakerDeprecationError(8192, 'ucwords(): Passing null to parameter #1 ($string) of type string is deprecated', 'APPPATH\\Views\\user\\include\\header.php', 105)
 2 [internal function]: CodeIgniter\Debug\Exceptions->errorHandler(8192, 'ucwords(): Passing null to parameter #1 ($string) of type string is deprecated', 'APPPATH\\Views\\user\\include\\header.php', 105)
 3 APPPATH\Views\user\include\header.php(105): ucwords(null)
 4 SYSTEMPATH\View\View.php(213): include('APPPATH\\Views\\user\\include\\header.php')
 5 SYSTEMPATH\View\View.php(216): CodeIgniter\View\View->CodeIgniter\View\{closure}()
 6 SYSTEMPATH\Common.php(1134): CodeIgniter\View\View->render('user/include/header', [], true)
 7 APPPATH\Controllers\User.php(367): view('user/include/header', [...])
 8 SYSTEMPATH\CodeIgniter.php(927): App\Controllers\User->getGrad()
 9 SYSTEMPATH\CodeIgniter.php(482): CodeIgniter\CodeIgniter->runController(Object(App\Controllers\User))
10 SYSTEMPATH\CodeIgniter.php(351): CodeIgniter\CodeIgniter->handleRequest(null, Object(Config\Cache), false)
11 FCPATH\index.php(67): CodeIgniter\CodeIgniter->run()
CRITICAL - 2023-03-24 21:32:28 --> Undefined constant "CodeIgniter\Debug\VENDORPATH"
in SYSTEMPATH\Debug\Exceptions.php on line 177.
 1 SYSTEMPATH\Debug\Exceptions.php(157): CodeIgniter\Debug\Exceptions->isFakerDeprecationError(8192, 'ucwords(): Passing null to parameter #1 ($string) of type string is deprecated', 'APPPATH\\Views\\user\\include\\header.php', 105)
 2 [internal function]: CodeIgniter\Debug\Exceptions->errorHandler(8192, 'ucwords(): Passing null to parameter #1 ($string) of type string is deprecated', 'APPPATH\\Views\\user\\include\\header.php', 105)
 3 APPPATH\Views\user\include\header.php(105): ucwords(null)
 4 SYSTEMPATH\View\View.php(213): include('APPPATH\\Views\\user\\include\\header.php')
 5 SYSTEMPATH\View\View.php(216): CodeIgniter\View\View->CodeIgniter\View\{closure}()
 6 SYSTEMPATH\Common.php(1134): CodeIgniter\View\View->render('user/include/header', [], true)
 7 APPPATH\Controllers\User.php(104): view('user/include/header', [...])
 8 SYSTEMPATH\CodeIgniter.php(927): App\Controllers\User->home()
 9 SYSTEMPATH\CodeIgniter.php(482): CodeIgniter\CodeIgniter->runController(Object(App\Controllers\User))
10 SYSTEMPATH\CodeIgniter.php(351): CodeIgniter\CodeIgniter->handleRequest(null, Object(Config\Cache), false)
11 FCPATH\index.php(67): CodeIgniter\CodeIgniter->run()
CRITICAL - 2023-03-24 22:19:36 --> Undefined constant "CodeIgniter\Debug\VENDORPATH"
in SYSTEMPATH\Debug\Exceptions.php on line 177.
 1 SYSTEMPATH\Debug\Exceptions.php(157): CodeIgniter\Debug\Exceptions->isFakerDeprecationError(8192, 'ucwords(): Passing null to parameter #1 ($string) of type string is deprecated', 'APPPATH\\Views\\user\\include\\header.php', 105)
 2 [internal function]: CodeIgniter\Debug\Exceptions->errorHandler(8192, 'ucwords(): Passing null to parameter #1 ($string) of type string is deprecated', 'APPPATH\\Views\\user\\include\\header.php', 105)
 3 APPPATH\Views\user\include\header.php(105): ucwords(null)
 4 SYSTEMPATH\View\View.php(213): include('APPPATH\\Views\\user\\include\\header.php')
 5 SYSTEMPATH\View\View.php(216): CodeIgniter\View\View->CodeIgniter\View\{closure}()
 6 SYSTEMPATH\Common.php(1134): CodeIgniter\View\View->render('user/include/header', [], true)
 7 APPPATH\Controllers\User.php(1028): view('user/include/header', [...])
 8 SYSTEMPATH\CodeIgniter.php(927): App\Controllers\User->cancelledOrder()
 9 SYSTEMPATH\CodeIgniter.php(482): CodeIgniter\CodeIgniter->runController(Object(App\Controllers\User))
10 SYSTEMPATH\CodeIgniter.php(351): CodeIgniter\CodeIgniter->handleRequest(null, Object(Config\Cache), false)
11 FCPATH\index.php(67): CodeIgniter\CodeIgniter->run()
CRITICAL - 2023-03-24 22:19:48 --> Undefined constant "CodeIgniter\Debug\VENDORPATH"
in SYSTEMPATH\Debug\Exceptions.php on line 177.
 1 SYSTEMPATH\Debug\Exceptions.php(157): CodeIgniter\Debug\Exceptions->isFakerDeprecationError(8192, 'ucwords(): Passing null to parameter #1 ($string) of type string is deprecated', 'APPPATH\\Views\\user\\include\\header.php', 105)
 2 [internal function]: CodeIgniter\Debug\Exceptions->errorHandler(8192, 'ucwords(): Passing null to parameter #1 ($string) of type string is deprecated', 'APPPATH\\Views\\user\\include\\header.php', 105)
 3 APPPATH\Views\user\include\header.php(105): ucwords(null)
 4 SYSTEMPATH\View\View.php(213): include('APPPATH\\Views\\user\\include\\header.php')
 5 SYSTEMPATH\View\View.php(216): CodeIgniter\View\View->CodeIgniter\View\{closure}()
 6 SYSTEMPATH\Common.php(1134): CodeIgniter\View\View->render('user/include/header', [], true)
 7 APPPATH\Controllers\User.php(104): view('user/include/header', [...])
 8 SYSTEMPATH\CodeIgniter.php(927): App\Controllers\User->home()
 9 SYSTEMPATH\CodeIgniter.php(482): CodeIgniter\CodeIgniter->runController(Object(App\Controllers\User))
10 SYSTEMPATH\CodeIgniter.php(351): CodeIgniter\CodeIgniter->handleRequest(null, Object(Config\Cache), false)
11 FCPATH\index.php(67): CodeIgniter\CodeIgniter->run()
CRITICAL - 2023-03-24 22:49:16 --> Undefined constant "CodeIgniter\Debug\VENDORPATH"
in SYSTEMPATH\Debug\Exceptions.php on line 177.
 1 SYSTEMPATH\Debug\Exceptions.php(157): CodeIgniter\Debug\Exceptions->isFakerDeprecationError(8192, 'ucwords(): Passing null to parameter #1 ($string) of type string is deprecated', 'APPPATH\\Views\\user\\include\\header.php', 105)
 2 [internal function]: CodeIgniter\Debug\Exceptions->errorHandler(8192, 'ucwords(): Passing null to parameter #1 ($string) of type string is deprecated', 'APPPATH\\Views\\user\\include\\header.php', 105)
 3 APPPATH\Views\user\include\header.php(105): ucwords(null)
 4 SYSTEMPATH\View\View.php(213): include('APPPATH\\Views\\user\\include\\header.php')
 5 SYSTEMPATH\View\View.php(216): CodeIgniter\View\View->CodeIgniter\View\{closure}()
 6 SYSTEMPATH\Common.php(1134): CodeIgniter\View\View->render('user/include/header', [], true)
 7 APPPATH\Controllers\User.php(1028): view('user/include/header', [...])
 8 SYSTEMPATH\CodeIgniter.php(927): App\Controllers\User->cancelledOrder()
 9 SYSTEMPATH\CodeIgniter.php(482): CodeIgniter\CodeIgniter->runController(Object(App\Controllers\User))
10 SYSTEMPATH\CodeIgniter.php(351): CodeIgniter\CodeIgniter->handleRequest(null, Object(Config\Cache), false)
11 FCPATH\index.php(67): CodeIgniter\CodeIgniter->run()
CRITICAL - 2023-03-24 22:59:42 --> Undefined property: stdClass::$occasion
in APPPATH\Views\user\cancelled_order.php on line 183.
 1 APPPATH\Views\user\cancelled_order.php(183): CodeIgniter\Debug\Exceptions->errorHandler(2, 'Undefined property: stdClass::$occasion', 'APPPATH\\Views\\user\\cancelled_order.php', 183)
 2 SYSTEMPATH\View\View.php(213): include('APPPATH\\Views\\user\\cancelled_order.php')
 3 SYSTEMPATH\View\View.php(216): CodeIgniter\View\View->CodeIgniter\View\{closure}()
 4 SYSTEMPATH\Common.php(1134): CodeIgniter\View\View->render('user/cancelled_order', [], true)
 5 APPPATH\Controllers\User.php(1029): view('user/cancelled_order')
 6 SYSTEMPATH\CodeIgniter.php(927): App\Controllers\User->cancelledOrder()
 7 SYSTEMPATH\CodeIgniter.php(482): CodeIgniter\CodeIgniter->runController(Object(App\Controllers\User))
 8 SYSTEMPATH\CodeIgniter.php(351): CodeIgniter\CodeIgniter->handleRequest(null, Object(Config\Cache), false)
 9 FCPATH\index.php(67): CodeIgniter\CodeIgniter->run()
CRITICAL - 2023-03-24 23:04:21 --> Undefined variable $order_code
in APPPATH\Controllers\User.php on line 1006.
 1 APPPATH\Controllers\User.php(1006): CodeIgniter\Debug\Exceptions->errorHandler(2, 'Undefined variable $order_code', 'APPPATH\\Controllers\\User.php', 1006)
 2 SYSTEMPATH\CodeIgniter.php(927): App\Controllers\User->cancelledOrder()
 3 SYSTEMPATH\CodeIgniter.php(482): CodeIgniter\CodeIgniter->runController(Object(App\Controllers\User))
 4 SYSTEMPATH\CodeIgniter.php(351): CodeIgniter\CodeIgniter->handleRequest(null, Object(Config\Cache), false)
 5 FCPATH\index.php(67): CodeIgniter\CodeIgniter->run()
CRITICAL - 2023-03-24 23:10:05 --> Undefined variable $order_code
in APPPATH\Controllers\User.php on line 1006.
 1 APPPATH\Controllers\User.php(1006): CodeIgniter\Debug\Exceptions->errorHandler(2, 'Undefined variable $order_code', 'APPPATH\\Controllers\\User.php', 1006)
 2 SYSTEMPATH\CodeIgniter.php(927): App\Controllers\User->cancelledOrder()
 3 SYSTEMPATH\CodeIgniter.php(482): CodeIgniter\CodeIgniter->runController(Object(App\Controllers\User))
 4 SYSTEMPATH\CodeIgniter.php(351): CodeIgniter\CodeIgniter->handleRequest(null, Object(Config\Cache), false)
 5 FCPATH\index.php(67): CodeIgniter\CodeIgniter->run()
