CRITICAL - 2023-01-30 03:38:46 --> file_get_contents(C:\wamp64\www\ocake\ocake\writable\debugbar/debugbar_1675069760.997132.json): failed to open stream: Permission denied
in SYSTEMPATH\Debug\Toolbar\Collectors\History.php on line 82.
 1 [internal function]: CodeIgniter\Debug\Exceptions->errorHandler(2, 'file_get_contents(C:\\wamp64\\www\\ocake\\ocake\\writable\\debugbar/debugbar_1675069760.997132.json): failed to open stream: Permission denied', 'SYSTEMPATH\\Debug\\Toolbar\\Collectors\\History.php', 82, [...])
 2 SYSTEMPATH\Debug\Toolbar\Collectors\History.php(82): file_get_contents('FCPATH\\ocake\\writable\\debugbar/debugbar_1675069760.997132.json')
 3 SYSTEMPATH\Debug\Toolbar.php(500): CodeIgniter\Debug\Toolbar\Collectors\History->setFiles('1675071495.131515', 20)
 4 SYSTEMPATH\Debug\Toolbar.php(477): CodeIgniter\Debug\Toolbar->format([...], 'html')
 5 APPPATH\Config\Events.php(46): CodeIgniter\Debug\Toolbar->respond()
 6 SYSTEMPATH\Events\Events.php(149): CodeIgniter\Events\Events::Config\{closure}()
 7 SYSTEMPATH\CodeIgniter.php(328): CodeIgniter\Events\Events::trigger('pre_system')
 8 FCPATH\index.php(67): CodeIgniter\CodeIgniter->run()
CRITICAL - 2023-01-30 05:46:24 --> Undefined variable: userData
in APPPATH\Views\user\user_profile.php on line 33.
 1 APPPATH\Views\user\user_profile.php(33): CodeIgniter\Debug\Exceptions->errorHandler(8, 'Undefined variable: userData', 'APPPATH\\Views\\user\\user_profile.php', 33, [...])
 2 SYSTEMPATH\View\View.php(213): include('APPPATH\\Views\\user\\user_profile.php')
 3 SYSTEMPATH\View\View.php(216): CodeIgniter\View\View->CodeIgniter\View\{closure}()
 4 SYSTEMPATH\Common.php(1134): CodeIgniter\View\View->render('user/user_profile', [], true)
 5 APPPATH\Controllers\User.php(887): view('user/user_profile')
 6 SYSTEMPATH\CodeIgniter.php(927): App\Controllers\User->user_profile()
 7 SYSTEMPATH\CodeIgniter.php(482): CodeIgniter\CodeIgniter->runController(Object(App\Controllers\User))
 8 SYSTEMPATH\CodeIgniter.php(351): CodeIgniter\CodeIgniter->handleRequest(null, Object(Config\Cache), false)
 9 FCPATH\index.php(67): CodeIgniter\CodeIgniter->run()
CRITICAL - 2023-01-30 06:13:14 --> file_get_contents(C:\wamp64\www\ocake\ocake\writable\debugbar/debugbar_1675074153.959964.json): failed to open stream: No such file or directory
in SYSTEMPATH\Debug\Toolbar\Collectors\History.php on line 82.
 1 [internal function]: CodeIgniter\Debug\Exceptions->errorHandler(2, 'file_get_contents(C:\\wamp64\\www\\ocake\\ocake\\writable\\debugbar/debugbar_1675074153.959964.json): failed to open stream: No such file or directory', 'SYSTEMPATH\\Debug\\Toolbar\\Collectors\\History.php', 82, [...])
 2 SYSTEMPATH\Debug\Toolbar\Collectors\History.php(82): file_get_contents('FCPATH\\ocake\\writable\\debugbar/debugbar_1675074153.959964.json')
 3 SYSTEMPATH\Debug\Toolbar.php(500): CodeIgniter\Debug\Toolbar\Collectors\History->setFiles('1675080768.158877', 20)
 4 SYSTEMPATH\Debug\Toolbar.php(477): CodeIgniter\Debug\Toolbar->format([...], 'html')
 5 APPPATH\Config\Events.php(46): CodeIgniter\Debug\Toolbar->respond()
 6 SYSTEMPATH\Events\Events.php(149): CodeIgniter\Events\Events::Config\{closure}()
 7 SYSTEMPATH\CodeIgniter.php(328): CodeIgniter\Events\Events::trigger('pre_system')
 8 FCPATH\index.php(67): CodeIgniter\CodeIgniter->run()
CRITICAL - 2023-01-30 06:56:12 --> Undefined variable: data
in APPPATH\Views\include\header.php on line 123.
 1 APPPATH\Views\include\header.php(123): CodeIgniter\Debug\Exceptions->errorHandler(8, 'Undefined variable: data', 'APPPATH\\Views\\include\\header.php', 123, [...])
 2 SYSTEMPATH\View\View.php(213): include('APPPATH\\Views\\include\\header.php')
 3 SYSTEMPATH\View\View.php(216): CodeIgniter\View\View->CodeIgniter\View\{closure}()
 4 SYSTEMPATH\Common.php(1134): CodeIgniter\View\View->render('include/header', [], true)
 5 APPPATH\Controllers\User.php(887): view('include/header', [...])
 6 SYSTEMPATH\CodeIgniter.php(927): App\Controllers\User->user_profile()
 7 SYSTEMPATH\CodeIgniter.php(482): CodeIgniter\CodeIgniter->runController(Object(App\Controllers\User))
 8 SYSTEMPATH\CodeIgniter.php(351): CodeIgniter\CodeIgniter->handleRequest(null, Object(Config\Cache), false)
 9 FCPATH\index.php(67): CodeIgniter\CodeIgniter->run()
CRITICAL - 2023-01-30 07:15:14 --> Undefined index: profile
in APPPATH\Views\include\header.php on line 127.
 1 APPPATH\Views\include\header.php(127): CodeIgniter\Debug\Exceptions->errorHandler(8, 'Undefined index: profile', 'APPPATH\\Views\\include\\header.php', 127, [...])
 2 SYSTEMPATH\View\View.php(213): include('APPPATH\\Views\\include\\header.php')
 3 SYSTEMPATH\View\View.php(216): CodeIgniter\View\View->CodeIgniter\View\{closure}()
 4 SYSTEMPATH\Common.php(1134): CodeIgniter\View\View->render('include/header', [], true)
 5 APPPATH\Controllers\User.php(887): view('include/header', [...])
 6 SYSTEMPATH\CodeIgniter.php(927): App\Controllers\User->user_profile()
 7 SYSTEMPATH\CodeIgniter.php(482): CodeIgniter\CodeIgniter->runController(Object(App\Controllers\User))
 8 SYSTEMPATH\CodeIgniter.php(351): CodeIgniter\CodeIgniter->handleRequest(null, Object(Config\Cache), false)
 9 FCPATH\index.php(67): CodeIgniter\CodeIgniter->run()
CRITICAL - 2023-01-30 07:15:41 --> Undefined index: profile
in APPPATH\Views\include\header.php on line 127.
 1 APPPATH\Views\include\header.php(127): CodeIgniter\Debug\Exceptions->errorHandler(8, 'Undefined index: profile', 'APPPATH\\Views\\include\\header.php', 127, [...])
 2 SYSTEMPATH\View\View.php(213): include('APPPATH\\Views\\include\\header.php')
 3 SYSTEMPATH\View\View.php(216): CodeIgniter\View\View->CodeIgniter\View\{closure}()
 4 SYSTEMPATH\Common.php(1134): CodeIgniter\View\View->render('include/header', [], true)
 5 APPPATH\Controllers\User.php(38): view('include/header', [...])
 6 SYSTEMPATH\CodeIgniter.php(927): App\Controllers\User->index()
 7 SYSTEMPATH\CodeIgniter.php(482): CodeIgniter\CodeIgniter->runController(Object(App\Controllers\User))
 8 SYSTEMPATH\CodeIgniter.php(351): CodeIgniter\CodeIgniter->handleRequest(null, Object(Config\Cache), false)
 9 FCPATH\index.php(67): CodeIgniter\CodeIgniter->run()
CRITICAL - 2023-01-30 07:47:51 --> file_get_contents(C:\wamp64\www\ocake\ocake\writable\debugbar/debugbar_1675085007.719278.json): failed to open stream: Permission denied
in SYSTEMPATH\Debug\Toolbar\Collectors\History.php on line 82.
 1 [internal function]: CodeIgniter\Debug\Exceptions->errorHandler(2, 'file_get_contents(C:\\wamp64\\www\\ocake\\ocake\\writable\\debugbar/debugbar_1675085007.719278.json): failed to open stream: Permission denied', 'SYSTEMPATH\\Debug\\Toolbar\\Collectors\\History.php', 82, [...])
 2 SYSTEMPATH\Debug\Toolbar\Collectors\History.php(82): file_get_contents('FCPATH\\ocake\\writable\\debugbar/debugbar_1675085007.719278.json')
 3 SYSTEMPATH\Debug\Toolbar.php(500): CodeIgniter\Debug\Toolbar\Collectors\History->setFiles('1675086448.143769', 20)
 4 SYSTEMPATH\Debug\Toolbar.php(477): CodeIgniter\Debug\Toolbar->format([...], 'html')
 5 APPPATH\Config\Events.php(46): CodeIgniter\Debug\Toolbar->respond()
 6 SYSTEMPATH\Events\Events.php(149): CodeIgniter\Events\Events::Config\{closure}()
 7 SYSTEMPATH\CodeIgniter.php(328): CodeIgniter\Events\Events::trigger('pre_system')
 8 FCPATH\index.php(67): CodeIgniter\CodeIgniter->run()
