CRITICAL - 2023-05-13 00:27:56 --> Undefined variable $address
in APPPATH\Views\user\auth\signlog.php on line 103.
 1 APPPATH\Views\user\auth\signlog.php(103): CodeIgniter\Debug\Exceptions->errorHandler(2, 'Undefined variable $address', 'APPPATH\\Views\\user\\auth\\signlog.php', 103)
 2 SYSTEMPATH\View\View.php(213): include('APPPATH\\Views\\user\\auth\\signlog.php')
 3 SYSTEMPATH\View\View.php(216): CodeIgniter\View\View->CodeIgniter\View\{closure}()
 4 SYSTEMPATH\Common.php(1134): CodeIgniter\View\View->render('user/auth/signlog', [], true)
 5 APPPATH\Controllers\User.php(135): view('user/auth/signlog', [...])
 6 SYSTEMPATH\CodeIgniter.php(927): App\Controllers\User->login()
 7 SYSTEMPATH\CodeIgniter.php(482): CodeIgniter\CodeIgniter->runController(Object(App\Controllers\User))
 8 SYSTEMPATH\CodeIgniter.php(351): CodeIgniter\CodeIgniter->handleRequest(null, Object(Config\Cache), false)
 9 FCPATH\index.php(67): CodeIgniter\CodeIgniter->run()
CRITICAL - 2023-05-13 00:30:50 --> Undefined variable $address
in APPPATH\Views\user\auth\signlog.php on line 106.
 1 APPPATH\Views\user\auth\signlog.php(106): CodeIgniter\Debug\Exceptions->errorHandler(2, 'Undefined variable $address', 'APPPATH\\Views\\user\\auth\\signlog.php', 106)
 2 SYSTEMPATH\View\View.php(213): include('APPPATH\\Views\\user\\auth\\signlog.php')
 3 SYSTEMPATH\View\View.php(216): CodeIgniter\View\View->CodeIgniter\View\{closure}()
 4 SYSTEMPATH\Common.php(1134): CodeIgniter\View\View->render('user/auth/signlog', [], true)
 5 APPPATH\Controllers\User.php(135): view('user/auth/signlog', [...])
 6 SYSTEMPATH\CodeIgniter.php(927): App\Controllers\User->login()
 7 SYSTEMPATH\CodeIgniter.php(482): CodeIgniter\CodeIgniter->runController(Object(App\Controllers\User))
 8 SYSTEMPATH\CodeIgniter.php(351): CodeIgniter\CodeIgniter->handleRequest(null, Object(Config\Cache), false)
 9 FCPATH\index.php(67): CodeIgniter\CodeIgniter->run()
CRITICAL - 2023-05-13 00:30:51 --> Undefined variable $address
in APPPATH\Views\user\auth\signlog.php on line 106.
 1 APPPATH\Views\user\auth\signlog.php(106): CodeIgniter\Debug\Exceptions->errorHandler(2, 'Undefined variable $address', 'APPPATH\\Views\\user\\auth\\signlog.php', 106)
 2 SYSTEMPATH\View\View.php(213): include('APPPATH\\Views\\user\\auth\\signlog.php')
 3 SYSTEMPATH\View\View.php(216): CodeIgniter\View\View->CodeIgniter\View\{closure}()
 4 SYSTEMPATH\Common.php(1134): CodeIgniter\View\View->render('user/auth/signlog', [], true)
 5 APPPATH\Controllers\User.php(135): view('user/auth/signlog', [...])
 6 SYSTEMPATH\CodeIgniter.php(927): App\Controllers\User->login()
 7 SYSTEMPATH\CodeIgniter.php(482): CodeIgniter\CodeIgniter->runController(Object(App\Controllers\User))
 8 SYSTEMPATH\CodeIgniter.php(351): CodeIgniter\CodeIgniter->handleRequest(null, Object(Config\Cache), false)
 9 FCPATH\index.php(67): CodeIgniter\CodeIgniter->run()
CRITICAL - 2023-05-13 20:40:23 --> Class 'App\Controllers\Product_model' not found
in APPPATH\Controllers\PosController.php on line 14.
 1 SYSTEMPATH\CodeIgniter.php(927): App\Controllers\PosController->index()
 2 SYSTEMPATH\CodeIgniter.php(482): CodeIgniter\CodeIgniter->runController(Object(App\Controllers\PosController))
 3 SYSTEMPATH\CodeIgniter.php(351): CodeIgniter\CodeIgniter->handleRequest(null, Object(Config\Cache), false)
 4 FCPATH\index.php(67): CodeIgniter\CodeIgniter->run()
CRITICAL - 2023-05-13 20:41:16 --> Class 'App\Controllers\Category_model' not found
in APPPATH\Controllers\PosController.php on line 22.
 1 SYSTEMPATH\CodeIgniter.php(927): App\Controllers\PosController->index()
 2 SYSTEMPATH\CodeIgniter.php(482): CodeIgniter\CodeIgniter->runController(Object(App\Controllers\PosController))
 3 SYSTEMPATH\CodeIgniter.php(351): CodeIgniter\CodeIgniter->handleRequest(null, Object(Config\Cache), false)
 4 FCPATH\index.php(67): CodeIgniter\CodeIgniter->run()
CRITICAL - 2023-05-13 20:53:48 --> Undefined property: stdClass::$flavor
in APPPATH\Views\admin\productlist.php on line 331.
 1 APPPATH\Views\admin\productlist.php(331): CodeIgniter\Debug\Exceptions->errorHandler(8, 'Undefined property: stdClass::$flavor', 'APPPATH\\Views\\admin\\productlist.php', 331, [...])
 2 SYSTEMPATH\View\View.php(213): include('APPPATH\\Views\\admin\\productlist.php')
 3 SYSTEMPATH\View\View.php(216): CodeIgniter\View\View->CodeIgniter\View\{closure}()
 4 SYSTEMPATH\Common.php(1134): CodeIgniter\View\View->render('admin/productlist', [], true)
 5 APPPATH\Controllers\Admin.php(377): view('admin/productlist', [...])
 6 SYSTEMPATH\CodeIgniter.php(927): App\Controllers\Admin->productlist()
 7 SYSTEMPATH\CodeIgniter.php(482): CodeIgniter\CodeIgniter->runController(Object(App\Controllers\Admin))
 8 SYSTEMPATH\CodeIgniter.php(351): CodeIgniter\CodeIgniter->handleRequest(null, Object(Config\Cache), false)
 9 FCPATH\index.php(67): CodeIgniter\CodeIgniter->run()
ERROR - 2023-05-13 23:02:14 --> mysqli_sql_exception: Column 'customer_fname' cannot be null in C:\xampp\htdocs\ocake\ocake\system\Database\MySQLi\Connection.php:292
Stack trace:
#0 C:\xampp\htdocs\ocake\ocake\system\Database\MySQLi\Connection.php(292): mysqli->query('INSERT INTO `cu...', 0)
#1 C:\xampp\htdocs\ocake\ocake\system\Database\BaseConnection.php(666): CodeIgniter\Database\MySQLi\Connection->execute('INSERT INTO `cu...')
#2 C:\xampp\htdocs\ocake\ocake\system\Database\BaseConnection.php(593): CodeIgniter\Database\BaseConnection->simpleQuery('INSERT INTO `cu...')
#3 C:\xampp\htdocs\ocake\ocake\system\Database\BaseBuilder.php(1916): CodeIgniter\Database\BaseConnection->query('INSERT INTO `cu...', Array, false)
#4 C:\xampp\htdocs\ocake\ocake\system\Model.php(279): CodeIgniter\Database\BaseBuilder->insert()
#5 C:\xampp\htdocs\ocake\ocake\system\BaseModel.php(749): CodeIgniter\Model->doInsert(Array)
#6 C:\xampp\htdocs\ocake\ocake\system\Model.php(667): CodeIgniter\BaseModel->insert(Array, false)
#7 C:\xampp\htdocs\ocake\ocake\system\BaseModel.php(659): CodeIgniter\Model->insert(Array, false)
#8 C:\xampp\htdocs\ocake\ocake\app\Controllers\CustomersController.php(22): CodeIgniter\BaseModel->save(Array)
#9 C:\xampp\htdocs\ocake\ocake\system\CodeIgniter.php(927): App\Controllers\CustomersController->store()
#10 C:\xampp\htdocs\ocake\ocake\system\CodeIgniter.php(482): CodeIgniter\CodeIgniter->runController(Object(App\Controllers\CustomersController))
#11 C:\xampp\htdocs\ocake\ocake\system\CodeIgniter.php(351): CodeIgniter\CodeIgniter->handleRequest(NULL, Object(Config\Cache), false)
#12 C:\xampp\htdocs\ocake\index.php(67): CodeIgniter\CodeIgniter->run()
#13 {main}
ERROR - 2023-05-13 23:03:33 --> mysqli_sql_exception: Column 'customer_fname' cannot be null in C:\xampp\htdocs\ocake\ocake\system\Database\MySQLi\Connection.php:292
Stack trace:
#0 C:\xampp\htdocs\ocake\ocake\system\Database\MySQLi\Connection.php(292): mysqli->query('INSERT INTO `cu...', 0)
#1 C:\xampp\htdocs\ocake\ocake\system\Database\BaseConnection.php(666): CodeIgniter\Database\MySQLi\Connection->execute('INSERT INTO `cu...')
#2 C:\xampp\htdocs\ocake\ocake\system\Database\BaseConnection.php(593): CodeIgniter\Database\BaseConnection->simpleQuery('INSERT INTO `cu...')
#3 C:\xampp\htdocs\ocake\ocake\system\Database\BaseBuilder.php(1916): CodeIgniter\Database\BaseConnection->query('INSERT INTO `cu...', Array, false)
#4 C:\xampp\htdocs\ocake\ocake\system\Model.php(279): CodeIgniter\Database\BaseBuilder->insert()
#5 C:\xampp\htdocs\ocake\ocake\system\BaseModel.php(749): CodeIgniter\Model->doInsert(Array)
#6 C:\xampp\htdocs\ocake\ocake\system\Model.php(667): CodeIgniter\BaseModel->insert(Array, false)
#7 C:\xampp\htdocs\ocake\ocake\system\BaseModel.php(659): CodeIgniter\Model->insert(Array, false)
#8 C:\xampp\htdocs\ocake\ocake\app\Controllers\CustomersController.php(22): CodeIgniter\BaseModel->save(Array)
#9 C:\xampp\htdocs\ocake\ocake\system\CodeIgniter.php(927): App\Controllers\CustomersController->store()
#10 C:\xampp\htdocs\ocake\ocake\system\CodeIgniter.php(482): CodeIgniter\CodeIgniter->runController(Object(App\Controllers\CustomersController))
#11 C:\xampp\htdocs\ocake\ocake\system\CodeIgniter.php(351): CodeIgniter\CodeIgniter->handleRequest(NULL, Object(Config\Cache), false)
#12 C:\xampp\htdocs\ocake\index.php(67): CodeIgniter\CodeIgniter->run()
#13 {main}
