CRITICAL - 2022-12-08 00:03:52 --> Undefined variable: occasion
in APPPATH\Views\admin\orders.php on line 41.
 1 APPPATH\Views\admin\orders.php(41): CodeIgniter\Debug\Exceptions->errorHandler(8, 'Undefined variable: occasion', 'APPPATH\\Views\\admin\\orders.php', 41, [...])
 2 SYSTEMPATH\View\View.php(213): include('APPPATH\\Views\\admin\\orders.php')
 3 SYSTEMPATH\View\View.php(216): CodeIgniter\View\View->CodeIgniter\View\{closure}()
 4 SYSTEMPATH\Common.php(1134): CodeIgniter\View\View->render('admin/orders', [], true)
 5 APPPATH\Controllers\Admin.php(35): view('admin/orders')
 6 SYSTEMPATH\CodeIgniter.php(927): App\Controllers\Admin->orders()
 7 SYSTEMPATH\CodeIgniter.php(482): CodeIgniter\CodeIgniter->runController(Object(App\Controllers\Admin))
 8 SYSTEMPATH\CodeIgniter.php(351): CodeIgniter\CodeIgniter->handleRequest(null, Object(Config\Cache), false)
 9 FCPATH\index.php(67): CodeIgniter\CodeIgniter->run()
CRITICAL - 2022-12-08 00:04:48 --> Undefined variable: product
in APPPATH\Views\admin\orders.php on line 68.
 1 APPPATH\Views\admin\orders.php(68): CodeIgniter\Debug\Exceptions->errorHandler(8, 'Undefined variable: product', 'APPPATH\\Views\\admin\\orders.php', 68, [...])
 2 SYSTEMPATH\View\View.php(213): include('APPPATH\\Views\\admin\\orders.php')
 3 SYSTEMPATH\View\View.php(216): CodeIgniter\View\View->CodeIgniter\View\{closure}()
 4 SYSTEMPATH\Common.php(1134): CodeIgniter\View\View->render('admin/orders', [], true)
 5 APPPATH\Controllers\Admin.php(35): view('admin/orders')
 6 SYSTEMPATH\CodeIgniter.php(927): App\Controllers\Admin->orders()
 7 SYSTEMPATH\CodeIgniter.php(482): CodeIgniter\CodeIgniter->runController(Object(App\Controllers\Admin))
 8 SYSTEMPATH\CodeIgniter.php(351): CodeIgniter\CodeIgniter->handleRequest(null, Object(Config\Cache), false)
 9 FCPATH\index.php(67): CodeIgniter\CodeIgniter->run()
CRITICAL - 2022-12-08 00:10:01 --> Undefined variable: num
in APPPATH\Views\admin\orders.php on line 64.
 1 APPPATH\Views\admin\orders.php(64): CodeIgniter\Debug\Exceptions->errorHandler(8, 'Undefined variable: num', 'APPPATH\\Views\\admin\\orders.php', 64, [...])
 2 SYSTEMPATH\View\View.php(213): include('APPPATH\\Views\\admin\\orders.php')
 3 SYSTEMPATH\View\View.php(216): CodeIgniter\View\View->CodeIgniter\View\{closure}()
 4 SYSTEMPATH\Common.php(1134): CodeIgniter\View\View->render('admin/orders', [], true)
 5 APPPATH\Controllers\Admin.php(35): view('admin/orders')
 6 SYSTEMPATH\CodeIgniter.php(927): App\Controllers\Admin->orders()
 7 SYSTEMPATH\CodeIgniter.php(482): CodeIgniter\CodeIgniter->runController(Object(App\Controllers\Admin))
 8 SYSTEMPATH\CodeIgniter.php(351): CodeIgniter\CodeIgniter->handleRequest(null, Object(Config\Cache), false)
 9 FCPATH\index.php(67): CodeIgniter\CodeIgniter->run()
CRITICAL - 2022-12-08 00:17:57 --> Undefined variable: occasion
in APPPATH\Views\admin\orders.php on line 48.
 1 APPPATH\Views\admin\orders.php(48): CodeIgniter\Debug\Exceptions->errorHandler(8, 'Undefined variable: occasion', 'APPPATH\\Views\\admin\\orders.php', 48, [])
 2 SYSTEMPATH\View\View.php(213): include('APPPATH\\Views\\admin\\orders.php')
 3 SYSTEMPATH\View\View.php(216): CodeIgniter\View\View->CodeIgniter\View\{closure}()
 4 SYSTEMPATH\Common.php(1134): CodeIgniter\View\View->render('admin/orders', [], true)
 5 APPPATH\Controllers\Admin.php(35): view('admin/orders')
 6 SYSTEMPATH\CodeIgniter.php(927): App\Controllers\Admin->orders()
 7 SYSTEMPATH\CodeIgniter.php(482): CodeIgniter\CodeIgniter->runController(Object(App\Controllers\Admin))
 8 SYSTEMPATH\CodeIgniter.php(351): CodeIgniter\CodeIgniter->handleRequest(null, Object(Config\Cache), false)
 9 FCPATH\index.php(67): CodeIgniter\CodeIgniter->run()
CRITICAL - 2022-12-08 02:17:09 --> Undefined variable: cartData
in APPPATH\Views\include\header.php on line 166.
 1 APPPATH\Views\include\header.php(166): CodeIgniter\Debug\Exceptions->errorHandler(8, 'Undefined variable: cartData', 'APPPATH\\Views\\include\\header.php', 166, [...])
 2 SYSTEMPATH\View\View.php(213): include('APPPATH\\Views\\include\\header.php')
 3 SYSTEMPATH\View\View.php(216): CodeIgniter\View\View->CodeIgniter\View\{closure}()
 4 SYSTEMPATH\Common.php(1134): CodeIgniter\View\View->render('include/header', [], true)
 5 APPPATH\Controllers\User.php(110): view('include/header')
 6 SYSTEMPATH\CodeIgniter.php(927): App\Controllers\User->order_details()
 7 SYSTEMPATH\CodeIgniter.php(482): CodeIgniter\CodeIgniter->runController(Object(App\Controllers\User))
 8 SYSTEMPATH\CodeIgniter.php(351): CodeIgniter\CodeIgniter->handleRequest(null, Object(Config\Cache), false)
 9 FCPATH\index.php(67): CodeIgniter\CodeIgniter->run()
CRITICAL - 2022-12-08 02:24:05 --> Undefined variable: cartData
in APPPATH\Views\include\header.php on line 166.
 1 APPPATH\Views\include\header.php(166): CodeIgniter\Debug\Exceptions->errorHandler(8, 'Undefined variable: cartData', 'APPPATH\\Views\\include\\header.php', 166, [...])
 2 SYSTEMPATH\View\View.php(213): include('APPPATH\\Views\\include\\header.php')
 3 SYSTEMPATH\View\View.php(216): CodeIgniter\View\View->CodeIgniter\View\{closure}()
 4 SYSTEMPATH\Common.php(1134): CodeIgniter\View\View->render('include/header', [], true)
 5 APPPATH\Controllers\User.php(110): view('include/header')
 6 SYSTEMPATH\CodeIgniter.php(927): App\Controllers\User->order_details()
 7 SYSTEMPATH\CodeIgniter.php(482): CodeIgniter\CodeIgniter->runController(Object(App\Controllers\User))
 8 SYSTEMPATH\CodeIgniter.php(351): CodeIgniter\CodeIgniter->handleRequest(null, Object(Config\Cache), false)
 9 FCPATH\index.php(67): CodeIgniter\CodeIgniter->run()
CRITICAL - 2022-12-08 02:26:12 --> Undefined variable: cartData
in APPPATH\Views\include\header.php on line 166.
 1 APPPATH\Views\include\header.php(166): CodeIgniter\Debug\Exceptions->errorHandler(8, 'Undefined variable: cartData', 'APPPATH\\Views\\include\\header.php', 166, [...])
 2 SYSTEMPATH\View\View.php(213): include('APPPATH\\Views\\include\\header.php')
 3 SYSTEMPATH\View\View.php(216): CodeIgniter\View\View->CodeIgniter\View\{closure}()
 4 SYSTEMPATH\Common.php(1134): CodeIgniter\View\View->render('include/header', [], true)
 5 APPPATH\Controllers\User.php(110): view('include/header')
 6 SYSTEMPATH\CodeIgniter.php(927): App\Controllers\User->order_details()
 7 SYSTEMPATH\CodeIgniter.php(482): CodeIgniter\CodeIgniter->runController(Object(App\Controllers\User))
 8 SYSTEMPATH\CodeIgniter.php(351): CodeIgniter\CodeIgniter->handleRequest(null, Object(Config\Cache), false)
 9 FCPATH\index.php(67): CodeIgniter\CodeIgniter->run()
CRITICAL - 2022-12-08 02:27:35 --> Undefined variable: cartData
in APPPATH\Views\include\header.php on line 166.
 1 APPPATH\Views\include\header.php(166): CodeIgniter\Debug\Exceptions->errorHandler(8, 'Undefined variable: cartData', 'APPPATH\\Views\\include\\header.php', 166, [...])
 2 SYSTEMPATH\View\View.php(213): include('APPPATH\\Views\\include\\header.php')
 3 SYSTEMPATH\View\View.php(216): CodeIgniter\View\View->CodeIgniter\View\{closure}()
 4 SYSTEMPATH\Common.php(1134): CodeIgniter\View\View->render('include/header', [], true)
 5 APPPATH\Controllers\User.php(110): view('include/header')
 6 SYSTEMPATH\CodeIgniter.php(927): App\Controllers\User->order_details()
 7 SYSTEMPATH\CodeIgniter.php(482): CodeIgniter\CodeIgniter->runController(Object(App\Controllers\User))
 8 SYSTEMPATH\CodeIgniter.php(351): CodeIgniter\CodeIgniter->handleRequest(null, Object(Config\Cache), false)
 9 FCPATH\index.php(67): CodeIgniter\CodeIgniter->run()
CRITICAL - 2022-12-08 02:27:47 --> Undefined variable: cartData
in APPPATH\Views\include\header.php on line 166.
 1 APPPATH\Views\include\header.php(166): CodeIgniter\Debug\Exceptions->errorHandler(8, 'Undefined variable: cartData', 'APPPATH\\Views\\include\\header.php', 166, [...])
 2 SYSTEMPATH\View\View.php(213): include('APPPATH\\Views\\include\\header.php')
 3 SYSTEMPATH\View\View.php(216): CodeIgniter\View\View->CodeIgniter\View\{closure}()
 4 SYSTEMPATH\Common.php(1134): CodeIgniter\View\View->render('include/header', [], true)
 5 APPPATH\Controllers\User.php(110): view('include/header')
 6 SYSTEMPATH\CodeIgniter.php(927): App\Controllers\User->order_details()
 7 SYSTEMPATH\CodeIgniter.php(482): CodeIgniter\CodeIgniter->runController(Object(App\Controllers\User))
 8 SYSTEMPATH\CodeIgniter.php(351): CodeIgniter\CodeIgniter->handleRequest(null, Object(Config\Cache), false)
 9 FCPATH\index.php(67): CodeIgniter\CodeIgniter->run()
CRITICAL - 2022-12-08 02:31:12 --> Undefined variable: cartData
in APPPATH\Views\include\header.php on line 166.
 1 APPPATH\Views\include\header.php(166): CodeIgniter\Debug\Exceptions->errorHandler(8, 'Undefined variable: cartData', 'APPPATH\\Views\\include\\header.php', 166, [...])
 2 SYSTEMPATH\View\View.php(213): include('APPPATH\\Views\\include\\header.php')
 3 SYSTEMPATH\View\View.php(216): CodeIgniter\View\View->CodeIgniter\View\{closure}()
 4 SYSTEMPATH\Common.php(1134): CodeIgniter\View\View->render('include/header', [], true)
 5 APPPATH\Controllers\User.php(110): view('include/header')
 6 SYSTEMPATH\CodeIgniter.php(927): App\Controllers\User->order_details()
 7 SYSTEMPATH\CodeIgniter.php(482): CodeIgniter\CodeIgniter->runController(Object(App\Controllers\User))
 8 SYSTEMPATH\CodeIgniter.php(351): CodeIgniter\CodeIgniter->handleRequest(null, Object(Config\Cache), false)
 9 FCPATH\index.php(67): CodeIgniter\CodeIgniter->run()
CRITICAL - 2022-12-08 02:31:19 --> Undefined variable: cartData
in APPPATH\Views\include\header.php on line 166.
 1 APPPATH\Views\include\header.php(166): CodeIgniter\Debug\Exceptions->errorHandler(8, 'Undefined variable: cartData', 'APPPATH\\Views\\include\\header.php', 166, [...])
 2 SYSTEMPATH\View\View.php(213): include('APPPATH\\Views\\include\\header.php')
 3 SYSTEMPATH\View\View.php(216): CodeIgniter\View\View->CodeIgniter\View\{closure}()
 4 SYSTEMPATH\Common.php(1134): CodeIgniter\View\View->render('include/header', [], true)
 5 APPPATH\Controllers\User.php(110): view('include/header')
 6 SYSTEMPATH\CodeIgniter.php(927): App\Controllers\User->order_details()
 7 SYSTEMPATH\CodeIgniter.php(482): CodeIgniter\CodeIgniter->runController(Object(App\Controllers\User))
 8 SYSTEMPATH\CodeIgniter.php(351): CodeIgniter\CodeIgniter->handleRequest(null, Object(Config\Cache), false)
 9 FCPATH\index.php(67): CodeIgniter\CodeIgniter->run()
CRITICAL - 2022-12-08 02:32:03 --> Undefined variable: cartData
in APPPATH\Views\include\header.php on line 166.
 1 APPPATH\Views\include\header.php(166): CodeIgniter\Debug\Exceptions->errorHandler(8, 'Undefined variable: cartData', 'APPPATH\\Views\\include\\header.php', 166, [...])
 2 SYSTEMPATH\View\View.php(213): include('APPPATH\\Views\\include\\header.php')
 3 SYSTEMPATH\View\View.php(216): CodeIgniter\View\View->CodeIgniter\View\{closure}()
 4 SYSTEMPATH\Common.php(1134): CodeIgniter\View\View->render('include/header', [], true)
 5 APPPATH\Controllers\User.php(110): view('include/header')
 6 SYSTEMPATH\CodeIgniter.php(927): App\Controllers\User->order_details()
 7 SYSTEMPATH\CodeIgniter.php(482): CodeIgniter\CodeIgniter->runController(Object(App\Controllers\User))
 8 SYSTEMPATH\CodeIgniter.php(351): CodeIgniter\CodeIgniter->handleRequest(null, Object(Config\Cache), false)
 9 FCPATH\index.php(67): CodeIgniter\CodeIgniter->run()
CRITICAL - 2022-12-08 02:41:41 --> Undefined variable: cartData
in APPPATH\Views\include\header.php on line 166.
 1 APPPATH\Views\include\header.php(166): CodeIgniter\Debug\Exceptions->errorHandler(8, 'Undefined variable: cartData', 'APPPATH\\Views\\include\\header.php', 166, [...])
 2 SYSTEMPATH\View\View.php(213): include('APPPATH\\Views\\include\\header.php')
 3 SYSTEMPATH\View\View.php(216): CodeIgniter\View\View->CodeIgniter\View\{closure}()
 4 SYSTEMPATH\Common.php(1134): CodeIgniter\View\View->render('include/header', [], true)
 5 APPPATH\Controllers\User.php(110): view('include/header')
 6 SYSTEMPATH\CodeIgniter.php(927): App\Controllers\User->orderdetails()
 7 SYSTEMPATH\CodeIgniter.php(482): CodeIgniter\CodeIgniter->runController(Object(App\Controllers\User))
 8 SYSTEMPATH\CodeIgniter.php(351): CodeIgniter\CodeIgniter->handleRequest(null, Object(Config\Cache), false)
 9 FCPATH\index.php(67): CodeIgniter\CodeIgniter->run()
CRITICAL - 2022-12-08 07:19:28 --> Undefined variable: data
in APPPATH\Views\admin\modal.php on line 15.
 1 APPPATH\Views\admin\modal.php(15): CodeIgniter\Debug\Exceptions->errorHandler(8, 'Undefined variable: data', 'APPPATH\\Views\\admin\\modal.php', 15, [])
 2 SYSTEMPATH\View\View.php(213): include('APPPATH\\Views\\admin\\modal.php')
 3 SYSTEMPATH\View\View.php(216): CodeIgniter\View\View->CodeIgniter\View\{closure}()
 4 SYSTEMPATH\Common.php(1134): CodeIgniter\View\View->render('admin/modal', [], true)
 5 APPPATH\Controllers\User.php(166): view('admin/modal')
 6 SYSTEMPATH\CodeIgniter.php(927): App\Controllers\User->modal()
 7 SYSTEMPATH\CodeIgniter.php(482): CodeIgniter\CodeIgniter->runController(Object(App\Controllers\User))
 8 SYSTEMPATH\CodeIgniter.php(351): CodeIgniter\CodeIgniter->handleRequest(null, Object(Config\Cache), false)
 9 FCPATH\index.php(67): CodeIgniter\CodeIgniter->run()
