CRITICAL - 2023-03-23 09:32:23 --> Invalid file: admin/include/script.php
in SYSTEMPATH\Exceptions\FrameworkException.php on line 33.
 1 SYSTEMPATH\View\View.php(201): CodeIgniter\Exceptions\FrameworkException::forInvalidFile('admin/include/script.php')
 2 SYSTEMPATH\Common.php(1134): CodeIgniter\View\View->render('admin/include/script', [], true)
 3 APPPATH\Views\user\cancelled_order.php(166): view('admin/include/script')
 4 SYSTEMPATH\View\View.php(213): include('APPPATH\\Views\\user\\cancelled_order.php')
 5 SYSTEMPATH\View\View.php(216): CodeIgniter\View\View->CodeIgniter\View\{closure}()
 6 SYSTEMPATH\Common.php(1134): CodeIgniter\View\View->render('user/cancelled_order', [], true)
 7 APPPATH\Controllers\User.php(1029): view('user/cancelled_order')
 8 SYSTEMPATH\CodeIgniter.php(927): App\Controllers\User->cancelledOrder()
 9 SYSTEMPATH\CodeIgniter.php(482): CodeIgniter\CodeIgniter->runController(Object(App\Controllers\User))
10 SYSTEMPATH\CodeIgniter.php(351): CodeIgniter\CodeIgniter->handleRequest(null, Object(Config\Cache), false)
11 FCPATH\index.php(67): CodeIgniter\CodeIgniter->run()
CRITICAL - 2023-03-23 09:34:05 --> Invalid file: admin/include/script.php
in SYSTEMPATH\Exceptions\FrameworkException.php on line 33.
 1 SYSTEMPATH\View\View.php(201): CodeIgniter\Exceptions\FrameworkException::forInvalidFile('admin/include/script.php')
 2 SYSTEMPATH\Common.php(1134): CodeIgniter\View\View->render('admin/include/script', [], true)
 3 APPPATH\Views\user\completed_order.php(165): view('admin/include/script')
 4 SYSTEMPATH\View\View.php(213): include('APPPATH\\Views\\user\\completed_order.php')
 5 SYSTEMPATH\View\View.php(216): CodeIgniter\View\View->CodeIgniter\View\{closure}()
 6 SYSTEMPATH\Common.php(1134): CodeIgniter\View\View->render('user/completed_order', [], true)
 7 APPPATH\Controllers\User.php(992): view('user/completed_order')
 8 SYSTEMPATH\CodeIgniter.php(927): App\Controllers\User->completedOrder()
 9 SYSTEMPATH\CodeIgniter.php(482): CodeIgniter\CodeIgniter->runController(Object(App\Controllers\User))
10 SYSTEMPATH\CodeIgniter.php(351): CodeIgniter\CodeIgniter->handleRequest(null, Object(Config\Cache), false)
11 FCPATH\index.php(67): CodeIgniter\CodeIgniter->run()
