ERROR - 2023-05-25 00:57:41 --> mysqli_sql_exception: Unknown column 'add_ons.id' in 'where clause' in C:\xampp\htdocs\ocake\ocake\system\Database\MySQLi\Connection.php:292
Stack trace:
#0 C:\xampp\htdocs\ocake\ocake\system\Database\MySQLi\Connection.php(292): mysqli->query('UPDATE `add_ons...', 0)
#1 C:\xampp\htdocs\ocake\ocake\system\Database\BaseConnection.php(666): CodeIgniter\Database\MySQLi\Connection->execute('UPDATE `add_ons...')
#2 C:\xampp\htdocs\ocake\ocake\system\Database\BaseConnection.php(593): CodeIgniter\Database\BaseConnection->simpleQuery('UPDATE `add_ons...')
#3 C:\xampp\htdocs\ocake\ocake\system\Database\BaseBuilder.php(2079): CodeIgniter\Database\BaseConnection->query('UPDATE `add_ons...', Array, false)
#4 C:\xampp\htdocs\ocake\ocake\system\Model.php(338): CodeIgniter\Database\BaseBuilder->update()
#5 C:\xampp\htdocs\ocake\ocake\system\BaseModel.php(886): CodeIgniter\Model->doUpdate(Array, Array)
#6 C:\xampp\htdocs\ocake\ocake\system\Model.php(693): CodeIgniter\BaseModel->update(Array, Array)
#7 C:\xampp\htdocs\ocake\ocake\app\Controllers\User.php(994): CodeIgniter\Model->update('13', Array)
#8 C:\xampp\htdocs\ocake\ocake\system\CodeIgniter.php(927): App\Controllers\User->placeorder()
#9 C:\xampp\htdocs\ocake\ocake\system\CodeIgniter.php(482): CodeIgniter\CodeIgniter->runController(Object(App\Controllers\User))
#10 C:\xampp\htdocs\ocake\ocake\system\CodeIgniter.php(351): CodeIgniter\CodeIgniter->handleRequest(NULL, Object(Config\Cache), false)
#11 C:\xampp\htdocs\ocake\index.php(67): CodeIgniter\CodeIgniter->run()
#12 {main}
ERROR - 2023-05-25 00:58:36 --> mysqli_sql_exception: Unknown column 'add_ons.id' in 'where clause' in C:\xampp\htdocs\ocake\ocake\system\Database\MySQLi\Connection.php:292
Stack trace:
#0 C:\xampp\htdocs\ocake\ocake\system\Database\MySQLi\Connection.php(292): mysqli->query('UPDATE `add_ons...', 0)
#1 C:\xampp\htdocs\ocake\ocake\system\Database\BaseConnection.php(666): CodeIgniter\Database\MySQLi\Connection->execute('UPDATE `add_ons...')
#2 C:\xampp\htdocs\ocake\ocake\system\Database\BaseConnection.php(593): CodeIgniter\Database\BaseConnection->simpleQuery('UPDATE `add_ons...')
#3 C:\xampp\htdocs\ocake\ocake\system\Database\BaseBuilder.php(2079): CodeIgniter\Database\BaseConnection->query('UPDATE `add_ons...', Array, false)
#4 C:\xampp\htdocs\ocake\ocake\system\Model.php(338): CodeIgniter\Database\BaseBuilder->update()
#5 C:\xampp\htdocs\ocake\ocake\system\BaseModel.php(886): CodeIgniter\Model->doUpdate(Array, Array)
#6 C:\xampp\htdocs\ocake\ocake\system\Model.php(693): CodeIgniter\BaseModel->update(Array, Array)
#7 C:\xampp\htdocs\ocake\ocake\app\Controllers\User.php(994): CodeIgniter\Model->update('13', Array)
#8 C:\xampp\htdocs\ocake\ocake\system\CodeIgniter.php(927): App\Controllers\User->placeorder()
#9 C:\xampp\htdocs\ocake\ocake\system\CodeIgniter.php(482): CodeIgniter\CodeIgniter->runController(Object(App\Controllers\User))
#10 C:\xampp\htdocs\ocake\ocake\system\CodeIgniter.php(351): CodeIgniter\CodeIgniter->handleRequest(NULL, Object(Config\Cache), false)
#11 C:\xampp\htdocs\ocake\index.php(67): CodeIgniter\CodeIgniter->run()
#12 {main}
ERROR - 2023-05-25 00:58:57 --> mysqli_sql_exception: Unknown column 'add_ons.id' in 'where clause' in C:\xampp\htdocs\ocake\ocake\system\Database\MySQLi\Connection.php:292
Stack trace:
#0 C:\xampp\htdocs\ocake\ocake\system\Database\MySQLi\Connection.php(292): mysqli->query('UPDATE `add_ons...', 0)
#1 C:\xampp\htdocs\ocake\ocake\system\Database\BaseConnection.php(666): CodeIgniter\Database\MySQLi\Connection->execute('UPDATE `add_ons...')
#2 C:\xampp\htdocs\ocake\ocake\system\Database\BaseConnection.php(593): CodeIgniter\Database\BaseConnection->simpleQuery('UPDATE `add_ons...')
#3 C:\xampp\htdocs\ocake\ocake\system\Database\BaseBuilder.php(2079): CodeIgniter\Database\BaseConnection->query('UPDATE `add_ons...', Array, false)
#4 C:\xampp\htdocs\ocake\ocake\system\Model.php(338): CodeIgniter\Database\BaseBuilder->update()
#5 C:\xampp\htdocs\ocake\ocake\system\BaseModel.php(886): CodeIgniter\Model->doUpdate(Array, Array)
#6 C:\xampp\htdocs\ocake\ocake\system\Model.php(693): CodeIgniter\BaseModel->update(Array, Array)
#7 C:\xampp\htdocs\ocake\ocake\app\Controllers\User.php(994): CodeIgniter\Model->update(13, Array)
#8 C:\xampp\htdocs\ocake\ocake\system\CodeIgniter.php(927): App\Controllers\User->placeorder()
#9 C:\xampp\htdocs\ocake\ocake\system\CodeIgniter.php(482): CodeIgniter\CodeIgniter->runController(Object(App\Controllers\User))
#10 C:\xampp\htdocs\ocake\ocake\system\CodeIgniter.php(351): CodeIgniter\CodeIgniter->handleRequest(NULL, Object(Config\Cache), false)
#11 C:\xampp\htdocs\ocake\index.php(67): CodeIgniter\CodeIgniter->run()
#12 {main}
CRITICAL - 2023-05-25 09:27:23 --> Undefined index: user_id
in APPPATH\Controllers\User.php on line 975.
 1 APPPATH\Controllers\User.php(975): CodeIgniter\Debug\Exceptions->errorHandler(8, 'Undefined index: user_id', 'APPPATH\\Controllers\\User.php', 975, [])
 2 SYSTEMPATH\CodeIgniter.php(927): App\Controllers\User->placeorder()
 3 SYSTEMPATH\CodeIgniter.php(482): CodeIgniter\CodeIgniter->runController(Object(App\Controllers\User))
 4 SYSTEMPATH\CodeIgniter.php(351): CodeIgniter\CodeIgniter->handleRequest(null, Object(Config\Cache), false)
 5 FCPATH\index.php(67): CodeIgniter\CodeIgniter->run()
CRITICAL - 2023-05-25 11:05:54 --> Undefined property: stdClass::$is_customized
in APPPATH\Views\user\order_details.php on line 263.
 1 APPPATH\Views\user\order_details.php(263): CodeIgniter\Debug\Exceptions->errorHandler(2, 'Undefined property: stdClass::$is_customized', 'APPPATH\\Views\\user\\order_details.php', 263)
 2 SYSTEMPATH\View\View.php(213): include('APPPATH\\Views\\user\\order_details.php')
 3 SYSTEMPATH\View\View.php(216): CodeIgniter\View\View->CodeIgniter\View\{closure}()
 4 SYSTEMPATH\Common.php(1134): CodeIgniter\View\View->render('user/order_details', [], true)
 5 APPPATH\Controllers\User.php(833): view('user/order_details')
 6 SYSTEMPATH\CodeIgniter.php(927): App\Controllers\User->orderdetails()
 7 SYSTEMPATH\CodeIgniter.php(482): CodeIgniter\CodeIgniter->runController(Object(App\Controllers\User))
 8 SYSTEMPATH\CodeIgniter.php(351): CodeIgniter\CodeIgniter->handleRequest(null, Object(Config\Cache), false)
 9 FCPATH\index.php(67): CodeIgniter\CodeIgniter->run()
CRITICAL - 2023-05-25 11:06:36 --> Undefined property: stdClass::$is_customized
in APPPATH\Views\user\order_details.php on line 263.
 1 APPPATH\Views\user\order_details.php(263): CodeIgniter\Debug\Exceptions->errorHandler(2, 'Undefined property: stdClass::$is_customized', 'APPPATH\\Views\\user\\order_details.php', 263)
 2 SYSTEMPATH\View\View.php(213): include('APPPATH\\Views\\user\\order_details.php')
 3 SYSTEMPATH\View\View.php(216): CodeIgniter\View\View->CodeIgniter\View\{closure}()
 4 SYSTEMPATH\Common.php(1134): CodeIgniter\View\View->render('user/order_details', [], true)
 5 APPPATH\Controllers\User.php(833): view('user/order_details')
 6 SYSTEMPATH\CodeIgniter.php(927): App\Controllers\User->orderdetails()
 7 SYSTEMPATH\CodeIgniter.php(482): CodeIgniter\CodeIgniter->runController(Object(App\Controllers\User))
 8 SYSTEMPATH\CodeIgniter.php(351): CodeIgniter\CodeIgniter->handleRequest(null, Object(Config\Cache), false)
 9 FCPATH\index.php(67): CodeIgniter\CodeIgniter->run()
CRITICAL - 2023-05-25 11:07:34 --> Undefined property: stdClass::$is_customized
in APPPATH\Views\user\order_details.php on line 263.
 1 APPPATH\Views\user\order_details.php(263): CodeIgniter\Debug\Exceptions->errorHandler(2, 'Undefined property: stdClass::$is_customized', 'APPPATH\\Views\\user\\order_details.php', 263)
 2 SYSTEMPATH\View\View.php(213): include('APPPATH\\Views\\user\\order_details.php')
 3 SYSTEMPATH\View\View.php(216): CodeIgniter\View\View->CodeIgniter\View\{closure}()
 4 SYSTEMPATH\Common.php(1134): CodeIgniter\View\View->render('user/order_details', [], true)
 5 APPPATH\Controllers\User.php(833): view('user/order_details')
 6 SYSTEMPATH\CodeIgniter.php(927): App\Controllers\User->orderdetails()
 7 SYSTEMPATH\CodeIgniter.php(482): CodeIgniter\CodeIgniter->runController(Object(App\Controllers\User))
 8 SYSTEMPATH\CodeIgniter.php(351): CodeIgniter\CodeIgniter->handleRequest(null, Object(Config\Cache), false)
 9 FCPATH\index.php(67): CodeIgniter\CodeIgniter->run()
CRITICAL - 2023-05-25 11:11:13 --> Undefined property: stdClass::$is_customized
in APPPATH\Views\user\order_details.php on line 263.
 1 APPPATH\Views\user\order_details.php(263): CodeIgniter\Debug\Exceptions->errorHandler(2, 'Undefined property: stdClass::$is_customized', 'APPPATH\\Views\\user\\order_details.php', 263)
 2 SYSTEMPATH\View\View.php(213): include('APPPATH\\Views\\user\\order_details.php')
 3 SYSTEMPATH\View\View.php(216): CodeIgniter\View\View->CodeIgniter\View\{closure}()
 4 SYSTEMPATH\Common.php(1134): CodeIgniter\View\View->render('user/order_details', [], true)
 5 APPPATH\Controllers\User.php(833): view('user/order_details')
 6 SYSTEMPATH\CodeIgniter.php(927): App\Controllers\User->orderdetails()
 7 SYSTEMPATH\CodeIgniter.php(482): CodeIgniter\CodeIgniter->runController(Object(App\Controllers\User))
 8 SYSTEMPATH\CodeIgniter.php(351): CodeIgniter\CodeIgniter->handleRequest(null, Object(Config\Cache), false)
 9 FCPATH\index.php(67): CodeIgniter\CodeIgniter->run()
CRITICAL - 2023-05-25 11:12:20 --> Undefined property: stdClass::$is_customized
in APPPATH\Views\user\order_details.php on line 263.
 1 APPPATH\Views\user\order_details.php(263): CodeIgniter\Debug\Exceptions->errorHandler(2, 'Undefined property: stdClass::$is_customized', 'APPPATH\\Views\\user\\order_details.php', 263)
 2 SYSTEMPATH\View\View.php(213): include('APPPATH\\Views\\user\\order_details.php')
 3 SYSTEMPATH\View\View.php(216): CodeIgniter\View\View->CodeIgniter\View\{closure}()
 4 SYSTEMPATH\Common.php(1134): CodeIgniter\View\View->render('user/order_details', [], true)
 5 APPPATH\Controllers\User.php(833): view('user/order_details')
 6 SYSTEMPATH\CodeIgniter.php(927): App\Controllers\User->orderdetails()
 7 SYSTEMPATH\CodeIgniter.php(482): CodeIgniter\CodeIgniter->runController(Object(App\Controllers\User))
 8 SYSTEMPATH\CodeIgniter.php(351): CodeIgniter\CodeIgniter->handleRequest(null, Object(Config\Cache), false)
 9 FCPATH\index.php(67): CodeIgniter\CodeIgniter->run()
CRITICAL - 2023-05-25 11:13:05 --> Undefined property: stdClass::$is_customized
in APPPATH\Views\user\order_details.php on line 263.
 1 APPPATH\Views\user\order_details.php(263): CodeIgniter\Debug\Exceptions->errorHandler(2, 'Undefined property: stdClass::$is_customized', 'APPPATH\\Views\\user\\order_details.php', 263)
 2 SYSTEMPATH\View\View.php(213): include('APPPATH\\Views\\user\\order_details.php')
 3 SYSTEMPATH\View\View.php(216): CodeIgniter\View\View->CodeIgniter\View\{closure}()
 4 SYSTEMPATH\Common.php(1134): CodeIgniter\View\View->render('user/order_details', [], true)
 5 APPPATH\Controllers\User.php(833): view('user/order_details')
 6 SYSTEMPATH\CodeIgniter.php(927): App\Controllers\User->orderdetails()
 7 SYSTEMPATH\CodeIgniter.php(482): CodeIgniter\CodeIgniter->runController(Object(App\Controllers\User))
 8 SYSTEMPATH\CodeIgniter.php(351): CodeIgniter\CodeIgniter->handleRequest(null, Object(Config\Cache), false)
 9 FCPATH\index.php(67): CodeIgniter\CodeIgniter->run()
CRITICAL - 2023-05-25 11:13:14 --> Undefined property: stdClass::$is_customized
in APPPATH\Views\user\order_details.php on line 263.
 1 APPPATH\Views\user\order_details.php(263): CodeIgniter\Debug\Exceptions->errorHandler(2, 'Undefined property: stdClass::$is_customized', 'APPPATH\\Views\\user\\order_details.php', 263)
 2 SYSTEMPATH\View\View.php(213): include('APPPATH\\Views\\user\\order_details.php')
 3 SYSTEMPATH\View\View.php(216): CodeIgniter\View\View->CodeIgniter\View\{closure}()
 4 SYSTEMPATH\Common.php(1134): CodeIgniter\View\View->render('user/order_details', [], true)
 5 APPPATH\Controllers\User.php(833): view('user/order_details')
 6 SYSTEMPATH\CodeIgniter.php(927): App\Controllers\User->orderdetails()
 7 SYSTEMPATH\CodeIgniter.php(482): CodeIgniter\CodeIgniter->runController(Object(App\Controllers\User))
 8 SYSTEMPATH\CodeIgniter.php(351): CodeIgniter\CodeIgniter->handleRequest(null, Object(Config\Cache), false)
 9 FCPATH\index.php(67): CodeIgniter\CodeIgniter->run()
CRITICAL - 2023-05-25 11:14:17 --> Undefined property: stdClass::$is_customized
in APPPATH\Views\user\order_details.php on line 263.
 1 APPPATH\Views\user\order_details.php(263): CodeIgniter\Debug\Exceptions->errorHandler(2, 'Undefined property: stdClass::$is_customized', 'APPPATH\\Views\\user\\order_details.php', 263)
 2 SYSTEMPATH\View\View.php(213): include('APPPATH\\Views\\user\\order_details.php')
 3 SYSTEMPATH\View\View.php(216): CodeIgniter\View\View->CodeIgniter\View\{closure}()
 4 SYSTEMPATH\Common.php(1134): CodeIgniter\View\View->render('user/order_details', [], true)
 5 APPPATH\Controllers\User.php(833): view('user/order_details')
 6 SYSTEMPATH\CodeIgniter.php(927): App\Controllers\User->orderdetails()
 7 SYSTEMPATH\CodeIgniter.php(482): CodeIgniter\CodeIgniter->runController(Object(App\Controllers\User))
 8 SYSTEMPATH\CodeIgniter.php(351): CodeIgniter\CodeIgniter->handleRequest(null, Object(Config\Cache), false)
 9 FCPATH\index.php(67): CodeIgniter\CodeIgniter->run()
CRITICAL - 2023-05-25 11:14:37 --> Undefined property: stdClass::$is_customized
in APPPATH\Views\user\order_details.php on line 263.
 1 APPPATH\Views\user\order_details.php(263): CodeIgniter\Debug\Exceptions->errorHandler(2, 'Undefined property: stdClass::$is_customized', 'APPPATH\\Views\\user\\order_details.php', 263)
 2 SYSTEMPATH\View\View.php(213): include('APPPATH\\Views\\user\\order_details.php')
 3 SYSTEMPATH\View\View.php(216): CodeIgniter\View\View->CodeIgniter\View\{closure}()
 4 SYSTEMPATH\Common.php(1134): CodeIgniter\View\View->render('user/order_details', [], true)
 5 APPPATH\Controllers\User.php(833): view('user/order_details')
 6 SYSTEMPATH\CodeIgniter.php(927): App\Controllers\User->orderdetails()
 7 SYSTEMPATH\CodeIgniter.php(482): CodeIgniter\CodeIgniter->runController(Object(App\Controllers\User))
 8 SYSTEMPATH\CodeIgniter.php(351): CodeIgniter\CodeIgniter->handleRequest(null, Object(Config\Cache), false)
 9 FCPATH\index.php(67): CodeIgniter\CodeIgniter->run()
CRITICAL - 2023-05-25 11:16:46 --> Undefined property: stdClass::$is_customized
in APPPATH\Views\user\order_details.php on line 263.
 1 APPPATH\Views\user\order_details.php(263): CodeIgniter\Debug\Exceptions->errorHandler(2, 'Undefined property: stdClass::$is_customized', 'APPPATH\\Views\\user\\order_details.php', 263)
 2 SYSTEMPATH\View\View.php(213): include('APPPATH\\Views\\user\\order_details.php')
 3 SYSTEMPATH\View\View.php(216): CodeIgniter\View\View->CodeIgniter\View\{closure}()
 4 SYSTEMPATH\Common.php(1134): CodeIgniter\View\View->render('user/order_details', [], true)
 5 APPPATH\Controllers\User.php(833): view('user/order_details')
 6 SYSTEMPATH\CodeIgniter.php(927): App\Controllers\User->orderdetails()
 7 SYSTEMPATH\CodeIgniter.php(482): CodeIgniter\CodeIgniter->runController(Object(App\Controllers\User))
 8 SYSTEMPATH\CodeIgniter.php(351): CodeIgniter\CodeIgniter->handleRequest(null, Object(Config\Cache), false)
 9 FCPATH\index.php(67): CodeIgniter\CodeIgniter->run()
CRITICAL - 2023-05-25 11:17:14 --> Undefined property: stdClass::$is_customized
in APPPATH\Views\user\order_details.php on line 263.
 1 APPPATH\Views\user\order_details.php(263): CodeIgniter\Debug\Exceptions->errorHandler(2, 'Undefined property: stdClass::$is_customized', 'APPPATH\\Views\\user\\order_details.php', 263)
 2 SYSTEMPATH\View\View.php(213): include('APPPATH\\Views\\user\\order_details.php')
 3 SYSTEMPATH\View\View.php(216): CodeIgniter\View\View->CodeIgniter\View\{closure}()
 4 SYSTEMPATH\Common.php(1134): CodeIgniter\View\View->render('user/order_details', [], true)
 5 APPPATH\Controllers\User.php(833): view('user/order_details')
 6 SYSTEMPATH\CodeIgniter.php(927): App\Controllers\User->orderdetails()
 7 SYSTEMPATH\CodeIgniter.php(482): CodeIgniter\CodeIgniter->runController(Object(App\Controllers\User))
 8 SYSTEMPATH\CodeIgniter.php(351): CodeIgniter\CodeIgniter->handleRequest(null, Object(Config\Cache), false)
 9 FCPATH\index.php(67): CodeIgniter\CodeIgniter->run()
CRITICAL - 2023-05-25 11:20:32 --> Object of class stdClass could not be converted to string
in APPPATH\Controllers\User.php on line 1081.
 1 SYSTEMPATH\CodeIgniter.php(927): App\Controllers\User->placeorder()
 2 SYSTEMPATH\CodeIgniter.php(482): CodeIgniter\CodeIgniter->runController(Object(App\Controllers\User))
 3 SYSTEMPATH\CodeIgniter.php(351): CodeIgniter\CodeIgniter->handleRequest(null, Object(Config\Cache), false)
 4 FCPATH\index.php(67): CodeIgniter\CodeIgniter->run()
CRITICAL - 2023-05-25 11:23:06 --> Object of class stdClass could not be converted to string
in APPPATH\Controllers\User.php on line 1081.
 1 SYSTEMPATH\CodeIgniter.php(927): App\Controllers\User->placeorder()
 2 SYSTEMPATH\CodeIgniter.php(482): CodeIgniter\CodeIgniter->runController(Object(App\Controllers\User))
 3 SYSTEMPATH\CodeIgniter.php(351): CodeIgniter\CodeIgniter->handleRequest(null, Object(Config\Cache), false)
 4 FCPATH\index.php(67): CodeIgniter\CodeIgniter->run()
CRITICAL - 2023-05-25 11:25:19 --> Undefined property: stdClass::$is_customized
in APPPATH\Views\user\order_details.php on line 263.
 1 APPPATH\Views\user\order_details.php(263): CodeIgniter\Debug\Exceptions->errorHandler(2, 'Undefined property: stdClass::$is_customized', 'APPPATH\\Views\\user\\order_details.php', 263)
 2 SYSTEMPATH\View\View.php(213): include('APPPATH\\Views\\user\\order_details.php')
 3 SYSTEMPATH\View\View.php(216): CodeIgniter\View\View->CodeIgniter\View\{closure}()
 4 SYSTEMPATH\Common.php(1134): CodeIgniter\View\View->render('user/order_details', [], true)
 5 APPPATH\Controllers\User.php(833): view('user/order_details')
 6 SYSTEMPATH\CodeIgniter.php(927): App\Controllers\User->orderdetails()
 7 SYSTEMPATH\CodeIgniter.php(482): CodeIgniter\CodeIgniter->runController(Object(App\Controllers\User))
 8 SYSTEMPATH\CodeIgniter.php(351): CodeIgniter\CodeIgniter->handleRequest(null, Object(Config\Cache), false)
 9 FCPATH\index.php(67): CodeIgniter\CodeIgniter->run()
CRITICAL - 2023-05-25 11:25:42 --> Undefined property: stdClass::$is_customized
in APPPATH\Views\user\order_details.php on line 263.
 1 APPPATH\Views\user\order_details.php(263): CodeIgniter\Debug\Exceptions->errorHandler(2, 'Undefined property: stdClass::$is_customized', 'APPPATH\\Views\\user\\order_details.php', 263)
 2 SYSTEMPATH\View\View.php(213): include('APPPATH\\Views\\user\\order_details.php')
 3 SYSTEMPATH\View\View.php(216): CodeIgniter\View\View->CodeIgniter\View\{closure}()
 4 SYSTEMPATH\Common.php(1134): CodeIgniter\View\View->render('user/order_details', [], true)
 5 APPPATH\Controllers\User.php(833): view('user/order_details')
 6 SYSTEMPATH\CodeIgniter.php(927): App\Controllers\User->orderdetails()
 7 SYSTEMPATH\CodeIgniter.php(482): CodeIgniter\CodeIgniter->runController(Object(App\Controllers\User))
 8 SYSTEMPATH\CodeIgniter.php(351): CodeIgniter\CodeIgniter->handleRequest(null, Object(Config\Cache), false)
 9 FCPATH\index.php(67): CodeIgniter\CodeIgniter->run()
CRITICAL - 2023-05-25 13:25:23 --> Undefined variable $datum
in APPPATH\Views\user\order_details.php on line 162.
 1 APPPATH\Views\user\order_details.php(162): CodeIgniter\Debug\Exceptions->errorHandler(2, 'Undefined variable $datum', 'APPPATH\\Views\\user\\order_details.php', 162)
 2 SYSTEMPATH\View\View.php(213): include('APPPATH\\Views\\user\\order_details.php')
 3 SYSTEMPATH\View\View.php(216): CodeIgniter\View\View->CodeIgniter\View\{closure}()
 4 SYSTEMPATH\Common.php(1134): CodeIgniter\View\View->render('user/order_details', [], true)
 5 APPPATH\Controllers\User.php(833): view('user/order_details')
 6 SYSTEMPATH\CodeIgniter.php(927): App\Controllers\User->orderdetails()
 7 SYSTEMPATH\CodeIgniter.php(482): CodeIgniter\CodeIgniter->runController(Object(App\Controllers\User))
 8 SYSTEMPATH\CodeIgniter.php(351): CodeIgniter\CodeIgniter->handleRequest(null, Object(Config\Cache), false)
 9 FCPATH\index.php(67): CodeIgniter\CodeIgniter->run()
CRITICAL - 2023-05-25 13:39:07 --> Implicit conversion from float 261037.00000000003 to int loses precision
in APPPATH\Views\admin\pos.php on line 43.
 1 [internal function]: CodeIgniter\Debug\Exceptions->errorHandler(8192, 'Implicit conversion from float 261037.00000000003 to int loses precision', 'APPPATH\\Views\\admin\\pos.php', 43)
 2 APPPATH\Views\admin\pos.php(43): srand(261037.00000000003)
 3 APPPATH\Views\admin\pos.php(59): createRandomPassword()
 4 SYSTEMPATH\View\View.php(213): include('APPPATH\\Views\\admin\\pos.php')
 5 SYSTEMPATH\View\View.php(216): CodeIgniter\View\View->CodeIgniter\View\{closure}()
 6 SYSTEMPATH\Common.php(1134): CodeIgniter\View\View->render('admin/pos', [], true)
 7 APPPATH\Controllers\PosController.php(142): view('admin/pos', [...])
 8 SYSTEMPATH\CodeIgniter.php(927): App\Controllers\PosController->index()
 9 SYSTEMPATH\CodeIgniter.php(482): CodeIgniter\CodeIgniter->runController(Object(App\Controllers\PosController))
10 SYSTEMPATH\CodeIgniter.php(351): CodeIgniter\CodeIgniter->handleRequest(null, Object(Config\Cache), false)
11 FCPATH\index.php(67): CodeIgniter\CodeIgniter->run()
CRITICAL - 2023-05-25 13:59:18 --> Undefined array key "brgy"
in APPPATH\Views\admin\dashboard.php on line 427.
 1 APPPATH\Views\admin\dashboard.php(427): CodeIgniter\Debug\Exceptions->errorHandler(2, 'Undefined array key "brgy"', 'APPPATH\\Views\\admin\\dashboard.php', 427)
 2 SYSTEMPATH\View\View.php(213): include('APPPATH\\Views\\admin\\dashboard.php')
 3 SYSTEMPATH\View\View.php(216): CodeIgniter\View\View->CodeIgniter\View\{closure}()
 4 SYSTEMPATH\Common.php(1134): CodeIgniter\View\View->render('admin/dashboard', [], true)
 5 APPPATH\Controllers\Admin.php(300): view('admin/dashboard', [...])
 6 SYSTEMPATH\CodeIgniter.php(927): App\Controllers\Admin->dashboard1()
 7 SYSTEMPATH\CodeIgniter.php(482): CodeIgniter\CodeIgniter->runController(Object(App\Controllers\Admin))
 8 SYSTEMPATH\CodeIgniter.php(351): CodeIgniter\CodeIgniter->handleRequest(null, Object(Config\Cache), false)
 9 FCPATH\index.php(67): CodeIgniter\CodeIgniter->run()
CRITICAL - 2023-05-25 14:15:06 --> Undefined variable $order_code
in APPPATH\Views\user\checkout.php on line 233.
 1 APPPATH\Views\user\checkout.php(233): CodeIgniter\Debug\Exceptions->errorHandler(2, 'Undefined variable $order_code', 'APPPATH\\Views\\user\\checkout.php', 233)
 2 SYSTEMPATH\View\View.php(213): include('APPPATH\\Views\\user\\checkout.php')
 3 SYSTEMPATH\View\View.php(216): CodeIgniter\View\View->CodeIgniter\View\{closure}()
 4 SYSTEMPATH\Common.php(1134): CodeIgniter\View\View->render('user/checkout', [], true)
 5 APPPATH\Controllers\User.php(996): view('user/checkout', [...])
 6 SYSTEMPATH\CodeIgniter.php(927): App\Controllers\User->checkout()
 7 SYSTEMPATH\CodeIgniter.php(482): CodeIgniter\CodeIgniter->runController(Object(App\Controllers\User))
 8 SYSTEMPATH\CodeIgniter.php(351): CodeIgniter\CodeIgniter->handleRequest(null, Object(Config\Cache), false)
 9 FCPATH\index.php(67): CodeIgniter\CodeIgniter->run()
CRITICAL - 2023-05-25 14:16:03 --> Undefined property: stdClass::$order_code
in APPPATH\Views\user\checkout.php on line 233.
 1 APPPATH\Views\user\checkout.php(233): CodeIgniter\Debug\Exceptions->errorHandler(2, 'Undefined property: stdClass::$order_code', 'APPPATH\\Views\\user\\checkout.php', 233)
 2 SYSTEMPATH\View\View.php(213): include('APPPATH\\Views\\user\\checkout.php')
 3 SYSTEMPATH\View\View.php(216): CodeIgniter\View\View->CodeIgniter\View\{closure}()
 4 SYSTEMPATH\Common.php(1134): CodeIgniter\View\View->render('user/checkout', [], true)
 5 APPPATH\Controllers\User.php(996): view('user/checkout', [...])
 6 SYSTEMPATH\CodeIgniter.php(927): App\Controllers\User->checkout()
 7 SYSTEMPATH\CodeIgniter.php(482): CodeIgniter\CodeIgniter->runController(Object(App\Controllers\User))
 8 SYSTEMPATH\CodeIgniter.php(351): CodeIgniter\CodeIgniter->handleRequest(null, Object(Config\Cache), false)
 9 FCPATH\index.php(67): CodeIgniter\CodeIgniter->run()
CRITICAL - 2023-05-25 18:39:41 --> Undefined variable $address
in APPPATH\Views\user\auth\signlog.php on line 85.
 1 APPPATH\Views\user\auth\signlog.php(85): CodeIgniter\Debug\Exceptions->errorHandler(2, 'Undefined variable $address', 'APPPATH\\Views\\user\\auth\\signlog.php', 85)
 2 SYSTEMPATH\View\View.php(213): include('APPPATH\\Views\\user\\auth\\signlog.php')
 3 SYSTEMPATH\View\View.php(216): CodeIgniter\View\View->CodeIgniter\View\{closure}()
 4 SYSTEMPATH\Common.php(1134): CodeIgniter\View\View->render('user/auth/signlog', [], true)
 5 APPPATH\Controllers\User.php(135): view('user/auth/signlog', [...])
 6 SYSTEMPATH\CodeIgniter.php(927): App\Controllers\User->login()
 7 SYSTEMPATH\CodeIgniter.php(482): CodeIgniter\CodeIgniter->runController(Object(App\Controllers\User))
 8 SYSTEMPATH\CodeIgniter.php(351): CodeIgniter\CodeIgniter->handleRequest(null, Object(Config\Cache), false)
 9 FCPATH\index.php(67): CodeIgniter\CodeIgniter->run()
CRITICAL - 2023-05-25 18:40:01 --> Undefined variable $address
in APPPATH\Views\user\auth\signlog.php on line 85.
 1 APPPATH\Views\user\auth\signlog.php(85): CodeIgniter\Debug\Exceptions->errorHandler(2, 'Undefined variable $address', 'APPPATH\\Views\\user\\auth\\signlog.php', 85)
 2 SYSTEMPATH\View\View.php(213): include('APPPATH\\Views\\user\\auth\\signlog.php')
 3 SYSTEMPATH\View\View.php(216): CodeIgniter\View\View->CodeIgniter\View\{closure}()
 4 SYSTEMPATH\Common.php(1134): CodeIgniter\View\View->render('user/auth/signlog', [], true)
 5 APPPATH\Controllers\User.php(135): view('user/auth/signlog', [...])
 6 SYSTEMPATH\CodeIgniter.php(927): App\Controllers\User->login()
 7 SYSTEMPATH\CodeIgniter.php(482): CodeIgniter\CodeIgniter->runController(Object(App\Controllers\User))
 8 SYSTEMPATH\CodeIgniter.php(351): CodeIgniter\CodeIgniter->handleRequest(null, Object(Config\Cache), false)
 9 FCPATH\index.php(67): CodeIgniter\CodeIgniter->run()
CRITICAL - 2023-05-25 19:14:26 --> Undefined variable $address
in APPPATH\Views\user\auth\signlog.php on line 85.
 1 APPPATH\Views\user\auth\signlog.php(85): CodeIgniter\Debug\Exceptions->errorHandler(2, 'Undefined variable $address', 'APPPATH\\Views\\user\\auth\\signlog.php', 85)
 2 SYSTEMPATH\View\View.php(213): include('APPPATH\\Views\\user\\auth\\signlog.php')
 3 SYSTEMPATH\View\View.php(216): CodeIgniter\View\View->CodeIgniter\View\{closure}()
 4 SYSTEMPATH\Common.php(1134): CodeIgniter\View\View->render('user/auth/signlog', [], true)
 5 APPPATH\Controllers\User.php(135): view('user/auth/signlog', [...])
 6 SYSTEMPATH\CodeIgniter.php(927): App\Controllers\User->login()
 7 SYSTEMPATH\CodeIgniter.php(482): CodeIgniter\CodeIgniter->runController(Object(App\Controllers\User))
 8 SYSTEMPATH\CodeIgniter.php(351): CodeIgniter\CodeIgniter->handleRequest(null, Object(Config\Cache), false)
 9 FCPATH\index.php(67): CodeIgniter\CodeIgniter->run()
