ERROR - 2023-04-28 14:01:24 --> Email: sendWithMail throwed ErrorException: mail(): Failed to connect to mailserver at &quot;localhost&quot; port 25, verify your &quot;SMTP&quot; and &quot;smtp_port&quot; setting in php.ini or use ini_set() in C:\wamp64\www\ocake\ocake\system\Email\Email.php:1730
Stack trace:
#0 [internal function]: CodeIgniter\Debug\Exceptions->errorHandler(2, 'mail(): Failed ...', 'C:\\wamp64\\www\\o...', 1730)
#1 C:\wamp64\www\ocake\ocake\system\Email\Email.php(1730): mail('ramirezjechel23...', '=?UTF-8?Q?OTP?=', 'This is a multi...', 'Date: Fri, 28 A...', '-f ocake@gmail....')
#2 C:\wamp64\www\ocake\ocake\system\Email\Email.php(1662): CodeIgniter\Email\Email->sendWithMail()
#3 C:\wamp64\www\ocake\ocake\system\Email\Email.php(1560): CodeIgniter\Email\Email->spoolEmail()
#4 C:\wamp64\www\ocake\ocake\app\Controllers\User.php(58): CodeIgniter\Email\Email->send()
#5 C:\wamp64\www\ocake\ocake\app\Controllers\User.php(92): App\Controllers\User->send_mail(Object(CodeIgniter\Email\Email), 'Your verificati...')
#6 C:\wamp64\www\ocake\ocake\system\CodeIgniter.php(927): App\Controllers\User->login()
#7 C:\wamp64\www\ocake\ocake\system\CodeIgniter.php(482): CodeIgniter\CodeIgniter->runController(Object(App\Controllers\User))
#8 C:\wamp64\www\ocake\ocake\system\CodeIgniter.php(351): CodeIgniter\CodeIgniter->handleRequest(NULL, Object(Config\Cache), false)
#9 C:\wamp64\www\ocake\index.php(67): CodeIgniter\CodeIgniter->run()
#10 {main}
ERROR - 2023-04-28 14:01:24 --> Email: Unable to send email using PHP mail(). Your server might not be configured to send mail using this method.
ERROR - 2023-04-28 14:01:24 --> 
ERROR - 2023-04-28 14:33:43 --> Email: sendWithMail throwed ErrorException: mail(): Failed to connect to mailserver at &quot;localhost&quot; port 25, verify your &quot;SMTP&quot; and &quot;smtp_port&quot; setting in php.ini or use ini_set() in C:\wamp64\www\ocake\ocake\system\Email\Email.php:1730
Stack trace:
#0 [internal function]: CodeIgniter\Debug\Exceptions->errorHandler(2, 'mail(): Failed ...', 'C:\\wamp64\\www\\o...', 1730)
#1 C:\wamp64\www\ocake\ocake\system\Email\Email.php(1730): mail('arevalocristin2...', '=?UTF-8?Q?OTP?=', 'This is a multi...', 'Date: Fri, 28 A...', '-f ocake@gmail....')
#2 C:\wamp64\www\ocake\ocake\system\Email\Email.php(1662): CodeIgniter\Email\Email->sendWithMail()
#3 C:\wamp64\www\ocake\ocake\system\Email\Email.php(1560): CodeIgniter\Email\Email->spoolEmail()
#4 C:\wamp64\www\ocake\ocake\app\Controllers\User.php(58): CodeIgniter\Email\Email->send()
#5 C:\wamp64\www\ocake\ocake\app\Controllers\User.php(135): App\Controllers\User->send_mail(Object(CodeIgniter\Email\Email), 'Your reset code...')
#6 C:\wamp64\www\ocake\ocake\system\CodeIgniter.php(927): App\Controllers\User->sendResetCode()
#7 C:\wamp64\www\ocake\ocake\system\CodeIgniter.php(482): CodeIgniter\CodeIgniter->runController(Object(App\Controllers\User))
#8 C:\wamp64\www\ocake\ocake\system\CodeIgniter.php(351): CodeIgniter\CodeIgniter->handleRequest(NULL, Object(Config\Cache), false)
#9 C:\wamp64\www\ocake\index.php(67): CodeIgniter\CodeIgniter->run()
#10 {main}
ERROR - 2023-04-28 14:33:43 --> Email: Unable to send email using PHP mail(). Your server might not be configured to send mail using this method.
ERROR - 2023-04-28 14:33:43 --> 
ERROR - 2023-04-28 18:19:07 --> Email: sendWithMail throwed ErrorException: mail(): Failed to connect to mailserver at &quot;localhost&quot; port 25, verify your &quot;SMTP&quot; and &quot;smtp_port&quot; setting in php.ini or use ini_set() in C:\wamp64\www\ocake\ocake\system\Email\Email.php:1730
Stack trace:
#0 [internal function]: CodeIgniter\Debug\Exceptions->errorHandler(2, 'mail(): Failed ...', 'C:\\wamp64\\www\\o...', 1730)
#1 C:\wamp64\www\ocake\ocake\system\Email\Email.php(1730): mail('ramirezjechel23...', '=?UTF-8?Q?OTP?=', 'This is a multi...', 'Date: Fri, 28 A...', '-f ocake@gmail....')
#2 C:\wamp64\www\ocake\ocake\system\Email\Email.php(1662): CodeIgniter\Email\Email->sendWithMail()
#3 C:\wamp64\www\ocake\ocake\system\Email\Email.php(1560): CodeIgniter\Email\Email->spoolEmail()
#4 C:\wamp64\www\ocake\ocake\app\Controllers\User.php(58): CodeIgniter\Email\Email->send()
#5 C:\wamp64\www\ocake\ocake\app\Controllers\User.php(92): App\Controllers\User->send_mail(Object(CodeIgniter\Email\Email), 'Your verificati...')
#6 C:\wamp64\www\ocake\ocake\system\CodeIgniter.php(927): App\Controllers\User->login()
#7 C:\wamp64\www\ocake\ocake\system\CodeIgniter.php(482): CodeIgniter\CodeIgniter->runController(Object(App\Controllers\User))
#8 C:\wamp64\www\ocake\ocake\system\CodeIgniter.php(351): CodeIgniter\CodeIgniter->handleRequest(NULL, Object(Config\Cache), false)
#9 C:\wamp64\www\ocake\index.php(67): CodeIgniter\CodeIgniter->run()
#10 {main}
ERROR - 2023-04-28 18:19:07 --> Email: Unable to send email using PHP mail(). Your server might not be configured to send mail using this method.
ERROR - 2023-04-28 18:19:07 --> 
ERROR - 2023-04-28 18:59:11 --> Email: sendWithMail throwed ErrorException: mail(): Failed to connect to mailserver at &quot;localhost&quot; port 25, verify your &quot;SMTP&quot; and &quot;smtp_port&quot; setting in php.ini or use ini_set() in C:\wamp64\www\ocake\ocake\system\Email\Email.php:1730
Stack trace:
#0 [internal function]: CodeIgniter\Debug\Exceptions->errorHandler(2, 'mail(): Failed ...', 'C:\\wamp64\\www\\o...', 1730)
#1 C:\wamp64\www\ocake\ocake\system\Email\Email.php(1730): mail('ramirezjechel23...', '=?UTF-8?Q?OTP?=', 'This is a multi...', 'Date: Fri, 28 A...', '-f ocake@gmail....')
#2 C:\wamp64\www\ocake\ocake\system\Email\Email.php(1662): CodeIgniter\Email\Email->sendWithMail()
#3 C:\wamp64\www\ocake\ocake\system\Email\Email.php(1560): CodeIgniter\Email\Email->spoolEmail()
#4 C:\wamp64\www\ocake\ocake\app\Controllers\User.php(58): CodeIgniter\Email\Email->send()
#5 C:\wamp64\www\ocake\ocake\app\Controllers\User.php(297): App\Controllers\User->send_mail(Object(CodeIgniter\Email\Email), 'Your verificati...')
#6 C:\wamp64\www\ocake\ocake\system\CodeIgniter.php(927): App\Controllers\User->verify()
#7 C:\wamp64\www\ocake\ocake\system\CodeIgniter.php(482): CodeIgniter\CodeIgniter->runController(Object(App\Controllers\User))
#8 C:\wamp64\www\ocake\ocake\system\CodeIgniter.php(351): CodeIgniter\CodeIgniter->handleRequest(NULL, Object(Config\Cache), false)
#9 C:\wamp64\www\ocake\index.php(67): CodeIgniter\CodeIgniter->run()
#10 {main}
ERROR - 2023-04-28 18:59:11 --> Email: Unable to send email using PHP mail(). Your server might not be configured to send mail using this method.
ERROR - 2023-04-28 18:59:11 --> 
