CRITICAL - 2022-12-29 00:20:05 --> Undefined variable: custom_layer
in APPPATH\Views\admin\layout.php on line 84.
 1 APPPATH\Views\admin\layout.php(84): CodeIgniter\Debug\Exceptions->errorHandler(8, 'Undefined variable: custom_layer', 'APPPATH\\Views\\admin\\layout.php', 84, [...])
 2 SYSTEMPATH\View\View.php(213): include('APPPATH\\Views\\admin\\layout.php')
 3 SYSTEMPATH\View\View.php(216): CodeIgniter\View\View->CodeIgniter\View\{closure}()
 4 SYSTEMPATH\Common.php(1134): CodeIgniter\View\View->render('admin/layout', [], true)
 5 APPPATH\Controllers\CustomizationController.php(312): view('admin/layout', [...])
 6 SYSTEMPATH\CodeIgniter.php(927): App\Controllers\CustomizationController->layout()
 7 SYSTEMPATH\CodeIgniter.php(482): CodeIgniter\CodeIgniter->runController(Object(App\Controllers\CustomizationController))
 8 SYSTEMPATH\CodeIgniter.php(351): CodeIgniter\CodeIgniter->handleRequest(null, Object(Config\Cache), false)
 9 FCPATH\index.php(67): CodeIgniter\CodeIgniter->run()
CRITICAL - 2022-12-29 00:22:06 --> Invalid file: admin/customization/layout.php
in SYSTEMPATH\Exceptions\FrameworkException.php on line 33.
 1 SYSTEMPATH\View\View.php(201): CodeIgniter\Exceptions\FrameworkException::forInvalidFile('admin/customization/layout.php')
 2 SYSTEMPATH\Common.php(1134): CodeIgniter\View\View->render('admin/customization/layout', [], true)
 3 APPPATH\Controllers\CustomizationController.php(266): view('admin/customization/layout', [...])
 4 SYSTEMPATH\CodeIgniter.php(927): App\Controllers\CustomizationController->add_layout()
 5 SYSTEMPATH\CodeIgniter.php(482): CodeIgniter\CodeIgniter->runController(Object(App\Controllers\CustomizationController))
 6 SYSTEMPATH\CodeIgniter.php(351): CodeIgniter\CodeIgniter->handleRequest(null, Object(Config\Cache), false)
 7 FCPATH\index.php(67): CodeIgniter\CodeIgniter->run()
CRITICAL - 2022-12-29 00:30:56 --> Undefined property: stdClass::$design_id
in APPPATH\Views\admin\layout.php on line 220.
 1 APPPATH\Views\admin\layout.php(220): CodeIgniter\Debug\Exceptions->errorHandler(8, 'Undefined property: stdClass::$design_id', 'APPPATH\\Views\\admin\\layout.php', 220, [...])
 2 SYSTEMPATH\View\View.php(213): include('APPPATH\\Views\\admin\\layout.php')
 3 SYSTEMPATH\View\View.php(216): CodeIgniter\View\View->CodeIgniter\View\{closure}()
 4 SYSTEMPATH\Common.php(1134): CodeIgniter\View\View->render('admin/layout', [], true)
 5 APPPATH\Controllers\CustomizationController.php(312): view('admin/layout', [...])
 6 SYSTEMPATH\CodeIgniter.php(927): App\Controllers\CustomizationController->layout()
 7 SYSTEMPATH\CodeIgniter.php(482): CodeIgniter\CodeIgniter->runController(Object(App\Controllers\CustomizationController))
 8 SYSTEMPATH\CodeIgniter.php(351): CodeIgniter\CodeIgniter->handleRequest(null, Object(Config\Cache), false)
 9 FCPATH\index.php(67): CodeIgniter\CodeIgniter->run()
CRITICAL - 2022-12-29 00:46:17 --> Undefined property: stdClass::$design_id
in APPPATH\Views\admin\layout.php on line 236.
 1 APPPATH\Views\admin\layout.php(236): CodeIgniter\Debug\Exceptions->errorHandler(8, 'Undefined property: stdClass::$design_id', 'APPPATH\\Views\\admin\\layout.php', 236, [...])
 2 SYSTEMPATH\View\View.php(213): include('APPPATH\\Views\\admin\\layout.php')
 3 SYSTEMPATH\View\View.php(216): CodeIgniter\View\View->CodeIgniter\View\{closure}()
 4 SYSTEMPATH\Common.php(1134): CodeIgniter\View\View->render('admin/layout', [], true)
 5 APPPATH\Controllers\CustomizationController.php(312): view('admin/layout', [...])
 6 SYSTEMPATH\CodeIgniter.php(927): App\Controllers\CustomizationController->layout()
 7 SYSTEMPATH\CodeIgniter.php(482): CodeIgniter\CodeIgniter->runController(Object(App\Controllers\CustomizationController))
 8 SYSTEMPATH\CodeIgniter.php(351): CodeIgniter\CodeIgniter->handleRequest(null, Object(Config\Cache), false)
 9 FCPATH\index.php(67): CodeIgniter\CodeIgniter->run()
CRITICAL - 2022-12-29 00:48:46 --> Call to undefined method App\Models\Layout_model::design_update
in SYSTEMPATH\Model.php on line 774.
 1 APPPATH\Controllers\CustomizationController.php(360): CodeIgniter\Model->__call('design_update', [...])
 2 SYSTEMPATH\CodeIgniter.php(927): App\Controllers\CustomizationController->layout_update('2', 'C:\\wamp64\\www\\ocake')
 3 SYSTEMPATH\CodeIgniter.php(482): CodeIgniter\CodeIgniter->runController(Object(App\Controllers\CustomizationController))
 4 SYSTEMPATH\CodeIgniter.php(351): CodeIgniter\CodeIgniter->handleRequest(null, Object(Config\Cache), false)
 5 FCPATH\index.php(67): CodeIgniter\CodeIgniter->run()
CRITICAL - 2022-12-29 01:16:30 --> Undefined property: stdClass::$layer_id
in APPPATH\Views\admin\layout.php on line 266.
 1 APPPATH\Views\admin\layout.php(266): CodeIgniter\Debug\Exceptions->errorHandler(8, 'Undefined property: stdClass::$layer_id', 'APPPATH\\Views\\admin\\layout.php', 266, [...])
 2 SYSTEMPATH\View\View.php(213): include('APPPATH\\Views\\admin\\layout.php')
 3 SYSTEMPATH\View\View.php(216): CodeIgniter\View\View->CodeIgniter\View\{closure}()
 4 SYSTEMPATH\Common.php(1134): CodeIgniter\View\View->render('admin/layout', [], true)
 5 APPPATH\Controllers\CustomizationController.php(312): view('admin/layout', [...])
 6 SYSTEMPATH\CodeIgniter.php(927): App\Controllers\CustomizationController->layout()
 7 SYSTEMPATH\CodeIgniter.php(482): CodeIgniter\CodeIgniter->runController(Object(App\Controllers\CustomizationController))
 8 SYSTEMPATH\CodeIgniter.php(351): CodeIgniter\CodeIgniter->handleRequest(null, Object(Config\Cache), false)
 9 FCPATH\index.php(67): CodeIgniter\CodeIgniter->run()
CRITICAL - 2022-12-29 01:18:20 --> Undefined property: stdClass::$price
in APPPATH\Views\admin\layout.php on line 275.
 1 APPPATH\Views\admin\layout.php(275): CodeIgniter\Debug\Exceptions->errorHandler(8, 'Undefined property: stdClass::$price', 'APPPATH\\Views\\admin\\layout.php', 275, [...])
 2 SYSTEMPATH\View\View.php(213): include('APPPATH\\Views\\admin\\layout.php')
 3 SYSTEMPATH\View\View.php(216): CodeIgniter\View\View->CodeIgniter\View\{closure}()
 4 SYSTEMPATH\Common.php(1134): CodeIgniter\View\View->render('admin/layout', [], true)
 5 APPPATH\Controllers\CustomizationController.php(312): view('admin/layout', [...])
 6 SYSTEMPATH\CodeIgniter.php(927): App\Controllers\CustomizationController->layout()
 7 SYSTEMPATH\CodeIgniter.php(482): CodeIgniter\CodeIgniter->runController(Object(App\Controllers\CustomizationController))
 8 SYSTEMPATH\CodeIgniter.php(351): CodeIgniter\CodeIgniter->handleRequest(null, Object(Config\Cache), false)
 9 FCPATH\index.php(67): CodeIgniter\CodeIgniter->run()
CRITICAL - 2022-12-29 01:19:07 --> Undefined property: stdClass::$price
in APPPATH\Views\admin\layout.php on line 275.
 1 APPPATH\Views\admin\layout.php(275): CodeIgniter\Debug\Exceptions->errorHandler(8, 'Undefined property: stdClass::$price', 'APPPATH\\Views\\admin\\layout.php', 275, [...])
 2 SYSTEMPATH\View\View.php(213): include('APPPATH\\Views\\admin\\layout.php')
 3 SYSTEMPATH\View\View.php(216): CodeIgniter\View\View->CodeIgniter\View\{closure}()
 4 SYSTEMPATH\Common.php(1134): CodeIgniter\View\View->render('admin/layout', [], true)
 5 APPPATH\Controllers\CustomizationController.php(312): view('admin/layout', [...])
 6 SYSTEMPATH\CodeIgniter.php(927): App\Controllers\CustomizationController->layout()
 7 SYSTEMPATH\CodeIgniter.php(482): CodeIgniter\CodeIgniter->runController(Object(App\Controllers\CustomizationController))
 8 SYSTEMPATH\CodeIgniter.php(351): CodeIgniter\CodeIgniter->handleRequest(null, Object(Config\Cache), false)
 9 FCPATH\index.php(67): CodeIgniter\CodeIgniter->run()
CRITICAL - 2022-12-29 01:19:35 --> Undefined property: stdClass::$layout_id
in APPPATH\Views\admin\layout.php on line 312.
 1 APPPATH\Views\admin\layout.php(312): CodeIgniter\Debug\Exceptions->errorHandler(8, 'Undefined property: stdClass::$layout_id', 'APPPATH\\Views\\admin\\layout.php', 312, [...])
 2 SYSTEMPATH\View\View.php(213): include('APPPATH\\Views\\admin\\layout.php')
 3 SYSTEMPATH\View\View.php(216): CodeIgniter\View\View->CodeIgniter\View\{closure}()
 4 SYSTEMPATH\Common.php(1134): CodeIgniter\View\View->render('admin/layout', [], true)
 5 APPPATH\Controllers\CustomizationController.php(312): view('admin/layout', [...])
 6 SYSTEMPATH\CodeIgniter.php(927): App\Controllers\CustomizationController->layout()
 7 SYSTEMPATH\CodeIgniter.php(482): CodeIgniter\CodeIgniter->runController(Object(App\Controllers\CustomizationController))
 8 SYSTEMPATH\CodeIgniter.php(351): CodeIgniter\CodeIgniter->handleRequest(null, Object(Config\Cache), false)
 9 FCPATH\index.php(67): CodeIgniter\CodeIgniter->run()
CRITICAL - 2022-12-29 01:23:50 --> Invalid file: admin/customization/layout.php
in SYSTEMPATH\Exceptions\FrameworkException.php on line 33.
 1 SYSTEMPATH\View\View.php(201): CodeIgniter\Exceptions\FrameworkException::forInvalidFile('admin/customization/layout.php')
 2 SYSTEMPATH\Common.php(1134): CodeIgniter\View\View->render('admin/customization/layout', [], true)
 3 APPPATH\Controllers\CustomizationController.php(331): view('admin/customization/layout', [...])
 4 SYSTEMPATH\CodeIgniter.php(927): App\Controllers\CustomizationController->layout_update('5', 'C:\\wamp64\\www\\ocake')
 5 SYSTEMPATH\CodeIgniter.php(482): CodeIgniter\CodeIgniter->runController(Object(App\Controllers\CustomizationController))
 6 SYSTEMPATH\CodeIgniter.php(351): CodeIgniter\CodeIgniter->handleRequest(null, Object(Config\Cache), false)
 7 FCPATH\index.php(67): CodeIgniter\CodeIgniter->run()
CRITICAL - 2022-12-29 01:27:12 --> Invalid file: admin/customization/layout.php
in SYSTEMPATH\Exceptions\FrameworkException.php on line 33.
 1 SYSTEMPATH\View\View.php(201): CodeIgniter\Exceptions\FrameworkException::forInvalidFile('admin/customization/layout.php')
 2 SYSTEMPATH\Common.php(1134): CodeIgniter\View\View->render('admin/customization/layout', [], true)
 3 APPPATH\Controllers\CustomizationController.php(339): view('admin/customization/layout', [...])
 4 SYSTEMPATH\CodeIgniter.php(927): App\Controllers\CustomizationController->layout_update('5', 'C:\\wamp64\\www\\ocake')
 5 SYSTEMPATH\CodeIgniter.php(482): CodeIgniter\CodeIgniter->runController(Object(App\Controllers\CustomizationController))
 6 SYSTEMPATH\CodeIgniter.php(351): CodeIgniter\CodeIgniter->handleRequest(null, Object(Config\Cache), false)
 7 FCPATH\index.php(67): CodeIgniter\CodeIgniter->run()
CRITICAL - 2022-12-29 01:30:36 --> Invalid file: admin/customization/layout.php
in SYSTEMPATH\Exceptions\FrameworkException.php on line 33.
 1 SYSTEMPATH\View\View.php(201): CodeIgniter\Exceptions\FrameworkException::forInvalidFile('admin/customization/layout.php')
 2 SYSTEMPATH\Common.php(1134): CodeIgniter\View\View->render('admin/customization/layout', [], true)
 3 APPPATH\Controllers\CustomizationController.php(331): view('admin/customization/layout', [...])
 4 SYSTEMPATH\CodeIgniter.php(927): App\Controllers\CustomizationController->layout_update('5', 'C:\\wamp64\\www\\ocake')
 5 SYSTEMPATH\CodeIgniter.php(482): CodeIgniter\CodeIgniter->runController(Object(App\Controllers\CustomizationController))
 6 SYSTEMPATH\CodeIgniter.php(351): CodeIgniter\CodeIgniter->handleRequest(null, Object(Config\Cache), false)
 7 FCPATH\index.php(67): CodeIgniter\CodeIgniter->run()
CRITICAL - 2022-12-29 01:31:25 --> Invalid file: admin/customization/layout.php
in SYSTEMPATH\Exceptions\FrameworkException.php on line 33.
 1 SYSTEMPATH\View\View.php(201): CodeIgniter\Exceptions\FrameworkException::forInvalidFile('admin/customization/layout.php')
 2 SYSTEMPATH\Common.php(1134): CodeIgniter\View\View->render('admin/customization/layout', [], true)
 3 APPPATH\Controllers\CustomizationController.php(331): view('admin/customization/layout', [...])
 4 SYSTEMPATH\CodeIgniter.php(927): App\Controllers\CustomizationController->layout_update('5', 'C:\\wamp64\\www\\ocake')
 5 SYSTEMPATH\CodeIgniter.php(482): CodeIgniter\CodeIgniter->runController(Object(App\Controllers\CustomizationController))
 6 SYSTEMPATH\CodeIgniter.php(351): CodeIgniter\CodeIgniter->handleRequest(null, Object(Config\Cache), false)
 7 FCPATH\index.php(67): CodeIgniter\CodeIgniter->run()
CRITICAL - 2022-12-29 01:45:30 --> Invalid file: admin/customization/layout.php
in SYSTEMPATH\Exceptions\FrameworkException.php on line 33.
 1 SYSTEMPATH\View\View.php(201): CodeIgniter\Exceptions\FrameworkException::forInvalidFile('admin/customization/layout.php')
 2 SYSTEMPATH\Common.php(1134): CodeIgniter\View\View->render('admin/customization/layout', [], true)
 3 APPPATH\Controllers\CustomizationController.php(266): view('admin/customization/layout', [...])
 4 SYSTEMPATH\CodeIgniter.php(927): App\Controllers\CustomizationController->add_layout()
 5 SYSTEMPATH\CodeIgniter.php(482): CodeIgniter\CodeIgniter->runController(Object(App\Controllers\CustomizationController))
 6 SYSTEMPATH\CodeIgniter.php(351): CodeIgniter\CodeIgniter->handleRequest(null, Object(Config\Cache), false)
 7 FCPATH\index.php(67): CodeIgniter\CodeIgniter->run()
ERROR - 2022-12-29 01:47:41 --> mysqli_sql_exception: Column 'flavor_id' cannot be null in C:\wamp64\www\ocake\ocake\system\Database\MySQLi\Connection.php:292
Stack trace:
#0 C:\wamp64\www\ocake\ocake\system\Database\MySQLi\Connection.php(292): mysqli->query('INSERT INTO `la...', 0)
#1 C:\wamp64\www\ocake\ocake\system\Database\BaseConnection.php(666): CodeIgniter\Database\MySQLi\Connection->execute('INSERT INTO `la...')
#2 C:\wamp64\www\ocake\ocake\system\Database\BaseConnection.php(593): CodeIgniter\Database\BaseConnection->simpleQuery('INSERT INTO `la...')
#3 C:\wamp64\www\ocake\ocake\system\Database\BaseBuilder.php(1916): CodeIgniter\Database\BaseConnection->query('INSERT INTO `la...', Array, false)
#4 C:\wamp64\www\ocake\ocake\system\Model.php(279): CodeIgniter\Database\BaseBuilder->insert()
#5 C:\wamp64\www\ocake\ocake\system\BaseModel.php(749): CodeIgniter\Model->doInsert(Array)
#6 C:\wamp64\www\ocake\ocake\system\Model.php(667): CodeIgniter\BaseModel->insert(Array, true)
#7 C:\wamp64\www\ocake\ocake\app\Controllers\CustomizationController.php(292): CodeIgniter\Model->insert(Array)
#8 C:\wamp64\www\ocake\ocake\system\CodeIgniter.php(927): App\Controllers\CustomizationController->add_layout()
#9 C:\wamp64\www\ocake\ocake\system\CodeIgniter.php(482): CodeIgniter\CodeIgniter->runController(Object(App\Controllers\CustomizationController))
#10 C:\wamp64\www\ocake\ocake\system\CodeIgniter.php(351): CodeIgniter\CodeIgniter->handleRequest(NULL, Object(Config\Cache), false)
#11 C:\wamp64\www\ocake\index.php(67): CodeIgniter\CodeIgniter->run()
#12 {main}
ERROR - 2022-12-29 01:48:18 --> mysqli_sql_exception: Column 'flavor_id' cannot be null in C:\wamp64\www\ocake\ocake\system\Database\MySQLi\Connection.php:292
Stack trace:
#0 C:\wamp64\www\ocake\ocake\system\Database\MySQLi\Connection.php(292): mysqli->query('INSERT INTO `la...', 0)
#1 C:\wamp64\www\ocake\ocake\system\Database\BaseConnection.php(666): CodeIgniter\Database\MySQLi\Connection->execute('INSERT INTO `la...')
#2 C:\wamp64\www\ocake\ocake\system\Database\BaseConnection.php(593): CodeIgniter\Database\BaseConnection->simpleQuery('INSERT INTO `la...')
#3 C:\wamp64\www\ocake\ocake\system\Database\BaseBuilder.php(1916): CodeIgniter\Database\BaseConnection->query('INSERT INTO `la...', Array, false)
#4 C:\wamp64\www\ocake\ocake\system\Model.php(279): CodeIgniter\Database\BaseBuilder->insert()
#5 C:\wamp64\www\ocake\ocake\system\BaseModel.php(749): CodeIgniter\Model->doInsert(Array)
#6 C:\wamp64\www\ocake\ocake\system\Model.php(667): CodeIgniter\BaseModel->insert(Array, true)
#7 C:\wamp64\www\ocake\ocake\app\Controllers\CustomizationController.php(278): CodeIgniter\Model->insert(Array)
#8 C:\wamp64\www\ocake\ocake\system\CodeIgniter.php(927): App\Controllers\CustomizationController->add_layout()
#9 C:\wamp64\www\ocake\ocake\system\CodeIgniter.php(482): CodeIgniter\CodeIgniter->runController(Object(App\Controllers\CustomizationController))
#10 C:\wamp64\www\ocake\ocake\system\CodeIgniter.php(351): CodeIgniter\CodeIgniter->handleRequest(NULL, Object(Config\Cache), false)
#11 C:\wamp64\www\ocake\index.php(67): CodeIgniter\CodeIgniter->run()
#12 {main}
CRITICAL - 2022-12-29 02:23:37 --> Undefined property: stdClass::$flavor_id
in APPPATH\Views\admin\layout.php on line 212.
 1 APPPATH\Views\admin\layout.php(212): CodeIgniter\Debug\Exceptions->errorHandler(8, 'Undefined property: stdClass::$flavor_id', 'APPPATH\\Views\\admin\\layout.php', 212, [...])
 2 SYSTEMPATH\View\View.php(213): include('APPPATH\\Views\\admin\\layout.php')
 3 SYSTEMPATH\View\View.php(216): CodeIgniter\View\View->CodeIgniter\View\{closure}()
 4 SYSTEMPATH\Common.php(1134): CodeIgniter\View\View->render('admin/layout', [], true)
 5 APPPATH\Controllers\CustomizationController.php(309): view('admin/layout', [...])
 6 SYSTEMPATH\CodeIgniter.php(927): App\Controllers\CustomizationController->layout()
 7 SYSTEMPATH\CodeIgniter.php(482): CodeIgniter\CodeIgniter->runController(Object(App\Controllers\CustomizationController))
 8 SYSTEMPATH\CodeIgniter.php(351): CodeIgniter\CodeIgniter->handleRequest(null, Object(Config\Cache), false)
 9 FCPATH\index.php(67): CodeIgniter\CodeIgniter->run()
CRITICAL - 2022-12-29 03:14:15 --> Undefined property: stdClass::$layout_status
in APPPATH\Views\admin\layout.php on line 244.
 1 APPPATH\Views\admin\layout.php(244): CodeIgniter\Debug\Exceptions->errorHandler(8, 'Undefined property: stdClass::$layout_status', 'APPPATH\\Views\\admin\\layout.php', 244, [...])
 2 SYSTEMPATH\View\View.php(213): include('APPPATH\\Views\\admin\\layout.php')
 3 SYSTEMPATH\View\View.php(216): CodeIgniter\View\View->CodeIgniter\View\{closure}()
 4 SYSTEMPATH\Common.php(1134): CodeIgniter\View\View->render('admin/layout', [], true)
 5 APPPATH\Controllers\CustomizationController.php(307): view('admin/layout', [...])
 6 SYSTEMPATH\CodeIgniter.php(927): App\Controllers\CustomizationController->layout()
 7 SYSTEMPATH\CodeIgniter.php(482): CodeIgniter\CodeIgniter->runController(Object(App\Controllers\CustomizationController))
 8 SYSTEMPATH\CodeIgniter.php(351): CodeIgniter\CodeIgniter->handleRequest(null, Object(Config\Cache), false)
 9 FCPATH\index.php(67): CodeIgniter\CodeIgniter->run()
CRITICAL - 2022-12-29 07:51:35 --> Call to undefined method App\Models\StateModel::fetchFlavor
in SYSTEMPATH\Model.php on line 774.
 1 APPPATH\Controllers\User.php(457): CodeIgniter\Model->__call('fetchFlavor', [])
 2 SYSTEMPATH\CodeIgniter.php(927): App\Controllers\User->cop()
 3 SYSTEMPATH\CodeIgniter.php(482): CodeIgniter\CodeIgniter->runController(Object(App\Controllers\User))
 4 SYSTEMPATH\CodeIgniter.php(351): CodeIgniter\CodeIgniter->handleRequest(null, Object(Config\Cache), false)
 5 FCPATH\index.php(67): CodeIgniter\CodeIgniter->run()
CRITICAL - 2022-12-29 07:53:38 --> Undefined variable: country
in APPPATH\Views\user\cop.php on line 11.
 1 APPPATH\Views\user\cop.php(11): CodeIgniter\Debug\Exceptions->errorHandler(8, 'Undefined variable: country', 'APPPATH\\Views\\user\\cop.php', 11, [...])
 2 SYSTEMPATH\View\View.php(213): include('APPPATH\\Views\\user\\cop.php')
 3 SYSTEMPATH\View\View.php(216): CodeIgniter\View\View->CodeIgniter\View\{closure}()
 4 SYSTEMPATH\Common.php(1134): CodeIgniter\View\View->render('user/cop', [], true)
 5 APPPATH\Controllers\User.php(460): view('user/cop', [...])
 6 SYSTEMPATH\CodeIgniter.php(927): App\Controllers\User->cop()
 7 SYSTEMPATH\CodeIgniter.php(482): CodeIgniter\CodeIgniter->runController(Object(App\Controllers\User))
 8 SYSTEMPATH\CodeIgniter.php(351): CodeIgniter\CodeIgniter->handleRequest(null, Object(Config\Cache), false)
 9 FCPATH\index.php(67): CodeIgniter\CodeIgniter->run()
CRITICAL - 2022-12-29 08:35:33 --> Call to undefined function set_value()
in APPPATH\Views\user\cop.php on line 9.
 1 SYSTEMPATH\View\View.php(213): include()
 2 SYSTEMPATH\View\View.php(216): CodeIgniter\View\View->CodeIgniter\View\{closure}()
 3 SYSTEMPATH\Common.php(1134): CodeIgniter\View\View->render('user/cop', [], true)
 4 APPPATH\Controllers\User.php(460): view('user/cop', [...])
 5 SYSTEMPATH\CodeIgniter.php(927): App\Controllers\User->cop()
 6 SYSTEMPATH\CodeIgniter.php(482): CodeIgniter\CodeIgniter->runController(Object(App\Controllers\User))
 7 SYSTEMPATH\CodeIgniter.php(351): CodeIgniter\CodeIgniter->handleRequest(null, Object(Config\Cache), false)
 8 FCPATH\index.php(67): CodeIgniter\CodeIgniter->run()
CRITICAL - 2022-12-29 08:36:48 --> Trying to get property 'country_id' of non-object
in APPPATH\Views\user\cop.php on line 12.
 1 APPPATH\Views\user\cop.php(12): CodeIgniter\Debug\Exceptions->errorHandler(8, 'Trying to get property \'country_id\' of non-object', 'APPPATH\\Views\\user\\cop.php', 12, [...])
 2 SYSTEMPATH\View\View.php(213): include('APPPATH\\Views\\user\\cop.php')
 3 SYSTEMPATH\View\View.php(216): CodeIgniter\View\View->CodeIgniter\View\{closure}()
 4 SYSTEMPATH\Common.php(1134): CodeIgniter\View\View->render('user/cop', [], true)
 5 APPPATH\Controllers\User.php(460): view('user/cop', [...])
 6 SYSTEMPATH\CodeIgniter.php(927): App\Controllers\User->cop()
 7 SYSTEMPATH\CodeIgniter.php(482): CodeIgniter\CodeIgniter->runController(Object(App\Controllers\User))
 8 SYSTEMPATH\CodeIgniter.php(351): CodeIgniter\CodeIgniter->handleRequest(null, Object(Config\Cache), false)
 9 FCPATH\index.php(67): CodeIgniter\CodeIgniter->run()
CRITICAL - 2022-12-29 21:04:09 --> Call to undefined function set_value()
in APPPATH\Views\user\cop.php on line 9.
 1 SYSTEMPATH\View\View.php(213): include()
 2 SYSTEMPATH\View\View.php(216): CodeIgniter\View\View->CodeIgniter\View\{closure}()
 3 SYSTEMPATH\Common.php(1134): CodeIgniter\View\View->render('user/cop', [], true)
 4 APPPATH\Controllers\User.php(461): view('user/cop', [...])
 5 SYSTEMPATH\CodeIgniter.php(927): App\Controllers\User->cop()
 6 SYSTEMPATH\CodeIgniter.php(482): CodeIgniter\CodeIgniter->runController(Object(App\Controllers\User))
 7 SYSTEMPATH\CodeIgniter.php(351): CodeIgniter\CodeIgniter->handleRequest(null, Object(Config\Cache), false)
 8 FCPATH\index.php(67): CodeIgniter\CodeIgniter->run()
CRITICAL - 2022-12-29 21:11:44 --> Cannot use isset() on the result of an expression (you can use "null !== expression" instead)
in APPPATH\Views\user\cop.php on line 9.
 1 [internal function]: CodeIgniter\Debug\Exceptions->shutdownHandler()
CRITICAL - 2022-12-29 21:55:48 --> Call to undefined function set_value()
in APPPATH\Views\user\cop.php on line 9.
 1 SYSTEMPATH\View\View.php(213): include()
 2 SYSTEMPATH\View\View.php(216): CodeIgniter\View\View->CodeIgniter\View\{closure}()
 3 SYSTEMPATH\Common.php(1134): CodeIgniter\View\View->render('user/cop', [], true)
 4 APPPATH\Controllers\User.php(461): view('user/cop', [...])
 5 SYSTEMPATH\CodeIgniter.php(927): App\Controllers\User->cop()
 6 SYSTEMPATH\CodeIgniter.php(482): CodeIgniter\CodeIgniter->runController(Object(App\Controllers\User))
 7 SYSTEMPATH\CodeIgniter.php(351): CodeIgniter\CodeIgniter->handleRequest(null, Object(Config\Cache), false)
 8 FCPATH\index.php(67): CodeIgniter\CodeIgniter->run()
CRITICAL - 2022-12-29 22:03:18 --> Call to undefined function set_value()
in APPPATH\Views\user\cop.php on line 9.
 1 SYSTEMPATH\View\View.php(213): include()
 2 SYSTEMPATH\View\View.php(216): CodeIgniter\View\View->CodeIgniter\View\{closure}()
 3 SYSTEMPATH\Common.php(1134): CodeIgniter\View\View->render('user/cop', [], true)
 4 APPPATH\Controllers\User.php(461): view('user/cop', [...])
 5 SYSTEMPATH\CodeIgniter.php(927): App\Controllers\User->cop()
 6 SYSTEMPATH\CodeIgniter.php(482): CodeIgniter\CodeIgniter->runController(Object(App\Controllers\User))
 7 SYSTEMPATH\CodeIgniter.php(351): CodeIgniter\CodeIgniter->handleRequest(null, Object(Config\Cache), false)
 8 FCPATH\index.php(67): CodeIgniter\CodeIgniter->run()
CRITICAL - 2022-12-29 22:28:58 --> A non well formed numeric value encountered
in APPPATH\Views\user\customization.php on line 196.
 1 APPPATH\Views\user\customization.php(196): CodeIgniter\Debug\Exceptions->errorHandler(8, 'A non well formed numeric value encountered', 'APPPATH\\Views\\user\\customization.php', 196, [...])
 2 SYSTEMPATH\View\View.php(213): include('APPPATH\\Views\\user\\customization.php')
 3 SYSTEMPATH\View\View.php(216): CodeIgniter\View\View->CodeIgniter\View\{closure}()
 4 SYSTEMPATH\Common.php(1134): CodeIgniter\View\View->render('user/customization', [], true)
 5 APPPATH\Controllers\User.php(386): view('user/customization', [...])
 6 SYSTEMPATH\CodeIgniter.php(927): App\Controllers\User->customization()
 7 SYSTEMPATH\CodeIgniter.php(482): CodeIgniter\CodeIgniter->runController(Object(App\Controllers\User))
 8 SYSTEMPATH\CodeIgniter.php(351): CodeIgniter\CodeIgniter->handleRequest(null, Object(Config\Cache), false)
 9 FCPATH\index.php(67): CodeIgniter\CodeIgniter->run()
CRITICAL - 2022-12-29 22:39:05 --> Undefined variable: quantity
in APPPATH\Views\user\customization.php on line 195.
 1 APPPATH\Views\user\customization.php(195): CodeIgniter\Debug\Exceptions->errorHandler(8, 'Undefined variable: quantity', 'APPPATH\\Views\\user\\customization.php', 195, [...])
 2 SYSTEMPATH\View\View.php(213): include('APPPATH\\Views\\user\\customization.php')
 3 SYSTEMPATH\View\View.php(216): CodeIgniter\View\View->CodeIgniter\View\{closure}()
 4 SYSTEMPATH\Common.php(1134): CodeIgniter\View\View->render('user/customization', [], true)
 5 APPPATH\Controllers\User.php(386): view('user/customization', [...])
 6 SYSTEMPATH\CodeIgniter.php(927): App\Controllers\User->customization()
 7 SYSTEMPATH\CodeIgniter.php(482): CodeIgniter\CodeIgniter->runController(Object(App\Controllers\User))
 8 SYSTEMPATH\CodeIgniter.php(351): CodeIgniter\CodeIgniter->handleRequest(null, Object(Config\Cache), false)
 9 FCPATH\index.php(67): CodeIgniter\CodeIgniter->run()
CRITICAL - 2022-12-29 22:39:58 --> Undefined variable: quantity
in APPPATH\Views\user\customization.php on line 195.
 1 APPPATH\Views\user\customization.php(195): CodeIgniter\Debug\Exceptions->errorHandler(8, 'Undefined variable: quantity', 'APPPATH\\Views\\user\\customization.php', 195, [...])
 2 SYSTEMPATH\View\View.php(213): include('APPPATH\\Views\\user\\customization.php')
 3 SYSTEMPATH\View\View.php(216): CodeIgniter\View\View->CodeIgniter\View\{closure}()
 4 SYSTEMPATH\Common.php(1134): CodeIgniter\View\View->render('user/customization', [], true)
 5 APPPATH\Controllers\User.php(386): view('user/customization', [...])
 6 SYSTEMPATH\CodeIgniter.php(927): App\Controllers\User->customization()
 7 SYSTEMPATH\CodeIgniter.php(482): CodeIgniter\CodeIgniter->runController(Object(App\Controllers\User))
 8 SYSTEMPATH\CodeIgniter.php(351): CodeIgniter\CodeIgniter->handleRequest(null, Object(Config\Cache), false)
 9 FCPATH\index.php(67): CodeIgniter\CodeIgniter->run()
CRITICAL - 2022-12-29 22:40:31 --> Undefined variable: quantity
in APPPATH\Views\user\customization.php on line 195.
 1 APPPATH\Views\user\customization.php(195): CodeIgniter\Debug\Exceptions->errorHandler(8, 'Undefined variable: quantity', 'APPPATH\\Views\\user\\customization.php', 195, [...])
 2 SYSTEMPATH\View\View.php(213): include('APPPATH\\Views\\user\\customization.php')
 3 SYSTEMPATH\View\View.php(216): CodeIgniter\View\View->CodeIgniter\View\{closure}()
 4 SYSTEMPATH\Common.php(1134): CodeIgniter\View\View->render('user/customization', [], true)
 5 APPPATH\Controllers\User.php(386): view('user/customization', [...])
 6 SYSTEMPATH\CodeIgniter.php(927): App\Controllers\User->customization()
 7 SYSTEMPATH\CodeIgniter.php(482): CodeIgniter\CodeIgniter->runController(Object(App\Controllers\User))
 8 SYSTEMPATH\CodeIgniter.php(351): CodeIgniter\CodeIgniter->handleRequest(null, Object(Config\Cache), false)
 9 FCPATH\index.php(67): CodeIgniter\CodeIgniter->run()
CRITICAL - 2022-12-29 23:10:32 --> Call to undefined function set_value()
in APPPATH\Views\user\cop.php on line 9.
 1 SYSTEMPATH\View\View.php(213): include()
 2 SYSTEMPATH\View\View.php(216): CodeIgniter\View\View->CodeIgniter\View\{closure}()
 3 SYSTEMPATH\Common.php(1134): CodeIgniter\View\View->render('user/cop', [], true)
 4 APPPATH\Controllers\User.php(461): view('user/cop', [...])
 5 SYSTEMPATH\CodeIgniter.php(927): App\Controllers\User->cop()
 6 SYSTEMPATH\CodeIgniter.php(482): CodeIgniter\CodeIgniter->runController(Object(App\Controllers\User))
 7 SYSTEMPATH\CodeIgniter.php(351): CodeIgniter\CodeIgniter->handleRequest(null, Object(Config\Cache), false)
 8 FCPATH\index.php(67): CodeIgniter\CodeIgniter->run()
