CRITICAL - 2023-04-27 19:52:27 --> Undefined property: stdClass::$occassion
in APPPATH\Views\admin\pos.php on line 124.
 1 APPPATH\Views\admin\pos.php(124): CodeIgniter\Debug\Exceptions->errorHandler(2, 'Undefined property: stdClass::$occassion', 'APPPATH\\Views\\admin\\pos.php', 124)
 2 SYSTEMPATH\View\View.php(213): include('APPPATH\\Views\\admin\\pos.php')
 3 SYSTEMPATH\View\View.php(216): CodeIgniter\View\View->CodeIgniter\View\{closure}()
 4 SYSTEMPATH\Common.php(1134): CodeIgniter\View\View->render('admin/pos', [], true)
 5 APPPATH\Controllers\Admin.php(761): view('admin/pos', [...])
 6 SYSTEMPATH\CodeIgniter.php(927): App\Controllers\Admin->pos()
 7 SYSTEMPATH\CodeIgniter.php(482): CodeIgniter\CodeIgniter->runController(Object(App\Controllers\Admin))
 8 SYSTEMPATH\CodeIgniter.php(351): CodeIgniter\CodeIgniter->handleRequest(null, Object(Config\Cache), false)
 9 FCPATH\index.php(67): CodeIgniter\CodeIgniter->run()
CRITICAL - 2023-04-27 19:55:56 --> Undefined constant "base_url"
in APPPATH\Views\admin\pos.php on line 114.
 1 SYSTEMPATH\View\View.php(213): include()
 2 SYSTEMPATH\View\View.php(216): CodeIgniter\View\View->CodeIgniter\View\{closure}()
 3 SYSTEMPATH\Common.php(1134): CodeIgniter\View\View->render('admin/pos', [], true)
 4 APPPATH\Controllers\Admin.php(761): view('admin/pos', [...])
 5 SYSTEMPATH\CodeIgniter.php(927): App\Controllers\Admin->pos()
 6 SYSTEMPATH\CodeIgniter.php(482): CodeIgniter\CodeIgniter->runController(Object(App\Controllers\Admin))
 7 SYSTEMPATH\CodeIgniter.php(351): CodeIgniter\CodeIgniter->handleRequest(null, Object(Config\Cache), false)
 8 FCPATH\index.php(67): CodeIgniter\CodeIgniter->run()
CRITICAL - 2023-04-27 20:09:54 --> Undefined variable $category
in APPPATH\Views\admin\pos.php on line 46.
 1 APPPATH\Views\admin\pos.php(46): CodeIgniter\Debug\Exceptions->errorHandler(2, 'Undefined variable $category', 'APPPATH\\Views\\admin\\pos.php', 46)
 2 SYSTEMPATH\View\View.php(213): include('APPPATH\\Views\\admin\\pos.php')
 3 SYSTEMPATH\View\View.php(216): CodeIgniter\View\View->CodeIgniter\View\{closure}()
 4 SYSTEMPATH\Common.php(1134): CodeIgniter\View\View->render('admin/pos', [], true)
 5 APPPATH\Controllers\Admin.php(761): view('admin/pos', [...])
 6 SYSTEMPATH\CodeIgniter.php(927): App\Controllers\Admin->pos()
 7 SYSTEMPATH\CodeIgniter.php(482): CodeIgniter\CodeIgniter->runController(Object(App\Controllers\Admin))
 8 SYSTEMPATH\CodeIgniter.php(351): CodeIgniter\CodeIgniter->handleRequest(null, Object(Config\Cache), false)
 9 FCPATH\index.php(67): CodeIgniter\CodeIgniter->run()
CRITICAL - 2023-04-27 20:10:33 --> Undefined variable $data
in APPPATH\Views\admin\pos.php on line 46.
 1 APPPATH\Views\admin\pos.php(46): CodeIgniter\Debug\Exceptions->errorHandler(2, 'Undefined variable $data', 'APPPATH\\Views\\admin\\pos.php', 46)
 2 SYSTEMPATH\View\View.php(213): include('APPPATH\\Views\\admin\\pos.php')
 3 SYSTEMPATH\View\View.php(216): CodeIgniter\View\View->CodeIgniter\View\{closure}()
 4 SYSTEMPATH\Common.php(1134): CodeIgniter\View\View->render('admin/pos', [], true)
 5 APPPATH\Controllers\Admin.php(761): view('admin/pos', [...])
 6 SYSTEMPATH\CodeIgniter.php(927): App\Controllers\Admin->pos()
 7 SYSTEMPATH\CodeIgniter.php(482): CodeIgniter\CodeIgniter->runController(Object(App\Controllers\Admin))
 8 SYSTEMPATH\CodeIgniter.php(351): CodeIgniter\CodeIgniter->handleRequest(null, Object(Config\Cache), false)
 9 FCPATH\index.php(67): CodeIgniter\CodeIgniter->run()
CRITICAL - 2023-04-27 20:10:35 --> Undefined variable $data
in APPPATH\Views\admin\pos.php on line 46.
 1 APPPATH\Views\admin\pos.php(46): CodeIgniter\Debug\Exceptions->errorHandler(2, 'Undefined variable $data', 'APPPATH\\Views\\admin\\pos.php', 46)
 2 SYSTEMPATH\View\View.php(213): include('APPPATH\\Views\\admin\\pos.php')
 3 SYSTEMPATH\View\View.php(216): CodeIgniter\View\View->CodeIgniter\View\{closure}()
 4 SYSTEMPATH\Common.php(1134): CodeIgniter\View\View->render('admin/pos', [], true)
 5 APPPATH\Controllers\Admin.php(761): view('admin/pos', [...])
 6 SYSTEMPATH\CodeIgniter.php(927): App\Controllers\Admin->pos()
 7 SYSTEMPATH\CodeIgniter.php(482): CodeIgniter\CodeIgniter->runController(Object(App\Controllers\Admin))
 8 SYSTEMPATH\CodeIgniter.php(351): CodeIgniter\CodeIgniter->handleRequest(null, Object(Config\Cache), false)
 9 FCPATH\index.php(67): CodeIgniter\CodeIgniter->run()
CRITICAL - 2023-04-27 20:10:35 --> Undefined variable $data
in APPPATH\Views\admin\pos.php on line 46.
 1 APPPATH\Views\admin\pos.php(46): CodeIgniter\Debug\Exceptions->errorHandler(2, 'Undefined variable $data', 'APPPATH\\Views\\admin\\pos.php', 46)
 2 SYSTEMPATH\View\View.php(213): include('APPPATH\\Views\\admin\\pos.php')
 3 SYSTEMPATH\View\View.php(216): CodeIgniter\View\View->CodeIgniter\View\{closure}()
 4 SYSTEMPATH\Common.php(1134): CodeIgniter\View\View->render('admin/pos', [], true)
 5 APPPATH\Controllers\Admin.php(761): view('admin/pos', [...])
 6 SYSTEMPATH\CodeIgniter.php(927): App\Controllers\Admin->pos()
 7 SYSTEMPATH\CodeIgniter.php(482): CodeIgniter\CodeIgniter->runController(Object(App\Controllers\Admin))
 8 SYSTEMPATH\CodeIgniter.php(351): CodeIgniter\CodeIgniter->handleRequest(null, Object(Config\Cache), false)
 9 FCPATH\index.php(67): CodeIgniter\CodeIgniter->run()
CRITICAL - 2023-04-27 20:10:36 --> Undefined variable $data
in APPPATH\Views\admin\pos.php on line 46.
 1 APPPATH\Views\admin\pos.php(46): CodeIgniter\Debug\Exceptions->errorHandler(2, 'Undefined variable $data', 'APPPATH\\Views\\admin\\pos.php', 46)
 2 SYSTEMPATH\View\View.php(213): include('APPPATH\\Views\\admin\\pos.php')
 3 SYSTEMPATH\View\View.php(216): CodeIgniter\View\View->CodeIgniter\View\{closure}()
 4 SYSTEMPATH\Common.php(1134): CodeIgniter\View\View->render('admin/pos', [], true)
 5 APPPATH\Controllers\Admin.php(761): view('admin/pos', [...])
 6 SYSTEMPATH\CodeIgniter.php(927): App\Controllers\Admin->pos()
 7 SYSTEMPATH\CodeIgniter.php(482): CodeIgniter\CodeIgniter->runController(Object(App\Controllers\Admin))
 8 SYSTEMPATH\CodeIgniter.php(351): CodeIgniter\CodeIgniter->handleRequest(null, Object(Config\Cache), false)
 9 FCPATH\index.php(67): CodeIgniter\CodeIgniter->run()
CRITICAL - 2023-04-27 20:10:49 --> Undefined variable $category
in APPPATH\Views\admin\pos.php on line 46.
 1 APPPATH\Views\admin\pos.php(46): CodeIgniter\Debug\Exceptions->errorHandler(2, 'Undefined variable $category', 'APPPATH\\Views\\admin\\pos.php', 46)
 2 SYSTEMPATH\View\View.php(213): include('APPPATH\\Views\\admin\\pos.php')
 3 SYSTEMPATH\View\View.php(216): CodeIgniter\View\View->CodeIgniter\View\{closure}()
 4 SYSTEMPATH\Common.php(1134): CodeIgniter\View\View->render('admin/pos', [], true)
 5 APPPATH\Controllers\Admin.php(761): view('admin/pos', [...])
 6 SYSTEMPATH\CodeIgniter.php(927): App\Controllers\Admin->pos()
 7 SYSTEMPATH\CodeIgniter.php(482): CodeIgniter\CodeIgniter->runController(Object(App\Controllers\Admin))
 8 SYSTEMPATH\CodeIgniter.php(351): CodeIgniter\CodeIgniter->handleRequest(null, Object(Config\Cache), false)
 9 FCPATH\index.php(67): CodeIgniter\CodeIgniter->run()
