CRITICAL - 2022-12-31 00:03:14 --> Object of class App\Models\Cart_m could not be converted to string
in APPPATH\Controllers\User.php on line 61.
 1 SYSTEMPATH\CodeIgniter.php(927): App\Controllers\User->checkout()
 2 SYSTEMPATH\CodeIgniter.php(482): CodeIgniter\CodeIgniter->runController(Object(App\Controllers\User))
 3 SYSTEMPATH\CodeIgniter.php(351): CodeIgniter\CodeIgniter->handleRequest(null, Object(Config\Cache), false)
 4 FCPATH\index.php(67): CodeIgniter\CodeIgniter->run()
CRITICAL - 2022-12-31 00:07:23 --> Object of class App\Models\Cart_m could not be converted to string
in APPPATH\Controllers\User.php on line 61.
 1 SYSTEMPATH\CodeIgniter.php(927): App\Controllers\User->checkout()
 2 SYSTEMPATH\CodeIgniter.php(482): CodeIgniter\CodeIgniter->runController(Object(App\Controllers\User))
 3 SYSTEMPATH\CodeIgniter.php(351): CodeIgniter\CodeIgniter->handleRequest(null, Object(Config\Cache), false)
 4 FCPATH\index.php(67): CodeIgniter\CodeIgniter->run()
CRITICAL - 2022-12-31 00:07:28 --> Object of class App\Models\Cart_m could not be converted to string
in APPPATH\Controllers\User.php on line 61.
 1 SYSTEMPATH\CodeIgniter.php(927): App\Controllers\User->checkout()
 2 SYSTEMPATH\CodeIgniter.php(482): CodeIgniter\CodeIgniter->runController(Object(App\Controllers\User))
 3 SYSTEMPATH\CodeIgniter.php(351): CodeIgniter\CodeIgniter->handleRequest(null, Object(Config\Cache), false)
 4 FCPATH\index.php(67): CodeIgniter\CodeIgniter->run()
CRITICAL - 2022-12-31 00:08:20 --> Object of class App\Models\Cart_m could not be converted to string
in APPPATH\Controllers\User.php on line 61.
 1 SYSTEMPATH\CodeIgniter.php(927): App\Controllers\User->checkout()
 2 SYSTEMPATH\CodeIgniter.php(482): CodeIgniter\CodeIgniter->runController(Object(App\Controllers\User))
 3 SYSTEMPATH\CodeIgniter.php(351): CodeIgniter\CodeIgniter->handleRequest(null, Object(Config\Cache), false)
 4 FCPATH\index.php(67): CodeIgniter\CodeIgniter->run()
CRITICAL - 2022-12-31 01:43:00 --> Object of class App\Models\Cart_m could not be converted to string
in APPPATH\Controllers\User.php on line 61.
 1 SYSTEMPATH\CodeIgniter.php(927): App\Controllers\User->checkout()
 2 SYSTEMPATH\CodeIgniter.php(482): CodeIgniter\CodeIgniter->runController(Object(App\Controllers\User))
 3 SYSTEMPATH\CodeIgniter.php(351): CodeIgniter\CodeIgniter->handleRequest(null, Object(Config\Cache), false)
 4 FCPATH\index.php(67): CodeIgniter\CodeIgniter->run()
CRITICAL - 2022-12-31 01:52:29 --> Undefined variable: data
in APPPATH\Views\user\order_details.php on line 45.
 1 APPPATH\Views\user\order_details.php(45): CodeIgniter\Debug\Exceptions->errorHandler(8, 'Undefined variable: data', 'APPPATH\\Views\\user\\order_details.php', 45, [...])
 2 SYSTEMPATH\View\View.php(213): include('APPPATH\\Views\\user\\order_details.php')
 3 SYSTEMPATH\View\View.php(216): CodeIgniter\View\View->CodeIgniter\View\{closure}()
 4 SYSTEMPATH\Common.php(1134): CodeIgniter\View\View->render('user/order_details', [], true)
 5 APPPATH\Controllers\User.php(202): view('user/order_details')
 6 SYSTEMPATH\CodeIgniter.php(927): App\Controllers\User->orderdetails()
 7 SYSTEMPATH\CodeIgniter.php(482): CodeIgniter\CodeIgniter->runController(Object(App\Controllers\User))
 8 SYSTEMPATH\CodeIgniter.php(351): CodeIgniter\CodeIgniter->handleRequest(null, Object(Config\Cache), false)
 9 FCPATH\index.php(67): CodeIgniter\CodeIgniter->run()
CRITICAL - 2022-12-31 02:55:36 --> Object of class App\Models\Cart_m could not be converted to string
in APPPATH\Controllers\User.php on line 61.
 1 SYSTEMPATH\CodeIgniter.php(927): App\Controllers\User->checkout()
 2 SYSTEMPATH\CodeIgniter.php(482): CodeIgniter\CodeIgniter->runController(Object(App\Controllers\User))
 3 SYSTEMPATH\CodeIgniter.php(351): CodeIgniter\CodeIgniter->handleRequest(null, Object(Config\Cache), false)
 4 FCPATH\index.php(67): CodeIgniter\CodeIgniter->run()
CRITICAL - 2022-12-31 03:01:12 --> Object of class App\Models\Cart_m could not be converted to string
in APPPATH\Controllers\User.php on line 42.
 1 SYSTEMPATH\CodeIgniter.php(927): App\Controllers\User->checkout()
 2 SYSTEMPATH\CodeIgniter.php(482): CodeIgniter\CodeIgniter->runController(Object(App\Controllers\User))
 3 SYSTEMPATH\CodeIgniter.php(351): CodeIgniter\CodeIgniter->handleRequest(null, Object(Config\Cache), false)
 4 FCPATH\index.php(67): CodeIgniter\CodeIgniter->run()
CRITICAL - 2022-12-31 03:16:45 --> Undefined index: cart_product
in APPPATH\Controllers\User.php on line 54.
 1 APPPATH\Controllers\User.php(54): CodeIgniter\Debug\Exceptions->errorHandler(8, 'Undefined index: cart_product', 'APPPATH\\Controllers\\User.php', 54, [...])
 2 SYSTEMPATH\CodeIgniter.php(927): App\Controllers\User->checkout()
 3 SYSTEMPATH\CodeIgniter.php(482): CodeIgniter\CodeIgniter->runController(Object(App\Controllers\User))
 4 SYSTEMPATH\CodeIgniter.php(351): CodeIgniter\CodeIgniter->handleRequest(null, Object(Config\Cache), false)
 5 FCPATH\index.php(67): CodeIgniter\CodeIgniter->run()
CRITICAL - 2022-12-31 05:42:23 --> Undefined property: stdClass::$municipality
in APPPATH\Views\user\checkout.php on line 75.
 1 APPPATH\Views\user\checkout.php(75): CodeIgniter\Debug\Exceptions->errorHandler(8, 'Undefined property: stdClass::$municipality', 'APPPATH\\Views\\user\\checkout.php', 75, [...])
 2 SYSTEMPATH\View\View.php(213): include('APPPATH\\Views\\user\\checkout.php')
 3 SYSTEMPATH\View\View.php(216): CodeIgniter\View\View->CodeIgniter\View\{closure}()
 4 SYSTEMPATH\Common.php(1134): CodeIgniter\View\View->render('user/checkout', [], true)
 5 APPPATH\Controllers\User.php(63): view('user/checkout', [...])
 6 SYSTEMPATH\CodeIgniter.php(927): App\Controllers\User->checkout()
 7 SYSTEMPATH\CodeIgniter.php(482): CodeIgniter\CodeIgniter->runController(Object(App\Controllers\User))
 8 SYSTEMPATH\CodeIgniter.php(351): CodeIgniter\CodeIgniter->handleRequest(null, Object(Config\Cache), false)
 9 FCPATH\index.php(67): CodeIgniter\CodeIgniter->run()
ERROR - 2022-12-31 07:04:49 --> mysqli_sql_exception: Unknown column 'user_id' in 'where clause' in C:\wamp64\www\ocake\ocake\system\Database\MySQLi\Connection.php:292
Stack trace:
#0 C:\wamp64\www\ocake\ocake\system\Database\MySQLi\Connection.php(292): mysqli->query('SELECT *\nFROM `...', 0)
#1 C:\wamp64\www\ocake\ocake\system\Database\BaseConnection.php(666): CodeIgniter\Database\MySQLi\Connection->execute('SELECT *\nFROM `...')
#2 C:\wamp64\www\ocake\ocake\system\Database\BaseConnection.php(593): CodeIgniter\Database\BaseConnection->simpleQuery('SELECT *\nFROM `...')
#3 C:\wamp64\www\ocake\ocake\system\Database\BaseBuilder.php(1585): CodeIgniter\Database\BaseConnection->query('SELECT *\nFROM `...', Array, false)
#4 C:\wamp64\www\ocake\ocake\system\Model.php(772): CodeIgniter\Database\BaseBuilder->get()
#5 C:\wamp64\www\ocake\ocake\app\Models\Personal_m.php(13): CodeIgniter\Model->__call('get', Array)
#6 C:\wamp64\www\ocake\ocake\app\Controllers\User.php(45): App\Models\Personal_m->fetchPersonal('21')
#7 C:\wamp64\www\ocake\ocake\system\CodeIgniter.php(927): App\Controllers\User->checkout()
#8 C:\wamp64\www\ocake\ocake\system\CodeIgniter.php(482): CodeIgniter\CodeIgniter->runController(Object(App\Controllers\User))
#9 C:\wamp64\www\ocake\ocake\system\CodeIgniter.php(351): CodeIgniter\CodeIgniter->handleRequest(NULL, Object(Config\Cache), false)
#10 C:\wamp64\www\ocake\index.php(67): CodeIgniter\CodeIgniter->run()
#11 {main}
CRITICAL - 2022-12-31 07:04:49 --> Call to a member function getResult() on bool
in APPPATH\Models\Personal_m.php on line 13.
 1 APPPATH\Controllers\User.php(45): App\Models\Personal_m->fetchPersonal('21')
 2 SYSTEMPATH\CodeIgniter.php(927): App\Controllers\User->checkout()
 3 SYSTEMPATH\CodeIgniter.php(482): CodeIgniter\CodeIgniter->runController(Object(App\Controllers\User))
 4 SYSTEMPATH\CodeIgniter.php(351): CodeIgniter\CodeIgniter->handleRequest(null, Object(Config\Cache), false)
 5 FCPATH\index.php(67): CodeIgniter\CodeIgniter->run()
