CRITICAL - 2023-03-17 03:59:04 --> Undefined property: stdClass::$image
in APPPATH\Views\admin\categorylist.php on line 223.
 1 APPPATH\Views\admin\categorylist.php(223): CodeIgniter\Debug\Exceptions->errorHandler(2, 'Undefined property: stdClass::$image', 'APPPATH\\Views\\admin\\categorylist.php', 223)
 2 SYSTEMPATH\View\View.php(213): include('APPPATH\\Views\\admin\\categorylist.php')
 3 SYSTEMPATH\View\View.php(216): CodeIgniter\View\View->CodeIgniter\View\{closure}()
 4 SYSTEMPATH\Common.php(1134): CodeIgniter\View\View->render('admin/categorylist', [], true)
 5 APPPATH\Controllers\Admin.php(216): view('admin/categorylist', [...])
 6 SYSTEMPATH\CodeIgniter.php(927): App\Controllers\Admin->categorylist()
 7 SYSTEMPATH\CodeIgniter.php(482): CodeIgniter\CodeIgniter->runController(Object(App\Controllers\Admin))
 8 SYSTEMPATH\CodeIgniter.php(351): CodeIgniter\CodeIgniter->handleRequest(null, Object(Config\Cache), false)
 9 FCPATH\index.php(67): CodeIgniter\CodeIgniter->run()
CRITICAL - 2023-03-17 04:11:05 --> The route for "admin-productlist" cannot be found.
in SYSTEMPATH\HTTP\RedirectResponse.php on line 60.
 1 SYSTEMPATH\HTTP\RedirectResponse.php(60): CodeIgniter\HTTP\Exceptions\HTTPException::forInvalidRedirectRoute('admin-productlist')
 2 SYSTEMPATH\Common.php(860): CodeIgniter\HTTP\RedirectResponse->route(false)
 3 APPPATH\Controllers\Admin.php(294): redirect('admin-productlist')
 4 SYSTEMPATH\CodeIgniter.php(927): App\Controllers\Admin->delete_product('141', 'C:\\wamp64\\www\\ocake')
 5 SYSTEMPATH\CodeIgniter.php(482): CodeIgniter\CodeIgniter->runController(Object(App\Controllers\Admin))
 6 SYSTEMPATH\CodeIgniter.php(351): CodeIgniter\CodeIgniter->handleRequest(null, Object(Config\Cache), false)
 7 FCPATH\index.php(67): CodeIgniter\CodeIgniter->run()
CRITICAL - 2023-03-17 04:48:25 --> Undefined property: stdClass::$catrgory_id
in APPPATH\Views\admin\categorylist.php on line 253.
 1 APPPATH\Views\admin\categorylist.php(253): CodeIgniter\Debug\Exceptions->errorHandler(2, 'Undefined property: stdClass::$catrgory_id', 'APPPATH\\Views\\admin\\categorylist.php', 253)
 2 SYSTEMPATH\View\View.php(213): include('APPPATH\\Views\\admin\\categorylist.php')
 3 SYSTEMPATH\View\View.php(216): CodeIgniter\View\View->CodeIgniter\View\{closure}()
 4 SYSTEMPATH\Common.php(1134): CodeIgniter\View\View->render('admin/categorylist', [], true)
 5 APPPATH\Controllers\Admin.php(216): view('admin/categorylist', [...])
 6 SYSTEMPATH\CodeIgniter.php(927): App\Controllers\Admin->categorylist()
 7 SYSTEMPATH\CodeIgniter.php(482): CodeIgniter\CodeIgniter->runController(Object(App\Controllers\Admin))
 8 SYSTEMPATH\CodeIgniter.php(351): CodeIgniter\CodeIgniter->handleRequest(null, Object(Config\Cache), false)
 9 FCPATH\index.php(67): CodeIgniter\CodeIgniter->run()
CRITICAL - 2023-03-17 04:52:26 --> Call to undefined method App\Models\Product_model::cat_update
in SYSTEMPATH\Model.php on line 774.
 1 APPPATH\Controllers\Admin.php(265): CodeIgniter\Model->__call('cat_update', [...])
 2 SYSTEMPATH\CodeIgniter.php(927): App\Controllers\Admin->update_category('11', 'C:\\wamp64\\www\\ocake')
 3 SYSTEMPATH\CodeIgniter.php(482): CodeIgniter\CodeIgniter->runController(Object(App\Controllers\Admin))
 4 SYSTEMPATH\CodeIgniter.php(351): CodeIgniter\CodeIgniter->handleRequest(null, Object(Config\Cache), false)
 5 FCPATH\index.php(67): CodeIgniter\CodeIgniter->run()
