CRITICAL - 2023-03-25 02:11:45 --> Undefined constant "CodeIgniter\Debug\VENDORPATH"
in SYSTEMPATH\Debug\Exceptions.php on line 177.
 1 SYSTEMPATH\Debug\Exceptions.php(157): CodeIgniter\Debug\Exceptions->isFakerDeprecationError(8192, 'ucwords(): Passing null to parameter #1 ($string) of type string is deprecated', 'APPPATH\\Views\\user\\include\\header.php', 105)
 2 [internal function]: CodeIgniter\Debug\Exceptions->errorHandler(8192, 'ucwords(): Passing null to parameter #1 ($string) of type string is deprecated', 'APPPATH\\Views\\user\\include\\header.php', 105)
 3 APPPATH\Views\user\include\header.php(105): ucwords(null)
 4 SYSTEMPATH\View\View.php(213): include('APPPATH\\Views\\user\\include\\header.php')
 5 SYSTEMPATH\View\View.php(216): CodeIgniter\View\View->CodeIgniter\View\{closure}()
 6 SYSTEMPATH\Common.php(1134): CodeIgniter\View\View->render('user/include/header', [], true)
 7 APPPATH\Controllers\User.php(747): view('user/include/header', [...])
 8 SYSTEMPATH\CodeIgniter.php(927): App\Controllers\User->userOrders()
 9 SYSTEMPATH\CodeIgniter.php(482): CodeIgniter\CodeIgniter->runController(Object(App\Controllers\User))
10 SYSTEMPATH\CodeIgniter.php(351): CodeIgniter\CodeIgniter->handleRequest(null, Object(Config\Cache), false)
11 FCPATH\index.php(67): CodeIgniter\CodeIgniter->run()
CRITICAL - 2023-03-25 02:12:41 --> Undefined variable $order_count
in APPPATH\Views\user\include\header.php on line 321.
 1 APPPATH\Views\user\include\header.php(321): CodeIgniter\Debug\Exceptions->errorHandler(2, 'Undefined variable $order_count', 'APPPATH\\Views\\user\\include\\header.php', 321)
 2 SYSTEMPATH\View\View.php(213): include('APPPATH\\Views\\user\\include\\header.php')
 3 SYSTEMPATH\View\View.php(216): CodeIgniter\View\View->CodeIgniter\View\{closure}()
 4 SYSTEMPATH\Common.php(1134): CodeIgniter\View\View->render('user/include/header', [], true)
 5 APPPATH\Controllers\User.php(747): view('user/include/header', [...])
 6 SYSTEMPATH\CodeIgniter.php(927): App\Controllers\User->userOrders()
 7 SYSTEMPATH\CodeIgniter.php(482): CodeIgniter\CodeIgniter->runController(Object(App\Controllers\User))
 8 SYSTEMPATH\CodeIgniter.php(351): CodeIgniter\CodeIgniter->handleRequest(null, Object(Config\Cache), false)
 9 FCPATH\index.php(67): CodeIgniter\CodeIgniter->run()
CRITICAL - 2023-03-25 02:14:25 --> Undefined variable $items
in APPPATH\Views\user\user_orders.php on line 90.
 1 APPPATH\Views\user\user_orders.php(90): CodeIgniter\Debug\Exceptions->errorHandler(2, 'Undefined variable $items', 'APPPATH\\Views\\user\\user_orders.php', 90)
 2 SYSTEMPATH\View\View.php(213): include('APPPATH\\Views\\user\\user_orders.php')
 3 SYSTEMPATH\View\View.php(216): CodeIgniter\View\View->CodeIgniter\View\{closure}()
 4 SYSTEMPATH\Common.php(1134): CodeIgniter\View\View->render('user/user_orders', [], true)
 5 APPPATH\Controllers\User.php(743): view('user/user_orders')
 6 SYSTEMPATH\CodeIgniter.php(927): App\Controllers\User->userOrders()
 7 SYSTEMPATH\CodeIgniter.php(482): CodeIgniter\CodeIgniter->runController(Object(App\Controllers\User))
 8 SYSTEMPATH\CodeIgniter.php(351): CodeIgniter\CodeIgniter->handleRequest(null, Object(Config\Cache), false)
 9 FCPATH\index.php(67): CodeIgniter\CodeIgniter->run()
CRITICAL - 2023-03-25 02:17:17 --> Undefined variable $order_code
in APPPATH\Models\Checkout_model.php on line 82.
 1 APPPATH\Models\Checkout_model.php(82): CodeIgniter\Debug\Exceptions->errorHandler(2, 'Undefined variable $order_code', 'APPPATH\\Models\\Checkout_model.php', 82)
 2 APPPATH\Controllers\User.php(730): App\Models\Checkout_model->getData('21')
 3 SYSTEMPATH\CodeIgniter.php(927): App\Controllers\User->userOrders()
 4 SYSTEMPATH\CodeIgniter.php(482): CodeIgniter\CodeIgniter->runController(Object(App\Controllers\User))
 5 SYSTEMPATH\CodeIgniter.php(351): CodeIgniter\CodeIgniter->handleRequest(null, Object(Config\Cache), false)
 6 FCPATH\index.php(67): CodeIgniter\CodeIgniter->run()
CRITICAL - 2023-03-25 02:18:56 --> Too few arguments to function App\Models\Checkout_model::getOrders(), 1 passed in C:\wamp64\www\ocake\ocake\app\Controllers\User.php on line 730 and exactly 2 expected
in APPPATH\Models\Checkout_model.php on line 89.
 1 APPPATH\Controllers\User.php(730): App\Models\Checkout_model->getOrders('21')
 2 SYSTEMPATH\CodeIgniter.php(927): App\Controllers\User->userOrders()
 3 SYSTEMPATH\CodeIgniter.php(482): CodeIgniter\CodeIgniter->runController(Object(App\Controllers\User))
 4 SYSTEMPATH\CodeIgniter.php(351): CodeIgniter\CodeIgniter->handleRequest(null, Object(Config\Cache), false)
 5 FCPATH\index.php(67): CodeIgniter\CodeIgniter->run()
CRITICAL - 2023-03-25 02:20:41 --> Undefined variable $items
in APPPATH\Views\user\user_orders.php on line 90.
 1 APPPATH\Views\user\user_orders.php(90): CodeIgniter\Debug\Exceptions->errorHandler(2, 'Undefined variable $items', 'APPPATH\\Views\\user\\user_orders.php', 90)
 2 SYSTEMPATH\View\View.php(213): include('APPPATH\\Views\\user\\user_orders.php')
 3 SYSTEMPATH\View\View.php(216): CodeIgniter\View\View->CodeIgniter\View\{closure}()
 4 SYSTEMPATH\Common.php(1134): CodeIgniter\View\View->render('user/user_orders', [], true)
 5 APPPATH\Controllers\User.php(744): view('user/user_orders')
 6 SYSTEMPATH\CodeIgniter.php(927): App\Controllers\User->userOrders()
 7 SYSTEMPATH\CodeIgniter.php(482): CodeIgniter\CodeIgniter->runController(Object(App\Controllers\User))
 8 SYSTEMPATH\CodeIgniter.php(351): CodeIgniter\CodeIgniter->handleRequest(null, Object(Config\Cache), false)
 9 FCPATH\index.php(67): CodeIgniter\CodeIgniter->run()
ERROR - 2023-03-25 02:30:06 --> mysqli_sql_exception: Column 'barangay' cannot be null in C:\wamp64\www\ocake\ocake\system\Database\MySQLi\Connection.php:292
Stack trace:
#0 C:\wamp64\www\ocake\ocake\system\Database\MySQLi\Connection.php(292): mysqli->query('INSERT INTO `bi...', 0)
#1 C:\wamp64\www\ocake\ocake\system\Database\BaseConnection.php(666): CodeIgniter\Database\MySQLi\Connection->execute('INSERT INTO `bi...')
#2 C:\wamp64\www\ocake\ocake\system\Database\BaseConnection.php(593): CodeIgniter\Database\BaseConnection->simpleQuery('INSERT INTO `bi...')
#3 C:\wamp64\www\ocake\ocake\system\Database\BaseBuilder.php(1916): CodeIgniter\Database\BaseConnection->query('INSERT INTO `bi...', Array, false)
#4 C:\wamp64\www\ocake\ocake\system\Model.php(279): CodeIgniter\Database\BaseBuilder->insert()
#5 C:\wamp64\www\ocake\ocake\system\BaseModel.php(749): CodeIgniter\Model->doInsert(Array)
#6 C:\wamp64\www\ocake\ocake\system\Model.php(667): CodeIgniter\BaseModel->insert(Array, true)
#7 C:\wamp64\www\ocake\ocake\app\Models\Biller_model.php(17): CodeIgniter\Model->insert(Array)
#8 C:\wamp64\www\ocake\ocake\app\Controllers\User.php(694): App\Models\Biller_model->save_biller(Array)
#9 C:\wamp64\www\ocake\ocake\system\CodeIgniter.php(927): App\Controllers\User->placeorder()
#10 C:\wamp64\www\ocake\ocake\system\CodeIgniter.php(482): CodeIgniter\CodeIgniter->runController(Object(App\Controllers\User))
#11 C:\wamp64\www\ocake\ocake\system\CodeIgniter.php(351): CodeIgniter\CodeIgniter->handleRequest(NULL, Object(Config\Cache), false)
#12 C:\wamp64\www\ocake\index.php(67): CodeIgniter\CodeIgniter->run()
#13 {main}
CRITICAL - 2023-03-25 02:35:58 --> Undefined variable $items
in APPPATH\Views\user\order_details.php on line 187.
 1 APPPATH\Views\user\order_details.php(187): CodeIgniter\Debug\Exceptions->errorHandler(2, 'Undefined variable $items', 'APPPATH\\Views\\user\\order_details.php', 187)
 2 SYSTEMPATH\View\View.php(213): include('APPPATH\\Views\\user\\order_details.php')
 3 SYSTEMPATH\View\View.php(216): CodeIgniter\View\View->CodeIgniter\View\{closure}()
 4 SYSTEMPATH\Common.php(1134): CodeIgniter\View\View->render('user/order_details', [], true)
 5 APPPATH\Controllers\User.php(567): view('user/order_details')
 6 SYSTEMPATH\CodeIgniter.php(927): App\Controllers\User->orderdetails()
 7 SYSTEMPATH\CodeIgniter.php(482): CodeIgniter\CodeIgniter->runController(Object(App\Controllers\User))
 8 SYSTEMPATH\CodeIgniter.php(351): CodeIgniter\CodeIgniter->handleRequest(null, Object(Config\Cache), false)
 9 FCPATH\index.php(67): CodeIgniter\CodeIgniter->run()
CRITICAL - 2023-03-25 02:37:50 --> Undefined variable $items
in APPPATH\Views\user\order_details.php on line 187.
 1 APPPATH\Views\user\order_details.php(187): CodeIgniter\Debug\Exceptions->errorHandler(2, 'Undefined variable $items', 'APPPATH\\Views\\user\\order_details.php', 187)
 2 SYSTEMPATH\View\View.php(213): include('APPPATH\\Views\\user\\order_details.php')
 3 SYSTEMPATH\View\View.php(216): CodeIgniter\View\View->CodeIgniter\View\{closure}()
 4 SYSTEMPATH\Common.php(1134): CodeIgniter\View\View->render('user/order_details', [], true)
 5 APPPATH\Controllers\User.php(567): view('user/order_details')
 6 SYSTEMPATH\CodeIgniter.php(927): App\Controllers\User->orderdetails()
 7 SYSTEMPATH\CodeIgniter.php(482): CodeIgniter\CodeIgniter->runController(Object(App\Controllers\User))
 8 SYSTEMPATH\CodeIgniter.php(351): CodeIgniter\CodeIgniter->handleRequest(null, Object(Config\Cache), false)
 9 FCPATH\index.php(67): CodeIgniter\CodeIgniter->run()
CRITICAL - 2023-03-25 02:37:52 --> Undefined variable $items
in APPPATH\Views\user\order_details.php on line 187.
 1 APPPATH\Views\user\order_details.php(187): CodeIgniter\Debug\Exceptions->errorHandler(2, 'Undefined variable $items', 'APPPATH\\Views\\user\\order_details.php', 187)
 2 SYSTEMPATH\View\View.php(213): include('APPPATH\\Views\\user\\order_details.php')
 3 SYSTEMPATH\View\View.php(216): CodeIgniter\View\View->CodeIgniter\View\{closure}()
 4 SYSTEMPATH\Common.php(1134): CodeIgniter\View\View->render('user/order_details', [], true)
 5 APPPATH\Controllers\User.php(567): view('user/order_details')
 6 SYSTEMPATH\CodeIgniter.php(927): App\Controllers\User->orderdetails()
 7 SYSTEMPATH\CodeIgniter.php(482): CodeIgniter\CodeIgniter->runController(Object(App\Controllers\User))
 8 SYSTEMPATH\CodeIgniter.php(351): CodeIgniter\CodeIgniter->handleRequest(null, Object(Config\Cache), false)
 9 FCPATH\index.php(67): CodeIgniter\CodeIgniter->run()
CRITICAL - 2023-03-25 02:43:08 --> Undefined variable $items
in APPPATH\Views\user\order_details.php on line 187.
 1 APPPATH\Views\user\order_details.php(187): CodeIgniter\Debug\Exceptions->errorHandler(2, 'Undefined variable $items', 'APPPATH\\Views\\user\\order_details.php', 187)
 2 SYSTEMPATH\View\View.php(213): include('APPPATH\\Views\\user\\order_details.php')
 3 SYSTEMPATH\View\View.php(216): CodeIgniter\View\View->CodeIgniter\View\{closure}()
 4 SYSTEMPATH\Common.php(1134): CodeIgniter\View\View->render('user/order_details', [], true)
 5 APPPATH\Controllers\User.php(567): view('user/order_details')
 6 SYSTEMPATH\CodeIgniter.php(927): App\Controllers\User->orderdetails()
 7 SYSTEMPATH\CodeIgniter.php(482): CodeIgniter\CodeIgniter->runController(Object(App\Controllers\User))
 8 SYSTEMPATH\CodeIgniter.php(351): CodeIgniter\CodeIgniter->handleRequest(null, Object(Config\Cache), false)
 9 FCPATH\index.php(67): CodeIgniter\CodeIgniter->run()
CRITICAL - 2023-03-25 02:55:18 --> Undefined property: stdClass::$is_customized
in APPPATH\Views\user\cancelled_order.php on line 177.
 1 APPPATH\Views\user\cancelled_order.php(177): CodeIgniter\Debug\Exceptions->errorHandler(2, 'Undefined property: stdClass::$is_customized', 'APPPATH\\Views\\user\\cancelled_order.php', 177)
 2 SYSTEMPATH\View\View.php(213): include('APPPATH\\Views\\user\\cancelled_order.php')
 3 SYSTEMPATH\View\View.php(216): CodeIgniter\View\View->CodeIgniter\View\{closure}()
 4 SYSTEMPATH\Common.php(1134): CodeIgniter\View\View->render('user/cancelled_order', [], true)
 5 APPPATH\Controllers\User.php(1034): view('user/cancelled_order')
 6 SYSTEMPATH\CodeIgniter.php(927): App\Controllers\User->cancelledOrder()
 7 SYSTEMPATH\CodeIgniter.php(482): CodeIgniter\CodeIgniter->runController(Object(App\Controllers\User))
 8 SYSTEMPATH\CodeIgniter.php(351): CodeIgniter\CodeIgniter->handleRequest(null, Object(Config\Cache), false)
 9 FCPATH\index.php(67): CodeIgniter\CodeIgniter->run()
CRITICAL - 2023-03-25 03:01:26 --> Undefined property: stdClass::$is_customized
in APPPATH\Views\user\cancelled_order.php on line 177.
 1 APPPATH\Views\user\cancelled_order.php(177): CodeIgniter\Debug\Exceptions->errorHandler(2, 'Undefined property: stdClass::$is_customized', 'APPPATH\\Views\\user\\cancelled_order.php', 177)
 2 SYSTEMPATH\View\View.php(213): include('APPPATH\\Views\\user\\cancelled_order.php')
 3 SYSTEMPATH\View\View.php(216): CodeIgniter\View\View->CodeIgniter\View\{closure}()
 4 SYSTEMPATH\Common.php(1134): CodeIgniter\View\View->render('user/cancelled_order', [], true)
 5 APPPATH\Controllers\User.php(1034): view('user/cancelled_order')
 6 SYSTEMPATH\CodeIgniter.php(927): App\Controllers\User->cancelledOrder()
 7 SYSTEMPATH\CodeIgniter.php(482): CodeIgniter\CodeIgniter->runController(Object(App\Controllers\User))
 8 SYSTEMPATH\CodeIgniter.php(351): CodeIgniter\CodeIgniter->handleRequest(null, Object(Config\Cache), false)
 9 FCPATH\index.php(67): CodeIgniter\CodeIgniter->run()
CRITICAL - 2023-03-25 03:49:25 --> Undefined property: stdClass::$quantity
in APPPATH\Views\user\checkout.php on line 133.
 1 APPPATH\Views\user\checkout.php(133): CodeIgniter\Debug\Exceptions->errorHandler(2, 'Undefined property: stdClass::$quantity', 'APPPATH\\Views\\user\\checkout.php', 133)
 2 SYSTEMPATH\View\View.php(213): include('APPPATH\\Views\\user\\checkout.php')
 3 SYSTEMPATH\View\View.php(216): CodeIgniter\View\View->CodeIgniter\View\{closure}()
 4 SYSTEMPATH\Common.php(1134): CodeIgniter\View\View->render('user/checkout', [], true)
 5 APPPATH\Controllers\User.php(653): view('user/checkout', [...])
 6 SYSTEMPATH\CodeIgniter.php(927): App\Controllers\User->checkout()
 7 SYSTEMPATH\CodeIgniter.php(482): CodeIgniter\CodeIgniter->runController(Object(App\Controllers\User))
 8 SYSTEMPATH\CodeIgniter.php(351): CodeIgniter\CodeIgniter->handleRequest(null, Object(Config\Cache), false)
 9 FCPATH\index.php(67): CodeIgniter\CodeIgniter->run()
CRITICAL - 2023-03-25 04:30:02 --> Undefined property: stdClass::$is_customized
in APPPATH\Views\user\order_details.php on line 196.
 1 APPPATH\Views\user\order_details.php(196): CodeIgniter\Debug\Exceptions->errorHandler(2, 'Undefined property: stdClass::$is_customized', 'APPPATH\\Views\\user\\order_details.php', 196)
 2 SYSTEMPATH\View\View.php(213): include('APPPATH\\Views\\user\\order_details.php')
 3 SYSTEMPATH\View\View.php(216): CodeIgniter\View\View->CodeIgniter\View\{closure}()
 4 SYSTEMPATH\Common.php(1134): CodeIgniter\View\View->render('user/order_details', [], true)
 5 APPPATH\Controllers\User.php(567): view('user/order_details')
 6 SYSTEMPATH\CodeIgniter.php(927): App\Controllers\User->orderdetails()
 7 SYSTEMPATH\CodeIgniter.php(482): CodeIgniter\CodeIgniter->runController(Object(App\Controllers\User))
 8 SYSTEMPATH\CodeIgniter.php(351): CodeIgniter\CodeIgniter->handleRequest(null, Object(Config\Cache), false)
 9 FCPATH\index.php(67): CodeIgniter\CodeIgniter->run()
CRITICAL - 2023-03-25 05:01:38 --> Undefined constant "disabled"
in APPPATH\Views\user\order_details.php on line 237.
 1 SYSTEMPATH\View\View.php(213): include()
 2 SYSTEMPATH\View\View.php(216): CodeIgniter\View\View->CodeIgniter\View\{closure}()
 3 SYSTEMPATH\Common.php(1134): CodeIgniter\View\View->render('user/order_details', [], true)
 4 APPPATH\Controllers\User.php(567): view('user/order_details')
 5 SYSTEMPATH\CodeIgniter.php(927): App\Controllers\User->orderdetails()
 6 SYSTEMPATH\CodeIgniter.php(482): CodeIgniter\CodeIgniter->runController(Object(App\Controllers\User))
 7 SYSTEMPATH\CodeIgniter.php(351): CodeIgniter\CodeIgniter->handleRequest(null, Object(Config\Cache), false)
 8 FCPATH\index.php(67): CodeIgniter\CodeIgniter->run()
CRITICAL - 2023-03-25 05:11:29 --> Undefined constant "disabled"
in APPPATH\Views\user\order_details.php on line 237.
 1 SYSTEMPATH\View\View.php(213): include()
 2 SYSTEMPATH\View\View.php(216): CodeIgniter\View\View->CodeIgniter\View\{closure}()
 3 SYSTEMPATH\Common.php(1134): CodeIgniter\View\View->render('user/order_details', [], true)
 4 APPPATH\Controllers\User.php(567): view('user/order_details')
 5 SYSTEMPATH\CodeIgniter.php(927): App\Controllers\User->orderdetails()
 6 SYSTEMPATH\CodeIgniter.php(482): CodeIgniter\CodeIgniter->runController(Object(App\Controllers\User))
 7 SYSTEMPATH\CodeIgniter.php(351): CodeIgniter\CodeIgniter->handleRequest(null, Object(Config\Cache), false)
 8 FCPATH\index.php(67): CodeIgniter\CodeIgniter->run()
CRITICAL - 2023-03-25 05:36:44 --> Undefined constant "CodeIgniter\Debug\VENDORPATH"
in SYSTEMPATH\Debug\Exceptions.php on line 177.
 1 SYSTEMPATH\Debug\Exceptions.php(157): CodeIgniter\Debug\Exceptions->isFakerDeprecationError(8192, 'ucwords(): Passing null to parameter #1 ($string) of type string is deprecated', 'APPPATH\\Views\\user\\include\\header.php', 105)
 2 [internal function]: CodeIgniter\Debug\Exceptions->errorHandler(8192, 'ucwords(): Passing null to parameter #1 ($string) of type string is deprecated', 'APPPATH\\Views\\user\\include\\header.php', 105)
 3 APPPATH\Views\user\include\header.php(105): ucwords(null)
 4 SYSTEMPATH\View\View.php(213): include('APPPATH\\Views\\user\\include\\header.php')
 5 SYSTEMPATH\View\View.php(216): CodeIgniter\View\View->CodeIgniter\View\{closure}()
 6 SYSTEMPATH\Common.php(1134): CodeIgniter\View\View->render('user/include/header', [], true)
 7 APPPATH\Controllers\User.php(566): view('user/include/header', [...])
 8 SYSTEMPATH\CodeIgniter.php(927): App\Controllers\User->orderdetails()
 9 SYSTEMPATH\CodeIgniter.php(482): CodeIgniter\CodeIgniter->runController(Object(App\Controllers\User))
10 SYSTEMPATH\CodeIgniter.php(351): CodeIgniter\CodeIgniter->handleRequest(null, Object(Config\Cache), false)
11 FCPATH\index.php(67): CodeIgniter\CodeIgniter->run()
CRITICAL - 2023-03-25 05:40:06 --> Undefined array key "user_id"
in APPPATH\Controllers\User.php on line 537.
 1 APPPATH\Controllers\User.php(537): CodeIgniter\Debug\Exceptions->errorHandler(2, 'Undefined array key "user_id"', 'APPPATH\\Controllers\\User.php', 537)
 2 SYSTEMPATH\CodeIgniter.php(927): App\Controllers\User->orderdetails()
 3 SYSTEMPATH\CodeIgniter.php(482): CodeIgniter\CodeIgniter->runController(Object(App\Controllers\User))
 4 SYSTEMPATH\CodeIgniter.php(351): CodeIgniter\CodeIgniter->handleRequest(null, Object(Config\Cache), false)
 5 FCPATH\index.php(67): CodeIgniter\CodeIgniter->run()
CRITICAL - 2023-03-25 05:49:17 --> Undefined constant "CodeIgniter\Debug\VENDORPATH"
in SYSTEMPATH\Debug\Exceptions.php on line 177.
 1 SYSTEMPATH\Debug\Exceptions.php(157): CodeIgniter\Debug\Exceptions->isFakerDeprecationError(8192, 'ucwords(): Passing null to parameter #1 ($string) of type string is deprecated', 'APPPATH\\Views\\user\\include\\header.php', 105)
 2 [internal function]: CodeIgniter\Debug\Exceptions->errorHandler(8192, 'ucwords(): Passing null to parameter #1 ($string) of type string is deprecated', 'APPPATH\\Views\\user\\include\\header.php', 105)
 3 APPPATH\Views\user\include\header.php(105): ucwords(null)
 4 SYSTEMPATH\View\View.php(213): include('APPPATH\\Views\\user\\include\\header.php')
 5 SYSTEMPATH\View\View.php(216): CodeIgniter\View\View->CodeIgniter\View\{closure}()
 6 SYSTEMPATH\Common.php(1134): CodeIgniter\View\View->render('user/include/header', [], true)
 7 APPPATH\Controllers\User.php(566): view('user/include/header', [...])
 8 SYSTEMPATH\CodeIgniter.php(927): App\Controllers\User->orderdetails()
 9 SYSTEMPATH\CodeIgniter.php(482): CodeIgniter\CodeIgniter->runController(Object(App\Controllers\User))
10 SYSTEMPATH\CodeIgniter.php(351): CodeIgniter\CodeIgniter->handleRequest(null, Object(Config\Cache), false)
11 FCPATH\index.php(67): CodeIgniter\CodeIgniter->run()
