CRITICAL - 2023-02-13 01:30:25 --> Trying to get property 'total_price' of non-object
in APPPATH\Views\user\cart.php on line 141.
 1 APPPATH\Views\user\cart.php(141): CodeIgniter\Debug\Exceptions->errorHandler(8, 'Trying to get property \'total_price\' of non-object', 'APPPATH\\Views\\user\\cart.php', 141, [...])
 2 SYSTEMPATH\View\View.php(213): include('APPPATH\\Views\\user\\cart.php')
 3 SYSTEMPATH\View\View.php(216): CodeIgniter\View\View->CodeIgniter\View\{closure}()
 4 SYSTEMPATH\Common.php(1134): CodeIgniter\View\View->render('user/cart', [], true)
 5 APPPATH\Controllers\User.php(219): view('user/cart')
 6 SYSTEMPATH\CodeIgniter.php(927): App\Controllers\User->cart()
 7 SYSTEMPATH\CodeIgniter.php(482): CodeIgniter\CodeIgniter->runController(Object(App\Controllers\User))
 8 SYSTEMPATH\CodeIgniter.php(351): CodeIgniter\CodeIgniter->handleRequest(null, Object(Config\Cache), false)
 9 FCPATH\index.php(67): CodeIgniter\CodeIgniter->run()
CRITICAL - 2023-02-13 02:16:10 --> Undefined index: update_id
in APPPATH\Controllers\CartController.php on line 57.
 1 APPPATH\Controllers\CartController.php(57): CodeIgniter\Debug\Exceptions->errorHandler(8, 'Undefined index: update_id', 'APPPATH\\Controllers\\CartController.php', 57, [...])
 2 SYSTEMPATH\CodeIgniter.php(927): App\Controllers\CartController->update_order()
 3 SYSTEMPATH\CodeIgniter.php(482): CodeIgniter\CodeIgniter->runController(Object(App\Controllers\CartController))
 4 SYSTEMPATH\CodeIgniter.php(351): CodeIgniter\CodeIgniter->handleRequest(null, Object(Config\Cache), false)
 5 FCPATH\index.php(67): CodeIgniter\CodeIgniter->run()
CRITICAL - 2023-02-13 02:16:10 --> Undefined index: update_id
in APPPATH\Controllers\CartController.php on line 57.
 1 APPPATH\Controllers\CartController.php(57): CodeIgniter\Debug\Exceptions->errorHandler(8, 'Undefined index: update_id', 'APPPATH\\Controllers\\CartController.php', 57, [...])
 2 SYSTEMPATH\CodeIgniter.php(927): App\Controllers\CartController->update_order()
 3 SYSTEMPATH\CodeIgniter.php(482): CodeIgniter\CodeIgniter->runController(Object(App\Controllers\CartController))
 4 SYSTEMPATH\CodeIgniter.php(351): CodeIgniter\CodeIgniter->handleRequest(null, Object(Config\Cache), false)
 5 FCPATH\index.php(67): CodeIgniter\CodeIgniter->run()
CRITICAL - 2023-02-13 02:16:11 --> Undefined index: update_id
in APPPATH\Controllers\CartController.php on line 57.
 1 APPPATH\Controllers\CartController.php(57): CodeIgniter\Debug\Exceptions->errorHandler(8, 'Undefined index: update_id', 'APPPATH\\Controllers\\CartController.php', 57, [...])
 2 SYSTEMPATH\CodeIgniter.php(927): App\Controllers\CartController->update_order()
 3 SYSTEMPATH\CodeIgniter.php(482): CodeIgniter\CodeIgniter->runController(Object(App\Controllers\CartController))
 4 SYSTEMPATH\CodeIgniter.php(351): CodeIgniter\CodeIgniter->handleRequest(null, Object(Config\Cache), false)
 5 FCPATH\index.php(67): CodeIgniter\CodeIgniter->run()
CRITICAL - 2023-02-13 02:16:11 --> Undefined index: update_id
in APPPATH\Controllers\CartController.php on line 57.
 1 APPPATH\Controllers\CartController.php(57): CodeIgniter\Debug\Exceptions->errorHandler(8, 'Undefined index: update_id', 'APPPATH\\Controllers\\CartController.php', 57, [...])
 2 SYSTEMPATH\CodeIgniter.php(927): App\Controllers\CartController->update_order()
 3 SYSTEMPATH\CodeIgniter.php(482): CodeIgniter\CodeIgniter->runController(Object(App\Controllers\CartController))
 4 SYSTEMPATH\CodeIgniter.php(351): CodeIgniter\CodeIgniter->handleRequest(null, Object(Config\Cache), false)
 5 FCPATH\index.php(67): CodeIgniter\CodeIgniter->run()
CRITICAL - 2023-02-13 02:16:11 --> Undefined index: update_id
in APPPATH\Controllers\CartController.php on line 57.
 1 APPPATH\Controllers\CartController.php(57): CodeIgniter\Debug\Exceptions->errorHandler(8, 'Undefined index: update_id', 'APPPATH\\Controllers\\CartController.php', 57, [...])
 2 SYSTEMPATH\CodeIgniter.php(927): App\Controllers\CartController->update_order()
 3 SYSTEMPATH\CodeIgniter.php(482): CodeIgniter\CodeIgniter->runController(Object(App\Controllers\CartController))
 4 SYSTEMPATH\CodeIgniter.php(351): CodeIgniter\CodeIgniter->handleRequest(null, Object(Config\Cache), false)
 5 FCPATH\index.php(67): CodeIgniter\CodeIgniter->run()
CRITICAL - 2023-02-13 02:16:12 --> Undefined index: update_id
in APPPATH\Controllers\CartController.php on line 57.
 1 APPPATH\Controllers\CartController.php(57): CodeIgniter\Debug\Exceptions->errorHandler(8, 'Undefined index: update_id', 'APPPATH\\Controllers\\CartController.php', 57, [...])
 2 SYSTEMPATH\CodeIgniter.php(927): App\Controllers\CartController->update_order()
 3 SYSTEMPATH\CodeIgniter.php(482): CodeIgniter\CodeIgniter->runController(Object(App\Controllers\CartController))
 4 SYSTEMPATH\CodeIgniter.php(351): CodeIgniter\CodeIgniter->handleRequest(null, Object(Config\Cache), false)
 5 FCPATH\index.php(67): CodeIgniter\CodeIgniter->run()
CRITICAL - 2023-02-13 02:20:21 --> Undefined index: update_id
in APPPATH\Controllers\CartController.php on line 57.
 1 APPPATH\Controllers\CartController.php(57): CodeIgniter\Debug\Exceptions->errorHandler(8, 'Undefined index: update_id', 'APPPATH\\Controllers\\CartController.php', 57, [...])
 2 SYSTEMPATH\CodeIgniter.php(927): App\Controllers\CartController->update_order()
 3 SYSTEMPATH\CodeIgniter.php(482): CodeIgniter\CodeIgniter->runController(Object(App\Controllers\CartController))
 4 SYSTEMPATH\CodeIgniter.php(351): CodeIgniter\CodeIgniter->handleRequest(null, Object(Config\Cache), false)
 5 FCPATH\index.php(67): CodeIgniter\CodeIgniter->run()
CRITICAL - 2023-02-13 02:20:21 --> Undefined index: update_id
in APPPATH\Controllers\CartController.php on line 57.
 1 APPPATH\Controllers\CartController.php(57): CodeIgniter\Debug\Exceptions->errorHandler(8, 'Undefined index: update_id', 'APPPATH\\Controllers\\CartController.php', 57, [...])
 2 SYSTEMPATH\CodeIgniter.php(927): App\Controllers\CartController->update_order()
 3 SYSTEMPATH\CodeIgniter.php(482): CodeIgniter\CodeIgniter->runController(Object(App\Controllers\CartController))
 4 SYSTEMPATH\CodeIgniter.php(351): CodeIgniter\CodeIgniter->handleRequest(null, Object(Config\Cache), false)
 5 FCPATH\index.php(67): CodeIgniter\CodeIgniter->run()
CRITICAL - 2023-02-13 02:20:21 --> Undefined index: update_id
in APPPATH\Controllers\CartController.php on line 57.
 1 APPPATH\Controllers\CartController.php(57): CodeIgniter\Debug\Exceptions->errorHandler(8, 'Undefined index: update_id', 'APPPATH\\Controllers\\CartController.php', 57, [...])
 2 SYSTEMPATH\CodeIgniter.php(927): App\Controllers\CartController->update_order()
 3 SYSTEMPATH\CodeIgniter.php(482): CodeIgniter\CodeIgniter->runController(Object(App\Controllers\CartController))
 4 SYSTEMPATH\CodeIgniter.php(351): CodeIgniter\CodeIgniter->handleRequest(null, Object(Config\Cache), false)
 5 FCPATH\index.php(67): CodeIgniter\CodeIgniter->run()
CRITICAL - 2023-02-13 02:20:21 --> Undefined index: update_id
in APPPATH\Controllers\CartController.php on line 57.
 1 APPPATH\Controllers\CartController.php(57): CodeIgniter\Debug\Exceptions->errorHandler(8, 'Undefined index: update_id', 'APPPATH\\Controllers\\CartController.php', 57, [...])
 2 SYSTEMPATH\CodeIgniter.php(927): App\Controllers\CartController->update_order()
 3 SYSTEMPATH\CodeIgniter.php(482): CodeIgniter\CodeIgniter->runController(Object(App\Controllers\CartController))
 4 SYSTEMPATH\CodeIgniter.php(351): CodeIgniter\CodeIgniter->handleRequest(null, Object(Config\Cache), false)
 5 FCPATH\index.php(67): CodeIgniter\CodeIgniter->run()
CRITICAL - 2023-02-13 02:20:21 --> Undefined index: update_id
in APPPATH\Controllers\CartController.php on line 57.
 1 APPPATH\Controllers\CartController.php(57): CodeIgniter\Debug\Exceptions->errorHandler(8, 'Undefined index: update_id', 'APPPATH\\Controllers\\CartController.php', 57, [...])
 2 SYSTEMPATH\CodeIgniter.php(927): App\Controllers\CartController->update_order()
 3 SYSTEMPATH\CodeIgniter.php(482): CodeIgniter\CodeIgniter->runController(Object(App\Controllers\CartController))
 4 SYSTEMPATH\CodeIgniter.php(351): CodeIgniter\CodeIgniter->handleRequest(null, Object(Config\Cache), false)
 5 FCPATH\index.php(67): CodeIgniter\CodeIgniter->run()
CRITICAL - 2023-02-13 02:20:23 --> Undefined index: update_id
in APPPATH\Controllers\CartController.php on line 57.
 1 APPPATH\Controllers\CartController.php(57): CodeIgniter\Debug\Exceptions->errorHandler(8, 'Undefined index: update_id', 'APPPATH\\Controllers\\CartController.php', 57, [...])
 2 SYSTEMPATH\CodeIgniter.php(927): App\Controllers\CartController->update_order()
 3 SYSTEMPATH\CodeIgniter.php(482): CodeIgniter\CodeIgniter->runController(Object(App\Controllers\CartController))
 4 SYSTEMPATH\CodeIgniter.php(351): CodeIgniter\CodeIgniter->handleRequest(null, Object(Config\Cache), false)
 5 FCPATH\index.php(67): CodeIgniter\CodeIgniter->run()
CRITICAL - 2023-02-13 02:20:23 --> Undefined index: update_id
in APPPATH\Controllers\CartController.php on line 57.
 1 APPPATH\Controllers\CartController.php(57): CodeIgniter\Debug\Exceptions->errorHandler(8, 'Undefined index: update_id', 'APPPATH\\Controllers\\CartController.php', 57, [...])
 2 SYSTEMPATH\CodeIgniter.php(927): App\Controllers\CartController->update_order()
 3 SYSTEMPATH\CodeIgniter.php(482): CodeIgniter\CodeIgniter->runController(Object(App\Controllers\CartController))
 4 SYSTEMPATH\CodeIgniter.php(351): CodeIgniter\CodeIgniter->handleRequest(null, Object(Config\Cache), false)
 5 FCPATH\index.php(67): CodeIgniter\CodeIgniter->run()
CRITICAL - 2023-02-13 02:20:24 --> Undefined index: update_id
in APPPATH\Controllers\CartController.php on line 57.
 1 APPPATH\Controllers\CartController.php(57): CodeIgniter\Debug\Exceptions->errorHandler(8, 'Undefined index: update_id', 'APPPATH\\Controllers\\CartController.php', 57, [...])
 2 SYSTEMPATH\CodeIgniter.php(927): App\Controllers\CartController->update_order()
 3 SYSTEMPATH\CodeIgniter.php(482): CodeIgniter\CodeIgniter->runController(Object(App\Controllers\CartController))
 4 SYSTEMPATH\CodeIgniter.php(351): CodeIgniter\CodeIgniter->handleRequest(null, Object(Config\Cache), false)
 5 FCPATH\index.php(67): CodeIgniter\CodeIgniter->run()
CRITICAL - 2023-02-13 02:20:24 --> Undefined index: update_id
in APPPATH\Controllers\CartController.php on line 57.
 1 APPPATH\Controllers\CartController.php(57): CodeIgniter\Debug\Exceptions->errorHandler(8, 'Undefined index: update_id', 'APPPATH\\Controllers\\CartController.php', 57, [...])
 2 SYSTEMPATH\CodeIgniter.php(927): App\Controllers\CartController->update_order()
 3 SYSTEMPATH\CodeIgniter.php(482): CodeIgniter\CodeIgniter->runController(Object(App\Controllers\CartController))
 4 SYSTEMPATH\CodeIgniter.php(351): CodeIgniter\CodeIgniter->handleRequest(null, Object(Config\Cache), false)
 5 FCPATH\index.php(67): CodeIgniter\CodeIgniter->run()
CRITICAL - 2023-02-13 02:20:24 --> Undefined index: update_id
in APPPATH\Controllers\CartController.php on line 57.
 1 APPPATH\Controllers\CartController.php(57): CodeIgniter\Debug\Exceptions->errorHandler(8, 'Undefined index: update_id', 'APPPATH\\Controllers\\CartController.php', 57, [...])
 2 SYSTEMPATH\CodeIgniter.php(927): App\Controllers\CartController->update_order()
 3 SYSTEMPATH\CodeIgniter.php(482): CodeIgniter\CodeIgniter->runController(Object(App\Controllers\CartController))
 4 SYSTEMPATH\CodeIgniter.php(351): CodeIgniter\CodeIgniter->handleRequest(null, Object(Config\Cache), false)
 5 FCPATH\index.php(67): CodeIgniter\CodeIgniter->run()
CRITICAL - 2023-02-13 02:20:24 --> Undefined index: update_id
in APPPATH\Controllers\CartController.php on line 57.
 1 APPPATH\Controllers\CartController.php(57): CodeIgniter\Debug\Exceptions->errorHandler(8, 'Undefined index: update_id', 'APPPATH\\Controllers\\CartController.php', 57, [...])
 2 SYSTEMPATH\CodeIgniter.php(927): App\Controllers\CartController->update_order()
 3 SYSTEMPATH\CodeIgniter.php(482): CodeIgniter\CodeIgniter->runController(Object(App\Controllers\CartController))
 4 SYSTEMPATH\CodeIgniter.php(351): CodeIgniter\CodeIgniter->handleRequest(null, Object(Config\Cache), false)
 5 FCPATH\index.php(67): CodeIgniter\CodeIgniter->run()
CRITICAL - 2023-02-13 02:20:25 --> Undefined index: update_id
in APPPATH\Controllers\CartController.php on line 57.
 1 APPPATH\Controllers\CartController.php(57): CodeIgniter\Debug\Exceptions->errorHandler(8, 'Undefined index: update_id', 'APPPATH\\Controllers\\CartController.php', 57, [...])
 2 SYSTEMPATH\CodeIgniter.php(927): App\Controllers\CartController->update_order()
 3 SYSTEMPATH\CodeIgniter.php(482): CodeIgniter\CodeIgniter->runController(Object(App\Controllers\CartController))
 4 SYSTEMPATH\CodeIgniter.php(351): CodeIgniter\CodeIgniter->handleRequest(null, Object(Config\Cache), false)
 5 FCPATH\index.php(67): CodeIgniter\CodeIgniter->run()
CRITICAL - 2023-02-13 02:20:25 --> Undefined index: update_id
in APPPATH\Controllers\CartController.php on line 57.
 1 APPPATH\Controllers\CartController.php(57): CodeIgniter\Debug\Exceptions->errorHandler(8, 'Undefined index: update_id', 'APPPATH\\Controllers\\CartController.php', 57, [...])
 2 SYSTEMPATH\CodeIgniter.php(927): App\Controllers\CartController->update_order()
 3 SYSTEMPATH\CodeIgniter.php(482): CodeIgniter\CodeIgniter->runController(Object(App\Controllers\CartController))
 4 SYSTEMPATH\CodeIgniter.php(351): CodeIgniter\CodeIgniter->handleRequest(null, Object(Config\Cache), false)
 5 FCPATH\index.php(67): CodeIgniter\CodeIgniter->run()
CRITICAL - 2023-02-13 02:20:25 --> Undefined index: update_id
in APPPATH\Controllers\CartController.php on line 57.
 1 APPPATH\Controllers\CartController.php(57): CodeIgniter\Debug\Exceptions->errorHandler(8, 'Undefined index: update_id', 'APPPATH\\Controllers\\CartController.php', 57, [...])
 2 SYSTEMPATH\CodeIgniter.php(927): App\Controllers\CartController->update_order()
 3 SYSTEMPATH\CodeIgniter.php(482): CodeIgniter\CodeIgniter->runController(Object(App\Controllers\CartController))
 4 SYSTEMPATH\CodeIgniter.php(351): CodeIgniter\CodeIgniter->handleRequest(null, Object(Config\Cache), false)
 5 FCPATH\index.php(67): CodeIgniter\CodeIgniter->run()
CRITICAL - 2023-02-13 02:22:32 --> Undefined index: update_id
in APPPATH\Controllers\CartController.php on line 57.
 1 APPPATH\Controllers\CartController.php(57): CodeIgniter\Debug\Exceptions->errorHandler(8, 'Undefined index: update_id', 'APPPATH\\Controllers\\CartController.php', 57, [...])
 2 SYSTEMPATH\CodeIgniter.php(927): App\Controllers\CartController->update_order()
 3 SYSTEMPATH\CodeIgniter.php(482): CodeIgniter\CodeIgniter->runController(Object(App\Controllers\CartController))
 4 SYSTEMPATH\CodeIgniter.php(351): CodeIgniter\CodeIgniter->handleRequest(null, Object(Config\Cache), false)
 5 FCPATH\index.php(67): CodeIgniter\CodeIgniter->run()
CRITICAL - 2023-02-13 02:22:33 --> Undefined index: update_id
in APPPATH\Controllers\CartController.php on line 57.
 1 APPPATH\Controllers\CartController.php(57): CodeIgniter\Debug\Exceptions->errorHandler(8, 'Undefined index: update_id', 'APPPATH\\Controllers\\CartController.php', 57, [...])
 2 SYSTEMPATH\CodeIgniter.php(927): App\Controllers\CartController->update_order()
 3 SYSTEMPATH\CodeIgniter.php(482): CodeIgniter\CodeIgniter->runController(Object(App\Controllers\CartController))
 4 SYSTEMPATH\CodeIgniter.php(351): CodeIgniter\CodeIgniter->handleRequest(null, Object(Config\Cache), false)
 5 FCPATH\index.php(67): CodeIgniter\CodeIgniter->run()
CRITICAL - 2023-02-13 02:22:34 --> Undefined index: update_id
in APPPATH\Controllers\CartController.php on line 57.
 1 APPPATH\Controllers\CartController.php(57): CodeIgniter\Debug\Exceptions->errorHandler(8, 'Undefined index: update_id', 'APPPATH\\Controllers\\CartController.php', 57, [...])
 2 SYSTEMPATH\CodeIgniter.php(927): App\Controllers\CartController->update_order()
 3 SYSTEMPATH\CodeIgniter.php(482): CodeIgniter\CodeIgniter->runController(Object(App\Controllers\CartController))
 4 SYSTEMPATH\CodeIgniter.php(351): CodeIgniter\CodeIgniter->handleRequest(null, Object(Config\Cache), false)
 5 FCPATH\index.php(67): CodeIgniter\CodeIgniter->run()
CRITICAL - 2023-02-13 02:22:35 --> Undefined index: update_id
in APPPATH\Controllers\CartController.php on line 57.
 1 APPPATH\Controllers\CartController.php(57): CodeIgniter\Debug\Exceptions->errorHandler(8, 'Undefined index: update_id', 'APPPATH\\Controllers\\CartController.php', 57, [...])
 2 SYSTEMPATH\CodeIgniter.php(927): App\Controllers\CartController->update_order()
 3 SYSTEMPATH\CodeIgniter.php(482): CodeIgniter\CodeIgniter->runController(Object(App\Controllers\CartController))
 4 SYSTEMPATH\CodeIgniter.php(351): CodeIgniter\CodeIgniter->handleRequest(null, Object(Config\Cache), false)
 5 FCPATH\index.php(67): CodeIgniter\CodeIgniter->run()
CRITICAL - 2023-02-13 02:33:58 --> Undefined index: update_id
in APPPATH\Controllers\CartController.php on line 57.
 1 APPPATH\Controllers\CartController.php(57): CodeIgniter\Debug\Exceptions->errorHandler(8, 'Undefined index: update_id', 'APPPATH\\Controllers\\CartController.php', 57, [...])
 2 SYSTEMPATH\CodeIgniter.php(927): App\Controllers\CartController->update_order()
 3 SYSTEMPATH\CodeIgniter.php(482): CodeIgniter\CodeIgniter->runController(Object(App\Controllers\CartController))
 4 SYSTEMPATH\CodeIgniter.php(351): CodeIgniter\CodeIgniter->handleRequest(null, Object(Config\Cache), false)
 5 FCPATH\index.php(67): CodeIgniter\CodeIgniter->run()
CRITICAL - 2023-02-13 02:33:58 --> Undefined index: update_id
in APPPATH\Controllers\CartController.php on line 57.
 1 APPPATH\Controllers\CartController.php(57): CodeIgniter\Debug\Exceptions->errorHandler(8, 'Undefined index: update_id', 'APPPATH\\Controllers\\CartController.php', 57, [...])
 2 SYSTEMPATH\CodeIgniter.php(927): App\Controllers\CartController->update_order()
 3 SYSTEMPATH\CodeIgniter.php(482): CodeIgniter\CodeIgniter->runController(Object(App\Controllers\CartController))
 4 SYSTEMPATH\CodeIgniter.php(351): CodeIgniter\CodeIgniter->handleRequest(null, Object(Config\Cache), false)
 5 FCPATH\index.php(67): CodeIgniter\CodeIgniter->run()
CRITICAL - 2023-02-13 02:33:59 --> Undefined index: update_id
in APPPATH\Controllers\CartController.php on line 57.
 1 APPPATH\Controllers\CartController.php(57): CodeIgniter\Debug\Exceptions->errorHandler(8, 'Undefined index: update_id', 'APPPATH\\Controllers\\CartController.php', 57, [...])
 2 SYSTEMPATH\CodeIgniter.php(927): App\Controllers\CartController->update_order()
 3 SYSTEMPATH\CodeIgniter.php(482): CodeIgniter\CodeIgniter->runController(Object(App\Controllers\CartController))
 4 SYSTEMPATH\CodeIgniter.php(351): CodeIgniter\CodeIgniter->handleRequest(null, Object(Config\Cache), false)
 5 FCPATH\index.php(67): CodeIgniter\CodeIgniter->run()
CRITICAL - 2023-02-13 02:34:01 --> Undefined index: update_id
in APPPATH\Controllers\CartController.php on line 57.
 1 APPPATH\Controllers\CartController.php(57): CodeIgniter\Debug\Exceptions->errorHandler(8, 'Undefined index: update_id', 'APPPATH\\Controllers\\CartController.php', 57, [...])
 2 SYSTEMPATH\CodeIgniter.php(927): App\Controllers\CartController->update_order()
 3 SYSTEMPATH\CodeIgniter.php(482): CodeIgniter\CodeIgniter->runController(Object(App\Controllers\CartController))
 4 SYSTEMPATH\CodeIgniter.php(351): CodeIgniter\CodeIgniter->handleRequest(null, Object(Config\Cache), false)
 5 FCPATH\index.php(67): CodeIgniter\CodeIgniter->run()
CRITICAL - 2023-02-13 02:34:04 --> Undefined index: update_id
in APPPATH\Controllers\CartController.php on line 57.
 1 APPPATH\Controllers\CartController.php(57): CodeIgniter\Debug\Exceptions->errorHandler(8, 'Undefined index: update_id', 'APPPATH\\Controllers\\CartController.php', 57, [...])
 2 SYSTEMPATH\CodeIgniter.php(927): App\Controllers\CartController->update_order()
 3 SYSTEMPATH\CodeIgniter.php(482): CodeIgniter\CodeIgniter->runController(Object(App\Controllers\CartController))
 4 SYSTEMPATH\CodeIgniter.php(351): CodeIgniter\CodeIgniter->handleRequest(null, Object(Config\Cache), false)
 5 FCPATH\index.php(67): CodeIgniter\CodeIgniter->run()
CRITICAL - 2023-02-13 02:34:24 --> Undefined index: update_id
in APPPATH\Controllers\CartController.php on line 57.
 1 APPPATH\Controllers\CartController.php(57): CodeIgniter\Debug\Exceptions->errorHandler(8, 'Undefined index: update_id', 'APPPATH\\Controllers\\CartController.php', 57, [...])
 2 SYSTEMPATH\CodeIgniter.php(927): App\Controllers\CartController->update_order()
 3 SYSTEMPATH\CodeIgniter.php(482): CodeIgniter\CodeIgniter->runController(Object(App\Controllers\CartController))
 4 SYSTEMPATH\CodeIgniter.php(351): CodeIgniter\CodeIgniter->handleRequest(null, Object(Config\Cache), false)
 5 FCPATH\index.php(67): CodeIgniter\CodeIgniter->run()
