CRITICAL - 2023-03-30 02:16:16 --> Undefined variable $datum
in APPPATH\Views\user\order_details.php on line 162.
 1 APPPATH\Views\user\order_details.php(162): CodeIgniter\Debug\Exceptions->errorHandler(2, 'Undefined variable $datum', 'APPPATH\\Views\\user\\order_details.php', 162)
 2 SYSTEMPATH\View\View.php(213): include('APPPATH\\Views\\user\\order_details.php')
 3 SYSTEMPATH\View\View.php(216): CodeIgniter\View\View->CodeIgniter\View\{closure}()
 4 SYSTEMPATH\Common.php(1134): CodeIgniter\View\View->render('user/order_details', [], true)
 5 APPPATH\Controllers\User.php(567): view('user/order_details')
 6 SYSTEMPATH\CodeIgniter.php(927): App\Controllers\User->orderdetails()
 7 SYSTEMPATH\CodeIgniter.php(482): CodeIgniter\CodeIgniter->runController(Object(App\Controllers\User))
 8 SYSTEMPATH\CodeIgniter.php(351): CodeIgniter\CodeIgniter->handleRequest(null, Object(Config\Cache), false)
 9 FCPATH\index.php(67): CodeIgniter\CodeIgniter->run()
CRITICAL - 2023-03-30 02:36:53 --> Undefined variable $downpayment
in APPPATH\Controllers\User.php on line 551.
 1 APPPATH\Controllers\User.php(551): CodeIgniter\Debug\Exceptions->errorHandler(2, 'Undefined variable $downpayment', 'APPPATH\\Controllers\\User.php', 551)
 2 SYSTEMPATH\CodeIgniter.php(927): App\Controllers\User->orderdetails()
 3 SYSTEMPATH\CodeIgniter.php(482): CodeIgniter\CodeIgniter->runController(Object(App\Controllers\User))
 4 SYSTEMPATH\CodeIgniter.php(351): CodeIgniter\CodeIgniter->handleRequest(null, Object(Config\Cache), false)
 5 FCPATH\index.php(67): CodeIgniter\CodeIgniter->run()
CRITICAL - 2023-03-30 02:37:52 --> Undefined variable $refund
in APPPATH\Controllers\User.php on line 553.
 1 APPPATH\Controllers\User.php(553): CodeIgniter\Debug\Exceptions->errorHandler(2, 'Undefined variable $refund', 'APPPATH\\Controllers\\User.php', 553)
 2 SYSTEMPATH\CodeIgniter.php(927): App\Controllers\User->orderdetails()
 3 SYSTEMPATH\CodeIgniter.php(482): CodeIgniter\CodeIgniter->runController(Object(App\Controllers\User))
 4 SYSTEMPATH\CodeIgniter.php(351): CodeIgniter\CodeIgniter->handleRequest(null, Object(Config\Cache), false)
 5 FCPATH\index.php(67): CodeIgniter\CodeIgniter->run()
CRITICAL - 2023-03-30 02:52:11 --> Undefined variable $totalrefund
in APPPATH\Controllers\User.php on line 551.
 1 APPPATH\Controllers\User.php(551): CodeIgniter\Debug\Exceptions->errorHandler(2, 'Undefined variable $totalrefund', 'APPPATH\\Controllers\\User.php', 551)
 2 SYSTEMPATH\CodeIgniter.php(927): App\Controllers\User->orderdetails()
 3 SYSTEMPATH\CodeIgniter.php(482): CodeIgniter\CodeIgniter->runController(Object(App\Controllers\User))
 4 SYSTEMPATH\CodeIgniter.php(351): CodeIgniter\CodeIgniter->handleRequest(null, Object(Config\Cache), false)
 5 FCPATH\index.php(67): CodeIgniter\CodeIgniter->run()
CRITICAL - 2023-03-30 02:54:34 --> Undefined variable $downpayment
in APPPATH\Controllers\User.php on line 552.
 1 APPPATH\Controllers\User.php(552): CodeIgniter\Debug\Exceptions->errorHandler(2, 'Undefined variable $downpayment', 'APPPATH\\Controllers\\User.php', 552)
 2 SYSTEMPATH\CodeIgniter.php(927): App\Controllers\User->orderdetails()
 3 SYSTEMPATH\CodeIgniter.php(482): CodeIgniter\CodeIgniter->runController(Object(App\Controllers\User))
 4 SYSTEMPATH\CodeIgniter.php(351): CodeIgniter\CodeIgniter->handleRequest(null, Object(Config\Cache), false)
 5 FCPATH\index.php(67): CodeIgniter\CodeIgniter->run()
CRITICAL - 2023-03-30 02:54:59 --> Undefined variable $balance
in APPPATH\Controllers\User.php on line 554.
 1 APPPATH\Controllers\User.php(554): CodeIgniter\Debug\Exceptions->errorHandler(2, 'Undefined variable $balance', 'APPPATH\\Controllers\\User.php', 554)
 2 SYSTEMPATH\CodeIgniter.php(927): App\Controllers\User->orderdetails()
 3 SYSTEMPATH\CodeIgniter.php(482): CodeIgniter\CodeIgniter->runController(Object(App\Controllers\User))
 4 SYSTEMPATH\CodeIgniter.php(351): CodeIgniter\CodeIgniter->handleRequest(null, Object(Config\Cache), false)
 5 FCPATH\index.php(67): CodeIgniter\CodeIgniter->run()
CRITICAL - 2023-03-30 02:55:19 --> Undefined variable $Refund
in APPPATH\Views\user\order_details.php on line 335.
 1 APPPATH\Views\user\order_details.php(335): CodeIgniter\Debug\Exceptions->errorHandler(2, 'Undefined variable $Refund', 'APPPATH\\Views\\user\\order_details.php', 335)
 2 SYSTEMPATH\View\View.php(213): include('APPPATH\\Views\\user\\order_details.php')
 3 SYSTEMPATH\View\View.php(216): CodeIgniter\View\View->CodeIgniter\View\{closure}()
 4 SYSTEMPATH\Common.php(1134): CodeIgniter\View\View->render('user/order_details', [], true)
 5 APPPATH\Controllers\User.php(581): view('user/order_details')
 6 SYSTEMPATH\CodeIgniter.php(927): App\Controllers\User->orderdetails()
 7 SYSTEMPATH\CodeIgniter.php(482): CodeIgniter\CodeIgniter->runController(Object(App\Controllers\User))
 8 SYSTEMPATH\CodeIgniter.php(351): CodeIgniter\CodeIgniter->handleRequest(null, Object(Config\Cache), false)
 9 FCPATH\index.php(67): CodeIgniter\CodeIgniter->run()
CRITICAL - 2023-03-30 03:05:29 --> Too few arguments to function App\Models\Checkout_model::get(), 1 passed in C:\wamp64\www\ocake\ocake\app\Controllers\User.php on line 544 and exactly 2 expected
in APPPATH\Models\Checkout_model.php on line 68.
 1 APPPATH\Controllers\User.php(544): App\Models\Checkout_model->get('20')
 2 SYSTEMPATH\CodeIgniter.php(927): App\Controllers\User->orderdetails()
 3 SYSTEMPATH\CodeIgniter.php(482): CodeIgniter\CodeIgniter->runController(Object(App\Controllers\User))
 4 SYSTEMPATH\CodeIgniter.php(351): CodeIgniter\CodeIgniter->handleRequest(null, Object(Config\Cache), false)
 5 FCPATH\index.php(67): CodeIgniter\CodeIgniter->run()
CRITICAL - 2023-03-30 03:06:19 --> Undefined variable $order_code
in APPPATH\Controllers\User.php on line 544.
 1 APPPATH\Controllers\User.php(544): CodeIgniter\Debug\Exceptions->errorHandler(2, 'Undefined variable $order_code', 'APPPATH\\Controllers\\User.php', 544)
 2 SYSTEMPATH\CodeIgniter.php(927): App\Controllers\User->orderdetails()
 3 SYSTEMPATH\CodeIgniter.php(482): CodeIgniter\CodeIgniter->runController(Object(App\Controllers\User))
 4 SYSTEMPATH\CodeIgniter.php(351): CodeIgniter\CodeIgniter->handleRequest(null, Object(Config\Cache), false)
 5 FCPATH\index.php(67): CodeIgniter\CodeIgniter->run()
CRITICAL - 2023-03-30 08:20:16 --> Invalid file: orders.php
in SYSTEMPATH\Exceptions\FrameworkException.php on line 33.
 1 SYSTEMPATH\View\View.php(201): CodeIgniter\Exceptions\FrameworkException::forInvalidFile('orders.php')
 2 SYSTEMPATH\Common.php(1134): CodeIgniter\View\View->render('orders', [], true)
 3 APPPATH\Controllers\User.php(615): view('orders', [...])
 4 SYSTEMPATH\CodeIgniter.php(927): App\Controllers\User->cancel_order('24', 'C:\\wamp64\\www\\ocake')
 5 SYSTEMPATH\CodeIgniter.php(482): CodeIgniter\CodeIgniter->runController(Object(App\Controllers\User))
 6 SYSTEMPATH\CodeIgniter.php(351): CodeIgniter\CodeIgniter->handleRequest(null, Object(Config\Cache), false)
 7 FCPATH\index.php(67): CodeIgniter\CodeIgniter->run()
CRITICAL - 2023-03-30 08:37:06 --> Call to a member function move() on null
in APPPATH\Controllers\User.php on line 718.
 1 SYSTEMPATH\CodeIgniter.php(927): App\Controllers\User->placeorder()
 2 SYSTEMPATH\CodeIgniter.php(482): CodeIgniter\CodeIgniter->runController(Object(App\Controllers\User))
 3 SYSTEMPATH\CodeIgniter.php(351): CodeIgniter\CodeIgniter->handleRequest(null, Object(Config\Cache), false)
 4 FCPATH\index.php(67): CodeIgniter\CodeIgniter->run()
CRITICAL - 2023-03-30 08:38:01 --> Call to a member function move() on null
in APPPATH\Controllers\User.php on line 718.
 1 SYSTEMPATH\CodeIgniter.php(927): App\Controllers\User->placeorder()
 2 SYSTEMPATH\CodeIgniter.php(482): CodeIgniter\CodeIgniter->runController(Object(App\Controllers\User))
 3 SYSTEMPATH\CodeIgniter.php(351): CodeIgniter\CodeIgniter->handleRequest(null, Object(Config\Cache), false)
 4 FCPATH\index.php(67): CodeIgniter\CodeIgniter->run()
CRITICAL - 2023-03-30 08:39:43 --> Call to a member function move() on null
in APPPATH\Controllers\User.php on line 718.
 1 SYSTEMPATH\CodeIgniter.php(927): App\Controllers\User->placeorder()
 2 SYSTEMPATH\CodeIgniter.php(482): CodeIgniter\CodeIgniter->runController(Object(App\Controllers\User))
 3 SYSTEMPATH\CodeIgniter.php(351): CodeIgniter\CodeIgniter->handleRequest(null, Object(Config\Cache), false)
 4 FCPATH\index.php(67): CodeIgniter\CodeIgniter->run()
CRITICAL - 2023-03-30 08:51:07 --> Undefined variable $downpayment
in APPPATH\Controllers\User.php on line 647.
 1 APPPATH\Controllers\User.php(647): CodeIgniter\Debug\Exceptions->errorHandler(2, 'Undefined variable $downpayment', 'APPPATH\\Controllers\\User.php', 647)
 2 SYSTEMPATH\CodeIgniter.php(927): App\Controllers\User->checkout()
 3 SYSTEMPATH\CodeIgniter.php(482): CodeIgniter\CodeIgniter->runController(Object(App\Controllers\User))
 4 SYSTEMPATH\CodeIgniter.php(351): CodeIgniter\CodeIgniter->handleRequest(null, Object(Config\Cache), false)
 5 FCPATH\index.php(67): CodeIgniter\CodeIgniter->run()
CRITICAL - 2023-03-30 08:51:11 --> Undefined variable $downpayment
in APPPATH\Controllers\User.php on line 647.
 1 APPPATH\Controllers\User.php(647): CodeIgniter\Debug\Exceptions->errorHandler(2, 'Undefined variable $downpayment', 'APPPATH\\Controllers\\User.php', 647)
 2 SYSTEMPATH\CodeIgniter.php(927): App\Controllers\User->checkout()
 3 SYSTEMPATH\CodeIgniter.php(482): CodeIgniter\CodeIgniter->runController(Object(App\Controllers\User))
 4 SYSTEMPATH\CodeIgniter.php(351): CodeIgniter\CodeIgniter->handleRequest(null, Object(Config\Cache), false)
 5 FCPATH\index.php(67): CodeIgniter\CodeIgniter->run()
CRITICAL - 2023-03-30 09:16:34 --> Call to a member function move() on null
in APPPATH\Controllers\User.php on line 1168.
 1 SYSTEMPATH\CodeIgniter.php(927): App\Controllers\User->addphoto()
 2 SYSTEMPATH\CodeIgniter.php(482): CodeIgniter\CodeIgniter->runController(Object(App\Controllers\User))
 3 SYSTEMPATH\CodeIgniter.php(351): CodeIgniter\CodeIgniter->handleRequest(null, Object(Config\Cache), false)
 4 FCPATH\index.php(67): CodeIgniter\CodeIgniter->run()
CRITICAL - 2023-03-30 09:25:05 --> 21 is not a valid rule.
in SYSTEMPATH\Validation\Validation.php on line 323.
 1 SYSTEMPATH\Validation\Validation.php(323): CodeIgniter\Validation\Exceptions\ValidationException::forRuleNotFound('21')
 2 SYSTEMPATH\Validation\Validation.php(175): CodeIgniter\Validation\Validation->processRules('age', 'age', '21', [...], [...])
 3 SYSTEMPATH\Controller.php(140): CodeIgniter\Validation\Validation->run()
 4 APPPATH\Controllers\User.php(1167): CodeIgniter\Controller->validate([...])
 5 SYSTEMPATH\CodeIgniter.php(927): App\Controllers\User->addphoto()
 6 SYSTEMPATH\CodeIgniter.php(482): CodeIgniter\CodeIgniter->runController(Object(App\Controllers\User))
 7 SYSTEMPATH\CodeIgniter.php(351): CodeIgniter\CodeIgniter->handleRequest(null, Object(Config\Cache), false)
 8 FCPATH\index.php(67): CodeIgniter\CodeIgniter->run()
CRITICAL - 2023-03-30 09:27:10 --> 1 is not a valid rule.
in SYSTEMPATH\Validation\Validation.php on line 323.
 1 SYSTEMPATH\Validation\Validation.php(323): CodeIgniter\Validation\Exceptions\ValidationException::forRuleNotFound('1')
 2 SYSTEMPATH\Validation\Validation.php(175): CodeIgniter\Validation\Validation->processRules('items', 'items', '1', [...], [...])
 3 SYSTEMPATH\Controller.php(140): CodeIgniter\Validation\Validation->run()
 4 APPPATH\Controllers\User.php(1167): CodeIgniter\Controller->validate([...])
 5 SYSTEMPATH\CodeIgniter.php(927): App\Controllers\User->addphoto()
 6 SYSTEMPATH\CodeIgniter.php(482): CodeIgniter\CodeIgniter->runController(Object(App\Controllers\User))
 7 SYSTEMPATH\CodeIgniter.php(351): CodeIgniter\CodeIgniter->handleRequest(null, Object(Config\Cache), false)
 8 FCPATH\index.php(67): CodeIgniter\CodeIgniter->run()
CRITICAL - 2023-03-30 09:29:12 --> ggg is not a valid rule.
in SYSTEMPATH\Validation\Validation.php on line 323.
 1 SYSTEMPATH\Validation\Validation.php(323): CodeIgniter\Validation\Exceptions\ValidationException::forRuleNotFound('ggg')
 2 SYSTEMPATH\Validation\Validation.php(175): CodeIgniter\Validation\Validation->processRules('stat', 'stat', 'ggg', [...], [...])
 3 SYSTEMPATH\Controller.php(140): CodeIgniter\Validation\Validation->run()
 4 APPPATH\Controllers\User.php(1167): CodeIgniter\Controller->validate([...])
 5 SYSTEMPATH\CodeIgniter.php(927): App\Controllers\User->addphoto()
 6 SYSTEMPATH\CodeIgniter.php(482): CodeIgniter\CodeIgniter->runController(Object(App\Controllers\User))
 7 SYSTEMPATH\CodeIgniter.php(351): CodeIgniter\CodeIgniter->handleRequest(null, Object(Config\Cache), false)
 8 FCPATH\index.php(67): CodeIgniter\CodeIgniter->run()
CRITICAL - 2023-03-30 09:45:55 --> Call to a member function move() on null
in APPPATH\Controllers\User.php on line 1171.
 1 SYSTEMPATH\CodeIgniter.php(927): App\Controllers\User->addphoto()
 2 SYSTEMPATH\CodeIgniter.php(482): CodeIgniter\CodeIgniter->runController(Object(App\Controllers\User))
 3 SYSTEMPATH\CodeIgniter.php(351): CodeIgniter\CodeIgniter->handleRequest(null, Object(Config\Cache), false)
 4 FCPATH\index.php(67): CodeIgniter\CodeIgniter->run()
CRITICAL - 2023-03-30 09:47:20 --> Call to a member function move() on null
in APPPATH\Controllers\User.php on line 1171.
 1 SYSTEMPATH\CodeIgniter.php(927): App\Controllers\User->addphoto()
 2 SYSTEMPATH\CodeIgniter.php(482): CodeIgniter\CodeIgniter->runController(Object(App\Controllers\User))
 3 SYSTEMPATH\CodeIgniter.php(351): CodeIgniter\CodeIgniter->handleRequest(null, Object(Config\Cache), false)
 4 FCPATH\index.php(67): CodeIgniter\CodeIgniter->run()
CRITICAL - 2023-03-30 09:48:35 --> Call to a member function move() on null
in APPPATH\Controllers\User.php on line 1171.
 1 SYSTEMPATH\CodeIgniter.php(927): App\Controllers\User->addphoto()
 2 SYSTEMPATH\CodeIgniter.php(482): CodeIgniter\CodeIgniter->runController(Object(App\Controllers\User))
 3 SYSTEMPATH\CodeIgniter.php(351): CodeIgniter\CodeIgniter->handleRequest(null, Object(Config\Cache), false)
 4 FCPATH\index.php(67): CodeIgniter\CodeIgniter->run()
CRITICAL - 2023-03-30 09:50:27 --> Call to a member function move() on null
in APPPATH\Controllers\User.php on line 1171.
 1 SYSTEMPATH\CodeIgniter.php(927): App\Controllers\User->addphoto()
 2 SYSTEMPATH\CodeIgniter.php(482): CodeIgniter\CodeIgniter->runController(Object(App\Controllers\User))
 3 SYSTEMPATH\CodeIgniter.php(351): CodeIgniter\CodeIgniter->handleRequest(null, Object(Config\Cache), false)
 4 FCPATH\index.php(67): CodeIgniter\CodeIgniter->run()
CRITICAL - 2023-03-30 09:50:30 --> Call to a member function move() on null
in APPPATH\Controllers\User.php on line 1171.
 1 SYSTEMPATH\CodeIgniter.php(927): App\Controllers\User->addphoto()
 2 SYSTEMPATH\CodeIgniter.php(482): CodeIgniter\CodeIgniter->runController(Object(App\Controllers\User))
 3 SYSTEMPATH\CodeIgniter.php(351): CodeIgniter\CodeIgniter->handleRequest(null, Object(Config\Cache), false)
 4 FCPATH\index.php(67): CodeIgniter\CodeIgniter->run()
CRITICAL - 2023-03-30 09:50:32 --> Call to a member function move() on null
in APPPATH\Controllers\User.php on line 1171.
 1 SYSTEMPATH\CodeIgniter.php(927): App\Controllers\User->addphoto()
 2 SYSTEMPATH\CodeIgniter.php(482): CodeIgniter\CodeIgniter->runController(Object(App\Controllers\User))
 3 SYSTEMPATH\CodeIgniter.php(351): CodeIgniter\CodeIgniter->handleRequest(null, Object(Config\Cache), false)
 4 FCPATH\index.php(67): CodeIgniter\CodeIgniter->run()
CRITICAL - 2023-03-30 09:52:00 --> Call to a member function move() on null
in APPPATH\Controllers\User.php on line 1171.
 1 SYSTEMPATH\CodeIgniter.php(927): App\Controllers\User->addphoto()
 2 SYSTEMPATH\CodeIgniter.php(482): CodeIgniter\CodeIgniter->runController(Object(App\Controllers\User))
 3 SYSTEMPATH\CodeIgniter.php(351): CodeIgniter\CodeIgniter->handleRequest(null, Object(Config\Cache), false)
 4 FCPATH\index.php(67): CodeIgniter\CodeIgniter->run()
CRITICAL - 2023-03-30 09:52:53 --> Call to a member function move() on null
in APPPATH\Controllers\User.php on line 1171.
 1 SYSTEMPATH\CodeIgniter.php(927): App\Controllers\User->addphoto()
 2 SYSTEMPATH\CodeIgniter.php(482): CodeIgniter\CodeIgniter->runController(Object(App\Controllers\User))
 3 SYSTEMPATH\CodeIgniter.php(351): CodeIgniter\CodeIgniter->handleRequest(null, Object(Config\Cache), false)
 4 FCPATH\index.php(67): CodeIgniter\CodeIgniter->run()
CRITICAL - 2023-03-30 09:53:09 --> Call to a member function move() on null
in APPPATH\Controllers\User.php on line 1171.
 1 SYSTEMPATH\CodeIgniter.php(927): App\Controllers\User->addphoto()
 2 SYSTEMPATH\CodeIgniter.php(482): CodeIgniter\CodeIgniter->runController(Object(App\Controllers\User))
 3 SYSTEMPATH\CodeIgniter.php(351): CodeIgniter\CodeIgniter->handleRequest(null, Object(Config\Cache), false)
 4 FCPATH\index.php(67): CodeIgniter\CodeIgniter->run()
CRITICAL - 2023-03-30 09:53:23 --> Call to a member function move() on null
in APPPATH\Controllers\User.php on line 1171.
 1 SYSTEMPATH\CodeIgniter.php(927): App\Controllers\User->addphoto()
 2 SYSTEMPATH\CodeIgniter.php(482): CodeIgniter\CodeIgniter->runController(Object(App\Controllers\User))
 3 SYSTEMPATH\CodeIgniter.php(351): CodeIgniter\CodeIgniter->handleRequest(null, Object(Config\Cache), false)
 4 FCPATH\index.php(67): CodeIgniter\CodeIgniter->run()
CRITICAL - 2023-03-30 09:56:23 --> Invalid file: admin/include/footer.php
in SYSTEMPATH\Exceptions\FrameworkException.php on line 33.
 1 SYSTEMPATH\View\View.php(201): CodeIgniter\Exceptions\FrameworkException::forInvalidFile('admin/include/footer.php')
 2 SYSTEMPATH\Common.php(1134): CodeIgniter\View\View->render('admin/include/footer', [], true)
 3 APPPATH\Views\user\photo.php(108): view('admin/include/footer')
 4 SYSTEMPATH\View\View.php(213): include('APPPATH\\Views\\user\\photo.php')
 5 SYSTEMPATH\View\View.php(216): CodeIgniter\View\View->CodeIgniter\View\{closure}()
 6 SYSTEMPATH\Common.php(1134): CodeIgniter\View\View->render('user/photo', [], true)
 7 APPPATH\Controllers\User.php(1164): view('user/photo')
 8 SYSTEMPATH\CodeIgniter.php(927): App\Controllers\User->photo()
 9 SYSTEMPATH\CodeIgniter.php(482): CodeIgniter\CodeIgniter->runController(Object(App\Controllers\User))
10 SYSTEMPATH\CodeIgniter.php(351): CodeIgniter\CodeIgniter->handleRequest(null, Object(Config\Cache), false)
11 FCPATH\index.php(67): CodeIgniter\CodeIgniter->run()
CRITICAL - 2023-03-30 09:57:09 --> Invalid file: admin/include/logout-modal.php
in SYSTEMPATH\Exceptions\FrameworkException.php on line 33.
 1 SYSTEMPATH\View\View.php(201): CodeIgniter\Exceptions\FrameworkException::forInvalidFile('admin/include/logout-modal.php')
 2 SYSTEMPATH\Common.php(1134): CodeIgniter\View\View->render('admin/include/logout-modal', [], true)
 3 APPPATH\Views\user\photo.php(93): view('admin/include/logout-modal')
 4 SYSTEMPATH\View\View.php(213): include('APPPATH\\Views\\user\\photo.php')
 5 SYSTEMPATH\View\View.php(216): CodeIgniter\View\View->CodeIgniter\View\{closure}()
 6 SYSTEMPATH\Common.php(1134): CodeIgniter\View\View->render('user/photo', [], true)
 7 APPPATH\Controllers\User.php(1164): view('user/photo')
 8 SYSTEMPATH\CodeIgniter.php(927): App\Controllers\User->photo()
 9 SYSTEMPATH\CodeIgniter.php(482): CodeIgniter\CodeIgniter->runController(Object(App\Controllers\User))
10 SYSTEMPATH\CodeIgniter.php(351): CodeIgniter\CodeIgniter->handleRequest(null, Object(Config\Cache), false)
11 FCPATH\index.php(67): CodeIgniter\CodeIgniter->run()
CRITICAL - 2023-03-30 10:06:09 --> Call to undefined function App\Controllers\insert()
in APPPATH\Controllers\User.php on line 1201.
 1 SYSTEMPATH\CodeIgniter.php(927): App\Controllers\User->addphoto()
 2 SYSTEMPATH\CodeIgniter.php(482): CodeIgniter\CodeIgniter->runController(Object(App\Controllers\User))
 3 SYSTEMPATH\CodeIgniter.php(351): CodeIgniter\CodeIgniter->handleRequest(null, Object(Config\Cache), false)
 4 FCPATH\index.php(67): CodeIgniter\CodeIgniter->run()
CRITICAL - 2023-03-30 10:14:03 --> Undefined variable $downpayment
in APPPATH\Controllers\User.php on line 647.
 1 APPPATH\Controllers\User.php(647): CodeIgniter\Debug\Exceptions->errorHandler(2, 'Undefined variable $downpayment', 'APPPATH\\Controllers\\User.php', 647)
 2 SYSTEMPATH\CodeIgniter.php(927): App\Controllers\User->checkout()
 3 SYSTEMPATH\CodeIgniter.php(482): CodeIgniter\CodeIgniter->runController(Object(App\Controllers\User))
 4 SYSTEMPATH\CodeIgniter.php(351): CodeIgniter\CodeIgniter->handleRequest(null, Object(Config\Cache), false)
 5 FCPATH\index.php(67): CodeIgniter\CodeIgniter->run()
CRITICAL - 2023-03-30 10:23:25 --> Undefined variable $validation
in APPPATH\Views\user\checkout.php on line 179.
 1 APPPATH\Views\user\checkout.php(179): CodeIgniter\Debug\Exceptions->errorHandler(2, 'Undefined variable $validation', 'APPPATH\\Views\\user\\checkout.php', 179)
 2 SYSTEMPATH\View\View.php(213): include('APPPATH\\Views\\user\\checkout.php')
 3 SYSTEMPATH\View\View.php(216): CodeIgniter\View\View->CodeIgniter\View\{closure}()
 4 SYSTEMPATH\Common.php(1134): CodeIgniter\View\View->render('user/checkout', [], true)
 5 APPPATH\Controllers\User.php(671): view('user/checkout', [...])
 6 SYSTEMPATH\CodeIgniter.php(927): App\Controllers\User->checkout()
 7 SYSTEMPATH\CodeIgniter.php(482): CodeIgniter\CodeIgniter->runController(Object(App\Controllers\User))
 8 SYSTEMPATH\CodeIgniter.php(351): CodeIgniter\CodeIgniter->handleRequest(null, Object(Config\Cache), false)
 9 FCPATH\index.php(67): CodeIgniter\CodeIgniter->run()
CRITICAL - 2023-03-30 10:26:27 --> Call to a member function move() on null
in APPPATH\Controllers\User.php on line 720.
 1 SYSTEMPATH\CodeIgniter.php(927): App\Controllers\User->placeorder()
 2 SYSTEMPATH\CodeIgniter.php(482): CodeIgniter\CodeIgniter->runController(Object(App\Controllers\User))
 3 SYSTEMPATH\CodeIgniter.php(351): CodeIgniter\CodeIgniter->handleRequest(null, Object(Config\Cache), false)
 4 FCPATH\index.php(67): CodeIgniter\CodeIgniter->run()
CRITICAL - 2023-03-30 10:27:01 --> Call to a member function getClientName() on null
in APPPATH\Controllers\User.php on line 728.
 1 SYSTEMPATH\CodeIgniter.php(927): App\Controllers\User->placeorder()
 2 SYSTEMPATH\CodeIgniter.php(482): CodeIgniter\CodeIgniter->runController(Object(App\Controllers\User))
 3 SYSTEMPATH\CodeIgniter.php(351): CodeIgniter\CodeIgniter->handleRequest(null, Object(Config\Cache), false)
 4 FCPATH\index.php(67): CodeIgniter\CodeIgniter->run()
CRITICAL - 2023-03-30 10:31:04 --> Undefined variable $downpayment
in APPPATH\Controllers\User.php on line 647.
 1 APPPATH\Controllers\User.php(647): CodeIgniter\Debug\Exceptions->errorHandler(2, 'Undefined variable $downpayment', 'APPPATH\\Controllers\\User.php', 647)
 2 SYSTEMPATH\CodeIgniter.php(927): App\Controllers\User->checkout()
 3 SYSTEMPATH\CodeIgniter.php(482): CodeIgniter\CodeIgniter->runController(Object(App\Controllers\User))
 4 SYSTEMPATH\CodeIgniter.php(351): CodeIgniter\CodeIgniter->handleRequest(null, Object(Config\Cache), false)
 5 FCPATH\index.php(67): CodeIgniter\CodeIgniter->run()
CRITICAL - 2023-03-30 10:36:41 --> Undefined variable $downpayment
in APPPATH\Controllers\User.php on line 647.
 1 APPPATH\Controllers\User.php(647): CodeIgniter\Debug\Exceptions->errorHandler(2, 'Undefined variable $downpayment', 'APPPATH\\Controllers\\User.php', 647)
 2 SYSTEMPATH\CodeIgniter.php(927): App\Controllers\User->checkout()
 3 SYSTEMPATH\CodeIgniter.php(482): CodeIgniter\CodeIgniter->runController(Object(App\Controllers\User))
 4 SYSTEMPATH\CodeIgniter.php(351): CodeIgniter\CodeIgniter->handleRequest(null, Object(Config\Cache), false)
 5 FCPATH\index.php(67): CodeIgniter\CodeIgniter->run()
CRITICAL - 2023-03-30 17:46:58 --> Undefined variable $insert_biller
in APPPATH\Controllers\User.php on line 692.
 1 APPPATH\Controllers\User.php(692): CodeIgniter\Debug\Exceptions->errorHandler(2, 'Undefined variable $insert_biller', 'APPPATH\\Controllers\\User.php', 692)
 2 SYSTEMPATH\CodeIgniter.php(927): App\Controllers\User->placeorder()
 3 SYSTEMPATH\CodeIgniter.php(482): CodeIgniter\CodeIgniter->runController(Object(App\Controllers\User))
 4 SYSTEMPATH\CodeIgniter.php(351): CodeIgniter\CodeIgniter->handleRequest(null, Object(Config\Cache), false)
 5 FCPATH\index.php(67): CodeIgniter\CodeIgniter->run()
CRITICAL - 2023-03-30 18:07:49 --> Call to undefined function App\Controllers\insert()
in APPPATH\Controllers\User.php on line 1202.
 1 SYSTEMPATH\CodeIgniter.php(927): App\Controllers\User->addphoto()
 2 SYSTEMPATH\CodeIgniter.php(482): CodeIgniter\CodeIgniter->runController(Object(App\Controllers\User))
 3 SYSTEMPATH\CodeIgniter.php(351): CodeIgniter\CodeIgniter->handleRequest(null, Object(Config\Cache), false)
 4 FCPATH\index.php(67): CodeIgniter\CodeIgniter->run()
CRITICAL - 2023-03-30 18:26:25 --> Invalid file: admin/product.php
in SYSTEMPATH\Exceptions\FrameworkException.php on line 33.
 1 SYSTEMPATH\View\View.php(201): CodeIgniter\Exceptions\FrameworkException::forInvalidFile('admin/product.php')
 2 SYSTEMPATH\Common.php(1134): CodeIgniter\View\View->render('admin/product', [], true)
 3 APPPATH\Controllers\User.php(1180): view('admin/product', [...])
 4 SYSTEMPATH\CodeIgniter.php(927): App\Controllers\User->addphoto()
 5 SYSTEMPATH\CodeIgniter.php(482): CodeIgniter\CodeIgniter->runController(Object(App\Controllers\User))
 6 SYSTEMPATH\CodeIgniter.php(351): CodeIgniter\CodeIgniter->handleRequest(null, Object(Config\Cache), false)
 7 FCPATH\index.php(67): CodeIgniter\CodeIgniter->run()
