ERROR - 2023-01-01 07:23:05 --> mysqli_sql_exception: Column 'firstname' cannot be null in C:\wamp64\www\ocake\ocake\system\Database\MySQLi\Connection.php:292
Stack trace:
#0 C:\wamp64\www\ocake\ocake\system\Database\MySQLi\Connection.php(292): mysqli->query('INSERT INTO `bi...', 0)
#1 C:\wamp64\www\ocake\ocake\system\Database\BaseConnection.php(666): CodeIgniter\Database\MySQLi\Connection->execute('INSERT INTO `bi...')
#2 C:\wamp64\www\ocake\ocake\system\Database\BaseConnection.php(593): CodeIgniter\Database\BaseConnection->simpleQuery('INSERT INTO `bi...')
#3 C:\wamp64\www\ocake\ocake\system\Database\BaseBuilder.php(1916): CodeIgniter\Database\BaseConnection->query('INSERT INTO `bi...', Array, false)
#4 C:\wamp64\www\ocake\ocake\system\Model.php(279): CodeIgniter\Database\BaseBuilder->insert()
#5 C:\wamp64\www\ocake\ocake\system\BaseModel.php(749): CodeIgniter\Model->doInsert(Array)
#6 C:\wamp64\www\ocake\ocake\system\Model.php(667): CodeIgniter\BaseModel->insert(Array, true)
#7 C:\wamp64\www\ocake\ocake\app\Controllers\CheckoutController.php(70): CodeIgniter\Model->insert(Array)
#8 C:\wamp64\www\ocake\ocake\system\CodeIgniter.php(927): App\Controllers\CheckoutController->placeorder()
#9 C:\wamp64\www\ocake\ocake\system\CodeIgniter.php(482): CodeIgniter\CodeIgniter->runController(Object(App\Controllers\CheckoutController))
#10 C:\wamp64\www\ocake\ocake\system\CodeIgniter.php(351): CodeIgniter\CodeIgniter->handleRequest(NULL, Object(Config\Cache), false)
#11 C:\wamp64\www\ocake\index.php(67): CodeIgniter\CodeIgniter->run()
#12 {main}
ERROR - 2023-01-01 07:26:31 --> mysqli_sql_exception: Column 'firstname' cannot be null in C:\wamp64\www\ocake\ocake\system\Database\MySQLi\Connection.php:292
Stack trace:
#0 C:\wamp64\www\ocake\ocake\system\Database\MySQLi\Connection.php(292): mysqli->query('INSERT INTO `bi...', 0)
#1 C:\wamp64\www\ocake\ocake\system\Database\BaseConnection.php(666): CodeIgniter\Database\MySQLi\Connection->execute('INSERT INTO `bi...')
#2 C:\wamp64\www\ocake\ocake\system\Database\BaseConnection.php(593): CodeIgniter\Database\BaseConnection->simpleQuery('INSERT INTO `bi...')
#3 C:\wamp64\www\ocake\ocake\system\Database\BaseBuilder.php(1916): CodeIgniter\Database\BaseConnection->query('INSERT INTO `bi...', Array, false)
#4 C:\wamp64\www\ocake\ocake\system\Model.php(279): CodeIgniter\Database\BaseBuilder->insert()
#5 C:\wamp64\www\ocake\ocake\system\BaseModel.php(749): CodeIgniter\Model->doInsert(Array)
#6 C:\wamp64\www\ocake\ocake\system\Model.php(667): CodeIgniter\BaseModel->insert(Array, true)
#7 C:\wamp64\www\ocake\ocake\app\Controllers\CheckoutController.php(70): CodeIgniter\Model->insert(Array)
#8 C:\wamp64\www\ocake\ocake\system\CodeIgniter.php(927): App\Controllers\CheckoutController->placeorder()
#9 C:\wamp64\www\ocake\ocake\system\CodeIgniter.php(482): CodeIgniter\CodeIgniter->runController(Object(App\Controllers\CheckoutController))
#10 C:\wamp64\www\ocake\ocake\system\CodeIgniter.php(351): CodeIgniter\CodeIgniter->handleRequest(NULL, Object(Config\Cache), false)
#11 C:\wamp64\www\ocake\index.php(67): CodeIgniter\CodeIgniter->run()
#12 {main}
ERROR - 2023-01-01 07:37:37 --> mysqli_sql_exception: Column 'firstname' cannot be null in C:\wamp64\www\ocake\ocake\system\Database\MySQLi\Connection.php:292
Stack trace:
#0 C:\wamp64\www\ocake\ocake\system\Database\MySQLi\Connection.php(292): mysqli->query('INSERT INTO `bi...', 0)
#1 C:\wamp64\www\ocake\ocake\system\Database\BaseConnection.php(666): CodeIgniter\Database\MySQLi\Connection->execute('INSERT INTO `bi...')
#2 C:\wamp64\www\ocake\ocake\system\Database\BaseConnection.php(593): CodeIgniter\Database\BaseConnection->simpleQuery('INSERT INTO `bi...')
#3 C:\wamp64\www\ocake\ocake\system\Database\BaseBuilder.php(1916): CodeIgniter\Database\BaseConnection->query('INSERT INTO `bi...', Array, false)
#4 C:\wamp64\www\ocake\ocake\system\Model.php(279): CodeIgniter\Database\BaseBuilder->insert()
#5 C:\wamp64\www\ocake\ocake\system\BaseModel.php(749): CodeIgniter\Model->doInsert(Array)
#6 C:\wamp64\www\ocake\ocake\system\Model.php(667): CodeIgniter\BaseModel->insert(Array, true)
#7 C:\wamp64\www\ocake\ocake\app\Controllers\CheckoutController.php(36): CodeIgniter\Model->insert(Array)
#8 C:\wamp64\www\ocake\ocake\system\CodeIgniter.php(927): App\Controllers\CheckoutController->placeorder()
#9 C:\wamp64\www\ocake\ocake\system\CodeIgniter.php(482): CodeIgniter\CodeIgniter->runController(Object(App\Controllers\CheckoutController))
#10 C:\wamp64\www\ocake\ocake\system\CodeIgniter.php(351): CodeIgniter\CodeIgniter->handleRequest(NULL, Object(Config\Cache), false)
#11 C:\wamp64\www\ocake\index.php(67): CodeIgniter\CodeIgniter->run()
#12 {main}
ERROR - 2023-01-01 07:41:45 --> mysqli_sql_exception: Column 'firstname' cannot be null in C:\wamp64\www\ocake\ocake\system\Database\MySQLi\Connection.php:292
Stack trace:
#0 C:\wamp64\www\ocake\ocake\system\Database\MySQLi\Connection.php(292): mysqli->query('INSERT INTO `bi...', 0)
#1 C:\wamp64\www\ocake\ocake\system\Database\BaseConnection.php(666): CodeIgniter\Database\MySQLi\Connection->execute('INSERT INTO `bi...')
#2 C:\wamp64\www\ocake\ocake\system\Database\BaseConnection.php(593): CodeIgniter\Database\BaseConnection->simpleQuery('INSERT INTO `bi...')
#3 C:\wamp64\www\ocake\ocake\system\Database\BaseBuilder.php(1916): CodeIgniter\Database\BaseConnection->query('INSERT INTO `bi...', Array, false)
#4 C:\wamp64\www\ocake\ocake\system\Model.php(279): CodeIgniter\Database\BaseBuilder->insert()
#5 C:\wamp64\www\ocake\ocake\system\BaseModel.php(749): CodeIgniter\Model->doInsert(Array)
#6 C:\wamp64\www\ocake\ocake\system\Model.php(667): CodeIgniter\BaseModel->insert(Array, true)
#7 C:\wamp64\www\ocake\ocake\app\Controllers\CheckoutController.php(36): CodeIgniter\Model->insert(Array)
#8 C:\wamp64\www\ocake\ocake\system\CodeIgniter.php(927): App\Controllers\CheckoutController->placeorder()
#9 C:\wamp64\www\ocake\ocake\system\CodeIgniter.php(482): CodeIgniter\CodeIgniter->runController(Object(App\Controllers\CheckoutController))
#10 C:\wamp64\www\ocake\ocake\system\CodeIgniter.php(351): CodeIgniter\CodeIgniter->handleRequest(NULL, Object(Config\Cache), false)
#11 C:\wamp64\www\ocake\index.php(67): CodeIgniter\CodeIgniter->run()
#12 {main}
CRITICAL - 2023-01-01 08:05:35 --> Invalid file: cart.php
in SYSTEMPATH\Exceptions\FrameworkException.php on line 33.
 1 SYSTEMPATH\View\View.php(201): CodeIgniter\Exceptions\FrameworkException::forInvalidFile('cart.php')
 2 SYSTEMPATH\Common.php(1134): CodeIgniter\View\View->render('cart', [], true)
 3 APPPATH\Controllers\CheckoutController.php(45): view('cart', [...])
 4 SYSTEMPATH\CodeIgniter.php(927): App\Controllers\CheckoutController->placeorder()
 5 SYSTEMPATH\CodeIgniter.php(482): CodeIgniter\CodeIgniter->runController(Object(App\Controllers\CheckoutController))
 6 SYSTEMPATH\CodeIgniter.php(351): CodeIgniter\CodeIgniter->handleRequest(null, Object(Config\Cache), false)
 7 FCPATH\index.php(67): CodeIgniter\CodeIgniter->run()
CRITICAL - 2023-01-01 08:15:46 --> Call to undefined method App\Models\Checkout_model::cart_update
in SYSTEMPATH\Model.php on line 774.
 1 APPPATH\Controllers\CheckoutController.php(48): CodeIgniter\Model->__call('cart_update', [...])
 2 SYSTEMPATH\CodeIgniter.php(927): App\Controllers\CheckoutController->placeorder()
 3 SYSTEMPATH\CodeIgniter.php(482): CodeIgniter\CodeIgniter->runController(Object(App\Controllers\CheckoutController))
 4 SYSTEMPATH\CodeIgniter.php(351): CodeIgniter\CodeIgniter->handleRequest(null, Object(Config\Cache), false)
 5 FCPATH\index.php(67): CodeIgniter\CodeIgniter->run()
ERROR - 2023-01-01 08:43:36 --> mysqli_sql_exception: Column 'firstname' cannot be null in C:\wamp64\www\ocake\ocake\system\Database\MySQLi\Connection.php:292
Stack trace:
#0 C:\wamp64\www\ocake\ocake\system\Database\MySQLi\Connection.php(292): mysqli->query('INSERT INTO `bi...', 0)
#1 C:\wamp64\www\ocake\ocake\system\Database\BaseConnection.php(666): CodeIgniter\Database\MySQLi\Connection->execute('INSERT INTO `bi...')
#2 C:\wamp64\www\ocake\ocake\system\Database\BaseConnection.php(593): CodeIgniter\Database\BaseConnection->simpleQuery('INSERT INTO `bi...')
#3 C:\wamp64\www\ocake\ocake\system\Database\BaseBuilder.php(1916): CodeIgniter\Database\BaseConnection->query('INSERT INTO `bi...', Array, false)
#4 C:\wamp64\www\ocake\ocake\system\Model.php(279): CodeIgniter\Database\BaseBuilder->insert()
#5 C:\wamp64\www\ocake\ocake\system\BaseModel.php(749): CodeIgniter\Model->doInsert(Array)
#6 C:\wamp64\www\ocake\ocake\system\Model.php(667): CodeIgniter\BaseModel->insert(Array, true)
#7 C:\wamp64\www\ocake\ocake\app\Controllers\CheckoutController.php(67): CodeIgniter\Model->insert(Array)
#8 C:\wamp64\www\ocake\ocake\system\CodeIgniter.php(927): App\Controllers\CheckoutController->placeorder()
#9 C:\wamp64\www\ocake\ocake\system\CodeIgniter.php(482): CodeIgniter\CodeIgniter->runController(Object(App\Controllers\CheckoutController))
#10 C:\wamp64\www\ocake\ocake\system\CodeIgniter.php(351): CodeIgniter\CodeIgniter->handleRequest(NULL, Object(Config\Cache), false)
#11 C:\wamp64\www\ocake\index.php(67): CodeIgniter\CodeIgniter->run()
#12 {main}
ERROR - 2023-01-01 08:45:05 --> mysqli_sql_exception: Column 'firstname' cannot be null in C:\wamp64\www\ocake\ocake\system\Database\MySQLi\Connection.php:292
Stack trace:
#0 C:\wamp64\www\ocake\ocake\system\Database\MySQLi\Connection.php(292): mysqli->query('INSERT INTO `bi...', 0)
#1 C:\wamp64\www\ocake\ocake\system\Database\BaseConnection.php(666): CodeIgniter\Database\MySQLi\Connection->execute('INSERT INTO `bi...')
#2 C:\wamp64\www\ocake\ocake\system\Database\BaseConnection.php(593): CodeIgniter\Database\BaseConnection->simpleQuery('INSERT INTO `bi...')
#3 C:\wamp64\www\ocake\ocake\system\Database\BaseBuilder.php(1916): CodeIgniter\Database\BaseConnection->query('INSERT INTO `bi...', Array, false)
#4 C:\wamp64\www\ocake\ocake\system\Model.php(279): CodeIgniter\Database\BaseBuilder->insert()
#5 C:\wamp64\www\ocake\ocake\system\BaseModel.php(749): CodeIgniter\Model->doInsert(Array)
#6 C:\wamp64\www\ocake\ocake\system\Model.php(667): CodeIgniter\BaseModel->insert(Array, true)
#7 C:\wamp64\www\ocake\ocake\app\Controllers\CheckoutController.php(67): CodeIgniter\Model->insert(Array)
#8 C:\wamp64\www\ocake\ocake\system\CodeIgniter.php(927): App\Controllers\CheckoutController->placeorder()
#9 C:\wamp64\www\ocake\ocake\system\CodeIgniter.php(482): CodeIgniter\CodeIgniter->runController(Object(App\Controllers\CheckoutController))
#10 C:\wamp64\www\ocake\ocake\system\CodeIgniter.php(351): CodeIgniter\CodeIgniter->handleRequest(NULL, Object(Config\Cache), false)
#11 C:\wamp64\www\ocake\index.php(67): CodeIgniter\CodeIgniter->run()
#12 {main}
ERROR - 2023-01-01 08:46:56 --> mysqli_sql_exception: Column 'firstname' cannot be null in C:\wamp64\www\ocake\ocake\system\Database\MySQLi\Connection.php:292
Stack trace:
#0 C:\wamp64\www\ocake\ocake\system\Database\MySQLi\Connection.php(292): mysqli->query('INSERT INTO `bi...', 0)
#1 C:\wamp64\www\ocake\ocake\system\Database\BaseConnection.php(666): CodeIgniter\Database\MySQLi\Connection->execute('INSERT INTO `bi...')
#2 C:\wamp64\www\ocake\ocake\system\Database\BaseConnection.php(593): CodeIgniter\Database\BaseConnection->simpleQuery('INSERT INTO `bi...')
#3 C:\wamp64\www\ocake\ocake\system\Database\BaseBuilder.php(1916): CodeIgniter\Database\BaseConnection->query('INSERT INTO `bi...', Array, false)
#4 C:\wamp64\www\ocake\ocake\system\Model.php(279): CodeIgniter\Database\BaseBuilder->insert()
#5 C:\wamp64\www\ocake\ocake\system\BaseModel.php(749): CodeIgniter\Model->doInsert(Array)
#6 C:\wamp64\www\ocake\ocake\system\Model.php(667): CodeIgniter\BaseModel->insert(Array, true)
#7 C:\wamp64\www\ocake\ocake\app\Controllers\CheckoutController.php(67): CodeIgniter\Model->insert(Array)
#8 C:\wamp64\www\ocake\ocake\system\CodeIgniter.php(927): App\Controllers\CheckoutController->placeorder()
#9 C:\wamp64\www\ocake\ocake\system\CodeIgniter.php(482): CodeIgniter\CodeIgniter->runController(Object(App\Controllers\CheckoutController))
#10 C:\wamp64\www\ocake\ocake\system\CodeIgniter.php(351): CodeIgniter\CodeIgniter->handleRequest(NULL, Object(Config\Cache), false)
#11 C:\wamp64\www\ocake\index.php(67): CodeIgniter\CodeIgniter->run()
#12 {main}
ERROR - 2023-01-01 08:52:58 --> mysqli_sql_exception: Column 'firstname' cannot be null in C:\wamp64\www\ocake\ocake\system\Database\MySQLi\Connection.php:292
Stack trace:
#0 C:\wamp64\www\ocake\ocake\system\Database\MySQLi\Connection.php(292): mysqli->query('INSERT INTO `bi...', 0)
#1 C:\wamp64\www\ocake\ocake\system\Database\BaseConnection.php(666): CodeIgniter\Database\MySQLi\Connection->execute('INSERT INTO `bi...')
#2 C:\wamp64\www\ocake\ocake\system\Database\BaseConnection.php(593): CodeIgniter\Database\BaseConnection->simpleQuery('INSERT INTO `bi...')
#3 C:\wamp64\www\ocake\ocake\system\Database\BaseBuilder.php(1916): CodeIgniter\Database\BaseConnection->query('INSERT INTO `bi...', Array, false)
#4 C:\wamp64\www\ocake\ocake\system\Model.php(279): CodeIgniter\Database\BaseBuilder->insert()
#5 C:\wamp64\www\ocake\ocake\system\BaseModel.php(749): CodeIgniter\Model->doInsert(Array)
#6 C:\wamp64\www\ocake\ocake\system\Model.php(667): CodeIgniter\BaseModel->insert(Array, true)
#7 C:\wamp64\www\ocake\ocake\app\Controllers\CheckoutController.php(67): CodeIgniter\Model->insert(Array)
#8 C:\wamp64\www\ocake\ocake\system\CodeIgniter.php(927): App\Controllers\CheckoutController->placeorder()
#9 C:\wamp64\www\ocake\ocake\system\CodeIgniter.php(482): CodeIgniter\CodeIgniter->runController(Object(App\Controllers\CheckoutController))
#10 C:\wamp64\www\ocake\ocake\system\CodeIgniter.php(351): CodeIgniter\CodeIgniter->handleRequest(NULL, Object(Config\Cache), false)
#11 C:\wamp64\www\ocake\index.php(67): CodeIgniter\CodeIgniter->run()
#12 {main}
ERROR - 2023-01-01 08:53:58 --> mysqli_sql_exception: Column 'firstname' cannot be null in C:\wamp64\www\ocake\ocake\system\Database\MySQLi\Connection.php:292
Stack trace:
#0 C:\wamp64\www\ocake\ocake\system\Database\MySQLi\Connection.php(292): mysqli->query('INSERT INTO `bi...', 0)
#1 C:\wamp64\www\ocake\ocake\system\Database\BaseConnection.php(666): CodeIgniter\Database\MySQLi\Connection->execute('INSERT INTO `bi...')
#2 C:\wamp64\www\ocake\ocake\system\Database\BaseConnection.php(593): CodeIgniter\Database\BaseConnection->simpleQuery('INSERT INTO `bi...')
#3 C:\wamp64\www\ocake\ocake\system\Database\BaseBuilder.php(1916): CodeIgniter\Database\BaseConnection->query('INSERT INTO `bi...', Array, false)
#4 C:\wamp64\www\ocake\ocake\system\Model.php(279): CodeIgniter\Database\BaseBuilder->insert()
#5 C:\wamp64\www\ocake\ocake\system\BaseModel.php(749): CodeIgniter\Model->doInsert(Array)
#6 C:\wamp64\www\ocake\ocake\system\Model.php(667): CodeIgniter\BaseModel->insert(Array, true)
#7 C:\wamp64\www\ocake\ocake\app\Models\Biller_model.php(16): CodeIgniter\Model->insert(Array)
#8 C:\wamp64\www\ocake\ocake\app\Controllers\CheckoutController.php(67): App\Models\Biller_model->save_biller(Array)
#9 C:\wamp64\www\ocake\ocake\system\CodeIgniter.php(927): App\Controllers\CheckoutController->placeorder()
#10 C:\wamp64\www\ocake\ocake\system\CodeIgniter.php(482): CodeIgniter\CodeIgniter->runController(Object(App\Controllers\CheckoutController))
#11 C:\wamp64\www\ocake\ocake\system\CodeIgniter.php(351): CodeIgniter\CodeIgniter->handleRequest(NULL, Object(Config\Cache), false)
#12 C:\wamp64\www\ocake\index.php(67): CodeIgniter\CodeIgniter->run()
#13 {main}
ERROR - 2023-01-01 08:57:29 --> mysqli_sql_exception: Column 'firstname' cannot be null in C:\wamp64\www\ocake\ocake\system\Database\MySQLi\Connection.php:292
Stack trace:
#0 C:\wamp64\www\ocake\ocake\system\Database\MySQLi\Connection.php(292): mysqli->query('INSERT INTO `bi...', 0)
#1 C:\wamp64\www\ocake\ocake\system\Database\BaseConnection.php(666): CodeIgniter\Database\MySQLi\Connection->execute('INSERT INTO `bi...')
#2 C:\wamp64\www\ocake\ocake\system\Database\BaseConnection.php(593): CodeIgniter\Database\BaseConnection->simpleQuery('INSERT INTO `bi...')
#3 C:\wamp64\www\ocake\ocake\system\Database\BaseBuilder.php(1916): CodeIgniter\Database\BaseConnection->query('INSERT INTO `bi...', Array, false)
#4 C:\wamp64\www\ocake\ocake\system\Model.php(279): CodeIgniter\Database\BaseBuilder->insert()
#5 C:\wamp64\www\ocake\ocake\system\BaseModel.php(749): CodeIgniter\Model->doInsert(Array)
#6 C:\wamp64\www\ocake\ocake\system\Model.php(667): CodeIgniter\BaseModel->insert(Array, true)
#7 C:\wamp64\www\ocake\ocake\app\Models\Biller_model.php(16): CodeIgniter\Model->insert(Array)
#8 C:\wamp64\www\ocake\ocake\app\Controllers\CheckoutController.php(70): App\Models\Biller_model->save_biller(Array)
#9 C:\wamp64\www\ocake\ocake\system\CodeIgniter.php(927): App\Controllers\CheckoutController->placeorder()
#10 C:\wamp64\www\ocake\ocake\system\CodeIgniter.php(482): CodeIgniter\CodeIgniter->runController(Object(App\Controllers\CheckoutController))
#11 C:\wamp64\www\ocake\ocake\system\CodeIgniter.php(351): CodeIgniter\CodeIgniter->handleRequest(NULL, Object(Config\Cache), false)
#12 C:\wamp64\www\ocake\index.php(67): CodeIgniter\CodeIgniter->run()
#13 {main}
ERROR - 2023-01-01 08:57:53 --> mysqli_sql_exception: Column 'firstname' cannot be null in C:\wamp64\www\ocake\ocake\system\Database\MySQLi\Connection.php:292
Stack trace:
#0 C:\wamp64\www\ocake\ocake\system\Database\MySQLi\Connection.php(292): mysqli->query('INSERT INTO `bi...', 0)
#1 C:\wamp64\www\ocake\ocake\system\Database\BaseConnection.php(666): CodeIgniter\Database\MySQLi\Connection->execute('INSERT INTO `bi...')
#2 C:\wamp64\www\ocake\ocake\system\Database\BaseConnection.php(593): CodeIgniter\Database\BaseConnection->simpleQuery('INSERT INTO `bi...')
#3 C:\wamp64\www\ocake\ocake\system\Database\BaseBuilder.php(1916): CodeIgniter\Database\BaseConnection->query('INSERT INTO `bi...', Array, false)
#4 C:\wamp64\www\ocake\ocake\system\Model.php(279): CodeIgniter\Database\BaseBuilder->insert()
#5 C:\wamp64\www\ocake\ocake\system\BaseModel.php(749): CodeIgniter\Model->doInsert(Array)
#6 C:\wamp64\www\ocake\ocake\system\Model.php(667): CodeIgniter\BaseModel->insert(Array, true)
#7 C:\wamp64\www\ocake\ocake\app\Models\Biller_model.php(16): CodeIgniter\Model->insert(Array)
#8 C:\wamp64\www\ocake\ocake\app\Controllers\CheckoutController.php(70): App\Models\Biller_model->save_biller(Array)
#9 C:\wamp64\www\ocake\ocake\system\CodeIgniter.php(927): App\Controllers\CheckoutController->placeorder()
#10 C:\wamp64\www\ocake\ocake\system\CodeIgniter.php(482): CodeIgniter\CodeIgniter->runController(Object(App\Controllers\CheckoutController))
#11 C:\wamp64\www\ocake\ocake\system\CodeIgniter.php(351): CodeIgniter\CodeIgniter->handleRequest(NULL, Object(Config\Cache), false)
#12 C:\wamp64\www\ocake\index.php(67): CodeIgniter\CodeIgniter->run()
#13 {main}
ERROR - 2023-01-01 08:58:08 --> mysqli_sql_exception: Column 'firstname' cannot be null in C:\wamp64\www\ocake\ocake\system\Database\MySQLi\Connection.php:292
Stack trace:
#0 C:\wamp64\www\ocake\ocake\system\Database\MySQLi\Connection.php(292): mysqli->query('INSERT INTO `bi...', 0)
#1 C:\wamp64\www\ocake\ocake\system\Database\BaseConnection.php(666): CodeIgniter\Database\MySQLi\Connection->execute('INSERT INTO `bi...')
#2 C:\wamp64\www\ocake\ocake\system\Database\BaseConnection.php(593): CodeIgniter\Database\BaseConnection->simpleQuery('INSERT INTO `bi...')
#3 C:\wamp64\www\ocake\ocake\system\Database\BaseBuilder.php(1916): CodeIgniter\Database\BaseConnection->query('INSERT INTO `bi...', Array, false)
#4 C:\wamp64\www\ocake\ocake\system\Model.php(279): CodeIgniter\Database\BaseBuilder->insert()
#5 C:\wamp64\www\ocake\ocake\system\BaseModel.php(749): CodeIgniter\Model->doInsert(Array)
#6 C:\wamp64\www\ocake\ocake\system\Model.php(667): CodeIgniter\BaseModel->insert(Array, true)
#7 C:\wamp64\www\ocake\ocake\app\Models\Biller_model.php(16): CodeIgniter\Model->insert(Array)
#8 C:\wamp64\www\ocake\ocake\app\Controllers\CheckoutController.php(70): App\Models\Biller_model->save_biller(Array)
#9 C:\wamp64\www\ocake\ocake\system\CodeIgniter.php(927): App\Controllers\CheckoutController->placeorder()
#10 C:\wamp64\www\ocake\ocake\system\CodeIgniter.php(482): CodeIgniter\CodeIgniter->runController(Object(App\Controllers\CheckoutController))
#11 C:\wamp64\www\ocake\ocake\system\CodeIgniter.php(351): CodeIgniter\CodeIgniter->handleRequest(NULL, Object(Config\Cache), false)
#12 C:\wamp64\www\ocake\index.php(67): CodeIgniter\CodeIgniter->run()
#13 {main}
ERROR - 2023-01-01 08:58:40 --> mysqli_sql_exception: Column 'firstname' cannot be null in C:\wamp64\www\ocake\ocake\system\Database\MySQLi\Connection.php:292
Stack trace:
#0 C:\wamp64\www\ocake\ocake\system\Database\MySQLi\Connection.php(292): mysqli->query('INSERT INTO `bi...', 0)
#1 C:\wamp64\www\ocake\ocake\system\Database\BaseConnection.php(666): CodeIgniter\Database\MySQLi\Connection->execute('INSERT INTO `bi...')
#2 C:\wamp64\www\ocake\ocake\system\Database\BaseConnection.php(593): CodeIgniter\Database\BaseConnection->simpleQuery('INSERT INTO `bi...')
#3 C:\wamp64\www\ocake\ocake\system\Database\BaseBuilder.php(1916): CodeIgniter\Database\BaseConnection->query('INSERT INTO `bi...', Array, false)
#4 C:\wamp64\www\ocake\ocake\system\Model.php(279): CodeIgniter\Database\BaseBuilder->insert()
#5 C:\wamp64\www\ocake\ocake\system\BaseModel.php(749): CodeIgniter\Model->doInsert(Array)
#6 C:\wamp64\www\ocake\ocake\system\Model.php(667): CodeIgniter\BaseModel->insert(Array, true)
#7 C:\wamp64\www\ocake\ocake\app\Models\Biller_model.php(16): CodeIgniter\Model->insert(Array)
#8 C:\wamp64\www\ocake\ocake\app\Controllers\CheckoutController.php(70): App\Models\Biller_model->save_biller(Array)
#9 C:\wamp64\www\ocake\ocake\system\CodeIgniter.php(927): App\Controllers\CheckoutController->placeorder()
#10 C:\wamp64\www\ocake\ocake\system\CodeIgniter.php(482): CodeIgniter\CodeIgniter->runController(Object(App\Controllers\CheckoutController))
#11 C:\wamp64\www\ocake\ocake\system\CodeIgniter.php(351): CodeIgniter\CodeIgniter->handleRequest(NULL, Object(Config\Cache), false)
#12 C:\wamp64\www\ocake\index.php(67): CodeIgniter\CodeIgniter->run()
#13 {main}
ERROR - 2023-01-01 09:05:55 --> mysqli_sql_exception: Column 'total_price' cannot be null in C:\wamp64\www\ocake\ocake\system\Database\MySQLi\Connection.php:292
Stack trace:
#0 C:\wamp64\www\ocake\ocake\system\Database\MySQLi\Connection.php(292): mysqli->query('INSERT INTO `bi...', 0)
#1 C:\wamp64\www\ocake\ocake\system\Database\BaseConnection.php(666): CodeIgniter\Database\MySQLi\Connection->execute('INSERT INTO `bi...')
#2 C:\wamp64\www\ocake\ocake\system\Database\BaseConnection.php(593): CodeIgniter\Database\BaseConnection->simpleQuery('INSERT INTO `bi...')
#3 C:\wamp64\www\ocake\ocake\system\Database\BaseBuilder.php(1916): CodeIgniter\Database\BaseConnection->query('INSERT INTO `bi...', Array, false)
#4 C:\wamp64\www\ocake\ocake\system\Model.php(279): CodeIgniter\Database\BaseBuilder->insert()
#5 C:\wamp64\www\ocake\ocake\system\BaseModel.php(749): CodeIgniter\Model->doInsert(Array)
#6 C:\wamp64\www\ocake\ocake\system\Model.php(667): CodeIgniter\BaseModel->insert(Array, true)
#7 C:\wamp64\www\ocake\ocake\app\Models\Biller_model.php(16): CodeIgniter\Model->insert(Array)
#8 C:\wamp64\www\ocake\ocake\app\Controllers\CheckoutController.php(70): App\Models\Biller_model->save_biller(Array)
#9 C:\wamp64\www\ocake\ocake\system\CodeIgniter.php(927): App\Controllers\CheckoutController->placeorder()
#10 C:\wamp64\www\ocake\ocake\system\CodeIgniter.php(482): CodeIgniter\CodeIgniter->runController(Object(App\Controllers\CheckoutController))
#11 C:\wamp64\www\ocake\ocake\system\CodeIgniter.php(351): CodeIgniter\CodeIgniter->handleRequest(NULL, Object(Config\Cache), false)
#12 C:\wamp64\www\ocake\index.php(67): CodeIgniter\CodeIgniter->run()
#13 {main}
ERROR - 2023-01-01 09:09:05 --> mysqli_sql_exception: Column 'total_price' cannot be null in C:\wamp64\www\ocake\ocake\system\Database\MySQLi\Connection.php:292
Stack trace:
#0 C:\wamp64\www\ocake\ocake\system\Database\MySQLi\Connection.php(292): mysqli->query('INSERT INTO `bi...', 0)
#1 C:\wamp64\www\ocake\ocake\system\Database\BaseConnection.php(666): CodeIgniter\Database\MySQLi\Connection->execute('INSERT INTO `bi...')
#2 C:\wamp64\www\ocake\ocake\system\Database\BaseConnection.php(593): CodeIgniter\Database\BaseConnection->simpleQuery('INSERT INTO `bi...')
#3 C:\wamp64\www\ocake\ocake\system\Database\BaseBuilder.php(1916): CodeIgniter\Database\BaseConnection->query('INSERT INTO `bi...', Array, false)
#4 C:\wamp64\www\ocake\ocake\system\Model.php(279): CodeIgniter\Database\BaseBuilder->insert()
#5 C:\wamp64\www\ocake\ocake\system\BaseModel.php(749): CodeIgniter\Model->doInsert(Array)
#6 C:\wamp64\www\ocake\ocake\system\Model.php(667): CodeIgniter\BaseModel->insert(Array, true)
#7 C:\wamp64\www\ocake\ocake\app\Models\Biller_model.php(16): CodeIgniter\Model->insert(Array)
#8 C:\wamp64\www\ocake\ocake\app\Controllers\CheckoutController.php(70): App\Models\Biller_model->save_biller(Array)
#9 C:\wamp64\www\ocake\ocake\system\CodeIgniter.php(927): App\Controllers\CheckoutController->placeorder()
#10 C:\wamp64\www\ocake\ocake\system\CodeIgniter.php(482): CodeIgniter\CodeIgniter->runController(Object(App\Controllers\CheckoutController))
#11 C:\wamp64\www\ocake\ocake\system\CodeIgniter.php(351): CodeIgniter\CodeIgniter->handleRequest(NULL, Object(Config\Cache), false)
#12 C:\wamp64\www\ocake\index.php(67): CodeIgniter\CodeIgniter->run()
#13 {main}
ERROR - 2023-01-01 09:12:21 --> mysqli_sql_exception: Column 'total_price' cannot be null in C:\wamp64\www\ocake\ocake\system\Database\MySQLi\Connection.php:292
Stack trace:
#0 C:\wamp64\www\ocake\ocake\system\Database\MySQLi\Connection.php(292): mysqli->query('INSERT INTO `bi...', 0)
#1 C:\wamp64\www\ocake\ocake\system\Database\BaseConnection.php(666): CodeIgniter\Database\MySQLi\Connection->execute('INSERT INTO `bi...')
#2 C:\wamp64\www\ocake\ocake\system\Database\BaseConnection.php(593): CodeIgniter\Database\BaseConnection->simpleQuery('INSERT INTO `bi...')
#3 C:\wamp64\www\ocake\ocake\system\Database\BaseBuilder.php(1916): CodeIgniter\Database\BaseConnection->query('INSERT INTO `bi...', Array, false)
#4 C:\wamp64\www\ocake\ocake\system\Model.php(279): CodeIgniter\Database\BaseBuilder->insert()
#5 C:\wamp64\www\ocake\ocake\system\BaseModel.php(749): CodeIgniter\Model->doInsert(Array)
#6 C:\wamp64\www\ocake\ocake\system\Model.php(667): CodeIgniter\BaseModel->insert(Array, true)
#7 C:\wamp64\www\ocake\ocake\app\Controllers\CheckoutController.php(67): CodeIgniter\Model->insert(Array)
#8 C:\wamp64\www\ocake\ocake\system\CodeIgniter.php(927): App\Controllers\CheckoutController->placeorder()
#9 C:\wamp64\www\ocake\ocake\system\CodeIgniter.php(482): CodeIgniter\CodeIgniter->runController(Object(App\Controllers\CheckoutController))
#10 C:\wamp64\www\ocake\ocake\system\CodeIgniter.php(351): CodeIgniter\CodeIgniter->handleRequest(NULL, Object(Config\Cache), false)
#11 C:\wamp64\www\ocake\index.php(67): CodeIgniter\CodeIgniter->run()
#12 {main}
ERROR - 2023-01-01 09:13:35 --> mysqli_sql_exception: Column 'total_price' cannot be null in C:\wamp64\www\ocake\ocake\system\Database\MySQLi\Connection.php:292
Stack trace:
#0 C:\wamp64\www\ocake\ocake\system\Database\MySQLi\Connection.php(292): mysqli->query('INSERT INTO `bi...', 0)
#1 C:\wamp64\www\ocake\ocake\system\Database\BaseConnection.php(666): CodeIgniter\Database\MySQLi\Connection->execute('INSERT INTO `bi...')
#2 C:\wamp64\www\ocake\ocake\system\Database\BaseConnection.php(593): CodeIgniter\Database\BaseConnection->simpleQuery('INSERT INTO `bi...')
#3 C:\wamp64\www\ocake\ocake\system\Database\BaseBuilder.php(1916): CodeIgniter\Database\BaseConnection->query('INSERT INTO `bi...', Array, false)
#4 C:\wamp64\www\ocake\ocake\system\Model.php(279): CodeIgniter\Database\BaseBuilder->insert()
#5 C:\wamp64\www\ocake\ocake\system\BaseModel.php(749): CodeIgniter\Model->doInsert(Array)
#6 C:\wamp64\www\ocake\ocake\system\Model.php(667): CodeIgniter\BaseModel->insert(Array, true)
#7 C:\wamp64\www\ocake\ocake\app\Models\Biller_model.php(16): CodeIgniter\Model->insert(Array)
#8 C:\wamp64\www\ocake\ocake\app\Controllers\CheckoutController.php(67): App\Models\Biller_model->save_biller(Array)
#9 C:\wamp64\www\ocake\ocake\system\CodeIgniter.php(927): App\Controllers\CheckoutController->placeorder()
#10 C:\wamp64\www\ocake\ocake\system\CodeIgniter.php(482): CodeIgniter\CodeIgniter->runController(Object(App\Controllers\CheckoutController))
#11 C:\wamp64\www\ocake\ocake\system\CodeIgniter.php(351): CodeIgniter\CodeIgniter->handleRequest(NULL, Object(Config\Cache), false)
#12 C:\wamp64\www\ocake\index.php(67): CodeIgniter\CodeIgniter->run()
#13 {main}
CRITICAL - 2023-01-01 09:13:36 --> There is no data to insert.
in SYSTEMPATH\BaseModel.php on line 1598.
 1 SYSTEMPATH\BaseModel.php(1598): CodeIgniter\Database\Exceptions\DataException::forEmptyDataset('insert')
 2 SYSTEMPATH\BaseModel.php(709): CodeIgniter\BaseModel->transformDataToArray(false, 'insert')
 3 SYSTEMPATH\Model.php(667): CodeIgniter\BaseModel->insert(false, true)
 4 APPPATH\Models\Biller_model.php(16): CodeIgniter\Model->insert(false)
 5 APPPATH\Controllers\CheckoutController.php(70): App\Models\Biller_model->save_biller(false)
 6 SYSTEMPATH\CodeIgniter.php(927): App\Controllers\CheckoutController->placeorder()
 7 SYSTEMPATH\CodeIgniter.php(482): CodeIgniter\CodeIgniter->runController(Object(App\Controllers\CheckoutController))
 8 SYSTEMPATH\CodeIgniter.php(351): CodeIgniter\CodeIgniter->handleRequest(null, Object(Config\Cache), false)
 9 FCPATH\index.php(67): CodeIgniter\CodeIgniter->run()
ERROR - 2023-01-01 09:14:18 --> mysqli_sql_exception: Column 'total_price' cannot be null in C:\wamp64\www\ocake\ocake\system\Database\MySQLi\Connection.php:292
Stack trace:
#0 C:\wamp64\www\ocake\ocake\system\Database\MySQLi\Connection.php(292): mysqli->query('INSERT INTO `bi...', 0)
#1 C:\wamp64\www\ocake\ocake\system\Database\BaseConnection.php(666): CodeIgniter\Database\MySQLi\Connection->execute('INSERT INTO `bi...')
#2 C:\wamp64\www\ocake\ocake\system\Database\BaseConnection.php(593): CodeIgniter\Database\BaseConnection->simpleQuery('INSERT INTO `bi...')
#3 C:\wamp64\www\ocake\ocake\system\Database\BaseBuilder.php(1916): CodeIgniter\Database\BaseConnection->query('INSERT INTO `bi...', Array, false)
#4 C:\wamp64\www\ocake\ocake\system\Model.php(279): CodeIgniter\Database\BaseBuilder->insert()
#5 C:\wamp64\www\ocake\ocake\system\BaseModel.php(749): CodeIgniter\Model->doInsert(Array)
#6 C:\wamp64\www\ocake\ocake\system\Model.php(667): CodeIgniter\BaseModel->insert(Array, true)
#7 C:\wamp64\www\ocake\ocake\app\Models\Biller_model.php(16): CodeIgniter\Model->insert(Array)
#8 C:\wamp64\www\ocake\ocake\app\Controllers\CheckoutController.php(67): App\Models\Biller_model->save_biller(Array)
#9 C:\wamp64\www\ocake\ocake\system\CodeIgniter.php(927): App\Controllers\CheckoutController->placeorder()
#10 C:\wamp64\www\ocake\ocake\system\CodeIgniter.php(482): CodeIgniter\CodeIgniter->runController(Object(App\Controllers\CheckoutController))
#11 C:\wamp64\www\ocake\ocake\system\CodeIgniter.php(351): CodeIgniter\CodeIgniter->handleRequest(NULL, Object(Config\Cache), false)
#12 C:\wamp64\www\ocake\index.php(67): CodeIgniter\CodeIgniter->run()
#13 {main}
ERROR - 2023-01-01 09:14:24 --> mysqli_sql_exception: Column 'total_price' cannot be null in C:\wamp64\www\ocake\ocake\system\Database\MySQLi\Connection.php:292
Stack trace:
#0 C:\wamp64\www\ocake\ocake\system\Database\MySQLi\Connection.php(292): mysqli->query('INSERT INTO `bi...', 0)
#1 C:\wamp64\www\ocake\ocake\system\Database\BaseConnection.php(666): CodeIgniter\Database\MySQLi\Connection->execute('INSERT INTO `bi...')
#2 C:\wamp64\www\ocake\ocake\system\Database\BaseConnection.php(593): CodeIgniter\Database\BaseConnection->simpleQuery('INSERT INTO `bi...')
#3 C:\wamp64\www\ocake\ocake\system\Database\BaseBuilder.php(1916): CodeIgniter\Database\BaseConnection->query('INSERT INTO `bi...', Array, false)
#4 C:\wamp64\www\ocake\ocake\system\Model.php(279): CodeIgniter\Database\BaseBuilder->insert()
#5 C:\wamp64\www\ocake\ocake\system\BaseModel.php(749): CodeIgniter\Model->doInsert(Array)
#6 C:\wamp64\www\ocake\ocake\system\Model.php(667): CodeIgniter\BaseModel->insert(Array, true)
#7 C:\wamp64\www\ocake\ocake\app\Models\Biller_model.php(16): CodeIgniter\Model->insert(Array)
#8 C:\wamp64\www\ocake\ocake\app\Controllers\CheckoutController.php(67): App\Models\Biller_model->save_biller(Array)
#9 C:\wamp64\www\ocake\ocake\system\CodeIgniter.php(927): App\Controllers\CheckoutController->placeorder()
#10 C:\wamp64\www\ocake\ocake\system\CodeIgniter.php(482): CodeIgniter\CodeIgniter->runController(Object(App\Controllers\CheckoutController))
#11 C:\wamp64\www\ocake\ocake\system\CodeIgniter.php(351): CodeIgniter\CodeIgniter->handleRequest(NULL, Object(Config\Cache), false)
#12 C:\wamp64\www\ocake\index.php(67): CodeIgniter\CodeIgniter->run()
#13 {main}
ERROR - 2023-01-01 09:15:32 --> mysqli_sql_exception: Column 'total_price' cannot be null in C:\wamp64\www\ocake\ocake\system\Database\MySQLi\Connection.php:292
Stack trace:
#0 C:\wamp64\www\ocake\ocake\system\Database\MySQLi\Connection.php(292): mysqli->query('INSERT INTO `bi...', 0)
#1 C:\wamp64\www\ocake\ocake\system\Database\BaseConnection.php(666): CodeIgniter\Database\MySQLi\Connection->execute('INSERT INTO `bi...')
#2 C:\wamp64\www\ocake\ocake\system\Database\BaseConnection.php(593): CodeIgniter\Database\BaseConnection->simpleQuery('INSERT INTO `bi...')
#3 C:\wamp64\www\ocake\ocake\system\Database\BaseBuilder.php(1916): CodeIgniter\Database\BaseConnection->query('INSERT INTO `bi...', Array, false)
#4 C:\wamp64\www\ocake\ocake\system\Model.php(279): CodeIgniter\Database\BaseBuilder->insert()
#5 C:\wamp64\www\ocake\ocake\system\BaseModel.php(749): CodeIgniter\Model->doInsert(Array)
#6 C:\wamp64\www\ocake\ocake\system\Model.php(667): CodeIgniter\BaseModel->insert(Array, true)
#7 C:\wamp64\www\ocake\ocake\app\Models\Biller_model.php(16): CodeIgniter\Model->insert(Array)
#8 C:\wamp64\www\ocake\ocake\app\Controllers\CheckoutController.php(70): App\Models\Biller_model->save_biller(Array)
#9 C:\wamp64\www\ocake\ocake\system\CodeIgniter.php(927): App\Controllers\CheckoutController->placeorder()
#10 C:\wamp64\www\ocake\ocake\system\CodeIgniter.php(482): CodeIgniter\CodeIgniter->runController(Object(App\Controllers\CheckoutController))
#11 C:\wamp64\www\ocake\ocake\system\CodeIgniter.php(351): CodeIgniter\CodeIgniter->handleRequest(NULL, Object(Config\Cache), false)
#12 C:\wamp64\www\ocake\index.php(67): CodeIgniter\CodeIgniter->run()
#13 {main}
ERROR - 2023-01-01 09:16:54 --> mysqli_sql_exception: Column 'total_price' cannot be null in C:\wamp64\www\ocake\ocake\system\Database\MySQLi\Connection.php:292
Stack trace:
#0 C:\wamp64\www\ocake\ocake\system\Database\MySQLi\Connection.php(292): mysqli->query('INSERT INTO `bi...', 0)
#1 C:\wamp64\www\ocake\ocake\system\Database\BaseConnection.php(666): CodeIgniter\Database\MySQLi\Connection->execute('INSERT INTO `bi...')
#2 C:\wamp64\www\ocake\ocake\system\Database\BaseConnection.php(593): CodeIgniter\Database\BaseConnection->simpleQuery('INSERT INTO `bi...')
#3 C:\wamp64\www\ocake\ocake\system\Database\BaseBuilder.php(1916): CodeIgniter\Database\BaseConnection->query('INSERT INTO `bi...', Array, false)
#4 C:\wamp64\www\ocake\ocake\system\Model.php(279): CodeIgniter\Database\BaseBuilder->insert()
#5 C:\wamp64\www\ocake\ocake\system\BaseModel.php(749): CodeIgniter\Model->doInsert(Array)
#6 C:\wamp64\www\ocake\ocake\system\Model.php(667): CodeIgniter\BaseModel->insert(Array, true)
#7 C:\wamp64\www\ocake\ocake\app\Models\Biller_model.php(16): CodeIgniter\Model->insert(Array)
#8 C:\wamp64\www\ocake\ocake\app\Controllers\CheckoutController.php(70): App\Models\Biller_model->save_biller(Array)
#9 C:\wamp64\www\ocake\ocake\system\CodeIgniter.php(927): App\Controllers\CheckoutController->placeorder()
#10 C:\wamp64\www\ocake\ocake\system\CodeIgniter.php(482): CodeIgniter\CodeIgniter->runController(Object(App\Controllers\CheckoutController))
#11 C:\wamp64\www\ocake\ocake\system\CodeIgniter.php(351): CodeIgniter\CodeIgniter->handleRequest(NULL, Object(Config\Cache), false)
#12 C:\wamp64\www\ocake\index.php(67): CodeIgniter\CodeIgniter->run()
#13 {main}
CRITICAL - 2023-01-01 09:20:16 --> Too few arguments to function App\Models\Biller_model::save_biller(), 1 passed in C:\wamp64\www\ocake\ocake\app\Controllers\CheckoutController.php on line 70 and exactly 2 expected
in APPPATH\Models\Biller_model.php on line 15.
 1 APPPATH\Controllers\CheckoutController.php(70): App\Models\Biller_model->save_biller([...])
 2 SYSTEMPATH\CodeIgniter.php(927): App\Controllers\CheckoutController->placeorder()
 3 SYSTEMPATH\CodeIgniter.php(482): CodeIgniter\CodeIgniter->runController(Object(App\Controllers\CheckoutController))
 4 SYSTEMPATH\CodeIgniter.php(351): CodeIgniter\CodeIgniter->handleRequest(null, Object(Config\Cache), false)
 5 FCPATH\index.php(67): CodeIgniter\CodeIgniter->run()
ERROR - 2023-01-01 09:21:12 --> mysqli_sql_exception: Column 'total_price' cannot be null in C:\wamp64\www\ocake\ocake\system\Database\MySQLi\Connection.php:292
Stack trace:
#0 C:\wamp64\www\ocake\ocake\system\Database\MySQLi\Connection.php(292): mysqli->query('INSERT INTO `bi...', 0)
#1 C:\wamp64\www\ocake\ocake\system\Database\BaseConnection.php(666): CodeIgniter\Database\MySQLi\Connection->execute('INSERT INTO `bi...')
#2 C:\wamp64\www\ocake\ocake\system\Database\BaseConnection.php(593): CodeIgniter\Database\BaseConnection->simpleQuery('INSERT INTO `bi...')
#3 C:\wamp64\www\ocake\ocake\system\Database\BaseBuilder.php(1916): CodeIgniter\Database\BaseConnection->query('INSERT INTO `bi...', Array, false)
#4 C:\wamp64\www\ocake\ocake\system\Model.php(279): CodeIgniter\Database\BaseBuilder->insert()
#5 C:\wamp64\www\ocake\ocake\system\BaseModel.php(749): CodeIgniter\Model->doInsert(Array)
#6 C:\wamp64\www\ocake\ocake\system\Model.php(667): CodeIgniter\BaseModel->insert(Array, true)
#7 C:\wamp64\www\ocake\ocake\app\Models\Biller_model.php(17): CodeIgniter\Model->insert()
#8 C:\wamp64\www\ocake\ocake\app\Controllers\CheckoutController.php(70): App\Models\Biller_model->save_biller(Array, '21')
#9 C:\wamp64\www\ocake\ocake\system\CodeIgniter.php(927): App\Controllers\CheckoutController->placeorder()
#10 C:\wamp64\www\ocake\ocake\system\CodeIgniter.php(482): CodeIgniter\CodeIgniter->runController(Object(App\Controllers\CheckoutController))
#11 C:\wamp64\www\ocake\ocake\system\CodeIgniter.php(351): CodeIgniter\CodeIgniter->handleRequest(NULL, Object(Config\Cache), false)
#12 C:\wamp64\www\ocake\index.php(67): CodeIgniter\CodeIgniter->run()
#13 {main}
