CRITICAL - 2022-12-21 21:01:55 --> unlink(C:\wamp64\www\ocake\ocake\writable\debugbar/debugbar_1671632552.371034.json): No such file or directory
in SYSTEMPATH\Debug\Toolbar\Collectors\History.php on line 76.
 1 [internal function]: CodeIgniter\Debug\Exceptions->errorHandler(2, 'unlink(C:\\wamp64\\www\\ocake\\ocake\\writable\\debugbar/debugbar_1671632552.371034.json): No such file or directory', 'SYSTEMPATH\\Debug\\Toolbar\\Collectors\\History.php', 76, [...])
 2 SYSTEMPATH\Debug\Toolbar\Collectors\History.php(76): unlink('FCPATH\\ocake\\writable\\debugbar/debugbar_1671632552.371034.json')
 3 SYSTEMPATH\Debug\Toolbar.php(500): CodeIgniter\Debug\Toolbar\Collectors\History->setFiles('1671678102.071729', 20)
 4 SYSTEMPATH\Debug\Toolbar.php(477): CodeIgniter\Debug\Toolbar->format([...], 'html')
 5 APPPATH\Config\Events.php(46): CodeIgniter\Debug\Toolbar->respond()
 6 SYSTEMPATH\Events\Events.php(149): CodeIgniter\Events\Events::Config\{closure}()
 7 SYSTEMPATH\CodeIgniter.php(328): CodeIgniter\Events\Events::trigger('pre_system')
 8 FCPATH\index.php(67): CodeIgniter\CodeIgniter->run()
CRITICAL - 2022-12-21 21:33:25 --> Invalid file: orderdetails.php
in SYSTEMPATH\Exceptions\FrameworkException.php on line 33.
 1 SYSTEMPATH\View\View.php(201): CodeIgniter\Exceptions\FrameworkException::forInvalidFile('orderdetails.php')
 2 SYSTEMPATH\Common.php(1134): CodeIgniter\View\View->render('orderdetails', [], true)
 3 APPPATH\Controllers\User.php(142): view('orderdetails', [...])
 4 SYSTEMPATH\CodeIgniter.php(927): App\Controllers\User->cancel_order('1', 'C:\\wamp64\\www\\ocake')
 5 SYSTEMPATH\CodeIgniter.php(482): CodeIgniter\CodeIgniter->runController(Object(App\Controllers\User))
 6 SYSTEMPATH\CodeIgniter.php(351): CodeIgniter\CodeIgniter->handleRequest(null, Object(Config\Cache), false)
 7 FCPATH\index.php(67): CodeIgniter\CodeIgniter->run()
CRITICAL - 2022-12-21 21:36:12 --> Invalid file: orderdetails.php
in SYSTEMPATH\Exceptions\FrameworkException.php on line 33.
 1 SYSTEMPATH\View\View.php(201): CodeIgniter\Exceptions\FrameworkException::forInvalidFile('orderdetails.php')
 2 SYSTEMPATH\Common.php(1134): CodeIgniter\View\View->render('orderdetails', [], true)
 3 APPPATH\Controllers\User.php(142): view('orderdetails', [...])
 4 SYSTEMPATH\CodeIgniter.php(927): App\Controllers\User->cancel_order('1', 'C:\\wamp64\\www\\ocake')
 5 SYSTEMPATH\CodeIgniter.php(482): CodeIgniter\CodeIgniter->runController(Object(App\Controllers\User))
 6 SYSTEMPATH\CodeIgniter.php(351): CodeIgniter\CodeIgniter->handleRequest(null, Object(Config\Cache), false)
 7 FCPATH\index.php(67): CodeIgniter\CodeIgniter->run()
CRITICAL - 2022-12-21 21:46:40 --> Invalid file: orderdetails.php
in SYSTEMPATH\Exceptions\FrameworkException.php on line 33.
 1 SYSTEMPATH\View\View.php(201): CodeIgniter\Exceptions\FrameworkException::forInvalidFile('orderdetails.php')
 2 SYSTEMPATH\Common.php(1134): CodeIgniter\View\View->render('orderdetails', [], true)
 3 APPPATH\Controllers\User.php(142): view('orderdetails', [...])
 4 SYSTEMPATH\CodeIgniter.php(927): App\Controllers\User->cancel_order('1', 'C:\\wamp64\\www\\ocake')
 5 SYSTEMPATH\CodeIgniter.php(482): CodeIgniter\CodeIgniter->runController(Object(App\Controllers\User))
 6 SYSTEMPATH\CodeIgniter.php(351): CodeIgniter\CodeIgniter->handleRequest(null, Object(Config\Cache), false)
 7 FCPATH\index.php(67): CodeIgniter\CodeIgniter->run()
CRITICAL - 2022-12-21 21:47:32 --> unlink(C:\wamp64\www\ocake\ocake\writable\debugbar/debugbar_1671680290.627046.json): No such file or directory
in SYSTEMPATH\Debug\Toolbar\Collectors\History.php on line 76.
 1 [internal function]: CodeIgniter\Debug\Exceptions->errorHandler(2, 'unlink(C:\\wamp64\\www\\ocake\\ocake\\writable\\debugbar/debugbar_1671680290.627046.json): No such file or directory', 'SYSTEMPATH\\Debug\\Toolbar\\Collectors\\History.php', 76, [...])
 2 SYSTEMPATH\Debug\Toolbar\Collectors\History.php(76): unlink('FCPATH\\ocake\\writable\\debugbar/debugbar_1671680290.627046.json')
 3 SYSTEMPATH\Debug\Toolbar.php(500): CodeIgniter\Debug\Toolbar\Collectors\History->setFiles('1671680849.399278', 20)
 4 SYSTEMPATH\Debug\Toolbar.php(477): CodeIgniter\Debug\Toolbar->format([...], 'html')
 5 APPPATH\Config\Events.php(46): CodeIgniter\Debug\Toolbar->respond()
 6 SYSTEMPATH\Events\Events.php(149): CodeIgniter\Events\Events::Config\{closure}()
 7 SYSTEMPATH\CodeIgniter.php(328): CodeIgniter\Events\Events::trigger('pre_system')
 8 FCPATH\index.php(67): CodeIgniter\CodeIgniter->run()
