CRITICAL - 2023-01-22 03:05:32 --> Undefined variable: datum
in APPPATH\Views\user\order_details.php on line 162.
 1 APPPATH\Views\user\order_details.php(162): CodeIgniter\Debug\Exceptions->errorHandler(8, 'Undefined variable: datum', 'APPPATH\\Views\\user\\order_details.php', 162, [...])
 2 SYSTEMPATH\View\View.php(213): include('APPPATH\\Views\\user\\order_details.php')
 3 SYSTEMPATH\View\View.php(216): CodeIgniter\View\View->CodeIgniter\View\{closure}()
 4 SYSTEMPATH\Common.php(1134): CodeIgniter\View\View->render('user/order_details', [], true)
 5 APPPATH\Controllers\User.php(258): view('user/order_details')
 6 SYSTEMPATH\CodeIgniter.php(927): App\Controllers\User->orderdetails()
 7 SYSTEMPATH\CodeIgniter.php(482): CodeIgniter\CodeIgniter->runController(Object(App\Controllers\User))
 8 SYSTEMPATH\CodeIgniter.php(351): CodeIgniter\CodeIgniter->handleRequest(null, Object(Config\Cache), false)
 9 FCPATH\index.php(67): CodeIgniter\CodeIgniter->run()
CRITICAL - 2023-01-22 03:07:15 --> Undefined variable: datum
in APPPATH\Views\user\order_details.php on line 162.
 1 APPPATH\Views\user\order_details.php(162): CodeIgniter\Debug\Exceptions->errorHandler(8, 'Undefined variable: datum', 'APPPATH\\Views\\user\\order_details.php', 162, [...])
 2 SYSTEMPATH\View\View.php(213): include('APPPATH\\Views\\user\\order_details.php')
 3 SYSTEMPATH\View\View.php(216): CodeIgniter\View\View->CodeIgniter\View\{closure}()
 4 SYSTEMPATH\Common.php(1134): CodeIgniter\View\View->render('user/order_details', [], true)
 5 APPPATH\Controllers\User.php(258): view('user/order_details')
 6 SYSTEMPATH\CodeIgniter.php(927): App\Controllers\User->orderdetails()
 7 SYSTEMPATH\CodeIgniter.php(482): CodeIgniter\CodeIgniter->runController(Object(App\Controllers\User))
 8 SYSTEMPATH\CodeIgniter.php(351): CodeIgniter\CodeIgniter->handleRequest(null, Object(Config\Cache), false)
 9 FCPATH\index.php(67): CodeIgniter\CodeIgniter->run()
CRITICAL - 2023-01-22 04:26:50 --> A non-numeric value encountered
in APPPATH\Views\include\header.php on line 108.
 1 APPPATH\Views\include\header.php(108): CodeIgniter\Debug\Exceptions->errorHandler(2, 'A non-numeric value encountered', 'APPPATH\\Views\\include\\header.php', 108, [...])
 2 SYSTEMPATH\View\View.php(213): include('APPPATH\\Views\\include\\header.php')
 3 SYSTEMPATH\View\View.php(216): CodeIgniter\View\View->CodeIgniter\View\{closure}()
 4 SYSTEMPATH\Common.php(1134): CodeIgniter\View\View->render('include/header', [], true)
 5 APPPATH\Controllers\User.php(334): view('include/header', [...])
 6 SYSTEMPATH\CodeIgniter.php(927): App\Controllers\User->userOrders()
 7 SYSTEMPATH\CodeIgniter.php(482): CodeIgniter\CodeIgniter->runController(Object(App\Controllers\User))
 8 SYSTEMPATH\CodeIgniter.php(351): CodeIgniter\CodeIgniter->handleRequest(null, Object(Config\Cache), false)
 9 FCPATH\index.php(67): CodeIgniter\CodeIgniter->run()
CRITICAL - 2023-01-22 04:28:04 --> Undefined offset: 1
in APPPATH\Views\include\header.php on line 108.
 1 APPPATH\Views\include\header.php(108): CodeIgniter\Debug\Exceptions->errorHandler(8, 'Undefined offset: 1', 'APPPATH\\Views\\include\\header.php', 108, [...])
 2 SYSTEMPATH\View\View.php(213): include('APPPATH\\Views\\include\\header.php')
 3 SYSTEMPATH\View\View.php(216): CodeIgniter\View\View->CodeIgniter\View\{closure}()
 4 SYSTEMPATH\Common.php(1134): CodeIgniter\View\View->render('include/header', [], true)
 5 APPPATH\Controllers\User.php(334): view('include/header', [...])
 6 SYSTEMPATH\CodeIgniter.php(927): App\Controllers\User->userOrders()
 7 SYSTEMPATH\CodeIgniter.php(482): CodeIgniter\CodeIgniter->runController(Object(App\Controllers\User))
 8 SYSTEMPATH\CodeIgniter.php(351): CodeIgniter\CodeIgniter->handleRequest(null, Object(Config\Cache), false)
 9 FCPATH\index.php(67): CodeIgniter\CodeIgniter->run()
CRITICAL - 2023-01-22 04:29:03 --> Illegal string offset 'userL_name'
in APPPATH\Views\include\header.php on line 108.
 1 APPPATH\Views\include\header.php(108): CodeIgniter\Debug\Exceptions->errorHandler(2, 'Illegal string offset \'userL_name\'', 'APPPATH\\Views\\include\\header.php', 108, [...])
 2 SYSTEMPATH\View\View.php(213): include('APPPATH\\Views\\include\\header.php')
 3 SYSTEMPATH\View\View.php(216): CodeIgniter\View\View->CodeIgniter\View\{closure}()
 4 SYSTEMPATH\Common.php(1134): CodeIgniter\View\View->render('include/header', [], true)
 5 APPPATH\Controllers\User.php(334): view('include/header', [...])
 6 SYSTEMPATH\CodeIgniter.php(927): App\Controllers\User->userOrders()
 7 SYSTEMPATH\CodeIgniter.php(482): CodeIgniter\CodeIgniter->runController(Object(App\Controllers\User))
 8 SYSTEMPATH\CodeIgniter.php(351): CodeIgniter\CodeIgniter->handleRequest(null, Object(Config\Cache), false)
 9 FCPATH\index.php(67): CodeIgniter\CodeIgniter->run()
CRITICAL - 2023-01-22 04:29:29 --> A non-numeric value encountered
in APPPATH\Views\include\header.php on line 108.
 1 APPPATH\Views\include\header.php(108): CodeIgniter\Debug\Exceptions->errorHandler(2, 'A non-numeric value encountered', 'APPPATH\\Views\\include\\header.php', 108, [...])
 2 SYSTEMPATH\View\View.php(213): include('APPPATH\\Views\\include\\header.php')
 3 SYSTEMPATH\View\View.php(216): CodeIgniter\View\View->CodeIgniter\View\{closure}()
 4 SYSTEMPATH\Common.php(1134): CodeIgniter\View\View->render('include/header', [], true)
 5 APPPATH\Controllers\User.php(334): view('include/header', [...])
 6 SYSTEMPATH\CodeIgniter.php(927): App\Controllers\User->userOrders()
 7 SYSTEMPATH\CodeIgniter.php(482): CodeIgniter\CodeIgniter->runController(Object(App\Controllers\User))
 8 SYSTEMPATH\CodeIgniter.php(351): CodeIgniter\CodeIgniter->handleRequest(null, Object(Config\Cache), false)
 9 FCPATH\index.php(67): CodeIgniter\CodeIgniter->run()
CRITICAL - 2023-01-22 04:29:44 --> Array to string conversion
in APPPATH\Views\include\header.php on line 108.
 1 APPPATH\Views\include\header.php(108): CodeIgniter\Debug\Exceptions->errorHandler(8, 'Array to string conversion', 'APPPATH\\Views\\include\\header.php', 108, [...])
 2 SYSTEMPATH\View\View.php(213): include('APPPATH\\Views\\include\\header.php')
 3 SYSTEMPATH\View\View.php(216): CodeIgniter\View\View->CodeIgniter\View\{closure}()
 4 SYSTEMPATH\Common.php(1134): CodeIgniter\View\View->render('include/header', [], true)
 5 APPPATH\Controllers\User.php(334): view('include/header', [...])
 6 SYSTEMPATH\CodeIgniter.php(927): App\Controllers\User->userOrders()
 7 SYSTEMPATH\CodeIgniter.php(482): CodeIgniter\CodeIgniter->runController(Object(App\Controllers\User))
 8 SYSTEMPATH\CodeIgniter.php(351): CodeIgniter\CodeIgniter->handleRequest(null, Object(Config\Cache), false)
 9 FCPATH\index.php(67): CodeIgniter\CodeIgniter->run()
CRITICAL - 2023-01-22 04:30:07 --> Undefined index: userF_nameuserL_name
in APPPATH\Views\include\header.php on line 108.
 1 APPPATH\Views\include\header.php(108): CodeIgniter\Debug\Exceptions->errorHandler(8, 'Undefined index: userF_nameuserL_name', 'APPPATH\\Views\\include\\header.php', 108, [...])
 2 SYSTEMPATH\View\View.php(213): include('APPPATH\\Views\\include\\header.php')
 3 SYSTEMPATH\View\View.php(216): CodeIgniter\View\View->CodeIgniter\View\{closure}()
 4 SYSTEMPATH\Common.php(1134): CodeIgniter\View\View->render('include/header', [], true)
 5 APPPATH\Controllers\User.php(334): view('include/header', [...])
 6 SYSTEMPATH\CodeIgniter.php(927): App\Controllers\User->userOrders()
 7 SYSTEMPATH\CodeIgniter.php(482): CodeIgniter\CodeIgniter->runController(Object(App\Controllers\User))
 8 SYSTEMPATH\CodeIgniter.php(351): CodeIgniter\CodeIgniter->handleRequest(null, Object(Config\Cache), false)
 9 FCPATH\index.php(67): CodeIgniter\CodeIgniter->run()
