CRITICAL - 2022-12-26 01:21:46 --> Undefined variable: custom_addons
in APPPATH\Views\user\cop.php on line 14.
 1 APPPATH\Views\user\cop.php(14): CodeIgniter\Debug\Exceptions->errorHandler(8, 'Undefined variable: custom_addons', 'APPPATH\\Views\\user\\cop.php', 14, [])
 2 SYSTEMPATH\View\View.php(213): include('APPPATH\\Views\\user\\cop.php')
 3 SYSTEMPATH\View\View.php(216): CodeIgniter\View\View->CodeIgniter\View\{closure}()
 4 SYSTEMPATH\Common.php(1134): CodeIgniter\View\View->render('user/cop', [], true)
 5 APPPATH\Controllers\User.php(402): view('user/cop')
 6 SYSTEMPATH\CodeIgniter.php(927): App\Controllers\User->cop()
 7 SYSTEMPATH\CodeIgniter.php(482): CodeIgniter\CodeIgniter->runController(Object(App\Controllers\User))
 8 SYSTEMPATH\CodeIgniter.php(351): CodeIgniter\CodeIgniter->handleRequest(null, Object(Config\Cache), false)
 9 FCPATH\index.php(67): CodeIgniter\CodeIgniter->run()
CRITICAL - 2022-12-26 01:40:59 --> Undefined variable: design
in APPPATH\Views\user\cop.php on line 14.
 1 APPPATH\Views\user\cop.php(14): CodeIgniter\Debug\Exceptions->errorHandler(8, 'Undefined variable: design', 'APPPATH\\Views\\user\\cop.php', 14, [])
 2 SYSTEMPATH\View\View.php(213): include('APPPATH\\Views\\user\\cop.php')
 3 SYSTEMPATH\View\View.php(216): CodeIgniter\View\View->CodeIgniter\View\{closure}()
 4 SYSTEMPATH\Common.php(1134): CodeIgniter\View\View->render('user/cop', [], true)
 5 APPPATH\Controllers\User.php(405): view('user/cop')
 6 SYSTEMPATH\CodeIgniter.php(927): App\Controllers\User->cop()
 7 SYSTEMPATH\CodeIgniter.php(482): CodeIgniter\CodeIgniter->runController(Object(App\Controllers\User))
 8 SYSTEMPATH\CodeIgniter.php(351): CodeIgniter\CodeIgniter->handleRequest(null, Object(Config\Cache), false)
 9 FCPATH\index.php(67): CodeIgniter\CodeIgniter->run()
CRITICAL - 2022-12-26 01:48:12 --> Undefined variable: design
in APPPATH\Views\user\cop.php on line 14.
 1 APPPATH\Views\user\cop.php(14): CodeIgniter\Debug\Exceptions->errorHandler(8, 'Undefined variable: design', 'APPPATH\\Views\\user\\cop.php', 14, [])
 2 SYSTEMPATH\View\View.php(213): include('APPPATH\\Views\\user\\cop.php')
 3 SYSTEMPATH\View\View.php(216): CodeIgniter\View\View->CodeIgniter\View\{closure}()
 4 SYSTEMPATH\Common.php(1134): CodeIgniter\View\View->render('user/cop', [], true)
 5 APPPATH\Controllers\User.php(405): view('user/cop')
 6 SYSTEMPATH\CodeIgniter.php(927): App\Controllers\User->cop()
 7 SYSTEMPATH\CodeIgniter.php(482): CodeIgniter\CodeIgniter->runController(Object(App\Controllers\User))
 8 SYSTEMPATH\CodeIgniter.php(351): CodeIgniter\CodeIgniter->handleRequest(null, Object(Config\Cache), false)
 9 FCPATH\index.php(67): CodeIgniter\CodeIgniter->run()
CRITICAL - 2022-12-26 01:49:15 --> Undefined variable: design
in APPPATH\Views\user\cop.php on line 14.
 1 APPPATH\Views\user\cop.php(14): CodeIgniter\Debug\Exceptions->errorHandler(8, 'Undefined variable: design', 'APPPATH\\Views\\user\\cop.php', 14, [])
 2 SYSTEMPATH\View\View.php(213): include('APPPATH\\Views\\user\\cop.php')
 3 SYSTEMPATH\View\View.php(216): CodeIgniter\View\View->CodeIgniter\View\{closure}()
 4 SYSTEMPATH\Common.php(1134): CodeIgniter\View\View->render('user/cop', [], true)
 5 APPPATH\Controllers\User.php(405): view('user/cop')
 6 SYSTEMPATH\CodeIgniter.php(927): App\Controllers\User->cop()
 7 SYSTEMPATH\CodeIgniter.php(482): CodeIgniter\CodeIgniter->runController(Object(App\Controllers\User))
 8 SYSTEMPATH\CodeIgniter.php(351): CodeIgniter\CodeIgniter->handleRequest(null, Object(Config\Cache), false)
 9 FCPATH\index.php(67): CodeIgniter\CodeIgniter->run()
CRITICAL - 2022-12-26 01:49:58 --> Undefined variable: design
in APPPATH\Views\user\cop.php on line 14.
 1 APPPATH\Views\user\cop.php(14): CodeIgniter\Debug\Exceptions->errorHandler(8, 'Undefined variable: design', 'APPPATH\\Views\\user\\cop.php', 14, [])
 2 SYSTEMPATH\View\View.php(213): include('APPPATH\\Views\\user\\cop.php')
 3 SYSTEMPATH\View\View.php(216): CodeIgniter\View\View->CodeIgniter\View\{closure}()
 4 SYSTEMPATH\Common.php(1134): CodeIgniter\View\View->render('user/cop', [], true)
 5 APPPATH\Controllers\User.php(405): view('user/cop')
 6 SYSTEMPATH\CodeIgniter.php(927): App\Controllers\User->cop()
 7 SYSTEMPATH\CodeIgniter.php(482): CodeIgniter\CodeIgniter->runController(Object(App\Controllers\User))
 8 SYSTEMPATH\CodeIgniter.php(351): CodeIgniter\CodeIgniter->handleRequest(null, Object(Config\Cache), false)
 9 FCPATH\index.php(67): CodeIgniter\CodeIgniter->run()
CRITICAL - 2022-12-26 02:17:48 --> Undefined variable: data
in APPPATH\Views\user\cop.php on line 12.
 1 APPPATH\Views\user\cop.php(12): CodeIgniter\Debug\Exceptions->errorHandler(8, 'Undefined variable: data', 'APPPATH\\Views\\user\\cop.php', 12, [])
 2 SYSTEMPATH\View\View.php(213): include('APPPATH\\Views\\user\\cop.php')
 3 SYSTEMPATH\View\View.php(216): CodeIgniter\View\View->CodeIgniter\View\{closure}()
 4 SYSTEMPATH\Common.php(1134): CodeIgniter\View\View->render('user/cop', [], true)
 5 APPPATH\Controllers\User.php(405): view('user/cop')
 6 SYSTEMPATH\CodeIgniter.php(927): App\Controllers\User->cop()
 7 SYSTEMPATH\CodeIgniter.php(482): CodeIgniter\CodeIgniter->runController(Object(App\Controllers\User))
 8 SYSTEMPATH\CodeIgniter.php(351): CodeIgniter\CodeIgniter->handleRequest(null, Object(Config\Cache), false)
 9 FCPATH\index.php(67): CodeIgniter\CodeIgniter->run()
CRITICAL - 2022-12-26 23:57:16 --> Undefined variable: address
in APPPATH\Views\auth\signlog.php on line 17.
 1 APPPATH\Views\auth\signlog.php(17): CodeIgniter\Debug\Exceptions->errorHandler(8, 'Undefined variable: address', 'APPPATH\\Views\\auth\\signlog.php', 17, [])
 2 SYSTEMPATH\View\View.php(213): include('APPPATH\\Views\\auth\\signlog.php')
 3 SYSTEMPATH\View\View.php(216): CodeIgniter\View\View->CodeIgniter\View\{closure}()
 4 SYSTEMPATH\Common.php(1134): CodeIgniter\View\View->render('auth/signlog', [], true)
 5 APPPATH\Controllers\Personal.php(61): view('auth/signlog')
 6 SYSTEMPATH\CodeIgniter.php(927): App\Controllers\Personal->signin()
 7 SYSTEMPATH\CodeIgniter.php(482): CodeIgniter\CodeIgniter->runController(Object(App\Controllers\Personal))
 8 SYSTEMPATH\CodeIgniter.php(351): CodeIgniter\CodeIgniter->handleRequest(null, Object(Config\Cache), false)
 9 FCPATH\index.php(67): CodeIgniter\CodeIgniter->run()
